000 (668.002.000) 10/23 13:39:49 Job submitted from host: <192.168.240.30:44151>
...
001 (668.002.000) 10/23 13:39:50 Job executing on host: <192.168.240.30:38586>
...
006 (668.002.000) 10/23 13:39:58 Image size of job updated: 94540
	3  -  MemoryUsage of job (MB)
	2864  -  ResidentSetSize of job (KB)
...
006 (668.002.000) 10/23 13:40:15 Image size of job updated: 294780
	3  -  MemoryUsage of job (MB)
	2864  -  ResidentSetSize of job (KB)
...
005 (668.002.000) 10/23 13:40:15 Job terminated.
	(1) Normal termination (return value 0)
		Usr 0 00:00:02, Sys 0 00:00:00  -  Run Remote Usage
		Usr 0 00:00:00, Sys 0 00:00:00  -  Run Local Usage
		Usr 0 00:00:02, Sys 0 00:00:00  -  Total Remote Usage
		Usr 0 00:00:00, Sys 0 00:00:00  -  Total Local Usage
	0  -  Run Bytes Sent By Job
	0  -  Run Bytes Received By Job
	0  -  Total Bytes Sent By Job
	0  -  Total Bytes Received By Job
	Partitionable Resources :    Usage  Request          
	   Cpus                 :                 1          
	   Disk (KB)            :        1        1          
	   Memory (MB)          :        3        3          
...
