000 (669.000.000) 10/23 14:10:13 Job submitted from host: <192.168.240.30:44151>
...
001 (669.000.000) 10/23 14:10:13 Job executing on host: <192.168.240.30:38586>
...
006 (669.000.000) 10/23 14:10:14 Image size of job updated: 94540
	0  -  MemoryUsage of job (MB)
	0  -  ResidentSetSize of job (KB)
...
005 (669.000.000) 10/23 14:10:14 Job terminated.
	(1) Normal termination (return value 1)
		Usr 0 00:00:00, Sys 0 00:00:00  -  Run Remote Usage
		Usr 0 00:00:00, Sys 0 00:00:00  -  Run Local Usage
		Usr 0 00:00:00, Sys 0 00:00:00  -  Total Remote Usage
		Usr 0 00:00:00, Sys 0 00:00:00  -  Total Local Usage
	0  -  Run Bytes Sent By Job
	0  -  Run Bytes Received By Job
	0  -  Total Bytes Sent By Job
	0  -  Total Bytes Received By Job
	Partitionable Resources :    Usage  Request          
	   Cpus                 :                 1          
	   Disk (KB)            :        2        2          
	   Memory (MB)          :        0        0          
...
000 (670.000.000) 10/23 14:16:08 Job submitted from host: <192.168.240.30:44151>
...
001 (670.000.000) 10/23 14:16:08 Job executing on host: <192.168.240.30:38586>
...
006 (670.000.000) 10/23 14:16:10 Image size of job updated: 94536
	0  -  MemoryUsage of job (MB)
	0  -  ResidentSetSize of job (KB)
...
005 (670.000.000) 10/23 14:16:10 Job terminated.
	(1) Normal termination (return value 0)
		Usr 0 00:00:00, Sys 0 00:00:00  -  Run Remote Usage
		Usr 0 00:00:00, Sys 0 00:00:00  -  Run Local Usage
		Usr 0 00:00:00, Sys 0 00:00:00  -  Total Remote Usage
		Usr 0 00:00:00, Sys 0 00:00:00  -  Total Local Usage
	0  -  Run Bytes Sent By Job
	0  -  Run Bytes Received By Job
	0  -  Total Bytes Sent By Job
	0  -  Total Bytes Received By Job
	Partitionable Resources :    Usage  Request          
	   Cpus                 :                 1          
	   Disk (KB)            :        3        3          
	   Memory (MB)          :        0        0          
...
000 (318.000.000) 10/23 22:40:11 Job submitted from host: <192.168.240.31:50771>
...
009 (318.000.000) 10/23 22:48:41 Job was aborted by the user.
	via condor_rm (by user michaeljames.andric)
...
000 (677.000.000) 10/24 09:04:55 Job submitted from host: <192.168.240.30:45350>
...
001 (677.000.000) 10/24 09:05:07 Job executing on host: <192.168.240.31:34936>
...
006 (677.000.000) 10/24 09:05:31 Image size of job updated: 102084
	3  -  MemoryUsage of job (MB)
	2664  -  ResidentSetSize of job (KB)
...
006 (677.000.000) 10/24 09:07:18 Image size of job updated: 130936
	3  -  MemoryUsage of job (MB)
	2664  -  ResidentSetSize of job (KB)
...
005 (677.000.000) 10/24 09:07:18 Job terminated.
	(1) Normal termination (return value 0)
		Usr 0 00:00:00, Sys 0 00:00:00  -  Run Remote Usage
		Usr 0 00:00:00, Sys 0 00:00:00  -  Run Local Usage
		Usr 0 00:00:00, Sys 0 00:00:00  -  Total Remote Usage
		Usr 0 00:00:00, Sys 0 00:00:00  -  Total Local Usage
	0  -  Run Bytes Sent By Job
	0  -  Run Bytes Received By Job
	0  -  Total Bytes Sent By Job
	0  -  Total Bytes Received By Job
	Partitionable Resources :    Usage  Request          
	   Cpus                 :                 1          
	   Disk (KB)            :        3        3          
	   Memory (MB)          :        3        3          
...
000 (679.000.000) 10/24 09:46:20 Job submitted from host: <192.168.240.30:45350>
...
001 (679.000.000) 10/24 09:46:31 Job executing on host: <192.168.240.32:45057>
...
006 (679.000.000) 10/24 09:46:33 Image size of job updated: 96632
	0  -  MemoryUsage of job (MB)
	0  -  ResidentSetSize of job (KB)
...
005 (679.000.000) 10/24 09:46:33 Job terminated.
	(1) Normal termination (return value 0)
		Usr 0 00:00:00, Sys 0 00:00:00  -  Run Remote Usage
		Usr 0 00:00:00, Sys 0 00:00:00  -  Run Local Usage
		Usr 0 00:00:00, Sys 0 00:00:00  -  Total Remote Usage
		Usr 0 00:00:00, Sys 0 00:00:00  -  Total Local Usage
	0  -  Run Bytes Sent By Job
	0  -  Run Bytes Received By Job
	0  -  Total Bytes Sent By Job
	0  -  Total Bytes Received By Job
	Partitionable Resources :    Usage  Request          
	   Cpus                 :                 1          
	   Disk (KB)            :        3        3          
	   Memory (MB)          :        0        0          
...
000 (681.000.000) 10/25 00:37:23 Job submitted from host: <192.168.240.30:57762>
...
001 (681.000.000) 10/25 00:37:24 Job executing on host: <192.168.240.32:37698>
...
006 (681.000.000) 10/25 00:37:25 Image size of job updated: 96632
	0  -  MemoryUsage of job (MB)
	0  -  ResidentSetSize of job (KB)
...
005 (681.000.000) 10/25 00:37:25 Job terminated.
	(1) Normal termination (return value 0)
		Usr 0 00:00:00, Sys 0 00:00:00  -  Run Remote Usage
		Usr 0 00:00:00, Sys 0 00:00:00  -  Run Local Usage
		Usr 0 00:00:00, Sys 0 00:00:00  -  Total Remote Usage
		Usr 0 00:00:00, Sys 0 00:00:00  -  Total Local Usage
	0  -  Run Bytes Sent By Job
	0  -  Run Bytes Received By Job
	0  -  Total Bytes Sent By Job
	0  -  Total Bytes Received By Job
	Partitionable Resources :    Usage  Request          
	   Cpus                 :                 1          
	   Disk (KB)            :        3        3          
	   Memory (MB)          :        0        0          
...
000 (682.000.000) 10/25 00:45:12 Job submitted from host: <192.168.240.30:57762>
...
001 (682.000.000) 10/25 00:45:14 Job executing on host: <192.168.240.32:37698>
...
006 (682.000.000) 10/25 00:45:15 Image size of job updated: 96624
	0  -  MemoryUsage of job (MB)
	0  -  ResidentSetSize of job (KB)
...
005 (682.000.000) 10/25 00:45:15 Job terminated.
	(1) Normal termination (return value 0)
		Usr 0 00:00:00, Sys 0 00:00:00  -  Run Remote Usage
		Usr 0 00:00:00, Sys 0 00:00:00  -  Run Local Usage
		Usr 0 00:00:00, Sys 0 00:00:00  -  Total Remote Usage
		Usr 0 00:00:00, Sys 0 00:00:00  -  Total Local Usage
	0  -  Run Bytes Sent By Job
	0  -  Run Bytes Received By Job
	0  -  Total Bytes Sent By Job
	0  -  Total Bytes Received By Job
	Partitionable Resources :    Usage  Request          
	   Cpus                 :                 1          
	   Disk (KB)            :        3        3          
	   Memory (MB)          :        0        0          
...
