000 (679.004.000) 10/24 09:46:20 Job submitted from host: <192.168.240.30:45350>
...
001 (679.004.000) 10/24 09:46:22 Job executing on host: <192.168.240.30:54062>
...
006 (679.004.000) 10/24 09:46:23 Image size of job updated: 202008
	0  -  MemoryUsage of job (MB)
	0  -  ResidentSetSize of job (KB)
...
005 (679.004.000) 10/24 09:46:24 Job terminated.
	(1) Normal termination (return value 0)
		Usr 0 00:00:00, Sys 0 00:00:00  -  Run Remote Usage
		Usr 0 00:00:00, Sys 0 00:00:00  -  Run Local Usage
		Usr 0 00:00:00, Sys 0 00:00:00  -  Total Remote Usage
		Usr 0 00:00:00, Sys 0 00:00:00  -  Total Local Usage
	0  -  Run Bytes Sent By Job
	0  -  Run Bytes Received By Job
	0  -  Total Bytes Sent By Job
	0  -  Total Bytes Received By Job
	Partitionable Resources :    Usage  Request          
	   Cpus                 :                 1          
	   Disk (KB)            :        3        3          
	   Memory (MB)          :        0        0          
...
000 (682.004.000) 10/25 00:45:12 Job submitted from host: <192.168.240.30:57762>
...
001 (682.004.000) 10/25 00:45:14 Job executing on host: <192.168.240.31:35801>
...
006 (682.004.000) 10/25 00:45:15 Image size of job updated: 202012
	0  -  MemoryUsage of job (MB)
	0  -  ResidentSetSize of job (KB)
...
005 (682.004.000) 10/25 00:45:15 Job terminated.
	(1) Normal termination (return value 0)
		Usr 0 00:00:00, Sys 0 00:00:00  -  Run Remote Usage
		Usr 0 00:00:00, Sys 0 00:00:00  -  Run Local Usage
		Usr 0 00:00:00, Sys 0 00:00:00  -  Total Remote Usage
		Usr 0 00:00:00, Sys 0 00:00:00  -  Total Local Usage
	0  -  Run Bytes Sent By Job
	0  -  Run Bytes Received By Job
	0  -  Total Bytes Sent By Job
	0  -  Total Bytes Received By Job
	Partitionable Resources :    Usage  Request          
	   Cpus                 :                 1          
	   Disk (KB)            :        3        3          
	   Memory (MB)          :        0        0          
...
