000 (667.000.000) 10/23 08:33:07 Job submitted from host: <192.168.240.30:44151>
...
001 (667.000.000) 10/23 08:33:40 Job executing on host: <192.168.240.32:56990>
...
006 (667.000.000) 10/23 08:33:49 Image size of job updated: 2222088
	83  -  MemoryUsage of job (MB)
	84768  -  ResidentSetSize of job (KB)
...
001 (667.000.000) 10/23 08:58:59 Job executing on host: <192.168.240.32:56990>
...
005 (667.000.000) 10/23 08:59:09 Job terminated.
	(1) Normal termination (return value 0)
		Usr 0 00:00:02, Sys 0 00:00:00  -  Run Remote Usage
		Usr 0 00:00:00, Sys 0 00:00:00  -  Run Local Usage
		Usr 0 00:00:02, Sys 0 00:00:00  -  Total Remote Usage
		Usr 0 00:00:00, Sys 0 00:00:00  -  Total Local Usage
	0  -  Run Bytes Sent By Job
	0  -  Run Bytes Received By Job
	0  -  Total Bytes Sent By Job
	0  -  Total Bytes Received By Job
	Partitionable Resources :    Usage  Request          
	   Cpus                 :                 1          
	   Disk (KB)            :        1        1          
	   Memory (MB)          :       98       98          
...
000 (035.000.000) 10/23 16:12:14 Job submitted from host: <192.168.240.32:39926>
...
001 (035.000.000) 10/23 16:12:15 Job executing on host: <192.168.240.30:38586>
...
006 (035.000.000) 10/23 16:12:24 Image size of job updated: 1
	2  -  MemoryUsage of job (MB)
	2048  -  ResidentSetSize of job (KB)
...
006 (035.000.000) 10/23 16:17:24 Image size of job updated: 2362616
	604  -  MemoryUsage of job (MB)
	617792  -  ResidentSetSize of job (KB)
...
006 (035.000.000) 10/23 16:22:24 Image size of job updated: 2362616
	1274  -  MemoryUsage of job (MB)
	1303912  -  ResidentSetSize of job (KB)
...
006 (035.000.000) 10/23 16:27:24 Image size of job updated: 2362616
	1858  -  MemoryUsage of job (MB)
	1901804  -  ResidentSetSize of job (KB)
...
005 (035.000.000) 10/23 16:28:33 Job terminated.
	(1) Normal termination (return value 0)
		Usr 0 00:00:04, Sys 0 00:00:01  -  Run Remote Usage
		Usr 0 00:00:00, Sys 0 00:00:00  -  Run Local Usage
		Usr 0 00:00:04, Sys 0 00:00:01  -  Total Remote Usage
		Usr 0 00:00:00, Sys 0 00:00:00  -  Total Local Usage
	0  -  Run Bytes Sent By Job
	0  -  Run Bytes Received By Job
	0  -  Total Bytes Sent By Job
	0  -  Total Bytes Received By Job
	Partitionable Resources :    Usage  Request          
	   Cpus                 :                 1          
	   Disk (KB)            :        1        1          
	   Memory (MB)          :     1858     1858          
...
