000 (667.010.000) 10/23 08:33:07 Job submitted from host: <192.168.240.30:44151>
...
001 (667.010.000) 10/23 08:33:14 Job executing on host: <192.168.240.30:38586>
...
006 (667.010.000) 10/23 08:33:22 Image size of job updated: 278676
	36  -  MemoryUsage of job (MB)
	36776  -  ResidentSetSize of job (KB)
...
006 (667.010.000) 10/23 08:38:22 Image size of job updated: 3500460
	224  -  MemoryUsage of job (MB)
	228464  -  ResidentSetSize of job (KB)
...
006 (667.010.000) 10/23 08:43:23 Image size of job updated: 3500460
	362  -  MemoryUsage of job (MB)
	370556  -  ResidentSetSize of job (KB)
...
006 (667.010.000) 10/23 08:48:24 Image size of job updated: 3500460
	503  -  MemoryUsage of job (MB)
	514564  -  ResidentSetSize of job (KB)
...
006 (667.010.000) 10/23 08:53:25 Image size of job updated: 3500460
	641  -  MemoryUsage of job (MB)
	655936  -  ResidentSetSize of job (KB)
...
006 (667.010.000) 10/23 08:58:25 Image size of job updated: 3500460
	754  -  MemoryUsage of job (MB)
	771576  -  ResidentSetSize of job (KB)
...
006 (667.010.000) 10/23 09:03:25 Image size of job updated: 3500460
	893  -  MemoryUsage of job (MB)
	913952  -  ResidentSetSize of job (KB)
...
006 (667.010.000) 10/23 09:08:25 Image size of job updated: 3500460
	1004  -  MemoryUsage of job (MB)
	1027480  -  ResidentSetSize of job (KB)
...
006 (667.010.000) 10/23 09:13:25 Image size of job updated: 3500460
	1074  -  MemoryUsage of job (MB)
	1099724  -  ResidentSetSize of job (KB)
...
006 (667.010.000) 10/23 11:38:25 Image size of job updated: 3500460
	1077  -  MemoryUsage of job (MB)
	1102756  -  ResidentSetSize of job (KB)
...
006 (667.010.000) 10/23 11:43:25 Image size of job updated: 3500460
	1123  -  MemoryUsage of job (MB)
	1149564  -  ResidentSetSize of job (KB)
...
006 (667.010.000) 10/23 11:48:25 Image size of job updated: 3500460
	1170  -  MemoryUsage of job (MB)
	1197360  -  ResidentSetSize of job (KB)
...
005 (667.010.000) 10/23 11:54:41 Job terminated.
	(1) Normal termination (return value 0)
		Usr 0 00:00:06, Sys 0 00:00:02  -  Run Remote Usage
		Usr 0 00:00:00, Sys 0 00:00:00  -  Run Local Usage
		Usr 0 00:00:06, Sys 0 00:00:02  -  Total Remote Usage
		Usr 0 00:00:00, Sys 0 00:00:00  -  Total Local Usage
	0  -  Run Bytes Sent By Job
	0  -  Run Bytes Received By Job
	0  -  Total Bytes Sent By Job
	0  -  Total Bytes Received By Job
	Partitionable Resources :    Usage  Request          
	   Cpus                 :                 1          
	   Disk (KB)            :        1        1          
	   Memory (MB)          :     1170     1170          
...
