000 (667.018.000) 10/23 08:33:07 Job submitted from host: <192.168.240.30:44151>
...
001 (667.018.000) 10/23 08:33:14 Job executing on host: <192.168.240.30:38586>
...
006 (667.018.000) 10/23 08:33:23 Image size of job updated: 94544
	3  -  MemoryUsage of job (MB)
	2120  -  ResidentSetSize of job (KB)
...
006 (667.018.000) 10/23 08:38:23 Image size of job updated: 3309164
	65  -  MemoryUsage of job (MB)
	66444  -  ResidentSetSize of job (KB)
...
006 (667.018.000) 10/23 08:43:24 Image size of job updated: 3309164
	205  -  MemoryUsage of job (MB)
	209492  -  ResidentSetSize of job (KB)
...
006 (667.018.000) 10/23 08:48:25 Image size of job updated: 3309164
	346  -  MemoryUsage of job (MB)
	353728  -  ResidentSetSize of job (KB)
...
006 (667.018.000) 10/23 08:53:26 Image size of job updated: 3309164
	485  -  MemoryUsage of job (MB)
	496028  -  ResidentSetSize of job (KB)
...
006 (667.018.000) 10/23 08:58:27 Image size of job updated: 3309164
	597  -  MemoryUsage of job (MB)
	611284  -  ResidentSetSize of job (KB)
...
006 (667.018.000) 10/23 09:03:27 Image size of job updated: 3309164
	736  -  MemoryUsage of job (MB)
	752892  -  ResidentSetSize of job (KB)
...
006 (667.018.000) 10/23 09:08:28 Image size of job updated: 3309164
	845  -  MemoryUsage of job (MB)
	864980  -  ResidentSetSize of job (KB)
...
006 (667.018.000) 10/23 09:13:28 Image size of job updated: 3309164
	915  -  MemoryUsage of job (MB)
	936264  -  ResidentSetSize of job (KB)
...
006 (667.018.000) 10/23 09:18:28 Image size of job updated: 3309164
	974  -  MemoryUsage of job (MB)
	997096  -  ResidentSetSize of job (KB)
...
006 (667.018.000) 10/23 09:38:38 Image size of job updated: 3309164
	977  -  MemoryUsage of job (MB)
	1000168  -  ResidentSetSize of job (KB)
...
006 (667.018.000) 10/23 09:50:44 Image size of job updated: 3309164
	991  -  MemoryUsage of job (MB)
	1014680  -  ResidentSetSize of job (KB)
...
006 (667.018.000) 10/23 10:08:02 Image size of job updated: 3309164
	1011  -  MemoryUsage of job (MB)
	1034592  -  ResidentSetSize of job (KB)
...
006 (667.018.000) 10/23 10:13:03 Image size of job updated: 3309164
	1019  -  MemoryUsage of job (MB)
	1042992  -  ResidentSetSize of job (KB)
...
006 (667.018.000) 10/23 11:33:19 Image size of job updated: 3309164
	1020  -  MemoryUsage of job (MB)
	1043916  -  ResidentSetSize of job (KB)
...
006 (667.018.000) 10/23 11:38:20 Image size of job updated: 3309164
	1073  -  MemoryUsage of job (MB)
	1097908  -  ResidentSetSize of job (KB)
...
006 (667.018.000) 10/23 11:43:21 Image size of job updated: 3309164
	1111  -  MemoryUsage of job (MB)
	1137620  -  ResidentSetSize of job (KB)
...
006 (667.018.000) 10/23 11:48:22 Image size of job updated: 3309164
	1158  -  MemoryUsage of job (MB)
	1185044  -  ResidentSetSize of job (KB)
...
005 (667.018.000) 10/23 11:53:58 Job terminated.
	(1) Normal termination (return value 0)
		Usr 0 00:00:06, Sys 0 00:00:02  -  Run Remote Usage
		Usr 0 00:00:00, Sys 0 00:00:00  -  Run Local Usage
		Usr 0 00:00:06, Sys 0 00:00:02  -  Total Remote Usage
		Usr 0 00:00:00, Sys 0 00:00:00  -  Total Local Usage
	0  -  Run Bytes Sent By Job
	0  -  Run Bytes Received By Job
	0  -  Total Bytes Sent By Job
	0  -  Total Bytes Received By Job
	Partitionable Resources :    Usage  Request          
	   Cpus                 :                 1          
	   Disk (KB)            :        1        1          
	   Memory (MB)          :     1158     1158          
...
