000 (667.014.000) 10/23 08:33:07 Job submitted from host: <192.168.240.30:44151>
...
001 (667.014.000) 10/23 08:33:14 Job executing on host: <192.168.240.30:38586>
...
006 (667.014.000) 10/23 08:33:23 Image size of job updated: 94540
	3  -  MemoryUsage of job (MB)
	2116  -  ResidentSetSize of job (KB)
...
006 (667.014.000) 10/23 08:38:23 Image size of job updated: 2973992
	97  -  MemoryUsage of job (MB)
	98828  -  ResidentSetSize of job (KB)
...
006 (667.014.000) 10/23 08:43:24 Image size of job updated: 2973992
	237  -  MemoryUsage of job (MB)
	242600  -  ResidentSetSize of job (KB)
...
006 (667.014.000) 10/23 08:48:25 Image size of job updated: 2973992
	376  -  MemoryUsage of job (MB)
	384212  -  ResidentSetSize of job (KB)
...
006 (667.014.000) 10/23 08:53:26 Image size of job updated: 2973992
	515  -  MemoryUsage of job (MB)
	526540  -  ResidentSetSize of job (KB)
...
006 (667.014.000) 10/23 08:58:27 Image size of job updated: 2973992
	627  -  MemoryUsage of job (MB)
	641272  -  ResidentSetSize of job (KB)
...
006 (667.014.000) 10/23 09:03:28 Image size of job updated: 2973992
	767  -  MemoryUsage of job (MB)
	784560  -  ResidentSetSize of job (KB)
...
006 (667.014.000) 10/23 09:08:29 Image size of job updated: 2973992
	877  -  MemoryUsage of job (MB)
	897612  -  ResidentSetSize of job (KB)
...
006 (667.014.000) 10/23 09:13:30 Image size of job updated: 2973992
	947  -  MemoryUsage of job (MB)
	969136  -  ResidentSetSize of job (KB)
...
006 (667.014.000) 10/23 09:18:31 Image size of job updated: 2973992
	970  -  MemoryUsage of job (MB)
	992268  -  ResidentSetSize of job (KB)
...
006 (667.014.000) 10/23 10:33:10 Image size of job updated: 2973992
	973  -  MemoryUsage of job (MB)
	995360  -  ResidentSetSize of job (KB)
...
006 (667.014.000) 10/23 10:58:15 Image size of job updated: 2973992
	973  -  MemoryUsage of job (MB)
	996228  -  ResidentSetSize of job (KB)
...
006 (667.014.000) 10/23 11:03:16 Image size of job updated: 2973992
	977  -  MemoryUsage of job (MB)
	1000276  -  ResidentSetSize of job (KB)
...
006 (667.014.000) 10/23 11:28:21 Image size of job updated: 2973992
	1002  -  MemoryUsage of job (MB)
	1025232  -  ResidentSetSize of job (KB)
...
005 (667.014.000) 10/23 11:34:35 Job terminated.
	(1) Normal termination (return value 0)
		Usr 0 00:00:05, Sys 0 00:00:02  -  Run Remote Usage
		Usr 0 00:00:00, Sys 0 00:00:00  -  Run Local Usage
		Usr 0 00:00:05, Sys 0 00:00:02  -  Total Remote Usage
		Usr 0 00:00:00, Sys 0 00:00:00  -  Total Local Usage
	0  -  Run Bytes Sent By Job
	0  -  Run Bytes Received By Job
	0  -  Total Bytes Sent By Job
	0  -  Total Bytes Received By Job
	Partitionable Resources :    Usage  Request          
	   Cpus                 :                 1          
	   Disk (KB)            :        1        1          
	   Memory (MB)          :     1002     1002          
...
