000 (667.001.000) 10/23 08:33:07 Job submitted from host: <192.168.240.30:44151>
...
001 (667.001.000) 10/23 08:33:45 Job executing on host: <192.168.240.32:56990>
...
006 (667.001.000) 10/23 08:33:55 Image size of job updated: 301608
	39  -  MemoryUsage of job (MB)
	39580  -  ResidentSetSize of job (KB)
...
001 (667.001.000) 10/23 08:58:53 Job executing on host: <192.168.240.32:56990>
...
006 (667.001.000) 10/23 08:59:00 Image size of job updated: 2222088
	40  -  MemoryUsage of job (MB)
	40000  -  ResidentSetSize of job (KB)
...
005 (667.001.000) 10/23 08:59:01 Job terminated.
	(1) Normal termination (return value 0)
		Usr 0 00:00:03, Sys 0 00:00:00  -  Run Remote Usage
		Usr 0 00:00:00, Sys 0 00:00:00  -  Run Local Usage
		Usr 0 00:00:03, Sys 0 00:00:00  -  Total Remote Usage
		Usr 0 00:00:00, Sys 0 00:00:00  -  Total Local Usage
	0  -  Run Bytes Sent By Job
	0  -  Run Bytes Received By Job
	0  -  Total Bytes Sent By Job
	0  -  Total Bytes Received By Job
	Partitionable Resources :    Usage  Request          
	   Cpus                 :                 1          
	   Disk (KB)            :        1        1          
	   Memory (MB)          :       40       40          
...
000 (035.001.000) 10/23 16:12:14 Job submitted from host: <192.168.240.32:39926>
...
001 (035.001.000) 10/23 16:12:15 Job executing on host: <192.168.240.30:38586>
...
006 (035.001.000) 10/23 16:12:24 Image size of job updated: 227956
	14  -  MemoryUsage of job (MB)
	13704  -  ResidentSetSize of job (KB)
...
006 (035.001.000) 10/23 16:17:25 Image size of job updated: 2362616
	627  -  MemoryUsage of job (MB)
	641936  -  ResidentSetSize of job (KB)
...
006 (035.001.000) 10/23 16:22:26 Image size of job updated: 2362616
	1295  -  MemoryUsage of job (MB)
	1325704  -  ResidentSetSize of job (KB)
...
006 (035.001.000) 10/23 16:27:27 Image size of job updated: 2362616
	1877  -  MemoryUsage of job (MB)
	1921248  -  ResidentSetSize of job (KB)
...
005 (035.001.000) 10/23 16:28:31 Job terminated.
	(1) Normal termination (return value 0)
		Usr 0 00:00:04, Sys 0 00:00:01  -  Run Remote Usage
		Usr 0 00:00:00, Sys 0 00:00:00  -  Run Local Usage
		Usr 0 00:00:04, Sys 0 00:00:01  -  Total Remote Usage
		Usr 0 00:00:00, Sys 0 00:00:00  -  Total Local Usage
	0  -  Run Bytes Sent By Job
	0  -  Run Bytes Received By Job
	0  -  Total Bytes Sent By Job
	0  -  Total Bytes Received By Job
	Partitionable Resources :    Usage  Request          
	   Cpus                 :                 1          
	   Disk (KB)            :        1        1          
	   Memory (MB)          :     1877     1877          
...
