000 (667.019.000) 10/23 08:33:07 Job submitted from host: <192.168.240.30:44151>
...
001 (667.019.000) 10/23 08:33:14 Job executing on host: <192.168.240.30:38586>
...
006 (667.019.000) 10/23 08:33:23 Image size of job updated: 94536
	3  -  MemoryUsage of job (MB)
	2116  -  ResidentSetSize of job (KB)
...
006 (667.019.000) 10/23 08:38:23 Image size of job updated: 3309156
	66  -  MemoryUsage of job (MB)
	67160  -  ResidentSetSize of job (KB)
...
006 (667.019.000) 10/23 08:43:24 Image size of job updated: 3309156
	205  -  MemoryUsage of job (MB)
	209008  -  ResidentSetSize of job (KB)
...
006 (667.019.000) 10/23 08:48:25 Image size of job updated: 3309156
	343  -  MemoryUsage of job (MB)
	351100  -  ResidentSetSize of job (KB)
...
006 (667.019.000) 10/23 08:53:26 Image size of job updated: 3309156
	483  -  MemoryUsage of job (MB)
	494388  -  ResidentSetSize of job (KB)
...
006 (667.019.000) 10/23 08:58:26 Image size of job updated: 3309156
	597  -  MemoryUsage of job (MB)
	610320  -  ResidentSetSize of job (KB)
...
006 (667.019.000) 10/23 09:03:26 Image size of job updated: 3309156
	736  -  MemoryUsage of job (MB)
	752648  -  ResidentSetSize of job (KB)
...
006 (667.019.000) 10/23 09:08:26 Image size of job updated: 3309156
	844  -  MemoryUsage of job (MB)
	863776  -  ResidentSetSize of job (KB)
...
006 (667.019.000) 10/23 09:13:27 Image size of job updated: 3309156
	915  -  MemoryUsage of job (MB)
	936260  -  ResidentSetSize of job (KB)
...
006 (667.019.000) 10/23 09:18:28 Image size of job updated: 3309156
	974  -  MemoryUsage of job (MB)
	997192  -  ResidentSetSize of job (KB)
...
006 (667.019.000) 10/23 09:38:38 Image size of job updated: 3309156
	978  -  MemoryUsage of job (MB)
	1001076  -  ResidentSetSize of job (KB)
...
006 (667.019.000) 10/23 09:50:44 Image size of job updated: 3309156
	993  -  MemoryUsage of job (MB)
	1015908  -  ResidentSetSize of job (KB)
...
006 (667.019.000) 10/23 10:08:02 Image size of job updated: 3309156
	1008  -  MemoryUsage of job (MB)
	1031220  -  ResidentSetSize of job (KB)
...
006 (667.019.000) 10/23 10:13:03 Image size of job updated: 3309156
	1017  -  MemoryUsage of job (MB)
	1040644  -  ResidentSetSize of job (KB)
...
006 (667.019.000) 10/23 11:33:19 Image size of job updated: 3309156
	1021  -  MemoryUsage of job (MB)
	1044932  -  ResidentSetSize of job (KB)
...
006 (667.019.000) 10/23 11:38:20 Image size of job updated: 3309156
	1074  -  MemoryUsage of job (MB)
	1099680  -  ResidentSetSize of job (KB)
...
006 (667.019.000) 10/23 11:43:21 Image size of job updated: 3309156
	1114  -  MemoryUsage of job (MB)
	1140324  -  ResidentSetSize of job (KB)
...
006 (667.019.000) 10/23 11:48:22 Image size of job updated: 3309156
	1161  -  MemoryUsage of job (MB)
	1187968  -  ResidentSetSize of job (KB)
...
005 (667.019.000) 10/23 11:53:59 Job terminated.
	(1) Normal termination (return value 0)
		Usr 0 00:00:06, Sys 0 00:00:02  -  Run Remote Usage
		Usr 0 00:00:00, Sys 0 00:00:00  -  Run Local Usage
		Usr 0 00:00:06, Sys 0 00:00:02  -  Total Remote Usage
		Usr 0 00:00:00, Sys 0 00:00:00  -  Total Local Usage
	0  -  Run Bytes Sent By Job
	0  -  Run Bytes Received By Job
	0  -  Total Bytes Sent By Job
	0  -  Total Bytes Received By Job
	Partitionable Resources :    Usage  Request          
	   Cpus                 :                 1          
	   Disk (KB)            :        1        1          
	   Memory (MB)          :     1161     1161          
...
