000 (667.011.000) 10/23 08:33:07 Job submitted from host: <192.168.240.30:44151>
...
001 (667.011.000) 10/23 08:33:14 Job executing on host: <192.168.240.30:38586>
...
006 (667.011.000) 10/23 08:33:22 Image size of job updated: 278680
	36  -  MemoryUsage of job (MB)
	36788  -  ResidentSetSize of job (KB)
...
006 (667.011.000) 10/23 08:38:22 Image size of job updated: 3500464
	214  -  MemoryUsage of job (MB)
	218616  -  ResidentSetSize of job (KB)
...
006 (667.011.000) 10/23 08:43:23 Image size of job updated: 3500464
	354  -  MemoryUsage of job (MB)
	361668  -  ResidentSetSize of job (KB)
...
006 (667.011.000) 10/23 08:48:24 Image size of job updated: 3500464
	495  -  MemoryUsage of job (MB)
	505916  -  ResidentSetSize of job (KB)
...
006 (667.011.000) 10/23 08:53:24 Image size of job updated: 3500464
	635  -  MemoryUsage of job (MB)
	650168  -  ResidentSetSize of job (KB)
...
006 (667.011.000) 10/23 08:58:24 Image size of job updated: 3500464
	749  -  MemoryUsage of job (MB)
	766096  -  ResidentSetSize of job (KB)
...
006 (667.011.000) 10/23 09:03:24 Image size of job updated: 3500464
	888  -  MemoryUsage of job (MB)
	909144  -  ResidentSetSize of job (KB)
...
006 (667.011.000) 10/23 09:08:24 Image size of job updated: 3500464
	998  -  MemoryUsage of job (MB)
	1020992  -  ResidentSetSize of job (KB)
...
006 (667.011.000) 10/23 09:13:25 Image size of job updated: 3500464
	1068  -  MemoryUsage of job (MB)
	1092996  -  ResidentSetSize of job (KB)
...
006 (667.011.000) 10/23 11:38:54 Image size of job updated: 3500464
	1078  -  MemoryUsage of job (MB)
	1103460  -  ResidentSetSize of job (KB)
...
006 (667.011.000) 10/23 11:43:55 Image size of job updated: 3500464
	1120  -  MemoryUsage of job (MB)
	1146596  -  ResidentSetSize of job (KB)
...
006 (667.011.000) 10/23 11:48:55 Image size of job updated: 3500464
	1165  -  MemoryUsage of job (MB)
	1192236  -  ResidentSetSize of job (KB)
...
005 (667.011.000) 10/23 11:54:47 Job terminated.
	(1) Normal termination (return value 0)
		Usr 0 00:00:06, Sys 0 00:00:02  -  Run Remote Usage
		Usr 0 00:00:00, Sys 0 00:00:00  -  Run Local Usage
		Usr 0 00:00:06, Sys 0 00:00:02  -  Total Remote Usage
		Usr 0 00:00:00, Sys 0 00:00:00  -  Total Local Usage
	0  -  Run Bytes Sent By Job
	0  -  Run Bytes Received By Job
	0  -  Total Bytes Sent By Job
	0  -  Total Bytes Received By Job
	Partitionable Resources :    Usage  Request          
	   Cpus                 :                 1          
	   Disk (KB)            :        1        1          
	   Memory (MB)          :     1165     1165          
...
