000 (667.015.000) 10/23 08:33:07 Job submitted from host: <192.168.240.30:44151>
...
001 (667.015.000) 10/23 08:33:14 Job executing on host: <192.168.240.30:38586>
...
006 (667.015.000) 10/23 08:33:23 Image size of job updated: 94536
	3  -  MemoryUsage of job (MB)
	2116  -  ResidentSetSize of job (KB)
...
006 (667.015.000) 10/23 08:38:23 Image size of job updated: 2973992
	63  -  MemoryUsage of job (MB)
	63544  -  ResidentSetSize of job (KB)
...
006 (667.015.000) 10/23 08:43:24 Image size of job updated: 2973992
	201  -  MemoryUsage of job (MB)
	205616  -  ResidentSetSize of job (KB)
...
006 (667.015.000) 10/23 08:48:25 Image size of job updated: 2973992
	340  -  MemoryUsage of job (MB)
	347244  -  ResidentSetSize of job (KB)
...
006 (667.015.000) 10/23 08:53:26 Image size of job updated: 2973992
	478  -  MemoryUsage of job (MB)
	488856  -  ResidentSetSize of job (KB)
...
006 (667.015.000) 10/23 08:58:27 Image size of job updated: 2973992
	590  -  MemoryUsage of job (MB)
	604064  -  ResidentSetSize of job (KB)
...
006 (667.015.000) 10/23 09:03:28 Image size of job updated: 2973992
	730  -  MemoryUsage of job (MB)
	746876  -  ResidentSetSize of job (KB)
...
006 (667.015.000) 10/23 09:08:29 Image size of job updated: 2973992
	840  -  MemoryUsage of job (MB)
	859924  -  ResidentSetSize of job (KB)
...
006 (667.015.000) 10/23 09:13:30 Image size of job updated: 2973992
	912  -  MemoryUsage of job (MB)
	932888  -  ResidentSetSize of job (KB)
...
006 (667.015.000) 10/23 09:18:31 Image size of job updated: 2973992
	974  -  MemoryUsage of job (MB)
	997164  -  ResidentSetSize of job (KB)
...
006 (667.015.000) 10/23 09:38:40 Image size of job updated: 2973992
	976  -  MemoryUsage of job (MB)
	999404  -  ResidentSetSize of job (KB)
...
006 (667.015.000) 10/23 09:50:46 Image size of job updated: 2973992
	992  -  MemoryUsage of job (MB)
	1015596  -  ResidentSetSize of job (KB)
...
006 (667.015.000) 10/23 10:08:04 Image size of job updated: 2973992
	1012  -  MemoryUsage of job (MB)
	1035412  -  ResidentSetSize of job (KB)
...
006 (667.015.000) 10/23 10:13:05 Image size of job updated: 2973992
	1021  -  MemoryUsage of job (MB)
	1044540  -  ResidentSetSize of job (KB)
...
005 (667.015.000) 10/23 11:35:58 Job terminated.
	(1) Normal termination (return value 0)
		Usr 0 00:00:05, Sys 0 00:00:01  -  Run Remote Usage
		Usr 0 00:00:00, Sys 0 00:00:00  -  Run Local Usage
		Usr 0 00:00:05, Sys 0 00:00:01  -  Total Remote Usage
		Usr 0 00:00:00, Sys 0 00:00:00  -  Total Local Usage
	0  -  Run Bytes Sent By Job
	0  -  Run Bytes Received By Job
	0  -  Total Bytes Sent By Job
	0  -  Total Bytes Received By Job
	Partitionable Resources :    Usage  Request          
	   Cpus                 :                 1          
	   Disk (KB)            :        1        1          
	   Memory (MB)          :     1021     1021          
...
