000 (667.016.000) 10/23 08:33:07 Job submitted from host: <192.168.240.30:44151>
...
001 (667.016.000) 10/23 08:33:14 Job executing on host: <192.168.240.30:38586>
...
006 (667.016.000) 10/23 08:33:23 Image size of job updated: 94536
	3  -  MemoryUsage of job (MB)
	2112  -  ResidentSetSize of job (KB)
...
006 (667.016.000) 10/23 08:38:23 Image size of job updated: 3309156
	69  -  MemoryUsage of job (MB)
	70280  -  ResidentSetSize of job (KB)
...
006 (667.016.000) 10/23 08:43:24 Image size of job updated: 3309156
	208  -  MemoryUsage of job (MB)
	212368  -  ResidentSetSize of job (KB)
...
006 (667.016.000) 10/23 08:48:25 Image size of job updated: 3309156
	346  -  MemoryUsage of job (MB)
	354220  -  ResidentSetSize of job (KB)
...
006 (667.016.000) 10/23 08:53:25 Image size of job updated: 3309156
	487  -  MemoryUsage of job (MB)
	498472  -  ResidentSetSize of job (KB)
...
006 (667.016.000) 10/23 08:58:25 Image size of job updated: 3309156
	600  -  MemoryUsage of job (MB)
	613440  -  ResidentSetSize of job (KB)
...
006 (667.016.000) 10/23 09:03:25 Image size of job updated: 3309156
	740  -  MemoryUsage of job (MB)
	757208  -  ResidentSetSize of job (KB)
...
006 (667.016.000) 10/23 09:08:25 Image size of job updated: 3309156
	850  -  MemoryUsage of job (MB)
	870256  -  ResidentSetSize of job (KB)
...
006 (667.016.000) 10/23 09:13:25 Image size of job updated: 3309156
	921  -  MemoryUsage of job (MB)
	942504  -  ResidentSetSize of job (KB)
...
006 (667.016.000) 10/23 09:18:26 Image size of job updated: 3309156
	971  -  MemoryUsage of job (MB)
	994272  -  ResidentSetSize of job (KB)
...
006 (667.016.000) 10/23 10:32:54 Image size of job updated: 3309156
	975  -  MemoryUsage of job (MB)
	998392  -  ResidentSetSize of job (KB)
...
006 (667.016.000) 10/23 11:02:54 Image size of job updated: 3309156
	976  -  MemoryUsage of job (MB)
	999012  -  ResidentSetSize of job (KB)
...
006 (667.016.000) 10/23 11:27:54 Image size of job updated: 3309156
	999  -  MemoryUsage of job (MB)
	1022948  -  ResidentSetSize of job (KB)
...
006 (667.016.000) 10/23 11:32:54 Image size of job updated: 3309156
	1017  -  MemoryUsage of job (MB)
	1040584  -  ResidentSetSize of job (KB)
...
006 (667.016.000) 10/23 11:37:54 Image size of job updated: 3309156
	1067  -  MemoryUsage of job (MB)
	1092344  -  ResidentSetSize of job (KB)
...
006 (667.016.000) 10/23 11:42:54 Image size of job updated: 3309156
	1110  -  MemoryUsage of job (MB)
	1136136  -  ResidentSetSize of job (KB)
...
006 (667.016.000) 10/23 11:47:54 Image size of job updated: 3309156
	1154  -  MemoryUsage of job (MB)
	1181596  -  ResidentSetSize of job (KB)
...
005 (667.016.000) 10/23 11:51:24 Job terminated.
	(1) Normal termination (return value 0)
		Usr 0 00:00:06, Sys 0 00:00:03  -  Run Remote Usage
		Usr 0 00:00:00, Sys 0 00:00:00  -  Run Local Usage
		Usr 0 00:00:06, Sys 0 00:00:03  -  Total Remote Usage
		Usr 0 00:00:00, Sys 0 00:00:00  -  Total Local Usage
	0  -  Run Bytes Sent By Job
	0  -  Run Bytes Received By Job
	0  -  Total Bytes Sent By Job
	0  -  Total Bytes Received By Job
	Partitionable Resources :    Usage  Request          
	   Cpus                 :                 1          
	   Disk (KB)            :        1        1          
	   Memory (MB)          :     1154     1154          
...
