000 (667.017.000) 10/23 08:33:07 Job submitted from host: <192.168.240.30:44151>
...
001 (667.017.000) 10/23 08:33:14 Job executing on host: <192.168.240.30:38586>
...
006 (667.017.000) 10/23 08:33:23 Image size of job updated: 94540
	3  -  MemoryUsage of job (MB)
	2116  -  ResidentSetSize of job (KB)
...
006 (667.017.000) 10/23 08:38:23 Image size of job updated: 3309164
	49  -  MemoryUsage of job (MB)
	49880  -  ResidentSetSize of job (KB)
...
006 (667.017.000) 10/23 08:43:24 Image size of job updated: 3309164
	189  -  MemoryUsage of job (MB)
	192692  -  ResidentSetSize of job (KB)
...
006 (667.017.000) 10/23 08:48:25 Image size of job updated: 3309164
	329  -  MemoryUsage of job (MB)
	335984  -  ResidentSetSize of job (KB)
...
006 (667.017.000) 10/23 08:53:26 Image size of job updated: 3309164
	469  -  MemoryUsage of job (MB)
	479752  -  ResidentSetSize of job (KB)
...
006 (667.017.000) 10/23 08:58:27 Image size of job updated: 3309164
	582  -  MemoryUsage of job (MB)
	594960  -  ResidentSetSize of job (KB)
...
006 (667.017.000) 10/23 09:03:28 Image size of job updated: 3309164
	721  -  MemoryUsage of job (MB)
	738012  -  ResidentSetSize of job (KB)
...
006 (667.017.000) 10/23 09:08:29 Image size of job updated: 3309164
	830  -  MemoryUsage of job (MB)
	849860  -  ResidentSetSize of job (KB)
...
006 (667.017.000) 10/23 09:13:29 Image size of job updated: 3309164
	900  -  MemoryUsage of job (MB)
	921272  -  ResidentSetSize of job (KB)
...
006 (667.017.000) 10/23 09:18:29 Image size of job updated: 3309164
	965  -  MemoryUsage of job (MB)
	988008  -  ResidentSetSize of job (KB)
...
006 (667.017.000) 10/23 09:38:38 Image size of job updated: 3309164
	976  -  MemoryUsage of job (MB)
	999180  -  ResidentSetSize of job (KB)
...
006 (667.017.000) 10/23 09:50:44 Image size of job updated: 3309164
	991  -  MemoryUsage of job (MB)
	1014480  -  ResidentSetSize of job (KB)
...
006 (667.017.000) 10/23 10:08:00 Image size of job updated: 3309164
	1008  -  MemoryUsage of job (MB)
	1031968  -  ResidentSetSize of job (KB)
...
006 (667.017.000) 10/23 10:13:00 Image size of job updated: 3309164
	1018  -  MemoryUsage of job (MB)
	1041696  -  ResidentSetSize of job (KB)
...
006 (667.017.000) 10/23 11:33:00 Image size of job updated: 3309164
	1019  -  MemoryUsage of job (MB)
	1042544  -  ResidentSetSize of job (KB)
...
006 (667.017.000) 10/23 11:38:00 Image size of job updated: 3309164
	1069  -  MemoryUsage of job (MB)
	1094176  -  ResidentSetSize of job (KB)
...
006 (667.017.000) 10/23 11:43:00 Image size of job updated: 3309164
	1114  -  MemoryUsage of job (MB)
	1139780  -  ResidentSetSize of job (KB)
...
006 (667.017.000) 10/23 11:48:00 Image size of job updated: 3309164
	1159  -  MemoryUsage of job (MB)
	1186032  -  ResidentSetSize of job (KB)
...
005 (667.017.000) 10/23 11:54:12 Job terminated.
	(1) Normal termination (return value 0)
		Usr 0 00:00:06, Sys 0 00:00:02  -  Run Remote Usage
		Usr 0 00:00:00, Sys 0 00:00:00  -  Run Local Usage
		Usr 0 00:00:06, Sys 0 00:00:02  -  Total Remote Usage
		Usr 0 00:00:00, Sys 0 00:00:00  -  Total Local Usage
	0  -  Run Bytes Sent By Job
	0  -  Run Bytes Received By Job
	0  -  Total Bytes Sent By Job
	0  -  Total Bytes Received By Job
	Partitionable Resources :    Usage  Request          
	   Cpus                 :                 1          
	   Disk (KB)            :        1        1          
	   Memory (MB)          :     1159     1159          
...
