000 (667.029.000) 10/23 08:33:07 Job submitted from host: <192.168.240.30:44151>
...
001 (667.029.000) 10/23 08:59:58 Job executing on host: <192.168.240.32:56990>
...
006 (667.029.000) 10/23 09:00:08 Image size of job updated: 4277972
	86  -  MemoryUsage of job (MB)
	87560  -  ResidentSetSize of job (KB)
...
006 (667.029.000) 10/23 09:05:08 Image size of job updated: 4277972
	936  -  MemoryUsage of job (MB)
	958304  -  ResidentSetSize of job (KB)
...
006 (667.029.000) 10/23 09:10:08 Image size of job updated: 4277972
	1770  -  MemoryUsage of job (MB)
	1812244  -  ResidentSetSize of job (KB)
...
006 (667.029.000) 10/23 09:15:09 Image size of job updated: 4277972
	1907  -  MemoryUsage of job (MB)
	1952528  -  ResidentSetSize of job (KB)
...
005 (667.029.000) 10/23 09:25:42 Job terminated.
	(1) Normal termination (return value 0)
		Usr 0 00:00:05, Sys 0 00:00:03  -  Run Remote Usage
		Usr 0 00:00:00, Sys 0 00:00:00  -  Run Local Usage
		Usr 0 00:00:05, Sys 0 00:00:03  -  Total Remote Usage
		Usr 0 00:00:00, Sys 0 00:00:00  -  Total Local Usage
	0  -  Run Bytes Sent By Job
	0  -  Run Bytes Received By Job
	0  -  Total Bytes Sent By Job
	0  -  Total Bytes Received By Job
	Partitionable Resources :    Usage  Request          
	   Cpus                 :                 1          
	   Disk (KB)            :        1        1          
	   Memory (MB)          :     1907     1907          
...
