000 (667.028.000) 10/23 08:33:07 Job submitted from host: <192.168.240.30:44151>
...
001 (667.028.000) 10/23 08:59:58 Job executing on host: <192.168.240.32:56990>
...
006 (667.028.000) 10/23 09:00:09 Image size of job updated: 4277968
	63  -  MemoryUsage of job (MB)
	64456  -  ResidentSetSize of job (KB)
...
006 (667.028.000) 10/23 09:05:09 Image size of job updated: 4277968
	913  -  MemoryUsage of job (MB)
	934748  -  ResidentSetSize of job (KB)
...
006 (667.028.000) 10/23 09:10:09 Image size of job updated: 4277968
	1746  -  MemoryUsage of job (MB)
	1787140  -  ResidentSetSize of job (KB)
...
006 (667.028.000) 10/23 09:15:09 Image size of job updated: 4277968
	1906  -  MemoryUsage of job (MB)
	1951068  -  ResidentSetSize of job (KB)
...
006 (667.028.000) 10/23 09:25:41 Image size of job updated: 4277968
	1907  -  MemoryUsage of job (MB)
	1951952  -  ResidentSetSize of job (KB)
...
005 (667.028.000) 10/23 09:25:43 Job terminated.
	(1) Normal termination (return value 0)
		Usr 0 00:00:05, Sys 0 00:00:03  -  Run Remote Usage
		Usr 0 00:00:00, Sys 0 00:00:00  -  Run Local Usage
		Usr 0 00:00:05, Sys 0 00:00:03  -  Total Remote Usage
		Usr 0 00:00:00, Sys 0 00:00:00  -  Total Local Usage
	0  -  Run Bytes Sent By Job
	0  -  Run Bytes Received By Job
	0  -  Total Bytes Sent By Job
	0  -  Total Bytes Received By Job
	Partitionable Resources :    Usage  Request          
	   Cpus                 :                 1          
	   Disk (KB)            :        1        1          
	   Memory (MB)          :     1907     1907          
...
