000 (667.025.000) 10/23 08:33:07 Job submitted from host: <192.168.240.30:44151>
...
001 (667.025.000) 10/23 08:33:14 Job executing on host: <192.168.240.30:38586>
...
006 (667.025.000) 10/23 08:33:23 Image size of job updated: 94544
	3  -  MemoryUsage of job (MB)
	2116  -  ResidentSetSize of job (KB)
...
006 (667.025.000) 10/23 08:38:23 Image size of job updated: 4421876
	50  -  MemoryUsage of job (MB)
	51132  -  ResidentSetSize of job (KB)
...
006 (667.025.000) 10/23 08:43:24 Image size of job updated: 4421876
	191  -  MemoryUsage of job (MB)
	194900  -  ResidentSetSize of job (KB)
...
006 (667.025.000) 10/23 08:48:25 Image size of job updated: 4421876
	330  -  MemoryUsage of job (MB)
	336988  -  ResidentSetSize of job (KB)
...
006 (667.025.000) 10/23 08:53:26 Image size of job updated: 4421876
	469  -  MemoryUsage of job (MB)
	479556  -  ResidentSetSize of job (KB)
...
006 (667.025.000) 10/23 08:58:27 Image size of job updated: 4421876
	582  -  MemoryUsage of job (MB)
	595964  -  ResidentSetSize of job (KB)
...
006 (667.025.000) 10/23 09:03:28 Image size of job updated: 4421876
	722  -  MemoryUsage of job (MB)
	738772  -  ResidentSetSize of job (KB)
...
006 (667.025.000) 10/23 09:08:29 Image size of job updated: 4421876
	832  -  MemoryUsage of job (MB)
	851820  -  ResidentSetSize of job (KB)
...
006 (667.025.000) 10/23 09:13:30 Image size of job updated: 4421876
	903  -  MemoryUsage of job (MB)
	924304  -  ResidentSetSize of job (KB)
...
006 (667.025.000) 10/23 09:18:30 Image size of job updated: 4421876
	969  -  MemoryUsage of job (MB)
	991888  -  ResidentSetSize of job (KB)
...
006 (667.025.000) 10/23 09:38:40 Image size of job updated: 4421876
	978  -  MemoryUsage of job (MB)
	1000848  -  ResidentSetSize of job (KB)
...
006 (667.025.000) 10/23 09:50:46 Image size of job updated: 4421876
	996  -  MemoryUsage of job (MB)
	1019472  -  ResidentSetSize of job (KB)
...
006 (667.025.000) 10/23 10:08:04 Image size of job updated: 4421876
	1013  -  MemoryUsage of job (MB)
	1036984  -  ResidentSetSize of job (KB)
...
006 (667.025.000) 10/23 10:13:05 Image size of job updated: 4421876
	1022  -  MemoryUsage of job (MB)
	1046488  -  ResidentSetSize of job (KB)
...
006 (667.025.000) 10/23 11:38:22 Image size of job updated: 4421876
	1070  -  MemoryUsage of job (MB)
	1095268  -  ResidentSetSize of job (KB)
...
006 (667.025.000) 10/23 11:43:23 Image size of job updated: 4421876
	1108  -  MemoryUsage of job (MB)
	1133592  -  ResidentSetSize of job (KB)
...
006 (667.025.000) 10/23 11:48:24 Image size of job updated: 4421876
	1155  -  MemoryUsage of job (MB)
	1182324  -  ResidentSetSize of job (KB)
...
006 (667.025.000) 10/23 11:53:25 Image size of job updated: 4421876
	1193  -  MemoryUsage of job (MB)
	1221584  -  ResidentSetSize of job (KB)
...
006 (667.025.000) 10/23 11:58:26 Image size of job updated: 4421876
	1322  -  MemoryUsage of job (MB)
	1353392  -  ResidentSetSize of job (KB)
...
006 (667.025.000) 10/23 12:03:27 Image size of job updated: 4421876
	1469  -  MemoryUsage of job (MB)
	1503288  -  ResidentSetSize of job (KB)
...
006 (667.025.000) 10/23 12:08:28 Image size of job updated: 4421876
	1708  -  MemoryUsage of job (MB)
	1747988  -  ResidentSetSize of job (KB)
...
006 (667.025.000) 10/23 12:13:29 Image size of job updated: 4421876
	2080  -  MemoryUsage of job (MB)
	2129848  -  ResidentSetSize of job (KB)
...
005 (667.025.000) 10/23 12:14:52 Job terminated.
	(1) Normal termination (return value 0)
		Usr 0 00:00:07, Sys 0 00:00:03  -  Run Remote Usage
		Usr 0 00:00:00, Sys 0 00:00:00  -  Run Local Usage
		Usr 0 00:00:07, Sys 0 00:00:03  -  Total Remote Usage
		Usr 0 00:00:00, Sys 0 00:00:00  -  Total Local Usage
	0  -  Run Bytes Sent By Job
	0  -  Run Bytes Received By Job
	0  -  Total Bytes Sent By Job
	0  -  Total Bytes Received By Job
	Partitionable Resources :    Usage  Request          
	   Cpus                 :                 1          
	   Disk (KB)            :        1        1          
	   Memory (MB)          :     2080     2080          
...
