000 (667.020.000) 10/23 08:33:07 Job submitted from host: <192.168.240.30:44151>
...
001 (667.020.000) 10/23 08:33:14 Job executing on host: <192.168.240.30:38586>
...
006 (667.020.000) 10/23 08:33:23 Image size of job updated: 94540
	3  -  MemoryUsage of job (MB)
	2116  -  ResidentSetSize of job (KB)
...
006 (667.020.000) 10/23 08:38:23 Image size of job updated: 3157532
	72  -  MemoryUsage of job (MB)
	73384  -  ResidentSetSize of job (KB)
...
006 (667.020.000) 10/23 08:43:24 Image size of job updated: 3157532
	212  -  MemoryUsage of job (MB)
	216912  -  ResidentSetSize of job (KB)
...
006 (667.020.000) 10/23 08:48:25 Image size of job updated: 3157532
	353  -  MemoryUsage of job (MB)
	360684  -  ResidentSetSize of job (KB)
...
006 (667.020.000) 10/23 08:53:25 Image size of job updated: 3157532
	492  -  MemoryUsage of job (MB)
	503012  -  ResidentSetSize of job (KB)
...
006 (667.020.000) 10/23 08:58:25 Image size of job updated: 3157532
	604  -  MemoryUsage of job (MB)
	617984  -  ResidentSetSize of job (KB)
...
006 (667.020.000) 10/23 09:03:25 Image size of job updated: 3157532
	743  -  MemoryUsage of job (MB)
	760792  -  ResidentSetSize of job (KB)
...
006 (667.020.000) 10/23 09:08:25 Image size of job updated: 3157532
	853  -  MemoryUsage of job (MB)
	873120  -  ResidentSetSize of job (KB)
...
006 (667.020.000) 10/23 09:13:25 Image size of job updated: 3157532
	924  -  MemoryUsage of job (MB)
	945608  -  ResidentSetSize of job (KB)
...
006 (667.020.000) 10/23 09:18:26 Image size of job updated: 3157532
	978  -  MemoryUsage of job (MB)
	1001140  -  ResidentSetSize of job (KB)
...
006 (667.020.000) 10/23 09:50:42 Image size of job updated: 3157532
	990  -  MemoryUsage of job (MB)
	1013552  -  ResidentSetSize of job (KB)
...
006 (667.020.000) 10/23 10:07:58 Image size of job updated: 3157532
	1009  -  MemoryUsage of job (MB)
	1032464  -  ResidentSetSize of job (KB)
...
006 (667.020.000) 10/23 10:12:58 Image size of job updated: 3157532
	1018  -  MemoryUsage of job (MB)
	1042100  -  ResidentSetSize of job (KB)
...
006 (667.020.000) 10/23 11:32:58 Image size of job updated: 3157532
	1022  -  MemoryUsage of job (MB)
	1046232  -  ResidentSetSize of job (KB)
...
006 (667.020.000) 10/23 11:37:58 Image size of job updated: 3157532
	1073  -  MemoryUsage of job (MB)
	1098432  -  ResidentSetSize of job (KB)
...
005 (667.020.000) 10/23 11:44:06 Job terminated.
	(1) Normal termination (return value 0)
		Usr 0 00:00:06, Sys 0 00:00:02  -  Run Remote Usage
		Usr 0 00:00:00, Sys 0 00:00:00  -  Run Local Usage
		Usr 0 00:00:06, Sys 0 00:00:02  -  Total Remote Usage
		Usr 0 00:00:00, Sys 0 00:00:00  -  Total Local Usage
	0  -  Run Bytes Sent By Job
	0  -  Run Bytes Received By Job
	0  -  Total Bytes Sent By Job
	0  -  Total Bytes Received By Job
	Partitionable Resources :    Usage  Request          
	   Cpus                 :                 1          
	   Disk (KB)            :        1        1          
	   Memory (MB)          :     1073     1073          
...
