000 (667.021.000) 10/23 08:33:07 Job submitted from host: <192.168.240.30:44151>
...
001 (667.021.000) 10/23 08:33:14 Job executing on host: <192.168.240.30:38586>
...
006 (667.021.000) 10/23 08:33:23 Image size of job updated: 94540
	3  -  MemoryUsage of job (MB)
	2116  -  ResidentSetSize of job (KB)
...
006 (667.021.000) 10/23 08:38:23 Image size of job updated: 3157536
	61  -  MemoryUsage of job (MB)
	61632  -  ResidentSetSize of job (KB)
...
006 (667.021.000) 10/23 08:43:24 Image size of job updated: 3157536
	200  -  MemoryUsage of job (MB)
	204444  -  ResidentSetSize of job (KB)
...
006 (667.021.000) 10/23 08:48:25 Image size of job updated: 3157536
	338  -  MemoryUsage of job (MB)
	346056  -  ResidentSetSize of job (KB)
...
006 (667.021.000) 10/23 08:53:25 Image size of job updated: 3157536
	478  -  MemoryUsage of job (MB)
	489104  -  ResidentSetSize of job (KB)
...
006 (667.021.000) 10/23 08:58:25 Image size of job updated: 3157536
	591  -  MemoryUsage of job (MB)
	604792  -  ResidentSetSize of job (KB)
...
006 (667.021.000) 10/23 09:03:25 Image size of job updated: 3157536
	730  -  MemoryUsage of job (MB)
	747364  -  ResidentSetSize of job (KB)
...
006 (667.021.000) 10/23 09:08:25 Image size of job updated: 3157536
	839  -  MemoryUsage of job (MB)
	858252  -  ResidentSetSize of job (KB)
...
006 (667.021.000) 10/23 09:13:25 Image size of job updated: 3157536
	909  -  MemoryUsage of job (MB)
	930496  -  ResidentSetSize of job (KB)
...
006 (667.021.000) 10/23 09:18:25 Image size of job updated: 3157536
	972  -  MemoryUsage of job (MB)
	995148  -  ResidentSetSize of job (KB)
...
006 (667.021.000) 10/23 09:38:35 Image size of job updated: 3157536
	978  -  MemoryUsage of job (MB)
	1000544  -  ResidentSetSize of job (KB)
...
006 (667.021.000) 10/23 09:50:41 Image size of job updated: 3157536
	992  -  MemoryUsage of job (MB)
	1015360  -  ResidentSetSize of job (KB)
...
006 (667.021.000) 10/23 10:07:57 Image size of job updated: 3157536
	1010  -  MemoryUsage of job (MB)
	1033372  -  ResidentSetSize of job (KB)
...
006 (667.021.000) 10/23 10:12:57 Image size of job updated: 3157536
	1020  -  MemoryUsage of job (MB)
	1043580  -  ResidentSetSize of job (KB)
...
006 (667.021.000) 10/23 11:37:57 Image size of job updated: 3157536
	1061  -  MemoryUsage of job (MB)
	1085736  -  ResidentSetSize of job (KB)
...
006 (667.021.000) 10/23 11:42:57 Image size of job updated: 3157536
	1104  -  MemoryUsage of job (MB)
	1129636  -  ResidentSetSize of job (KB)
...
005 (667.021.000) 10/23 11:44:53 Job terminated.
	(1) Normal termination (return value 0)
		Usr 0 00:00:05, Sys 0 00:00:02  -  Run Remote Usage
		Usr 0 00:00:00, Sys 0 00:00:00  -  Run Local Usage
		Usr 0 00:00:05, Sys 0 00:00:02  -  Total Remote Usage
		Usr 0 00:00:00, Sys 0 00:00:00  -  Total Local Usage
	0  -  Run Bytes Sent By Job
	0  -  Run Bytes Received By Job
	0  -  Total Bytes Sent By Job
	0  -  Total Bytes Received By Job
	Partitionable Resources :    Usage  Request          
	   Cpus                 :                 1          
	   Disk (KB)            :        1        1          
	   Memory (MB)          :     1104     1104          
...
