000 (667.024.000) 10/23 08:33:07 Job submitted from host: <192.168.240.30:44151>
...
001 (667.024.000) 10/23 08:33:14 Job executing on host: <192.168.240.30:38586>
...
006 (667.024.000) 10/23 08:33:23 Image size of job updated: 94536
	3  -  MemoryUsage of job (MB)
	2112  -  ResidentSetSize of job (KB)
...
006 (667.024.000) 10/23 08:38:23 Image size of job updated: 4421876
	52  -  MemoryUsage of job (MB)
	52812  -  ResidentSetSize of job (KB)
...
006 (667.024.000) 10/23 08:43:24 Image size of job updated: 4421876
	193  -  MemoryUsage of job (MB)
	196852  -  ResidentSetSize of job (KB)
...
006 (667.024.000) 10/23 08:48:25 Image size of job updated: 4421876
	331  -  MemoryUsage of job (MB)
	338188  -  ResidentSetSize of job (KB)
...
006 (667.024.000) 10/23 08:53:25 Image size of job updated: 4421876
	471  -  MemoryUsage of job (MB)
	481716  -  ResidentSetSize of job (KB)
...
006 (667.024.000) 10/23 08:58:25 Image size of job updated: 4421876
	584  -  MemoryUsage of job (MB)
	597884  -  ResidentSetSize of job (KB)
...
006 (667.024.000) 10/23 09:03:25 Image size of job updated: 4421876
	723  -  MemoryUsage of job (MB)
	739492  -  ResidentSetSize of job (KB)
...
006 (667.024.000) 10/23 09:08:25 Image size of job updated: 4421876
	831  -  MemoryUsage of job (MB)
	850620  -  ResidentSetSize of job (KB)
...
006 (667.024.000) 10/23 09:13:25 Image size of job updated: 4421876
	902  -  MemoryUsage of job (MB)
	922864  -  ResidentSetSize of job (KB)
...
006 (667.024.000) 10/23 09:18:26 Image size of job updated: 4421876
	968  -  MemoryUsage of job (MB)
	990448  -  ResidentSetSize of job (KB)
...
006 (667.024.000) 10/23 09:38:36 Image size of job updated: 4421876
	975  -  MemoryUsage of job (MB)
	997412  -  ResidentSetSize of job (KB)
...
006 (667.024.000) 10/23 09:50:42 Image size of job updated: 4421876
	993  -  MemoryUsage of job (MB)
	1016200  -  ResidentSetSize of job (KB)
...
006 (667.024.000) 10/23 10:07:58 Image size of job updated: 4421876
	1010  -  MemoryUsage of job (MB)
	1034108  -  ResidentSetSize of job (KB)
...
006 (667.024.000) 10/23 10:12:58 Image size of job updated: 4421876
	1019  -  MemoryUsage of job (MB)
	1043272  -  ResidentSetSize of job (KB)
...
006 (667.024.000) 10/23 11:37:58 Image size of job updated: 4421876
	1068  -  MemoryUsage of job (MB)
	1093608  -  ResidentSetSize of job (KB)
...
006 (667.024.000) 10/23 11:42:58 Image size of job updated: 4421876
	1106  -  MemoryUsage of job (MB)
	1131948  -  ResidentSetSize of job (KB)
...
006 (667.024.000) 10/23 11:47:58 Image size of job updated: 4421876
	1149  -  MemoryUsage of job (MB)
	1175732  -  ResidentSetSize of job (KB)
...
006 (667.024.000) 10/23 11:52:58 Image size of job updated: 4421876
	1193  -  MemoryUsage of job (MB)
	1221236  -  ResidentSetSize of job (KB)
...
006 (667.024.000) 10/23 11:57:58 Image size of job updated: 4421876
	1307  -  MemoryUsage of job (MB)
	1337528  -  ResidentSetSize of job (KB)
...
006 (667.024.000) 10/23 12:02:58 Image size of job updated: 4421876
	1456  -  MemoryUsage of job (MB)
	1490568  -  ResidentSetSize of job (KB)
...
006 (667.024.000) 10/23 12:07:58 Image size of job updated: 4421876
	1674  -  MemoryUsage of job (MB)
	1713172  -  ResidentSetSize of job (KB)
...
006 (667.024.000) 10/23 12:12:58 Image size of job updated: 4421876
	2047  -  MemoryUsage of job (MB)
	2095836  -  ResidentSetSize of job (KB)
...
005 (667.024.000) 10/23 12:14:52 Job terminated.
	(1) Normal termination (return value 0)
		Usr 0 00:00:08, Sys 0 00:00:03  -  Run Remote Usage
		Usr 0 00:00:00, Sys 0 00:00:00  -  Run Local Usage
		Usr 0 00:00:08, Sys 0 00:00:03  -  Total Remote Usage
		Usr 0 00:00:00, Sys 0 00:00:00  -  Total Local Usage
	0  -  Run Bytes Sent By Job
	0  -  Run Bytes Received By Job
	0  -  Total Bytes Sent By Job
	0  -  Total Bytes Received By Job
	Partitionable Resources :    Usage  Request          
	   Cpus                 :                 1          
	   Disk (KB)            :        1        1          
	   Memory (MB)          :     2047     2047          
...
