000 (667.002.000) 10/23 08:33:07 Job submitted from host: <192.168.240.30:44151>
...
001 (667.002.000) 10/23 08:33:42 Job executing on host: <192.168.240.32:56990>
...
006 (667.002.000) 10/23 08:33:51 Image size of job updated: 287540
	37  -  MemoryUsage of job (MB)
	37844  -  ResidentSetSize of job (KB)
...
001 (667.002.000) 10/23 08:58:55 Job executing on host: <192.168.240.32:56990>
...
006 (667.002.000) 10/23 08:59:04 Image size of job updated: 2222088
	40  -  MemoryUsage of job (MB)
	40000  -  ResidentSetSize of job (KB)
...
005 (667.002.000) 10/23 08:59:05 Job terminated.
	(1) Normal termination (return value 0)
		Usr 0 00:00:03, Sys 0 00:00:00  -  Run Remote Usage
		Usr 0 00:00:00, Sys 0 00:00:00  -  Run Local Usage
		Usr 0 00:00:03, Sys 0 00:00:00  -  Total Remote Usage
		Usr 0 00:00:00, Sys 0 00:00:00  -  Total Local Usage
	0  -  Run Bytes Sent By Job
	0  -  Run Bytes Received By Job
	0  -  Total Bytes Sent By Job
	0  -  Total Bytes Received By Job
	Partitionable Resources :    Usage  Request          
	   Cpus                 :                 1          
	   Disk (KB)            :        1        1          
	   Memory (MB)          :       40       40          
...
000 (035.002.000) 10/23 16:12:14 Job submitted from host: <192.168.240.32:39926>
...
001 (035.002.000) 10/23 16:12:15 Job executing on host: <192.168.240.30:38586>
...
006 (035.002.000) 10/23 16:12:24 Image size of job updated: 94532
	3  -  MemoryUsage of job (MB)
	2112  -  ResidentSetSize of job (KB)
...
006 (035.002.000) 10/23 16:17:24 Image size of job updated: 2362612
	606  -  MemoryUsage of job (MB)
	620096  -  ResidentSetSize of job (KB)
...
006 (035.002.000) 10/23 16:22:24 Image size of job updated: 2362612
	1274  -  MemoryUsage of job (MB)
	1304392  -  ResidentSetSize of job (KB)
...
006 (035.002.000) 10/23 16:27:24 Image size of job updated: 2362612
	1858  -  MemoryUsage of job (MB)
	1901932  -  ResidentSetSize of job (KB)
...
005 (035.002.000) 10/23 16:28:33 Job terminated.
	(1) Normal termination (return value 0)
		Usr 0 00:00:04, Sys 0 00:00:01  -  Run Remote Usage
		Usr 0 00:00:00, Sys 0 00:00:00  -  Run Local Usage
		Usr 0 00:00:04, Sys 0 00:00:01  -  Total Remote Usage
		Usr 0 00:00:00, Sys 0 00:00:00  -  Total Local Usage
	0  -  Run Bytes Sent By Job
	0  -  Run Bytes Received By Job
	0  -  Total Bytes Sent By Job
	0  -  Total Bytes Received By Job
	Partitionable Resources :    Usage  Request          
	   Cpus                 :                 1          
	   Disk (KB)            :        1        1          
	   Memory (MB)          :     1858     1858          
...
