000 (667.023.000) 10/23 08:33:07 Job submitted from host: <192.168.240.30:44151>
...
001 (667.023.000) 10/23 08:33:14 Job executing on host: <192.168.240.30:38586>
...
006 (667.023.000) 10/23 08:33:23 Image size of job updated: 94544
	3  -  MemoryUsage of job (MB)
	2116  -  ResidentSetSize of job (KB)
...
006 (667.023.000) 10/23 08:38:23 Image size of job updated: 3157536
	51  -  MemoryUsage of job (MB)
	51640  -  ResidentSetSize of job (KB)
...
006 (667.023.000) 10/23 08:43:24 Image size of job updated: 3157536
	190  -  MemoryUsage of job (MB)
	193876  -  ResidentSetSize of job (KB)
...
006 (667.023.000) 10/23 08:48:25 Image size of job updated: 3157536
	328  -  MemoryUsage of job (MB)
	335724  -  ResidentSetSize of job (KB)
...
006 (667.023.000) 10/23 08:53:26 Image size of job updated: 3157536
	469  -  MemoryUsage of job (MB)
	479496  -  ResidentSetSize of job (KB)
...
006 (667.023.000) 10/23 08:58:27 Image size of job updated: 3157536
	583  -  MemoryUsage of job (MB)
	596144  -  ResidentSetSize of job (KB)
...
006 (667.023.000) 10/23 09:03:28 Image size of job updated: 3157536
	721  -  MemoryUsage of job (MB)
	738236  -  ResidentSetSize of job (KB)
...
006 (667.023.000) 10/23 09:08:29 Image size of job updated: 3157536
	830  -  MemoryUsage of job (MB)
	849604  -  ResidentSetSize of job (KB)
...
006 (667.023.000) 10/23 09:13:30 Image size of job updated: 3157536
	900  -  MemoryUsage of job (MB)
	921128  -  ResidentSetSize of job (KB)
...
006 (667.023.000) 10/23 09:18:30 Image size of job updated: 3157536
	966  -  MemoryUsage of job (MB)
	988472  -  ResidentSetSize of job (KB)
...
006 (667.023.000) 10/23 09:38:40 Image size of job updated: 3157536
	976  -  MemoryUsage of job (MB)
	998648  -  ResidentSetSize of job (KB)
...
006 (667.023.000) 10/23 09:50:46 Image size of job updated: 3157536
	993  -  MemoryUsage of job (MB)
	1016096  -  ResidentSetSize of job (KB)
...
006 (667.023.000) 10/23 10:08:04 Image size of job updated: 3157536
	1008  -  MemoryUsage of job (MB)
	1031472  -  ResidentSetSize of job (KB)
...
006 (667.023.000) 10/23 10:13:05 Image size of job updated: 3157536
	1016  -  MemoryUsage of job (MB)
	1039764  -  ResidentSetSize of job (KB)
...
006 (667.023.000) 10/23 11:33:21 Image size of job updated: 3157536
	1024  -  MemoryUsage of job (MB)
	1048560  -  ResidentSetSize of job (KB)
...
006 (667.023.000) 10/23 11:38:22 Image size of job updated: 3157536
	1075  -  MemoryUsage of job (MB)
	1100640  -  ResidentSetSize of job (KB)
...
006 (667.023.000) 10/23 11:43:23 Image size of job updated: 3157536
	1121  -  MemoryUsage of job (MB)
	1147200  -  ResidentSetSize of job (KB)
...
005 (667.023.000) 10/23 11:45:27 Job terminated.
	(1) Normal termination (return value 0)
		Usr 0 00:00:05, Sys 0 00:00:02  -  Run Remote Usage
		Usr 0 00:00:00, Sys 0 00:00:00  -  Run Local Usage
		Usr 0 00:00:05, Sys 0 00:00:02  -  Total Remote Usage
		Usr 0 00:00:00, Sys 0 00:00:00  -  Total Local Usage
	0  -  Run Bytes Sent By Job
	0  -  Run Bytes Received By Job
	0  -  Total Bytes Sent By Job
	0  -  Total Bytes Received By Job
	Partitionable Resources :    Usage  Request          
	   Cpus                 :                 1          
	   Disk (KB)            :        1        1          
	   Memory (MB)          :     1121     1121          
...
