000 (667.027.000) 10/23 08:33:07 Job submitted from host: <192.168.240.30:44151>
...
001 (667.027.000) 10/23 08:33:14 Job executing on host: <192.168.240.30:38586>
...
006 (667.027.000) 10/23 08:33:23 Image size of job updated: 1
	2  -  MemoryUsage of job (MB)
	2048  -  ResidentSetSize of job (KB)
...
006 (667.027.000) 10/23 08:38:23 Image size of job updated: 4421880
	83  -  MemoryUsage of job (MB)
	84260  -  ResidentSetSize of job (KB)
...
006 (667.027.000) 10/23 08:43:24 Image size of job updated: 4421880
	224  -  MemoryUsage of job (MB)
	228748  -  ResidentSetSize of job (KB)
...
006 (667.027.000) 10/23 08:48:25 Image size of job updated: 4421880
	363  -  MemoryUsage of job (MB)
	371560  -  ResidentSetSize of job (KB)
...
006 (667.027.000) 10/23 08:53:26 Image size of job updated: 4421880
	503  -  MemoryUsage of job (MB)
	514848  -  ResidentSetSize of job (KB)
...
006 (667.027.000) 10/23 08:58:27 Image size of job updated: 4421880
	614  -  MemoryUsage of job (MB)
	628616  -  ResidentSetSize of job (KB)
...
006 (667.027.000) 10/23 09:03:28 Image size of job updated: 4421880
	755  -  MemoryUsage of job (MB)
	772384  -  ResidentSetSize of job (KB)
...
006 (667.027.000) 10/23 09:08:28 Image size of job updated: 4421880
	865  -  MemoryUsage of job (MB)
	884952  -  ResidentSetSize of job (KB)
...
006 (667.027.000) 10/23 09:13:28 Image size of job updated: 4421880
	935  -  MemoryUsage of job (MB)
	957436  -  ResidentSetSize of job (KB)
...
006 (667.027.000) 10/23 09:18:28 Image size of job updated: 4421880
	980  -  MemoryUsage of job (MB)
	1002708  -  ResidentSetSize of job (KB)
...
006 (667.027.000) 10/23 09:50:43 Image size of job updated: 4421880
	992  -  MemoryUsage of job (MB)
	1015372  -  ResidentSetSize of job (KB)
...
006 (667.027.000) 10/23 10:07:59 Image size of job updated: 4421880
	1010  -  MemoryUsage of job (MB)
	1033664  -  ResidentSetSize of job (KB)
...
006 (667.027.000) 10/23 10:12:59 Image size of job updated: 4421880
	1019  -  MemoryUsage of job (MB)
	1043356  -  ResidentSetSize of job (KB)
...
006 (667.027.000) 10/23 11:37:59 Image size of job updated: 4421880
	1069  -  MemoryUsage of job (MB)
	1094576  -  ResidentSetSize of job (KB)
...
006 (667.027.000) 10/23 11:42:59 Image size of job updated: 4421880
	1108  -  MemoryUsage of job (MB)
	1134092  -  ResidentSetSize of job (KB)
...
006 (667.027.000) 10/23 11:47:59 Image size of job updated: 4421880
	1149  -  MemoryUsage of job (MB)
	1175964  -  ResidentSetSize of job (KB)
...
006 (667.027.000) 10/23 11:52:59 Image size of job updated: 4421880
	1191  -  MemoryUsage of job (MB)
	1218596  -  ResidentSetSize of job (KB)
...
006 (667.027.000) 10/23 11:57:59 Image size of job updated: 4421880
	1304  -  MemoryUsage of job (MB)
	1334392  -  ResidentSetSize of job (KB)
...
006 (667.027.000) 10/23 12:02:59 Image size of job updated: 4421880
	1453  -  MemoryUsage of job (MB)
	1487208  -  ResidentSetSize of job (KB)
...
006 (667.027.000) 10/23 12:07:59 Image size of job updated: 4421880
	1669  -  MemoryUsage of job (MB)
	1708564  -  ResidentSetSize of job (KB)
...
006 (667.027.000) 10/23 12:12:59 Image size of job updated: 4421880
	2041  -  MemoryUsage of job (MB)
	2089944  -  ResidentSetSize of job (KB)
...
005 (667.027.000) 10/23 12:14:36 Job terminated.
	(1) Normal termination (return value 0)
		Usr 0 00:00:08, Sys 0 00:00:03  -  Run Remote Usage
		Usr 0 00:00:00, Sys 0 00:00:00  -  Run Local Usage
		Usr 0 00:00:08, Sys 0 00:00:03  -  Total Remote Usage
		Usr 0 00:00:00, Sys 0 00:00:00  -  Total Local Usage
	0  -  Run Bytes Sent By Job
	0  -  Run Bytes Received By Job
	0  -  Total Bytes Sent By Job
	0  -  Total Bytes Received By Job
	Partitionable Resources :    Usage  Request          
	   Cpus                 :                 1          
	   Disk (KB)            :        1        1          
	   Memory (MB)          :     2041     2041          
...
