000 (667.030.000) 10/23 08:33:07 Job submitted from host: <192.168.240.30:44151>
...
001 (667.030.000) 10/23 09:00:02 Job executing on host: <192.168.240.32:56990>
...
006 (667.030.000) 10/23 09:00:14 Image size of job updated: 191544
	3  -  MemoryUsage of job (MB)
	2856  -  ResidentSetSize of job (KB)
...
006 (667.030.000) 10/23 09:05:15 Image size of job updated: 4277972
	855  -  MemoryUsage of job (MB)
	874904  -  ResidentSetSize of job (KB)
...
006 (667.030.000) 10/23 09:10:16 Image size of job updated: 4277972
	1686  -  MemoryUsage of job (MB)
	1726320  -  ResidentSetSize of job (KB)
...
006 (667.030.000) 10/23 09:15:17 Image size of job updated: 4277972
	1907  -  MemoryUsage of job (MB)
	1952500  -  ResidentSetSize of job (KB)
...
005 (667.030.000) 10/23 09:25:50 Job terminated.
	(1) Normal termination (return value 0)
		Usr 0 00:00:04, Sys 0 00:00:03  -  Run Remote Usage
		Usr 0 00:00:00, Sys 0 00:00:00  -  Run Local Usage
		Usr 0 00:00:04, Sys 0 00:00:03  -  Total Remote Usage
		Usr 0 00:00:00, Sys 0 00:00:00  -  Total Local Usage
	0  -  Run Bytes Sent By Job
	0  -  Run Bytes Received By Job
	0  -  Total Bytes Sent By Job
	0  -  Total Bytes Received By Job
	Partitionable Resources :    Usage  Request          
	   Cpus                 :                 1          
	   Disk (KB)            :        1        1          
	   Memory (MB)          :     1907     1907          
...
