000 (667.036.000) 10/23 08:33:07 Job submitted from host: <192.168.240.30:44151>
...
001 (667.036.000) 10/23 09:05:28 Job executing on host: <192.168.240.31:38437>
...
006 (667.036.000) 10/23 09:05:41 Image size of job updated: 191544
	2  -  MemoryUsage of job (MB)
	1936  -  ResidentSetSize of job (KB)
...
006 (667.036.000) 10/23 09:10:41 Image size of job updated: 2919352
	147  -  MemoryUsage of job (MB)
	150316  -  ResidentSetSize of job (KB)
...
006 (667.036.000) 10/23 09:15:41 Image size of job updated: 2919352
	238  -  MemoryUsage of job (MB)
	242724  -  ResidentSetSize of job (KB)
...
006 (667.036.000) 10/23 09:26:14 Image size of job updated: 2919352
	367  -  MemoryUsage of job (MB)
	374972  -  ResidentSetSize of job (KB)
...
006 (667.036.000) 10/23 09:50:23 Image size of job updated: 2919352
	718  -  MemoryUsage of job (MB)
	735000  -  ResidentSetSize of job (KB)
...
006 (667.036.000) 10/23 09:52:57 Image size of job updated: 2919352
	910  -  MemoryUsage of job (MB)
	931368  -  ResidentSetSize of job (KB)
...
006 (667.036.000) 10/23 10:00:13 Image size of job updated: 2919352
	1013  -  MemoryUsage of job (MB)
	1036704  -  ResidentSetSize of job (KB)
...
006 (667.036.000) 10/23 10:14:42 Image size of job updated: 2919352
	1060  -  MemoryUsage of job (MB)
	1084676  -  ResidentSetSize of job (KB)
...
001 (667.036.000) 10/23 12:06:28 Job executing on host: <192.168.240.32:56990>
...
006 (667.036.000) 10/23 12:16:40 Image size of job updated: 3000000
	1760  -  MemoryUsage of job (MB)
	1801644  -  ResidentSetSize of job (KB)
...
001 (667.036.000) 10/23 12:42:05 Job executing on host: <192.168.240.32:56990>
...
005 (667.036.000) 10/23 12:56:34 Job terminated.
	(1) Normal termination (return value 0)
		Usr 0 00:00:03, Sys 0 00:00:01  -  Run Remote Usage
		Usr 0 00:00:00, Sys 0 00:00:00  -  Run Local Usage
		Usr 0 00:00:03, Sys 0 00:00:01  -  Total Remote Usage
		Usr 0 00:00:00, Sys 0 00:00:00  -  Total Local Usage
	0  -  Run Bytes Sent By Job
	0  -  Run Bytes Received By Job
	0  -  Total Bytes Sent By Job
	0  -  Total Bytes Received By Job
	Partitionable Resources :    Usage  Request          
	   Cpus                 :                 1          
	   Disk (KB)            :        1        1          
	   Memory (MB)          :     1954     1954          
...
