000 (667.038.000) 10/23 08:33:07 Job submitted from host: <192.168.240.30:44151>
...
001 (667.038.000) 10/23 09:05:30 Job executing on host: <192.168.240.31:38437>
...
006 (667.038.000) 10/23 09:05:43 Image size of job updated: 191544
	3  -  MemoryUsage of job (MB)
	2320  -  ResidentSetSize of job (KB)
...
006 (667.038.000) 10/23 09:10:43 Image size of job updated: 2919352
	142  -  MemoryUsage of job (MB)
	145036  -  ResidentSetSize of job (KB)
...
006 (667.038.000) 10/23 09:15:43 Image size of job updated: 2919352
	233  -  MemoryUsage of job (MB)
	238160  -  ResidentSetSize of job (KB)
...
006 (667.038.000) 10/23 09:26:17 Image size of job updated: 2919352
	362  -  MemoryUsage of job (MB)
	370652  -  ResidentSetSize of job (KB)
...
006 (667.038.000) 10/23 09:50:27 Image size of job updated: 2919352
	714  -  MemoryUsage of job (MB)
	730680  -  ResidentSetSize of job (KB)
...
006 (667.038.000) 10/23 09:53:02 Image size of job updated: 2919352
	906  -  MemoryUsage of job (MB)
	927256  -  ResidentSetSize of job (KB)
...
006 (667.038.000) 10/23 10:00:18 Image size of job updated: 2919352
	1009  -  MemoryUsage of job (MB)
	1032624  -  ResidentSetSize of job (KB)
...
006 (667.038.000) 10/23 10:14:49 Image size of job updated: 2919352
	1059  -  MemoryUsage of job (MB)
	1083980  -  ResidentSetSize of job (KB)
...
001 (667.038.000) 10/23 12:06:30 Job executing on host: <192.168.240.32:56990>
...
006 (667.038.000) 10/23 12:16:43 Image size of job updated: 3000000
	1657  -  MemoryUsage of job (MB)
	1695800  -  ResidentSetSize of job (KB)
...
001 (667.038.000) 10/23 12:42:05 Job executing on host: <192.168.240.32:56990>
...
006 (667.038.000) 10/23 12:52:13 Image size of job updated: 3000000
	2200  -  MemoryUsage of job (MB)
	2252568  -  ResidentSetSize of job (KB)
...
005 (667.038.000) 10/23 12:53:18 Job terminated.
	(1) Normal termination (return value 0)
		Usr 0 00:00:03, Sys 0 00:00:01  -  Run Remote Usage
		Usr 0 00:00:00, Sys 0 00:00:00  -  Run Local Usage
		Usr 0 00:00:03, Sys 0 00:00:01  -  Total Remote Usage
		Usr 0 00:00:00, Sys 0 00:00:00  -  Total Local Usage
	0  -  Run Bytes Sent By Job
	0  -  Run Bytes Received By Job
	0  -  Total Bytes Sent By Job
	0  -  Total Bytes Received By Job
	Partitionable Resources :    Usage  Request          
	   Cpus                 :                 1          
	   Disk (KB)            :        1        1          
	   Memory (MB)          :     2200     2200          
...
