000 (667.031.000) 10/23 08:33:07 Job submitted from host: <192.168.240.30:44151>
...
001 (667.031.000) 10/23 09:00:04 Job executing on host: <192.168.240.32:56990>
...
006 (667.031.000) 10/23 09:00:16 Image size of job updated: 191544
	3  -  MemoryUsage of job (MB)
	2820  -  ResidentSetSize of job (KB)
...
006 (667.031.000) 10/23 09:05:16 Image size of job updated: 4277976
	836  -  MemoryUsage of job (MB)
	855788  -  ResidentSetSize of job (KB)
...
006 (667.031.000) 10/23 09:10:16 Image size of job updated: 4277976
	1669  -  MemoryUsage of job (MB)
	1708324  -  ResidentSetSize of job (KB)
...
006 (667.031.000) 10/23 09:15:17 Image size of job updated: 4277976
	1908  -  MemoryUsage of job (MB)
	1952968  -  ResidentSetSize of job (KB)
...
005 (667.031.000) 10/23 09:25:48 Job terminated.
	(1) Normal termination (return value 0)
		Usr 0 00:00:04, Sys 0 00:00:03  -  Run Remote Usage
		Usr 0 00:00:00, Sys 0 00:00:00  -  Run Local Usage
		Usr 0 00:00:04, Sys 0 00:00:03  -  Total Remote Usage
		Usr 0 00:00:00, Sys 0 00:00:00  -  Total Local Usage
	0  -  Run Bytes Sent By Job
	0  -  Run Bytes Received By Job
	0  -  Total Bytes Sent By Job
	0  -  Total Bytes Received By Job
	Partitionable Resources :    Usage  Request          
	   Cpus                 :                 1          
	   Disk (KB)            :        1        1          
	   Memory (MB)          :     1908     1908          
...
