000 (667.035.000) 10/23 08:33:07 Job submitted from host: <192.168.240.30:44151>
...
001 (667.035.000) 10/23 09:05:21 Job executing on host: <192.168.240.31:38437>
...
006 (667.035.000) 10/23 09:05:34 Image size of job updated: 191544
	3  -  MemoryUsage of job (MB)
	2820  -  ResidentSetSize of job (KB)
...
006 (667.035.000) 10/23 09:10:35 Image size of job updated: 3919992
	205  -  MemoryUsage of job (MB)
	209744  -  ResidentSetSize of job (KB)
...
006 (667.035.000) 10/23 09:15:36 Image size of job updated: 3919992
	297  -  MemoryUsage of job (MB)
	303736  -  ResidentSetSize of job (KB)
...
006 (667.035.000) 10/23 09:26:10 Image size of job updated: 3919992
	426  -  MemoryUsage of job (MB)
	435504  -  ResidentSetSize of job (KB)
...
006 (667.035.000) 10/23 09:50:19 Image size of job updated: 3919992
	770  -  MemoryUsage of job (MB)
	788088  -  ResidentSetSize of job (KB)
...
006 (667.035.000) 10/23 09:52:53 Image size of job updated: 3919992
	969  -  MemoryUsage of job (MB)
	991860  -  ResidentSetSize of job (KB)
...
006 (667.035.000) 10/23 10:00:09 Image size of job updated: 3919992
	1072  -  MemoryUsage of job (MB)
	1097228  -  ResidentSetSize of job (KB)
...
001 (667.035.000) 10/23 11:02:56 Job executing on host: <192.168.240.32:56990>
...
001 (667.035.000) 10/23 11:34:05 Job executing on host: <192.168.240.32:56990>
...
006 (667.035.000) 10/23 11:44:17 Image size of job updated: 4000000
	1856  -  MemoryUsage of job (MB)
	1900228  -  ResidentSetSize of job (KB)
...
006 (667.035.000) 10/23 11:49:17 Image size of job updated: 4000000
	2011  -  MemoryUsage of job (MB)
	2058808  -  ResidentSetSize of job (KB)
...
005 (667.035.000) 10/23 12:05:53 Job terminated.
	(1) Normal termination (return value 0)
		Usr 0 00:00:04, Sys 0 00:00:02  -  Run Remote Usage
		Usr 0 00:00:00, Sys 0 00:00:00  -  Run Local Usage
		Usr 0 00:00:04, Sys 0 00:00:02  -  Total Remote Usage
		Usr 0 00:00:00, Sys 0 00:00:00  -  Total Local Usage
	0  -  Run Bytes Sent By Job
	0  -  Run Bytes Received By Job
	0  -  Total Bytes Sent By Job
	0  -  Total Bytes Received By Job
	Partitionable Resources :    Usage  Request          
	   Cpus                 :                 1          
	   Disk (KB)            :        1        1          
	   Memory (MB)          :     2011     2011          
...
