000 (667.034.000) 10/23 08:33:07 Job submitted from host: <192.168.240.30:44151>
...
001 (667.034.000) 10/23 09:05:16 Job executing on host: <192.168.240.31:38437>
...
006 (667.034.000) 10/23 09:05:29 Image size of job updated: 191544
	2  -  MemoryUsage of job (MB)
	2024  -  ResidentSetSize of job (KB)
...
006 (667.034.000) 10/23 09:10:30 Image size of job updated: 3919992
	242  -  MemoryUsage of job (MB)
	247096  -  ResidentSetSize of job (KB)
...
006 (667.034.000) 10/23 09:15:31 Image size of job updated: 3919992
	334  -  MemoryUsage of job (MB)
	341660  -  ResidentSetSize of job (KB)
...
006 (667.034.000) 10/23 09:26:05 Image size of job updated: 3919992
	469  -  MemoryUsage of job (MB)
	479432  -  ResidentSetSize of job (KB)
...
006 (667.034.000) 10/23 09:52:14 Image size of job updated: 3919992
	813  -  MemoryUsage of job (MB)
	831776  -  ResidentSetSize of job (KB)
...
006 (667.034.000) 10/23 09:52:49 Image size of job updated: 3919992
	1008  -  MemoryUsage of job (MB)
	1032188  -  ResidentSetSize of job (KB)
...
006 (667.034.000) 10/23 10:00:05 Image size of job updated: 3919992
	1114  -  MemoryUsage of job (MB)
	1140676  -  ResidentSetSize of job (KB)
...
001 (667.034.000) 10/23 10:58:23 Job executing on host: <192.168.240.32:56990>
...
006 (667.034.000) 10/23 11:08:38 Image size of job updated: 4000000
	1796  -  MemoryUsage of job (MB)
	1838368  -  ResidentSetSize of job (KB)
...
001 (667.034.000) 10/23 11:34:11 Job executing on host: <192.168.240.32:56990>
...
005 (667.034.000) 10/23 12:05:58 Job terminated.
	(1) Normal termination (return value 0)
		Usr 0 00:00:03, Sys 0 00:00:02  -  Run Remote Usage
		Usr 0 00:00:00, Sys 0 00:00:00  -  Run Local Usage
		Usr 0 00:00:03, Sys 0 00:00:02  -  Total Remote Usage
		Usr 0 00:00:00, Sys 0 00:00:00  -  Total Local Usage
	0  -  Run Bytes Sent By Job
	0  -  Run Bytes Received By Job
	0  -  Total Bytes Sent By Job
	0  -  Total Bytes Received By Job
	Partitionable Resources :    Usage  Request          
	   Cpus                 :                 1          
	   Disk (KB)            :        1        1          
	   Memory (MB)          :     1954     1954          
...
