000 (667.003.000) 10/23 08:33:07 Job submitted from host: <192.168.240.30:44151>
...
001 (667.003.000) 10/23 08:33:44 Job executing on host: <192.168.240.32:56990>
...
006 (667.003.000) 10/23 08:33:53 Image size of job updated: 127668
	2  -  MemoryUsage of job (MB)
	1932  -  ResidentSetSize of job (KB)
...
001 (667.003.000) 10/23 08:58:54 Job executing on host: <192.168.240.32:56990>
...
006 (667.003.000) 10/23 08:59:02 Image size of job updated: 2222084
	2  -  MemoryUsage of job (MB)
	2000  -  ResidentSetSize of job (KB)
...
005 (667.003.000) 10/23 08:59:03 Job terminated.
	(1) Normal termination (return value 0)
		Usr 0 00:00:03, Sys 0 00:00:00  -  Run Remote Usage
		Usr 0 00:00:00, Sys 0 00:00:00  -  Run Local Usage
		Usr 0 00:00:03, Sys 0 00:00:00  -  Total Remote Usage
		Usr 0 00:00:00, Sys 0 00:00:00  -  Total Local Usage
	0  -  Run Bytes Sent By Job
	0  -  Run Bytes Received By Job
	0  -  Total Bytes Sent By Job
	0  -  Total Bytes Received By Job
	Partitionable Resources :    Usage  Request          
	   Cpus                 :                 1          
	   Disk (KB)            :        1        1          
	   Memory (MB)          :        2        2          
...
000 (035.003.000) 10/23 16:12:15 Job submitted from host: <192.168.240.32:39926>
...
001 (035.003.000) 10/23 16:12:15 Job executing on host: <192.168.240.30:38586>
...
006 (035.003.000) 10/23 16:12:24 Image size of job updated: 227696
	14  -  MemoryUsage of job (MB)
	13476  -  ResidentSetSize of job (KB)
...
006 (035.003.000) 10/23 16:17:25 Image size of job updated: 2362612
	1008  -  MemoryUsage of job (MB)
	1031724  -  ResidentSetSize of job (KB)
...
006 (035.003.000) 10/23 16:22:26 Image size of job updated: 2362612
	1675  -  MemoryUsage of job (MB)
	1714344  -  ResidentSetSize of job (KB)
...
005 (035.003.000) 10/23 16:26:18 Job terminated.
	(1) Normal termination (return value 0)
		Usr 0 00:00:04, Sys 0 00:00:00  -  Run Remote Usage
		Usr 0 00:00:00, Sys 0 00:00:00  -  Run Local Usage
		Usr 0 00:00:04, Sys 0 00:00:00  -  Total Remote Usage
		Usr 0 00:00:00, Sys 0 00:00:00  -  Total Local Usage
	0  -  Run Bytes Sent By Job
	0  -  Run Bytes Received By Job
	0  -  Total Bytes Sent By Job
	0  -  Total Bytes Received By Job
	Partitionable Resources :    Usage  Request          
	   Cpus                 :                 1          
	   Disk (KB)            :        1        1          
	   Memory (MB)          :     1675     1675          
...
