000 (667.033.000) 10/23 08:33:07 Job submitted from host: <192.168.240.30:44151>
...
001 (667.033.000) 10/23 09:05:34 Job executing on host: <192.168.240.31:38437>
...
006 (667.033.000) 10/23 09:05:47 Image size of job updated: 127668
	2  -  MemoryUsage of job (MB)
	1936  -  ResidentSetSize of job (KB)
...
006 (667.033.000) 10/23 09:10:47 Image size of job updated: 3919984
	108  -  MemoryUsage of job (MB)
	109800  -  ResidentSetSize of job (KB)
...
006 (667.033.000) 10/23 09:15:47 Image size of job updated: 3919984
	199  -  MemoryUsage of job (MB)
	203644  -  ResidentSetSize of job (KB)
...
006 (667.033.000) 10/23 09:26:20 Image size of job updated: 3919984
	331  -  MemoryUsage of job (MB)
	338052  -  ResidentSetSize of job (KB)
...
006 (667.033.000) 10/23 09:50:29 Image size of job updated: 3919984
	675  -  MemoryUsage of job (MB)
	690396  -  ResidentSetSize of job (KB)
...
006 (667.033.000) 10/23 09:53:04 Image size of job updated: 3919984
	867  -  MemoryUsage of job (MB)
	886968  -  ResidentSetSize of job (KB)
...
006 (667.033.000) 10/23 10:00:20 Image size of job updated: 3919984
	974  -  MemoryUsage of job (MB)
	996416  -  ResidentSetSize of job (KB)
...
006 (667.033.000) 10/23 10:14:49 Image size of job updated: 3919984
	1019  -  MemoryUsage of job (MB)
	1043228  -  ResidentSetSize of job (KB)
...
001 (667.033.000) 10/23 10:58:20 Job executing on host: <192.168.240.32:56990>
...
006 (667.033.000) 10/23 11:08:32 Image size of job updated: 4000000
	1833  -  MemoryUsage of job (MB)
	1876316  -  ResidentSetSize of job (KB)
...
001 (667.033.000) 10/23 11:33:59 Job executing on host: <192.168.240.32:56990>
...
005 (667.033.000) 10/23 12:05:47 Job terminated.
	(1) Normal termination (return value 0)
		Usr 0 00:00:03, Sys 0 00:00:02  -  Run Remote Usage
		Usr 0 00:00:00, Sys 0 00:00:00  -  Run Local Usage
		Usr 0 00:00:03, Sys 0 00:00:02  -  Total Remote Usage
		Usr 0 00:00:00, Sys 0 00:00:00  -  Total Local Usage
	0  -  Run Bytes Sent By Job
	0  -  Run Bytes Received By Job
	0  -  Total Bytes Sent By Job
	0  -  Total Bytes Received By Job
	Partitionable Resources :    Usage  Request          
	   Cpus                 :                 1          
	   Disk (KB)            :        1        1          
	   Memory (MB)          :     1954     1954          
...
