000 (667.039.000) 10/23 08:33:07 Job submitted from host: <192.168.240.30:44151>
...
001 (667.039.000) 10/23 09:05:24 Job executing on host: <192.168.240.31:38437>
...
006 (667.039.000) 10/23 09:05:37 Image size of job updated: 191544
	2  -  MemoryUsage of job (MB)
	2020  -  ResidentSetSize of job (KB)
...
006 (667.039.000) 10/23 09:10:38 Image size of job updated: 2919360
	183  -  MemoryUsage of job (MB)
	186792  -  ResidentSetSize of job (KB)
...
006 (667.039.000) 10/23 09:15:39 Image size of job updated: 2919360
	273  -  MemoryUsage of job (MB)
	279200  -  ResidentSetSize of job (KB)
...
006 (667.039.000) 10/23 09:26:13 Image size of job updated: 2919360
	402  -  MemoryUsage of job (MB)
	410972  -  ResidentSetSize of job (KB)
...
006 (667.039.000) 10/23 09:50:22 Image size of job updated: 2919360
	753  -  MemoryUsage of job (MB)
	770520  -  ResidentSetSize of job (KB)
...
006 (667.039.000) 10/23 09:52:56 Image size of job updated: 2919360
	945  -  MemoryUsage of job (MB)
	967096  -  ResidentSetSize of job (KB)
...
006 (667.039.000) 10/23 10:00:12 Image size of job updated: 2919360
	1048  -  MemoryUsage of job (MB)
	1072464  -  ResidentSetSize of job (KB)
...
006 (667.039.000) 10/23 10:14:43 Image size of job updated: 2919360
	1060  -  MemoryUsage of job (MB)
	1084660  -  ResidentSetSize of job (KB)
...
001 (667.039.000) 10/23 12:06:34 Job executing on host: <192.168.240.32:56990>
...
006 (667.039.000) 10/23 12:16:48 Image size of job updated: 3000000
	1663  -  MemoryUsage of job (MB)
	1702036  -  ResidentSetSize of job (KB)
...
001 (667.039.000) 10/23 12:42:05 Job executing on host: <192.168.240.32:56990>
...
006 (667.039.000) 10/23 12:52:13 Image size of job updated: 3000000
	2202  -  MemoryUsage of job (MB)
	2254588  -  ResidentSetSize of job (KB)
...
005 (667.039.000) 10/23 12:52:39 Job terminated.
	(1) Normal termination (return value 0)
		Usr 0 00:00:02, Sys 0 00:00:02  -  Run Remote Usage
		Usr 0 00:00:00, Sys 0 00:00:00  -  Run Local Usage
		Usr 0 00:00:02, Sys 0 00:00:02  -  Total Remote Usage
		Usr 0 00:00:00, Sys 0 00:00:00  -  Total Local Usage
	0  -  Run Bytes Sent By Job
	0  -  Run Bytes Received By Job
	0  -  Total Bytes Sent By Job
	0  -  Total Bytes Received By Job
	Partitionable Resources :    Usage  Request          
	   Cpus                 :                 1          
	   Disk (KB)            :        1        1          
	   Memory (MB)          :     2202     2202          
...
