000 (667.032.000) 10/23 08:33:07 Job submitted from host: <192.168.240.30:44151>
...
001 (667.032.000) 10/23 09:05:15 Job executing on host: <192.168.240.31:38437>
...
006 (667.032.000) 10/23 09:05:28 Image size of job updated: 191544
	2  -  MemoryUsage of job (MB)
	2024  -  ResidentSetSize of job (KB)
...
006 (667.032.000) 10/23 09:10:28 Image size of job updated: 3919992
	255  -  MemoryUsage of job (MB)
	260776  -  ResidentSetSize of job (KB)
...
006 (667.032.000) 10/23 09:15:29 Image size of job updated: 3919992
	347  -  MemoryUsage of job (MB)
	355104  -  ResidentSetSize of job (KB)
...
006 (667.032.000) 10/23 09:26:03 Image size of job updated: 3919992
	473  -  MemoryUsage of job (MB)
	483752  -  ResidentSetSize of job (KB)
...
006 (667.032.000) 10/23 09:52:12 Image size of job updated: 3919992
	824  -  MemoryUsage of job (MB)
	843296  -  ResidentSetSize of job (KB)
...
006 (667.032.000) 10/23 09:52:46 Image size of job updated: 3919992
	1020  -  MemoryUsage of job (MB)
	1043708  -  ResidentSetSize of job (KB)
...
006 (667.032.000) 10/23 10:00:02 Image size of job updated: 3919992
	1122  -  MemoryUsage of job (MB)
	1148836  -  ResidentSetSize of job (KB)
...
001 (667.032.000) 10/23 10:58:23 Job executing on host: <192.168.240.32:56990>
...
006 (667.032.000) 10/23 11:08:37 Image size of job updated: 4000000
	1804  -  MemoryUsage of job (MB)
	1847036  -  ResidentSetSize of job (KB)
...
001 (667.032.000) 10/23 11:34:07 Job executing on host: <192.168.240.32:56990>
...
005 (667.032.000) 10/23 12:05:54 Job terminated.
	(1) Normal termination (return value 0)
		Usr 0 00:00:03, Sys 0 00:00:03  -  Run Remote Usage
		Usr 0 00:00:00, Sys 0 00:00:00  -  Run Local Usage
		Usr 0 00:00:03, Sys 0 00:00:03  -  Total Remote Usage
		Usr 0 00:00:00, Sys 0 00:00:00  -  Total Local Usage
	0  -  Run Bytes Sent By Job
	0  -  Run Bytes Received By Job
	0  -  Total Bytes Sent By Job
	0  -  Total Bytes Received By Job
	Partitionable Resources :    Usage  Request          
	   Cpus                 :                 1          
	   Disk (KB)            :        1        1          
	   Memory (MB)          :     1954     1954          
...
