000 (667.047.000) 10/23 08:33:07 Job submitted from host: <192.168.240.30:44151>
...
001 (667.047.000) 10/23 09:05:37 Job executing on host: <192.168.240.31:38437>
...
006 (667.047.000) 10/23 09:05:52 Image size of job updated: 102060
	2  -  MemoryUsage of job (MB)
	1112  -  ResidentSetSize of job (KB)
...
006 (667.047.000) 10/23 09:10:53 Image size of job updated: 2745384
	95  -  MemoryUsage of job (MB)
	96560  -  ResidentSetSize of job (KB)
...
006 (667.047.000) 10/23 09:15:53 Image size of job updated: 2745384
	185  -  MemoryUsage of job (MB)
	189416  -  ResidentSetSize of job (KB)
...
006 (667.047.000) 10/23 09:26:25 Image size of job updated: 2745384
	317  -  MemoryUsage of job (MB)
	323588  -  ResidentSetSize of job (KB)
...
006 (667.047.000) 10/23 09:50:34 Image size of job updated: 2745384
	660  -  MemoryUsage of job (MB)
	675696  -  ResidentSetSize of job (KB)
...
006 (667.047.000) 10/23 09:53:09 Image size of job updated: 2745384
	855  -  MemoryUsage of job (MB)
	874912  -  ResidentSetSize of job (KB)
...
006 (667.047.000) 10/23 10:00:25 Image size of job updated: 2745384
	959  -  MemoryUsage of job (MB)
	981480  -  ResidentSetSize of job (KB)
...
006 (667.047.000) 10/23 10:14:54 Image size of job updated: 2745384
	1006  -  MemoryUsage of job (MB)
	1029444  -  ResidentSetSize of job (KB)
...
006 (667.047.000) 10/23 10:14:57 Image size of job updated: 2745384
	1008  -  MemoryUsage of job (MB)
	1031364  -  ResidentSetSize of job (KB)
...
006 (667.047.000) 10/23 10:30:08 Image size of job updated: 2745384
	1021  -  MemoryUsage of job (MB)
	1045136  -  ResidentSetSize of job (KB)
...
001 (667.047.000) 10/23 14:03:11 Job executing on host: <192.168.240.32:56990>
...
006 (667.047.000) 10/23 14:13:22 Image size of job updated: 2750000
	1617  -  MemoryUsage of job (MB)
	1655280  -  ResidentSetSize of job (KB)
...
005 (667.047.000) 10/23 14:17:46 Job terminated.
	(1) Normal termination (return value 0)
		Usr 0 00:00:03, Sys 0 00:00:01  -  Run Remote Usage
		Usr 0 00:00:00, Sys 0 00:00:00  -  Run Local Usage
		Usr 0 00:00:03, Sys 0 00:00:01  -  Total Remote Usage
		Usr 0 00:00:00, Sys 0 00:00:00  -  Total Local Usage
	0  -  Run Bytes Sent By Job
	0  -  Run Bytes Received By Job
	0  -  Total Bytes Sent By Job
	0  -  Total Bytes Received By Job
	Partitionable Resources :    Usage  Request          
	   Cpus                 :                 1          
	   Disk (KB)            :        1        1          
	   Memory (MB)          :     1617     1617          
...
