000 (667.049.000) 10/23 08:33:07 Job submitted from host: <192.168.240.30:44151>
...
001 (667.049.000) 10/23 09:05:44 Job executing on host: <192.168.240.31:38437>
...
006 (667.049.000) 10/23 09:05:58 Image size of job updated: 102060
	4  -  MemoryUsage of job (MB)
	3224  -  ResidentSetSize of job (KB)
...
006 (667.049.000) 10/23 09:10:58 Image size of job updated: 3439644
	62  -  MemoryUsage of job (MB)
	62968  -  ResidentSetSize of job (KB)
...
006 (667.049.000) 10/23 09:15:59 Image size of job updated: 3439644
	152  -  MemoryUsage of job (MB)
	155132  -  ResidentSetSize of job (KB)
...
006 (667.049.000) 10/23 09:24:33 Image size of job updated: 3439644
	283  -  MemoryUsage of job (MB)
	289304  -  ResidentSetSize of job (KB)
...
006 (667.049.000) 10/23 09:35:31 Image size of job updated: 3439644
	537  -  MemoryUsage of job (MB)
	549512  -  ResidentSetSize of job (KB)
...
006 (667.049.000) 10/23 09:51:50 Image size of job updated: 3439644
	696  -  MemoryUsage of job (MB)
	712212  -  ResidentSetSize of job (KB)
...
001 (667.049.000) 10/23 10:18:07 Job executing on host: <192.168.240.31:38437>
...
006 (667.049.000) 10/23 10:59:07 Image size of job updated: 3500000
	1298  -  MemoryUsage of job (MB)
	1329064  -  ResidentSetSize of job (KB)
...
001 (667.049.000) 10/23 14:17:08 Job executing on host: <192.168.240.32:56990>
...
001 (667.049.000) 10/23 14:42:30 Job executing on host: <192.168.240.32:56990>
...
001 (667.049.000) 10/23 15:06:52 Job executing on host: <192.168.240.32:56990>
...
001 (667.049.000) 10/23 15:33:48 Job executing on host: <192.168.240.32:56990>
...
009 (667.049.000) 10/23 16:56:53 Job was aborted by the user.
	via condor_rm (by user michaeljames.andric)
...
