000 (667.004.000) 10/23 08:33:07 Job submitted from host: <192.168.240.30:44151>
...
001 (667.004.000) 10/23 08:33:13 Job executing on host: <192.168.240.30:38586>
...
006 (667.004.000) 10/23 08:33:22 Image size of job updated: 278680
	36  -  MemoryUsage of job (MB)
	36504  -  ResidentSetSize of job (KB)
...
006 (667.004.000) 10/23 08:38:23 Image size of job updated: 2963540
	222  -  MemoryUsage of job (MB)
	227000  -  ResidentSetSize of job (KB)
...
006 (667.004.000) 10/23 08:43:24 Image size of job updated: 2963540
	362  -  MemoryUsage of job (MB)
	370288  -  ResidentSetSize of job (KB)
...
006 (667.004.000) 10/23 08:48:25 Image size of job updated: 2963540
	502  -  MemoryUsage of job (MB)
	513340  -  ResidentSetSize of job (KB)
...
006 (667.004.000) 10/23 08:53:26 Image size of job updated: 2963540
	642  -  MemoryUsage of job (MB)
	656872  -  ResidentSetSize of job (KB)
...
006 (667.004.000) 10/23 08:58:26 Image size of job updated: 2963540
	755  -  MemoryUsage of job (MB)
	772560  -  ResidentSetSize of job (KB)
...
006 (667.004.000) 10/23 09:03:26 Image size of job updated: 2963540
	895  -  MemoryUsage of job (MB)
	916092  -  ResidentSetSize of job (KB)
...
006 (667.004.000) 10/23 09:08:26 Image size of job updated: 2963540
	1005  -  MemoryUsage of job (MB)
	1028660  -  ResidentSetSize of job (KB)
...
006 (667.004.000) 10/23 09:13:26 Image size of job updated: 2963540
	1076  -  MemoryUsage of job (MB)
	1101144  -  ResidentSetSize of job (KB)
...
005 (667.004.000) 10/23 11:25:01 Job terminated.
	(1) Normal termination (return value 0)
		Usr 0 00:00:05, Sys 0 00:00:02  -  Run Remote Usage
		Usr 0 00:00:00, Sys 0 00:00:00  -  Run Local Usage
		Usr 0 00:00:05, Sys 0 00:00:02  -  Total Remote Usage
		Usr 0 00:00:00, Sys 0 00:00:00  -  Total Local Usage
	0  -  Run Bytes Sent By Job
	0  -  Run Bytes Received By Job
	0  -  Total Bytes Sent By Job
	0  -  Total Bytes Received By Job
	Partitionable Resources :    Usage  Request          
	   Cpus                 :                 1          
	   Disk (KB)            :        1        1          
	   Memory (MB)          :     1076     1076          
...
000 (035.004.000) 10/23 16:12:15 Job submitted from host: <192.168.240.32:39926>
...
001 (035.004.000) 10/23 16:12:15 Job executing on host: <192.168.240.30:38586>
...
006 (035.004.000) 10/23 16:12:24 Image size of job updated: 94532
	3  -  MemoryUsage of job (MB)
	2112  -  ResidentSetSize of job (KB)
...
006 (035.004.000) 10/23 16:14:33 Image size of job updated: 3402752
	3  -  MemoryUsage of job (MB)
	2112  -  ResidentSetSize of job (KB)
...
005 (035.004.000) 10/23 16:14:33 Job terminated.
	(1) Normal termination (return value 0)
		Usr 0 00:00:04, Sys 0 00:00:00  -  Run Remote Usage
		Usr 0 00:00:00, Sys 0 00:00:00  -  Run Local Usage
		Usr 0 00:00:04, Sys 0 00:00:00  -  Total Remote Usage
		Usr 0 00:00:00, Sys 0 00:00:00  -  Total Local Usage
	0  -  Run Bytes Sent By Job
	0  -  Run Bytes Received By Job
	0  -  Total Bytes Sent By Job
	0  -  Total Bytes Received By Job
	Partitionable Resources :    Usage  Request          
	   Cpus                 :                 1          
	   Disk (KB)            :        1        1          
	   Memory (MB)          :        3        3          
...
