000 (667.040.000) 10/23 08:33:07 Job submitted from host: <192.168.240.30:44151>
...
001 (667.040.000) 10/23 09:05:31 Job executing on host: <192.168.240.31:38437>
...
006 (667.040.000) 10/23 09:05:44 Image size of job updated: 191544
	3  -  MemoryUsage of job (MB)
	2320  -  ResidentSetSize of job (KB)
...
006 (667.040.000) 10/23 09:10:44 Image size of job updated: 3504640
	130  -  MemoryUsage of job (MB)
	132352  -  ResidentSetSize of job (KB)
...
006 (667.040.000) 10/23 09:15:44 Image size of job updated: 3504640
	219  -  MemoryUsage of job (MB)
	223556  -  ResidentSetSize of job (KB)
...
006 (667.040.000) 10/23 09:26:17 Image size of job updated: 3504640
	349  -  MemoryUsage of job (MB)
	356768  -  ResidentSetSize of job (KB)
...
006 (667.040.000) 10/23 09:50:26 Image size of job updated: 3504640
	700  -  MemoryUsage of job (MB)
	716552  -  ResidentSetSize of job (KB)
...
006 (667.040.000) 10/23 09:53:00 Image size of job updated: 3504640
	892  -  MemoryUsage of job (MB)
	912884  -  ResidentSetSize of job (KB)
...
006 (667.040.000) 10/23 10:00:16 Image size of job updated: 3504640
	995  -  MemoryUsage of job (MB)
	1018252  -  ResidentSetSize of job (KB)
...
006 (667.040.000) 10/23 10:14:45 Image size of job updated: 3504640
	1044  -  MemoryUsage of job (MB)
	1068888  -  ResidentSetSize of job (KB)
...
001 (667.040.000) 10/23 12:52:41 Job executing on host: <192.168.240.32:56990>
...
001 (667.040.000) 10/23 13:22:07 Job executing on host: <192.168.240.32:56990>
...
001 (667.040.000) 10/23 13:47:10 Job executing on host: <192.168.240.32:56990>
...
006 (667.040.000) 10/23 13:57:18 Image size of job updated: 3750000
	2195  -  MemoryUsage of job (MB)
	2247360  -  ResidentSetSize of job (KB)
...
005 (667.040.000) 10/23 14:02:30 Job terminated.
	(1) Normal termination (return value 0)
		Usr 0 00:00:05, Sys 0 00:00:02  -  Run Remote Usage
		Usr 0 00:00:00, Sys 0 00:00:00  -  Run Local Usage
		Usr 0 00:00:05, Sys 0 00:00:02  -  Total Remote Usage
		Usr 0 00:00:00, Sys 0 00:00:00  -  Total Local Usage
	0  -  Run Bytes Sent By Job
	0  -  Run Bytes Received By Job
	0  -  Total Bytes Sent By Job
	0  -  Total Bytes Received By Job
	Partitionable Resources :    Usage  Request          
	   Cpus                 :                 1          
	   Disk (KB)            :        1        1          
	   Memory (MB)          :     2195     2195          
...
