000 (667.045.000) 10/23 08:33:07 Job submitted from host: <192.168.240.30:44151>
...
001 (667.045.000) 10/23 09:05:42 Job executing on host: <192.168.240.31:38437>
...
006 (667.045.000) 10/23 09:05:58 Image size of job updated: 102060
	4  -  MemoryUsage of job (MB)
	3260  -  ResidentSetSize of job (KB)
...
006 (667.045.000) 10/23 09:10:59 Image size of job updated: 2745384
	63  -  MemoryUsage of job (MB)
	63656  -  ResidentSetSize of job (KB)
...
006 (667.045.000) 10/23 09:15:59 Image size of job updated: 2745384
	153  -  MemoryUsage of job (MB)
	156064  -  ResidentSetSize of job (KB)
...
006 (667.045.000) 10/23 09:24:31 Image size of job updated: 2745384
	285  -  MemoryUsage of job (MB)
	291196  -  ResidentSetSize of job (KB)
...
006 (667.045.000) 10/23 09:35:30 Image size of job updated: 2745384
	539  -  MemoryUsage of job (MB)
	551616  -  ResidentSetSize of job (KB)
...
006 (667.045.000) 10/23 09:51:50 Image size of job updated: 2745384
	698  -  MemoryUsage of job (MB)
	714108  -  ResidentSetSize of job (KB)
...
001 (667.045.000) 10/23 10:18:14 Job executing on host: <192.168.240.31:38437>
...
006 (667.045.000) 10/23 10:59:07 Image size of job updated: 2750000
	1293  -  MemoryUsage of job (MB)
	1323212  -  ResidentSetSize of job (KB)
...
001 (667.045.000) 10/23 14:02:53 Job executing on host: <192.168.240.32:56990>
...
006 (667.045.000) 10/23 14:13:04 Image size of job updated: 2750000
	1725  -  MemoryUsage of job (MB)
	1765396  -  ResidentSetSize of job (KB)
...
005 (667.045.000) 10/23 14:17:08 Job terminated.
	(1) Normal termination (return value 0)
		Usr 0 00:00:03, Sys 0 00:00:01  -  Run Remote Usage
		Usr 0 00:00:00, Sys 0 00:00:00  -  Run Local Usage
		Usr 0 00:00:03, Sys 0 00:00:01  -  Total Remote Usage
		Usr 0 00:00:00, Sys 0 00:00:00  -  Total Local Usage
	0  -  Run Bytes Sent By Job
	0  -  Run Bytes Received By Job
	0  -  Total Bytes Sent By Job
	0  -  Total Bytes Received By Job
	Partitionable Resources :    Usage  Request          
	   Cpus                 :                 1          
	   Disk (KB)            :        1        1          
	   Memory (MB)          :     1725     1725          
...
