000 (667.044.000) 10/23 08:33:07 Job submitted from host: <192.168.240.30:44151>
...
001 (667.044.000) 10/23 09:05:44 Job executing on host: <192.168.240.31:38437>
...
006 (667.044.000) 10/23 09:05:59 Image size of job updated: 1
	3  -  MemoryUsage of job (MB)
	3072  -  ResidentSetSize of job (KB)
...
006 (667.044.000) 10/23 09:10:59 Image size of job updated: 2745384
	59  -  MemoryUsage of job (MB)
	60052  -  ResidentSetSize of job (KB)
...
006 (667.044.000) 10/23 09:16:00 Image size of job updated: 2745384
	150  -  MemoryUsage of job (MB)
	152796  -  ResidentSetSize of job (KB)
...
006 (667.044.000) 10/23 09:24:34 Image size of job updated: 2745384
	283  -  MemoryUsage of job (MB)
	288792  -  ResidentSetSize of job (KB)
...
006 (667.044.000) 10/23 09:35:32 Image size of job updated: 2745384
	536  -  MemoryUsage of job (MB)
	548252  -  ResidentSetSize of job (KB)
...
006 (667.044.000) 10/23 09:51:51 Image size of job updated: 2745384
	695  -  MemoryUsage of job (MB)
	710744  -  ResidentSetSize of job (KB)
...
001 (667.044.000) 10/23 10:18:00 Job executing on host: <192.168.240.31:38437>
...
006 (667.044.000) 10/23 10:59:01 Image size of job updated: 2750000
	1282  -  MemoryUsage of job (MB)
	1311992  -  ResidentSetSize of job (KB)
...
001 (667.044.000) 10/23 14:02:28 Job executing on host: <192.168.240.32:56990>
...
006 (667.044.000) 10/23 14:13:01 Image size of job updated: 2750000
	1730  -  MemoryUsage of job (MB)
	1770560  -  ResidentSetSize of job (KB)
...
005 (667.044.000) 10/23 14:17:07 Job terminated.
	(1) Normal termination (return value 0)
		Usr 0 00:00:03, Sys 0 00:00:01  -  Run Remote Usage
		Usr 0 00:00:00, Sys 0 00:00:00  -  Run Local Usage
		Usr 0 00:00:03, Sys 0 00:00:01  -  Total Remote Usage
		Usr 0 00:00:00, Sys 0 00:00:00  -  Total Local Usage
	0  -  Run Bytes Sent By Job
	0  -  Run Bytes Received By Job
	0  -  Total Bytes Sent By Job
	0  -  Total Bytes Received By Job
	Partitionable Resources :    Usage  Request          
	   Cpus                 :                 1          
	   Disk (KB)            :        1        1          
	   Memory (MB)          :     1730     1730          
...
