000 (667.041.000) 10/23 08:33:07 Job submitted from host: <192.168.240.30:44151>
...
001 (667.041.000) 10/23 09:05:37 Job executing on host: <192.168.240.31:38437>
...
006 (667.041.000) 10/23 09:05:52 Image size of job updated: 102056
	2  -  MemoryUsage of job (MB)
	1104  -  ResidentSetSize of job (KB)
...
006 (667.041.000) 10/23 09:10:53 Image size of job updated: 3504640
	92  -  MemoryUsage of job (MB)
	93224  -  ResidentSetSize of job (KB)
...
006 (667.041.000) 10/23 09:15:54 Image size of job updated: 3504640
	182  -  MemoryUsage of job (MB)
	186352  -  ResidentSetSize of job (KB)
...
006 (667.041.000) 10/23 09:24:28 Image size of job updated: 3504640
	313  -  MemoryUsage of job (MB)
	320280  -  ResidentSetSize of job (KB)
...
006 (667.041.000) 10/23 09:35:42 Image size of job updated: 3504640
	570  -  MemoryUsage of job (MB)
	582856  -  ResidentSetSize of job (KB)
...
006 (667.041.000) 10/23 09:52:12 Image size of job updated: 3504640
	728  -  MemoryUsage of job (MB)
	745108  -  ResidentSetSize of job (KB)
...
001 (667.041.000) 10/23 10:18:12 Job executing on host: <192.168.240.31:38437>
...
006 (667.041.000) 10/23 10:59:10 Image size of job updated: 3750000
	1289  -  MemoryUsage of job (MB)
	1318988  -  ResidentSetSize of job (KB)
...
001 (667.041.000) 10/23 12:53:20 Job executing on host: <192.168.240.32:56990>
...
001 (667.041.000) 10/23 13:22:07 Job executing on host: <192.168.240.32:56990>
...
001 (667.041.000) 10/23 13:47:10 Job executing on host: <192.168.240.32:56990>
...
006 (667.041.000) 10/23 13:57:18 Image size of job updated: 3750000
	2205  -  MemoryUsage of job (MB)
	2257512  -  ResidentSetSize of job (KB)
...
005 (667.041.000) 10/23 14:01:07 Job terminated.
	(1) Normal termination (return value 0)
		Usr 0 00:00:04, Sys 0 00:00:01  -  Run Remote Usage
		Usr 0 00:00:00, Sys 0 00:00:00  -  Run Local Usage
		Usr 0 00:00:04, Sys 0 00:00:01  -  Total Remote Usage
		Usr 0 00:00:00, Sys 0 00:00:00  -  Total Local Usage
	0  -  Run Bytes Sent By Job
	0  -  Run Bytes Received By Job
	0  -  Total Bytes Sent By Job
	0  -  Total Bytes Received By Job
	Partitionable Resources :    Usage  Request          
	   Cpus                 :                 1          
	   Disk (KB)            :        1        1          
	   Memory (MB)          :     2205     2205          
...
