000 (667.043.000) 10/23 08:33:07 Job submitted from host: <192.168.240.30:44151>
...
001 (667.043.000) 10/23 09:05:39 Job executing on host: <192.168.240.31:38437>
...
006 (667.043.000) 10/23 09:05:54 Image size of job updated: 102060
	1  -  MemoryUsage of job (MB)
	968  -  ResidentSetSize of job (KB)
...
006 (667.043.000) 10/23 09:10:55 Image size of job updated: 3504640
	64  -  MemoryUsage of job (MB)
	65136  -  ResidentSetSize of job (KB)
...
006 (667.043.000) 10/23 09:15:55 Image size of job updated: 3504640
	153  -  MemoryUsage of job (MB)
	156584  -  ResidentSetSize of job (KB)
...
006 (667.043.000) 10/23 09:26:27 Image size of job updated: 3504640
	285  -  MemoryUsage of job (MB)
	290992  -  ResidentSetSize of job (KB)
...
006 (667.043.000) 10/23 09:50:36 Image size of job updated: 3504640
	636  -  MemoryUsage of job (MB)
	650780  -  ResidentSetSize of job (KB)
...
006 (667.043.000) 10/23 09:53:11 Image size of job updated: 3504640
	824  -  MemoryUsage of job (MB)
	842792  -  ResidentSetSize of job (KB)
...
006 (667.043.000) 10/23 10:00:27 Image size of job updated: 3504640
	928  -  MemoryUsage of job (MB)
	949360  -  ResidentSetSize of job (KB)
...
006 (667.043.000) 10/23 10:14:56 Image size of job updated: 3504640
	996  -  MemoryUsage of job (MB)
	1019436  -  ResidentSetSize of job (KB)
...
006 (667.043.000) 10/23 10:14:59 Image size of job updated: 3504640
	998  -  MemoryUsage of job (MB)
	1021724  -  ResidentSetSize of job (KB)
...
006 (667.043.000) 10/23 10:30:10 Image size of job updated: 3504640
	1017  -  MemoryUsage of job (MB)
	1040932  -  ResidentSetSize of job (KB)
...
001 (667.043.000) 10/23 12:56:35 Job executing on host: <192.168.240.32:56990>
...
001 (667.043.000) 10/23 13:22:07 Job executing on host: <192.168.240.32:56990>
...
001 (667.043.000) 10/23 13:47:10 Job executing on host: <192.168.240.32:56990>
...
006 (667.043.000) 10/23 13:57:18 Image size of job updated: 3750000
	1610  -  MemoryUsage of job (MB)
	1648456  -  ResidentSetSize of job (KB)
...
006 (667.043.000) 10/23 14:02:18 Image size of job updated: 3750000
	2123  -  MemoryUsage of job (MB)
	2173452  -  ResidentSetSize of job (KB)
...
005 (667.043.000) 10/23 14:03:09 Job terminated.
	(1) Normal termination (return value 0)
		Usr 0 00:00:04, Sys 0 00:00:02  -  Run Remote Usage
		Usr 0 00:00:00, Sys 0 00:00:00  -  Run Local Usage
		Usr 0 00:00:04, Sys 0 00:00:02  -  Total Remote Usage
		Usr 0 00:00:00, Sys 0 00:00:00  -  Total Local Usage
	0  -  Run Bytes Sent By Job
	0  -  Run Bytes Received By Job
	0  -  Total Bytes Sent By Job
	0  -  Total Bytes Received By Job
	Partitionable Resources :    Usage  Request          
	   Cpus                 :                 1          
	   Disk (KB)            :        1        1          
	   Memory (MB)          :     2123     2123          
...
