000 (667.042.000) 10/23 08:33:07 Job submitted from host: <192.168.240.30:44151>
...
001 (667.042.000) 10/23 09:05:36 Job executing on host: <192.168.240.31:38437>
...
006 (667.042.000) 10/23 09:05:49 Image size of job updated: 191544
	3  -  MemoryUsage of job (MB)
	2768  -  ResidentSetSize of job (KB)
...
006 (667.042.000) 10/23 09:10:50 Image size of job updated: 3504640
	97  -  MemoryUsage of job (MB)
	98500  -  ResidentSetSize of job (KB)
...
006 (667.042.000) 10/23 09:15:51 Image size of job updated: 3504640
	189  -  MemoryUsage of job (MB)
	192828  -  ResidentSetSize of job (KB)
...
006 (667.042.000) 10/23 09:26:25 Image size of job updated: 3504640
	320  -  MemoryUsage of job (MB)
	327476  -  ResidentSetSize of job (KB)
...
006 (667.042.000) 10/23 09:50:35 Image size of job updated: 3504640
	664  -  MemoryUsage of job (MB)
	679820  -  ResidentSetSize of job (KB)
...
006 (667.042.000) 10/23 09:53:10 Image size of job updated: 3504640
	859  -  MemoryUsage of job (MB)
	879276  -  ResidentSetSize of job (KB)
...
006 (667.042.000) 10/23 10:00:26 Image size of job updated: 3504640
	963  -  MemoryUsage of job (MB)
	985844  -  ResidentSetSize of job (KB)
...
006 (667.042.000) 10/23 10:29:58 Image size of job updated: 3504640
	1061  -  MemoryUsage of job (MB)
	1086140  -  ResidentSetSize of job (KB)
...
001 (667.042.000) 10/23 12:56:36 Job executing on host: <192.168.240.32:56990>
...
001 (667.042.000) 10/23 13:22:07 Job executing on host: <192.168.240.32:56990>
...
001 (667.042.000) 10/23 13:47:10 Job executing on host: <192.168.240.32:56990>
...
006 (667.042.000) 10/23 13:57:18 Image size of job updated: 3750000
	1621  -  MemoryUsage of job (MB)
	1659212  -  ResidentSetSize of job (KB)
...
006 (667.042.000) 10/23 14:02:18 Image size of job updated: 3750000
	2121  -  MemoryUsage of job (MB)
	2171084  -  ResidentSetSize of job (KB)
...
005 (667.042.000) 10/23 14:02:53 Job terminated.
	(1) Normal termination (return value 0)
		Usr 0 00:00:04, Sys 0 00:00:02  -  Run Remote Usage
		Usr 0 00:00:00, Sys 0 00:00:00  -  Run Local Usage
		Usr 0 00:00:04, Sys 0 00:00:02  -  Total Remote Usage
		Usr 0 00:00:00, Sys 0 00:00:00  -  Total Local Usage
	0  -  Run Bytes Sent By Job
	0  -  Run Bytes Received By Job
	0  -  Total Bytes Sent By Job
	0  -  Total Bytes Received By Job
	Partitionable Resources :    Usage  Request          
	   Cpus                 :                 1          
	   Disk (KB)            :        1        1          
	   Memory (MB)          :     2121     2121          
...
