000 (667.048.000) 10/23 08:33:07 Job submitted from host: <192.168.240.30:44151>
...
001 (667.048.000) 10/23 09:05:38 Job executing on host: <192.168.240.31:38437>
...
006 (667.048.000) 10/23 09:05:52 Image size of job updated: 102064
	2  -  MemoryUsage of job (MB)
	1104  -  ResidentSetSize of job (KB)
...
006 (667.048.000) 10/23 09:10:52 Image size of job updated: 3439644
	90  -  MemoryUsage of job (MB)
	91292  -  ResidentSetSize of job (KB)
...
006 (667.048.000) 10/23 09:15:52 Image size of job updated: 3439644
	179  -  MemoryUsage of job (MB)
	182500  -  ResidentSetSize of job (KB)
...
006 (667.048.000) 10/23 09:26:24 Image size of job updated: 3439644
	311  -  MemoryUsage of job (MB)
	317996  -  ResidentSetSize of job (KB)
...
006 (667.048.000) 10/23 09:50:33 Image size of job updated: 3439644
	655  -  MemoryUsage of job (MB)
	670456  -  ResidentSetSize of job (KB)
...
006 (667.048.000) 10/23 09:53:08 Image size of job updated: 3439644
	850  -  MemoryUsage of job (MB)
	869908  -  ResidentSetSize of job (KB)
...
006 (667.048.000) 10/23 10:00:24 Image size of job updated: 3439644
	954  -  MemoryUsage of job (MB)
	976476  -  ResidentSetSize of job (KB)
...
006 (667.048.000) 10/23 10:14:53 Image size of job updated: 3439644
	1000  -  MemoryUsage of job (MB)
	1023872  -  ResidentSetSize of job (KB)
...
006 (667.048.000) 10/23 10:30:08 Image size of job updated: 3439644
	1015  -  MemoryUsage of job (MB)
	1038908  -  ResidentSetSize of job (KB)
...
001 (667.048.000) 10/23 14:17:08 Job executing on host: <192.168.240.32:56990>
...
001 (667.048.000) 10/23 14:42:30 Job executing on host: <192.168.240.32:56990>
...
001 (667.048.000) 10/23 15:06:52 Job executing on host: <192.168.240.32:56990>
...
001 (667.048.000) 10/23 15:33:48 Job executing on host: <192.168.240.32:56990>
...
009 (667.048.000) 10/23 16:56:53 Job was aborted by the user.
	via condor_rm (by user michaeljames.andric)
...
