000 (667.050.000) 10/23 08:33:07 Job submitted from host: <192.168.240.30:44151>
...
001 (667.050.000) 10/23 09:11:03 Job executing on host: <192.168.240.31:38437>
...
006 (667.050.000) 10/23 09:12:06 Image size of job updated: 102064
	1  -  MemoryUsage of job (MB)
	824  -  ResidentSetSize of job (KB)
...
006 (667.050.000) 10/23 09:17:07 Image size of job updated: 255400
	4  -  MemoryUsage of job (MB)
	3992  -  ResidentSetSize of job (KB)
...
006 (667.050.000) 10/23 09:25:41 Image size of job updated: 3439644
	117  -  MemoryUsage of job (MB)
	119376  -  ResidentSetSize of job (KB)
...
006 (667.050.000) 10/23 09:36:40 Image size of job updated: 3439644
	352  -  MemoryUsage of job (MB)
	360352  -  ResidentSetSize of job (KB)
...
006 (667.050.000) 10/23 09:51:02 Image size of job updated: 3439644
	508  -  MemoryUsage of job (MB)
	519964  -  ResidentSetSize of job (KB)
...
006 (667.050.000) 10/23 10:16:20 Image size of job updated: 3439644
	880  -  MemoryUsage of job (MB)
	900572  -  ResidentSetSize of job (KB)
...
006 (667.050.000) 10/23 10:26:01 Image size of job updated: 3439644
	986  -  MemoryUsage of job (MB)
	1009248  -  ResidentSetSize of job (KB)
...
001 (667.050.000) 10/23 14:17:08 Job executing on host: <192.168.240.32:56990>
...
001 (667.050.000) 10/23 14:42:30 Job executing on host: <192.168.240.32:56990>
...
001 (667.050.000) 10/23 15:06:52 Job executing on host: <192.168.240.32:56990>
...
001 (667.050.000) 10/23 15:33:48 Job executing on host: <192.168.240.32:56990>
...
009 (667.050.000) 10/23 16:56:53 Job was aborted by the user.
	via condor_rm (by user michaeljames.andric)
...
