000 (667.059.000) 10/23 08:33:08 Job submitted from host: <192.168.240.30:44151>
...
001 (667.059.000) 10/23 09:27:34 Job executing on host: <192.168.240.32:56990>
...
006 (667.059.000) 10/23 09:27:47 Image size of job updated: 362680
	39  -  MemoryUsage of job (MB)
	39904  -  ResidentSetSize of job (KB)
...
006 (667.059.000) 10/23 09:32:48 Image size of job updated: 2642336
	866  -  MemoryUsage of job (MB)
	886204  -  ResidentSetSize of job (KB)
...
006 (667.059.000) 10/23 09:37:48 Image size of job updated: 2642336
	1704  -  MemoryUsage of job (MB)
	1744516  -  ResidentSetSize of job (KB)
...
001 (667.059.000) 10/23 10:09:18 Job executing on host: <192.168.240.32:56990>
...
006 (667.059.000) 10/23 10:14:33 Image size of job updated: 2750000
	1790  -  MemoryUsage of job (MB)
	1832572  -  ResidentSetSize of job (KB)
...
005 (667.059.000) 10/23 10:17:21 Job terminated.
	(1) Normal termination (return value 0)
		Usr 0 00:00:02, Sys 0 00:00:01  -  Run Remote Usage
		Usr 0 00:00:00, Sys 0 00:00:00  -  Run Local Usage
		Usr 0 00:00:02, Sys 0 00:00:01  -  Total Remote Usage
		Usr 0 00:00:00, Sys 0 00:00:00  -  Total Local Usage
	0  -  Run Bytes Sent By Job
	0  -  Run Bytes Received By Job
	0  -  Total Bytes Sent By Job
	0  -  Total Bytes Received By Job
	Partitionable Resources :    Usage  Request          
	   Cpus                 :                 1          
	   Disk (KB)            :        1        1          
	   Memory (MB)          :     1790     1790          
...
