000 (667.051.000) 10/23 08:33:07 Job submitted from host: <192.168.240.30:44151>
...
001 (667.051.000) 10/23 09:11:09 Job executing on host: <192.168.240.31:38437>
...
006 (667.051.000) 10/23 09:12:08 Image size of job updated: 102064
	1  -  MemoryUsage of job (MB)
	820  -  ResidentSetSize of job (KB)
...
006 (667.051.000) 10/23 09:17:09 Image size of job updated: 191544
	4  -  MemoryUsage of job (MB)
	3128  -  ResidentSetSize of job (KB)
...
006 (667.051.000) 10/23 09:25:43 Image size of job updated: 3439644
	106  -  MemoryUsage of job (MB)
	107620  -  ResidentSetSize of job (KB)
...
006 (667.051.000) 10/23 09:36:41 Image size of job updated: 3439644
	341  -  MemoryUsage of job (MB)
	348596  -  ResidentSetSize of job (KB)
...
006 (667.051.000) 10/23 09:51:03 Image size of job updated: 3439644
	496  -  MemoryUsage of job (MB)
	507488  -  ResidentSetSize of job (KB)
...
006 (667.051.000) 10/23 10:16:21 Image size of job updated: 3439644
	864  -  MemoryUsage of job (MB)
	883924  -  ResidentSetSize of job (KB)
...
006 (667.051.000) 10/23 10:26:02 Image size of job updated: 3439644
	974  -  MemoryUsage of job (MB)
	996804  -  ResidentSetSize of job (KB)
...
001 (667.051.000) 10/23 10:56:30 Job executing on host: <192.168.240.31:38437>
...
006 (667.051.000) 10/23 11:31:51 Image size of job updated: 3500000
	2587  -  MemoryUsage of job (MB)
	2648672  -  ResidentSetSize of job (KB)
...
005 (667.051.000) 10/23 11:35:47 Job terminated.
	(1) Normal termination (return value 0)
		Usr 0 00:00:06, Sys 0 00:00:02  -  Run Remote Usage
		Usr 0 00:00:00, Sys 0 00:00:00  -  Run Local Usage
		Usr 0 00:00:06, Sys 0 00:00:02  -  Total Remote Usage
		Usr 0 00:00:00, Sys 0 00:00:00  -  Total Local Usage
	0  -  Run Bytes Sent By Job
	0  -  Run Bytes Received By Job
	0  -  Total Bytes Sent By Job
	0  -  Total Bytes Received By Job
	Partitionable Resources :    Usage  Request          
	   Cpus                 :                 1          
	   Disk (KB)            :        1        1          
	   Memory (MB)          :     2587     2587          
...
