000 (667.052.000) 10/23 08:33:07 Job submitted from host: <192.168.240.30:44151>
...
001 (667.052.000) 10/23 09:11:13 Job executing on host: <192.168.240.31:38437>
...
006 (667.052.000) 10/23 09:12:11 Image size of job updated: 102060
	1  -  MemoryUsage of job (MB)
	824  -  ResidentSetSize of job (KB)
...
006 (667.052.000) 10/23 09:17:12 Image size of job updated: 255400
	4  -  MemoryUsage of job (MB)
	3992  -  ResidentSetSize of job (KB)
...
006 (667.052.000) 10/23 09:25:46 Image size of job updated: 2383144
	115  -  MemoryUsage of job (MB)
	116924  -  ResidentSetSize of job (KB)
...
006 (667.052.000) 10/23 09:36:45 Image size of job updated: 2383144
	350  -  MemoryUsage of job (MB)
	357904  -  ResidentSetSize of job (KB)
...
006 (667.052.000) 10/23 09:51:07 Image size of job updated: 2383144
	509  -  MemoryUsage of job (MB)
	521120  -  ResidentSetSize of job (KB)
...
006 (667.052.000) 10/23 10:16:25 Image size of job updated: 2383144
	881  -  MemoryUsage of job (MB)
	901416  -  ResidentSetSize of job (KB)
...
006 (667.052.000) 10/23 10:26:07 Image size of job updated: 2383144
	983  -  MemoryUsage of job (MB)
	1006576  -  ResidentSetSize of job (KB)
...
001 (667.052.000) 10/23 14:17:49 Job executing on host: <192.168.240.32:56990>
...
001 (667.052.000) 10/23 14:42:30 Job executing on host: <192.168.240.32:56990>
...
001 (667.052.000) 10/23 15:06:52 Job executing on host: <192.168.240.32:56990>
...
001 (667.052.000) 10/23 15:33:48 Job executing on host: <192.168.240.32:56990>
...
009 (667.052.000) 10/23 16:56:53 Job was aborted by the user.
	via condor_rm (by user michaeljames.andric)
...
