000 (667.054.000) 10/23 08:33:07 Job submitted from host: <192.168.240.30:44151>
...
001 (667.054.000) 10/23 09:11:36 Job executing on host: <192.168.240.31:38437>
...
006 (667.054.000) 10/23 09:12:37 Image size of job updated: 102056
	1  -  MemoryUsage of job (MB)
	824  -  ResidentSetSize of job (KB)
...
006 (667.054.000) 10/23 09:17:37 Image size of job updated: 255400
	4  -  MemoryUsage of job (MB)
	3976  -  ResidentSetSize of job (KB)
...
006 (667.054.000) 10/23 09:26:09 Image size of job updated: 2383136
	116  -  MemoryUsage of job (MB)
	118360  -  ResidentSetSize of job (KB)
...
006 (667.054.000) 10/23 09:37:08 Image size of job updated: 2383136
	345  -  MemoryUsage of job (MB)
	352620  -  ResidentSetSize of job (KB)
...
006 (667.054.000) 10/23 09:51:33 Image size of job updated: 2383136
	500  -  MemoryUsage of job (MB)
	511752  -  ResidentSetSize of job (KB)
...
006 (667.054.000) 10/23 10:14:52 Image size of job updated: 2383136
	871  -  MemoryUsage of job (MB)
	891264  -  ResidentSetSize of job (KB)
...
006 (667.054.000) 10/23 10:26:34 Image size of job updated: 2383136
	985  -  MemoryUsage of job (MB)
	1008020  -  ResidentSetSize of job (KB)
...
009 (667.054.000) 10/23 15:23:52 Job was aborted by the user.
	via condor_rm (by user michaeljames.andric)
...
