000 (667.055.000) 10/23 08:33:07 Job submitted from host: <192.168.240.30:44151>
...
001 (667.055.000) 10/23 09:11:20 Job executing on host: <192.168.240.31:38437>
...
006 (667.055.000) 10/23 09:12:15 Image size of job updated: 102056
	4  -  MemoryUsage of job (MB)
	3260  -  ResidentSetSize of job (KB)
...
006 (667.055.000) 10/23 09:17:15 Image size of job updated: 191544
	4  -  MemoryUsage of job (MB)
	3260  -  ResidentSetSize of job (KB)
...
006 (667.055.000) 10/23 09:25:48 Image size of job updated: 2383140
	110  -  MemoryUsage of job (MB)
	111640  -  ResidentSetSize of job (KB)
...
006 (667.055.000) 10/23 09:36:46 Image size of job updated: 2383140
	345  -  MemoryUsage of job (MB)
	352620  -  ResidentSetSize of job (KB)
...
006 (667.055.000) 10/23 09:51:06 Image size of job updated: 2383140
	504  -  MemoryUsage of job (MB)
	516072  -  ResidentSetSize of job (KB)
...
006 (667.055.000) 10/23 10:16:23 Image size of job updated: 2383140
	870  -  MemoryUsage of job (MB)
	890616  -  ResidentSetSize of job (KB)
...
006 (667.055.000) 10/23 10:26:05 Image size of job updated: 2383140
	976  -  MemoryUsage of job (MB)
	999300  -  ResidentSetSize of job (KB)
...
001 (667.055.000) 10/23 10:56:34 Job executing on host: <192.168.240.31:38437>
...
001 (667.055.000) 10/23 11:34:22 Job executing on host: <192.168.240.30:38586>
...
006 (667.055.000) 10/23 12:15:11 Image size of job updated: 2500000
	1381  -  MemoryUsage of job (MB)
	1413624  -  ResidentSetSize of job (KB)
...
006 (667.055.000) 10/23 12:20:11 Image size of job updated: 2500000
	1921  -  MemoryUsage of job (MB)
	1966424  -  ResidentSetSize of job (KB)
...
005 (667.055.000) 10/23 12:21:23 Job terminated.
	(1) Normal termination (return value 0)
		Usr 0 00:00:04, Sys 0 00:00:01  -  Run Remote Usage
		Usr 0 00:00:00, Sys 0 00:00:00  -  Run Local Usage
		Usr 0 00:00:04, Sys 0 00:00:01  -  Total Remote Usage
		Usr 0 00:00:00, Sys 0 00:00:00  -  Total Local Usage
	0  -  Run Bytes Sent By Job
	0  -  Run Bytes Received By Job
	0  -  Total Bytes Sent By Job
	0  -  Total Bytes Received By Job
	Partitionable Resources :    Usage  Request          
	   Cpus                 :                 1          
	   Disk (KB)            :        1        1          
	   Memory (MB)          :     1921     1921          
...
