000 (667.057.000) 10/23 08:33:07 Job submitted from host: <192.168.240.30:44151>
...
001 (667.057.000) 10/23 09:27:28 Job executing on host: <192.168.240.32:56990>
...
006 (667.057.000) 10/23 09:27:40 Image size of job updated: 2642332
	92  -  MemoryUsage of job (MB)
	93716  -  ResidentSetSize of job (KB)
...
006 (667.057.000) 10/23 09:32:40 Image size of job updated: 2642332
	961  -  MemoryUsage of job (MB)
	983356  -  ResidentSetSize of job (KB)
...
006 (667.057.000) 10/23 09:37:40 Image size of job updated: 2642332
	1794  -  MemoryUsage of job (MB)
	1836916  -  ResidentSetSize of job (KB)
...
001 (667.057.000) 10/23 10:09:10 Job executing on host: <192.168.240.32:56990>
...
005 (667.057.000) 10/23 10:17:20 Job terminated.
	(1) Normal termination (return value 0)
		Usr 0 00:00:02, Sys 0 00:00:02  -  Run Remote Usage
		Usr 0 00:00:00, Sys 0 00:00:00  -  Run Local Usage
		Usr 0 00:00:02, Sys 0 00:00:02  -  Total Remote Usage
		Usr 0 00:00:00, Sys 0 00:00:00  -  Total Local Usage
	0  -  Run Bytes Sent By Job
	0  -  Run Bytes Received By Job
	0  -  Total Bytes Sent By Job
	0  -  Total Bytes Received By Job
	Partitionable Resources :    Usage  Request          
	   Cpus                 :                 1          
	   Disk (KB)            :        1        1          
	   Memory (MB)          :     1954     1954          
...
