000 (667.056.000) 10/23 08:33:07 Job submitted from host: <192.168.240.30:44151>
...
001 (667.056.000) 10/23 09:27:31 Job executing on host: <192.168.240.32:56990>
...
006 (667.056.000) 10/23 09:27:44 Image size of job updated: 2642332
	42  -  MemoryUsage of job (MB)
	42524  -  ResidentSetSize of job (KB)
...
006 (667.056.000) 10/23 09:32:45 Image size of job updated: 2642332
	916  -  MemoryUsage of job (MB)
	937076  -  ResidentSetSize of job (KB)
...
006 (667.056.000) 10/23 09:37:46 Image size of job updated: 2642332
	1754  -  MemoryUsage of job (MB)
	1795484  -  ResidentSetSize of job (KB)
...
001 (667.056.000) 10/23 10:08:05 Job executing on host: <192.168.240.32:56990>
...
005 (667.056.000) 10/23 10:08:58 Job terminated.
	(1) Normal termination (return value 0)
		Usr 0 00:00:01, Sys 0 00:00:00  -  Run Remote Usage
		Usr 0 00:00:00, Sys 0 00:00:00  -  Run Local Usage
		Usr 0 00:00:01, Sys 0 00:00:00  -  Total Remote Usage
		Usr 0 00:00:00, Sys 0 00:00:00  -  Total Local Usage
	0  -  Run Bytes Sent By Job
	0  -  Run Bytes Received By Job
	0  -  Total Bytes Sent By Job
	0  -  Total Bytes Received By Job
	Partitionable Resources :    Usage  Request          
	   Cpus                 :                 1          
	   Disk (KB)            :        1        1          
	   Memory (MB)          :     1954     1954          
...
