000 (667.066.000) 10/23 08:33:08 Job submitted from host: <192.168.240.30:44151>
...
001 (667.066.000) 10/23 10:38:50 Job executing on host: <192.168.240.32:56990>
...
006 (667.066.000) 10/23 10:39:03 Image size of job updated: 1
	4  -  MemoryUsage of job (MB)
	3116  -  ResidentSetSize of job (KB)
...
006 (667.066.000) 10/23 10:44:04 Image size of job updated: 3597700
	977  -  MemoryUsage of job (MB)
	1000436  -  ResidentSetSize of job (KB)
...
006 (667.066.000) 10/23 10:49:04 Image size of job updated: 3597700
	1909  -  MemoryUsage of job (MB)
	1954008  -  ResidentSetSize of job (KB)
...
006 (667.066.000) 10/23 10:54:05 Image size of job updated: 3597700
	2300  -  MemoryUsage of job (MB)
	2354444  -  ResidentSetSize of job (KB)
...
005 (667.066.000) 10/23 10:56:50 Job terminated.
	(1) Normal termination (return value 0)
		Usr 0 00:00:04, Sys 0 00:00:02  -  Run Remote Usage
		Usr 0 00:00:00, Sys 0 00:00:00  -  Run Local Usage
		Usr 0 00:00:04, Sys 0 00:00:02  -  Total Remote Usage
		Usr 0 00:00:00, Sys 0 00:00:00  -  Total Local Usage
	0  -  Run Bytes Sent By Job
	0  -  Run Bytes Received By Job
	0  -  Total Bytes Sent By Job
	0  -  Total Bytes Received By Job
	Partitionable Resources :    Usage  Request          
	   Cpus                 :                 1          
	   Disk (KB)            :        1        1          
	   Memory (MB)          :     2300     2300          
...
