000 (667.061.000) 10/23 08:33:08 Job submitted from host: <192.168.240.30:44151>
...
001 (667.061.000) 10/23 10:18:16 Job executing on host: <192.168.240.32:56990>
...
006 (667.061.000) 10/23 10:18:29 Image size of job updated: 191548
	4  -  MemoryUsage of job (MB)
	3456  -  ResidentSetSize of job (KB)
...
006 (667.061.000) 10/23 10:23:29 Image size of job updated: 3010544
	1055  -  MemoryUsage of job (MB)
	1079904  -  ResidentSetSize of job (KB)
...
006 (667.061.000) 10/23 10:28:30 Image size of job updated: 3010544
	1946  -  MemoryUsage of job (MB)
	1992216  -  ResidentSetSize of job (KB)
...
005 (667.061.000) 10/23 10:32:58 Job terminated.
	(1) Normal termination (return value 0)
		Usr 0 00:00:03, Sys 0 00:00:02  -  Run Remote Usage
		Usr 0 00:00:00, Sys 0 00:00:00  -  Run Local Usage
		Usr 0 00:00:03, Sys 0 00:00:02  -  Total Remote Usage
		Usr 0 00:00:00, Sys 0 00:00:00  -  Total Local Usage
	0  -  Run Bytes Sent By Job
	0  -  Run Bytes Received By Job
	0  -  Total Bytes Sent By Job
	0  -  Total Bytes Received By Job
	Partitionable Resources :    Usage  Request          
	   Cpus                 :                 1          
	   Disk (KB)            :        1        1          
	   Memory (MB)          :     1946     1946          
...
