000 (667.063.000) 10/23 08:33:08 Job submitted from host: <192.168.240.30:44151>
...
001 (667.063.000) 10/23 10:18:46 Job executing on host: <192.168.240.32:56990>
...
006 (667.063.000) 10/23 10:19:00 Image size of job updated: 191544
	3  -  MemoryUsage of job (MB)
	2828  -  ResidentSetSize of job (KB)
...
006 (667.063.000) 10/23 10:24:00 Image size of job updated: 3010544
	949  -  MemoryUsage of job (MB)
	970940  -  ResidentSetSize of job (KB)
...
006 (667.063.000) 10/23 10:29:00 Image size of job updated: 3010544
	1805  -  MemoryUsage of job (MB)
	1848304  -  ResidentSetSize of job (KB)
...
005 (667.063.000) 10/23 10:33:56 Job terminated.
	(1) Normal termination (return value 0)
		Usr 0 00:00:03, Sys 0 00:00:01  -  Run Remote Usage
		Usr 0 00:00:00, Sys 0 00:00:00  -  Run Local Usage
		Usr 0 00:00:03, Sys 0 00:00:01  -  Total Remote Usage
		Usr 0 00:00:00, Sys 0 00:00:00  -  Total Local Usage
	0  -  Run Bytes Sent By Job
	0  -  Run Bytes Received By Job
	0  -  Total Bytes Sent By Job
	0  -  Total Bytes Received By Job
	Partitionable Resources :    Usage  Request          
	   Cpus                 :                 1          
	   Disk (KB)            :        1        1          
	   Memory (MB)          :     1805     1805          
...
