000 (667.006.000) 10/23 08:33:07 Job submitted from host: <192.168.240.30:44151>
...
001 (667.006.000) 10/23 08:33:13 Job executing on host: <192.168.240.30:38586>
...
006 (667.006.000) 10/23 08:33:22 Image size of job updated: 278676
	36  -  MemoryUsage of job (MB)
	36500  -  ResidentSetSize of job (KB)
...
006 (667.006.000) 10/23 08:38:23 Image size of job updated: 2963536
	201  -  MemoryUsage of job (MB)
	204912  -  ResidentSetSize of job (KB)
...
006 (667.006.000) 10/23 08:43:24 Image size of job updated: 2963536
	340  -  MemoryUsage of job (MB)
	347724  -  ResidentSetSize of job (KB)
...
006 (667.006.000) 10/23 08:48:25 Image size of job updated: 2963536
	480  -  MemoryUsage of job (MB)
	491256  -  ResidentSetSize of job (KB)
...
006 (667.006.000) 10/23 08:53:26 Image size of job updated: 2963536
	620  -  MemoryUsage of job (MB)
	634544  -  ResidentSetSize of job (KB)
...
006 (667.006.000) 10/23 08:58:27 Image size of job updated: 2963536
	733  -  MemoryUsage of job (MB)
	750236  -  ResidentSetSize of job (KB)
...
006 (667.006.000) 10/23 09:03:28 Image size of job updated: 2963536
	873  -  MemoryUsage of job (MB)
	893204  -  ResidentSetSize of job (KB)
...
006 (667.006.000) 10/23 09:08:29 Image size of job updated: 2963536
	982  -  MemoryUsage of job (MB)
	1005376  -  ResidentSetSize of job (KB)
...
006 (667.006.000) 10/23 09:13:30 Image size of job updated: 2963536
	1053  -  MemoryUsage of job (MB)
	1077380  -  ResidentSetSize of job (KB)
...
005 (667.006.000) 10/23 11:25:57 Job terminated.
	(1) Normal termination (return value 0)
		Usr 0 00:00:05, Sys 0 00:00:02  -  Run Remote Usage
		Usr 0 00:00:00, Sys 0 00:00:00  -  Run Local Usage
		Usr 0 00:00:05, Sys 0 00:00:02  -  Total Remote Usage
		Usr 0 00:00:00, Sys 0 00:00:00  -  Total Local Usage
	0  -  Run Bytes Sent By Job
	0  -  Run Bytes Received By Job
	0  -  Total Bytes Sent By Job
	0  -  Total Bytes Received By Job
	Partitionable Resources :    Usage  Request          
	   Cpus                 :                 1          
	   Disk (KB)            :        1        1          
	   Memory (MB)          :     1053     1053          
...
000 (035.006.000) 10/23 16:12:15 Job submitted from host: <192.168.240.32:39926>
...
001 (035.006.000) 10/23 16:12:15 Job executing on host: <192.168.240.30:38586>
...
006 (035.006.000) 10/23 16:12:24 Image size of job updated: 94528
	3  -  MemoryUsage of job (MB)
	2112  -  ResidentSetSize of job (KB)
...
006 (035.006.000) 10/23 16:14:22 Image size of job updated: 3402752
	3  -  MemoryUsage of job (MB)
	2112  -  ResidentSetSize of job (KB)
...
005 (035.006.000) 10/23 16:14:22 Job terminated.
	(1) Normal termination (return value 0)
		Usr 0 00:00:04, Sys 0 00:00:00  -  Run Remote Usage
		Usr 0 00:00:00, Sys 0 00:00:00  -  Run Local Usage
		Usr 0 00:00:04, Sys 0 00:00:00  -  Total Remote Usage
		Usr 0 00:00:00, Sys 0 00:00:00  -  Total Local Usage
	0  -  Run Bytes Sent By Job
	0  -  Run Bytes Received By Job
	0  -  Total Bytes Sent By Job
	0  -  Total Bytes Received By Job
	Partitionable Resources :    Usage  Request          
	   Cpus                 :                 1          
	   Disk (KB)            :        1        1          
	   Memory (MB)          :        3        3          
...
