000 (667.065.000) 10/23 08:33:08 Job submitted from host: <192.168.240.30:44151>
...
001 (667.065.000) 10/23 10:34:23 Job executing on host: <192.168.240.32:56990>
...
006 (667.065.000) 10/23 10:40:13 Image size of job updated: 1
	4  -  MemoryUsage of job (MB)
	3116  -  ResidentSetSize of job (KB)
...
006 (667.065.000) 10/23 10:47:19 Image size of job updated: 3597700
	4  -  MemoryUsage of job (MB)
	3116  -  ResidentSetSize of job (KB)
...
005 (667.065.000) 10/23 10:47:21 Job terminated.
	(1) Normal termination (return value 0)
		Usr 0 00:00:04, Sys 0 00:00:02  -  Run Remote Usage
		Usr 0 00:00:00, Sys 0 00:00:00  -  Run Local Usage
		Usr 0 00:00:04, Sys 0 00:00:02  -  Total Remote Usage
		Usr 0 00:00:00, Sys 0 00:00:00  -  Total Local Usage
	0  -  Run Bytes Sent By Job
	0  -  Run Bytes Received By Job
	0  -  Total Bytes Sent By Job
	0  -  Total Bytes Received By Job
	Partitionable Resources :    Usage  Request          
	   Cpus                 :                 1          
	   Disk (KB)            :        1        1          
	   Memory (MB)          :        4        4          
...
