000 (667.069.000) 10/23 08:33:08 Job submitted from host: <192.168.240.30:44151>
...
001 (667.069.000) 10/23 10:49:04 Job executing on host: <192.168.240.32:56990>
...
006 (667.069.000) 10/23 10:49:19 Image size of job updated: 102088
	4  -  MemoryUsage of job (MB)
	3192  -  ResidentSetSize of job (KB)
...
006 (667.069.000) 10/23 10:54:20 Image size of job updated: 3114180
	785  -  MemoryUsage of job (MB)
	802936  -  ResidentSetSize of job (KB)
...
006 (667.069.000) 10/23 10:59:21 Image size of job updated: 3114180
	2458  -  MemoryUsage of job (MB)
	2516184  -  ResidentSetSize of job (KB)
...
005 (667.069.000) 10/23 11:01:16 Job terminated.
	(1) Normal termination (return value 0)
		Usr 0 00:00:02, Sys 0 00:00:01  -  Run Remote Usage
		Usr 0 00:00:00, Sys 0 00:00:00  -  Run Local Usage
		Usr 0 00:00:02, Sys 0 00:00:01  -  Total Remote Usage
		Usr 0 00:00:00, Sys 0 00:00:00  -  Total Local Usage
	0  -  Run Bytes Sent By Job
	0  -  Run Bytes Received By Job
	0  -  Total Bytes Sent By Job
	0  -  Total Bytes Received By Job
	Partitionable Resources :    Usage  Request          
	   Cpus                 :                 1          
	   Disk (KB)            :        1        1          
	   Memory (MB)          :     2458     2458          
...
