000 (667.077.000) 10/23 08:33:08 Job submitted from host: <192.168.240.30:44151>
...
001 (667.077.000) 10/23 10:56:44 Job executing on host: <192.168.240.31:38437>
...
006 (667.077.000) 10/23 10:57:10 Image size of job updated: 102060
	1  -  MemoryUsage of job (MB)
	972  -  ResidentSetSize of job (KB)
...
006 (667.077.000) 10/23 11:02:10 Image size of job updated: 3058280
	82  -  MemoryUsage of job (MB)
	83352  -  ResidentSetSize of job (KB)
...
006 (667.077.000) 10/23 11:07:10 Image size of job updated: 3058280
	182  -  MemoryUsage of job (MB)
	186080  -  ResidentSetSize of job (KB)
...
001 (667.077.000) 10/23 11:33:58 Job executing on host: <192.168.240.31:38437>
...
006 (667.077.000) 10/23 11:39:14 Image size of job updated: 3250000
	781  -  MemoryUsage of job (MB)
	799572  -  ResidentSetSize of job (KB)
...
006 (667.077.000) 10/23 11:44:15 Image size of job updated: 3250000
	1131  -  MemoryUsage of job (MB)
	1157200  -  ResidentSetSize of job (KB)
...
006 (667.077.000) 10/23 11:49:16 Image size of job updated: 3250000
	1464  -  MemoryUsage of job (MB)
	1498984  -  ResidentSetSize of job (KB)
...
009 (667.077.000) 10/23 15:24:02 Job was aborted by the user.
	via condor_rm (by user michaeljames.andric)
...
