000 (667.070.000) 10/23 08:33:08 Job submitted from host: <192.168.240.30:44151>
...
001 (667.070.000) 10/23 10:56:18 Job executing on host: <192.168.240.31:38437>
...
006 (667.070.000) 10/23 10:56:42 Image size of job updated: 102064
	2  -  MemoryUsage of job (MB)
	1104  -  ResidentSetSize of job (KB)
...
006 (667.070.000) 10/23 11:01:43 Image size of job updated: 3114184
	126  -  MemoryUsage of job (MB)
	128724  -  ResidentSetSize of job (KB)
...
006 (667.070.000) 10/23 11:06:43 Image size of job updated: 3114184
	230  -  MemoryUsage of job (MB)
	234812  -  ResidentSetSize of job (KB)
...
006 (667.070.000) 10/23 11:25:13 Image size of job updated: 3114184
	364  -  MemoryUsage of job (MB)
	372584  -  ResidentSetSize of job (KB)
...
006 (667.070.000) 10/23 11:31:57 Image size of job updated: 3114184
	2277  -  MemoryUsage of job (MB)
	2331608  -  ResidentSetSize of job (KB)
...
005 (667.070.000) 10/23 11:38:49 Job terminated.
	(1) Normal termination (return value 0)
		Usr 0 00:00:05, Sys 0 00:00:02  -  Run Remote Usage
		Usr 0 00:00:00, Sys 0 00:00:00  -  Run Local Usage
		Usr 0 00:00:05, Sys 0 00:00:02  -  Total Remote Usage
		Usr 0 00:00:00, Sys 0 00:00:00  -  Total Local Usage
	0  -  Run Bytes Sent By Job
	0  -  Run Bytes Received By Job
	0  -  Total Bytes Sent By Job
	0  -  Total Bytes Received By Job
	Partitionable Resources :    Usage  Request          
	   Cpus                 :                 1          
	   Disk (KB)            :        1        1          
	   Memory (MB)          :     2277     2277          
...
