000 (667.007.000) 10/23 08:33:07 Job submitted from host: <192.168.240.30:44151>
...
001 (667.007.000) 10/23 08:33:13 Job executing on host: <192.168.240.30:38586>
...
006 (667.007.000) 10/23 08:33:22 Image size of job updated: 278676
	36  -  MemoryUsage of job (MB)
	36496  -  ResidentSetSize of job (KB)
...
006 (667.007.000) 10/23 08:38:23 Image size of job updated: 2963536
	197  -  MemoryUsage of job (MB)
	201544  -  ResidentSetSize of job (KB)
...
006 (667.007.000) 10/23 08:43:24 Image size of job updated: 2963536
	336  -  MemoryUsage of job (MB)
	343876  -  ResidentSetSize of job (KB)
...
006 (667.007.000) 10/23 08:48:25 Image size of job updated: 2963536
	474  -  MemoryUsage of job (MB)
	484528  -  ResidentSetSize of job (KB)
...
006 (667.007.000) 10/23 08:53:26 Image size of job updated: 2963536
	612  -  MemoryUsage of job (MB)
	626616  -  ResidentSetSize of job (KB)
...
006 (667.007.000) 10/23 08:58:27 Image size of job updated: 2963536
	726  -  MemoryUsage of job (MB)
	742548  -  ResidentSetSize of job (KB)
...
006 (667.007.000) 10/23 09:03:28 Image size of job updated: 2963536
	865  -  MemoryUsage of job (MB)
	885116  -  ResidentSetSize of job (KB)
...
006 (667.007.000) 10/23 09:08:29 Image size of job updated: 2963536
	975  -  MemoryUsage of job (MB)
	997444  -  ResidentSetSize of job (KB)
...
006 (667.007.000) 10/23 09:13:30 Image size of job updated: 2963536
	1045  -  MemoryUsage of job (MB)
	1069932  -  ResidentSetSize of job (KB)
...
005 (667.007.000) 10/23 11:26:37 Job terminated.
	(1) Normal termination (return value 0)
		Usr 0 00:00:06, Sys 0 00:00:01  -  Run Remote Usage
		Usr 0 00:00:00, Sys 0 00:00:00  -  Run Local Usage
		Usr 0 00:00:06, Sys 0 00:00:01  -  Total Remote Usage
		Usr 0 00:00:00, Sys 0 00:00:00  -  Total Local Usage
	0  -  Run Bytes Sent By Job
	0  -  Run Bytes Received By Job
	0  -  Total Bytes Sent By Job
	0  -  Total Bytes Received By Job
	Partitionable Resources :    Usage  Request          
	   Cpus                 :                 1          
	   Disk (KB)            :        1        1          
	   Memory (MB)          :     1045     1045          
...
000 (035.007.000) 10/23 16:12:15 Job submitted from host: <192.168.240.32:39926>
...
001 (035.007.000) 10/23 16:12:15 Job executing on host: <192.168.240.30:38586>
...
006 (035.007.000) 10/23 16:12:24 Image size of job updated: 94532
	3  -  MemoryUsage of job (MB)
	2112  -  ResidentSetSize of job (KB)
...
006 (035.007.000) 10/23 16:17:24 Image size of job updated: 3402752
	609  -  MemoryUsage of job (MB)
	623024  -  ResidentSetSize of job (KB)
...
006 (035.007.000) 10/23 16:22:24 Image size of job updated: 3402752
	1280  -  MemoryUsage of job (MB)
	1310196  -  ResidentSetSize of job (KB)
...
006 (035.007.000) 10/23 16:27:24 Image size of job updated: 3402752
	1864  -  MemoryUsage of job (MB)
	1907836  -  ResidentSetSize of job (KB)
...
005 (035.007.000) 10/23 16:30:05 Job terminated.
	(1) Normal termination (return value 0)
		Usr 0 00:00:05, Sys 0 00:00:02  -  Run Remote Usage
		Usr 0 00:00:00, Sys 0 00:00:00  -  Run Local Usage
		Usr 0 00:00:05, Sys 0 00:00:02  -  Total Remote Usage
		Usr 0 00:00:00, Sys 0 00:00:00  -  Total Local Usage
	0  -  Run Bytes Sent By Job
	0  -  Run Bytes Received By Job
	0  -  Total Bytes Sent By Job
	0  -  Total Bytes Received By Job
	Partitionable Resources :    Usage  Request          
	   Cpus                 :                 1          
	   Disk (KB)            :        1        1          
	   Memory (MB)          :     1864     1864          
...
