000 (667.071.000) 10/23 08:33:08 Job submitted from host: <192.168.240.30:44151>
...
001 (667.071.000) 10/23 10:56:34 Job executing on host: <192.168.240.31:38437>
...
006 (667.071.000) 10/23 10:56:59 Image size of job updated: 102060
	1  -  MemoryUsage of job (MB)
	968  -  ResidentSetSize of job (KB)
...
006 (667.071.000) 10/23 11:01:59 Image size of job updated: 3114184
	102  -  MemoryUsage of job (MB)
	104004  -  ResidentSetSize of job (KB)
...
006 (667.071.000) 10/23 11:07:00 Image size of job updated: 3114184
	204  -  MemoryUsage of job (MB)
	208172  -  ResidentSetSize of job (KB)
...
001 (667.071.000) 10/23 11:34:11 Job executing on host: <192.168.240.30:38586>
...
006 (667.071.000) 10/23 11:54:56 Image size of job updated: 3250000
	278  -  MemoryUsage of job (MB)
	283884  -  ResidentSetSize of job (KB)
...
006 (667.071.000) 10/23 11:59:56 Image size of job updated: 3250000
	461  -  MemoryUsage of job (MB)
	472056  -  ResidentSetSize of job (KB)
...
006 (667.071.000) 10/23 12:04:57 Image size of job updated: 3250000
	652  -  MemoryUsage of job (MB)
	666936  -  ResidentSetSize of job (KB)
...
006 (667.071.000) 10/23 12:09:58 Image size of job updated: 3250000
	950  -  MemoryUsage of job (MB)
	972256  -  ResidentSetSize of job (KB)
...
006 (667.071.000) 10/23 12:14:58 Image size of job updated: 3250000
	1348  -  MemoryUsage of job (MB)
	1379804  -  ResidentSetSize of job (KB)
...
006 (667.071.000) 10/23 12:19:58 Image size of job updated: 3250000
	1884  -  MemoryUsage of job (MB)
	1929208  -  ResidentSetSize of job (KB)
...
006 (667.071.000) 10/23 12:24:59 Image size of job updated: 3250000
	2677  -  MemoryUsage of job (MB)
	2740468  -  ResidentSetSize of job (KB)
...
005 (667.071.000) 10/23 12:25:36 Job terminated.
	(1) Normal termination (return value 0)
		Usr 0 00:00:05, Sys 0 00:00:01  -  Run Remote Usage
		Usr 0 00:00:00, Sys 0 00:00:00  -  Run Local Usage
		Usr 0 00:00:05, Sys 0 00:00:01  -  Total Remote Usage
		Usr 0 00:00:00, Sys 0 00:00:00  -  Total Local Usage
	0  -  Run Bytes Sent By Job
	0  -  Run Bytes Received By Job
	0  -  Total Bytes Sent By Job
	0  -  Total Bytes Received By Job
	Partitionable Resources :    Usage  Request          
	   Cpus                 :                 1          
	   Disk (KB)            :        1        1          
	   Memory (MB)          :     2677     2677          
...
