000 (667.072.000) 10/23 08:33:08 Job submitted from host: <192.168.240.30:44151>
...
001 (667.072.000) 10/23 10:56:55 Job executing on host: <192.168.240.31:38437>
...
006 (667.072.000) 10/23 10:57:23 Image size of job updated: 63848
	1  -  MemoryUsage of job (MB)
	972  -  ResidentSetSize of job (KB)
...
006 (667.072.000) 10/23 11:02:24 Image size of job updated: 3423280
	73  -  MemoryUsage of job (MB)
	74736  -  ResidentSetSize of job (KB)
...
006 (667.072.000) 10/23 11:07:24 Image size of job updated: 3423280
	174  -  MemoryUsage of job (MB)
	177704  -  ResidentSetSize of job (KB)
...
001 (667.072.000) 10/23 11:34:18 Job executing on host: <192.168.240.30:38586>
...
006 (667.072.000) 10/23 11:50:01 Image size of job updated: 3500000
	201  -  MemoryUsage of job (MB)
	204936  -  ResidentSetSize of job (KB)
...
006 (667.072.000) 10/23 11:55:01 Image size of job updated: 3500000
	285  -  MemoryUsage of job (MB)
	291088  -  ResidentSetSize of job (KB)
...
006 (667.072.000) 10/23 12:00:02 Image size of job updated: 3500000
	466  -  MemoryUsage of job (MB)
	477116  -  ResidentSetSize of job (KB)
...
006 (667.072.000) 10/23 12:05:03 Image size of job updated: 3500000
	658  -  MemoryUsage of job (MB)
	673208  -  ResidentSetSize of job (KB)
...
006 (667.072.000) 10/23 12:10:04 Image size of job updated: 3500000
	966  -  MemoryUsage of job (MB)
	988352  -  ResidentSetSize of job (KB)
...
006 (667.072.000) 10/23 12:15:04 Image size of job updated: 3500000
	1346  -  MemoryUsage of job (MB)
	1377660  -  ResidentSetSize of job (KB)
...
006 (667.072.000) 10/23 12:20:05 Image size of job updated: 3500000
	1914  -  MemoryUsage of job (MB)
	1959700  -  ResidentSetSize of job (KB)
...
006 (667.072.000) 10/23 12:25:06 Image size of job updated: 3500000
	2715  -  MemoryUsage of job (MB)
	2779664  -  ResidentSetSize of job (KB)
...
005 (667.072.000) 10/23 12:26:50 Job terminated.
	(1) Normal termination (return value 0)
		Usr 0 00:00:05, Sys 0 00:00:02  -  Run Remote Usage
		Usr 0 00:00:00, Sys 0 00:00:00  -  Run Local Usage
		Usr 0 00:00:05, Sys 0 00:00:02  -  Total Remote Usage
		Usr 0 00:00:00, Sys 0 00:00:00  -  Total Local Usage
	0  -  Run Bytes Sent By Job
	0  -  Run Bytes Received By Job
	0  -  Total Bytes Sent By Job
	0  -  Total Bytes Received By Job
	Partitionable Resources :    Usage  Request          
	   Cpus                 :                 1          
	   Disk (KB)            :        1        1          
	   Memory (MB)          :     2715     2715          
...
