000 (667.074.000) 10/23 08:33:08 Job submitted from host: <192.168.240.30:44151>
...
001 (667.074.000) 10/23 10:56:41 Job executing on host: <192.168.240.31:38437>
...
006 (667.074.000) 10/23 10:57:09 Image size of job updated: 102060
	1  -  MemoryUsage of job (MB)
	968  -  ResidentSetSize of job (KB)
...
006 (667.074.000) 10/23 11:02:10 Image size of job updated: 3423280
	85  -  MemoryUsage of job (MB)
	86980  -  ResidentSetSize of job (KB)
...
006 (667.074.000) 10/23 11:07:10 Image size of job updated: 3423280
	186  -  MemoryUsage of job (MB)
	189708  -  ResidentSetSize of job (KB)
...
001 (667.074.000) 10/23 11:34:14 Job executing on host: <192.168.240.30:38586>
...
006 (667.074.000) 10/23 11:50:04 Image size of job updated: 3500000
	198  -  MemoryUsage of job (MB)
	202060  -  ResidentSetSize of job (KB)
...
006 (667.074.000) 10/23 11:55:05 Image size of job updated: 3500000
	281  -  MemoryUsage of job (MB)
	287268  -  ResidentSetSize of job (KB)
...
006 (667.074.000) 10/23 12:00:06 Image size of job updated: 3500000
	463  -  MemoryUsage of job (MB)
	473760  -  ResidentSetSize of job (KB)
...
006 (667.074.000) 10/23 12:05:07 Image size of job updated: 3500000
	653  -  MemoryUsage of job (MB)
	668172  -  ResidentSetSize of job (KB)
...
006 (667.074.000) 10/23 12:10:07 Image size of job updated: 3500000
	961  -  MemoryUsage of job (MB)
	983556  -  ResidentSetSize of job (KB)
...
006 (667.074.000) 10/23 12:15:08 Image size of job updated: 3500000
	1374  -  MemoryUsage of job (MB)
	1406464  -  ResidentSetSize of job (KB)
...
006 (667.074.000) 10/23 12:20:08 Image size of job updated: 3500000
	1916  -  MemoryUsage of job (MB)
	1961384  -  ResidentSetSize of job (KB)
...
006 (667.074.000) 10/23 12:25:08 Image size of job updated: 3500000
	2716  -  MemoryUsage of job (MB)
	2781044  -  ResidentSetSize of job (KB)
...
005 (667.074.000) 10/23 12:26:50 Job terminated.
	(1) Normal termination (return value 0)
		Usr 0 00:00:06, Sys 0 00:00:02  -  Run Remote Usage
		Usr 0 00:00:00, Sys 0 00:00:00  -  Run Local Usage
		Usr 0 00:00:06, Sys 0 00:00:02  -  Total Remote Usage
		Usr 0 00:00:00, Sys 0 00:00:00  -  Total Local Usage
	0  -  Run Bytes Sent By Job
	0  -  Run Bytes Received By Job
	0  -  Total Bytes Sent By Job
	0  -  Total Bytes Received By Job
	Partitionable Resources :    Usage  Request          
	   Cpus                 :                 1          
	   Disk (KB)            :        1        1          
	   Memory (MB)          :     2716     2716          
...
