000 (667.076.000) 10/23 08:33:08 Job submitted from host: <192.168.240.30:44151>
...
001 (667.076.000) 10/23 10:56:35 Job executing on host: <192.168.240.31:38437>
...
006 (667.076.000) 10/23 10:57:01 Image size of job updated: 102056
	1  -  MemoryUsage of job (MB)
	824  -  ResidentSetSize of job (KB)
...
006 (667.076.000) 10/23 11:02:01 Image size of job updated: 3058276
	90  -  MemoryUsage of job (MB)
	91752  -  ResidentSetSize of job (KB)
...
006 (667.076.000) 10/23 11:07:01 Image size of job updated: 3058276
	192  -  MemoryUsage of job (MB)
	195920  -  ResidentSetSize of job (KB)
...
001 (667.076.000) 10/23 11:34:07 Job executing on host: <192.168.240.31:38437>
...
006 (667.076.000) 10/23 11:39:21 Image size of job updated: 3250000
	748  -  MemoryUsage of job (MB)
	765348  -  ResidentSetSize of job (KB)
...
006 (667.076.000) 10/23 11:44:21 Image size of job updated: 3250000
	1098  -  MemoryUsage of job (MB)
	1124076  -  ResidentSetSize of job (KB)
...
006 (667.076.000) 10/23 11:49:21 Image size of job updated: 3250000
	1432  -  MemoryUsage of job (MB)
	1465864  -  ResidentSetSize of job (KB)
...
009 (667.076.000) 10/23 15:23:59 Job was aborted by the user.
	via condor_rm (by user michaeljames.andric)
...
