000 (667.073.000) 10/23 08:33:08 Job submitted from host: <192.168.240.30:44151>
...
001 (667.073.000) 10/23 10:56:32 Job executing on host: <192.168.240.31:38437>
...
006 (667.073.000) 10/23 10:56:58 Image size of job updated: 102060
	1  -  MemoryUsage of job (MB)
	968  -  ResidentSetSize of job (KB)
...
006 (667.073.000) 10/23 11:01:59 Image size of job updated: 3423272
	94  -  MemoryUsage of job (MB)
	95372  -  ResidentSetSize of job (KB)
...
006 (667.073.000) 10/23 11:07:00 Image size of job updated: 3423272
	195  -  MemoryUsage of job (MB)
	199540  -  ResidentSetSize of job (KB)
...
001 (667.073.000) 10/23 11:34:02 Job executing on host: <192.168.240.30:38586>
...
006 (667.073.000) 10/23 11:49:44 Image size of job updated: 3500000
	199  -  MemoryUsage of job (MB)
	203016  -  ResidentSetSize of job (KB)
...
006 (667.073.000) 10/23 11:54:44 Image size of job updated: 3500000
	277  -  MemoryUsage of job (MB)
	282700  -  ResidentSetSize of job (KB)
...
006 (667.073.000) 10/23 11:59:45 Image size of job updated: 3500000
	454  -  MemoryUsage of job (MB)
	464156  -  ResidentSetSize of job (KB)
...
006 (667.073.000) 10/23 12:04:45 Image size of job updated: 3500000
	641  -  MemoryUsage of job (MB)
	655688  -  ResidentSetSize of job (KB)
...
006 (667.073.000) 10/23 12:09:46 Image size of job updated: 3500000
	933  -  MemoryUsage of job (MB)
	955228  -  ResidentSetSize of job (KB)
...
006 (667.073.000) 10/23 12:14:46 Image size of job updated: 3500000
	1317  -  MemoryUsage of job (MB)
	1347992  -  ResidentSetSize of job (KB)
...
006 (667.073.000) 10/23 12:19:47 Image size of job updated: 3500000
	1856  -  MemoryUsage of job (MB)
	1900416  -  ResidentSetSize of job (KB)
...
006 (667.073.000) 10/23 12:24:48 Image size of job updated: 3500000
	2638  -  MemoryUsage of job (MB)
	2701064  -  ResidentSetSize of job (KB)
...
005 (667.073.000) 10/23 12:26:50 Job terminated.
	(1) Normal termination (return value 0)
		Usr 0 00:00:05, Sys 0 00:00:01  -  Run Remote Usage
		Usr 0 00:00:00, Sys 0 00:00:00  -  Run Local Usage
		Usr 0 00:00:05, Sys 0 00:00:01  -  Total Remote Usage
		Usr 0 00:00:00, Sys 0 00:00:00  -  Total Local Usage
	0  -  Run Bytes Sent By Job
	0  -  Run Bytes Received By Job
	0  -  Total Bytes Sent By Job
	0  -  Total Bytes Received By Job
	Partitionable Resources :    Usage  Request          
	   Cpus                 :                 1          
	   Disk (KB)            :        1        1          
	   Memory (MB)          :     2638     2638          
...
