000 (667.008.000) 10/23 08:33:07 Job submitted from host: <192.168.240.30:44151>
...
001 (667.008.000) 10/23 08:33:13 Job executing on host: <192.168.240.30:38586>
...
006 (667.008.000) 10/23 08:33:22 Image size of job updated: 278680
	36  -  MemoryUsage of job (MB)
	36536  -  ResidentSetSize of job (KB)
...
006 (667.008.000) 10/23 08:38:23 Image size of job updated: 3500464
	202  -  MemoryUsage of job (MB)
	205904  -  ResidentSetSize of job (KB)
...
006 (667.008.000) 10/23 08:43:23 Image size of job updated: 3500464
	342  -  MemoryUsage of job (MB)
	349672  -  ResidentSetSize of job (KB)
...
006 (667.008.000) 10/23 08:48:23 Image size of job updated: 3500464
	481  -  MemoryUsage of job (MB)
	492004  -  ResidentSetSize of job (KB)
...
006 (667.008.000) 10/23 08:53:23 Image size of job updated: 3500464
	620  -  MemoryUsage of job (MB)
	634332  -  ResidentSetSize of job (KB)
...
006 (667.008.000) 10/23 08:58:23 Image size of job updated: 3500464
	732  -  MemoryUsage of job (MB)
	749300  -  ResidentSetSize of job (KB)
...
006 (667.008.000) 10/23 09:03:24 Image size of job updated: 3500464
	871  -  MemoryUsage of job (MB)
	891872  -  ResidentSetSize of job (KB)
...
006 (667.008.000) 10/23 09:08:25 Image size of job updated: 3500464
	982  -  MemoryUsage of job (MB)
	1004920  -  ResidentSetSize of job (KB)
...
006 (667.008.000) 10/23 09:13:26 Image size of job updated: 3500464
	1053  -  MemoryUsage of job (MB)
	1077404  -  ResidentSetSize of job (KB)
...
006 (667.008.000) 10/23 11:38:55 Image size of job updated: 3500464
	1072  -  MemoryUsage of job (MB)
	1096732  -  ResidentSetSize of job (KB)
...
006 (667.008.000) 10/23 11:43:56 Image size of job updated: 3500464
	1113  -  MemoryUsage of job (MB)
	1139008  -  ResidentSetSize of job (KB)
...
006 (667.008.000) 10/23 11:48:56 Image size of job updated: 3500464
	1161  -  MemoryUsage of job (MB)
	1188408  -  ResidentSetSize of job (KB)
...
006 (667.008.000) 10/23 11:53:57 Image size of job updated: 3500464
	1197  -  MemoryUsage of job (MB)
	1224816  -  ResidentSetSize of job (KB)
...
005 (667.008.000) 10/23 11:55:22 Job terminated.
	(1) Normal termination (return value 0)
		Usr 0 00:00:06, Sys 0 00:00:02  -  Run Remote Usage
		Usr 0 00:00:00, Sys 0 00:00:00  -  Run Local Usage
		Usr 0 00:00:06, Sys 0 00:00:02  -  Total Remote Usage
		Usr 0 00:00:00, Sys 0 00:00:00  -  Total Local Usage
	0  -  Run Bytes Sent By Job
	0  -  Run Bytes Received By Job
	0  -  Total Bytes Sent By Job
	0  -  Total Bytes Received By Job
	Partitionable Resources :    Usage  Request          
	   Cpus                 :                 1          
	   Disk (KB)            :        1        1          
	   Memory (MB)          :     1197     1197          
...
