000 (667.009.000) 10/23 08:33:07 Job submitted from host: <192.168.240.30:44151>
...
001 (667.009.000) 10/23 08:33:13 Job executing on host: <192.168.240.30:38586>
...
006 (667.009.000) 10/23 08:33:22 Image size of job updated: 278680
	36  -  MemoryUsage of job (MB)
	36532  -  ResidentSetSize of job (KB)
...
006 (667.009.000) 10/23 08:38:22 Image size of job updated: 3500464
	223  -  MemoryUsage of job (MB)
	228216  -  ResidentSetSize of job (KB)
...
006 (667.009.000) 10/23 08:43:22 Image size of job updated: 3500464
	362  -  MemoryUsage of job (MB)
	369828  -  ResidentSetSize of job (KB)
...
006 (667.009.000) 10/23 08:48:22 Image size of job updated: 3500464
	502  -  MemoryUsage of job (MB)
	513356  -  ResidentSetSize of job (KB)
...
006 (667.009.000) 10/23 08:53:22 Image size of job updated: 3500464
	640  -  MemoryUsage of job (MB)
	655208  -  ResidentSetSize of job (KB)
...
006 (667.009.000) 10/23 08:58:22 Image size of job updated: 3500464
	753  -  MemoryUsage of job (MB)
	770896  -  ResidentSetSize of job (KB)
...
006 (667.009.000) 10/23 09:03:22 Image size of job updated: 3500464
	893  -  MemoryUsage of job (MB)
	914184  -  ResidentSetSize of job (KB)
...
006 (667.009.000) 10/23 09:08:22 Image size of job updated: 3500464
	1002  -  MemoryUsage of job (MB)
	1026032  -  ResidentSetSize of job (KB)
...
006 (667.009.000) 10/23 09:13:22 Image size of job updated: 3500464
	1073  -  MemoryUsage of job (MB)
	1098036  -  ResidentSetSize of job (KB)
...
006 (667.009.000) 10/23 11:38:48 Image size of job updated: 3500464
	1074  -  MemoryUsage of job (MB)
	1099108  -  ResidentSetSize of job (KB)
...
006 (667.009.000) 10/23 11:43:48 Image size of job updated: 3500464
	1113  -  MemoryUsage of job (MB)
	1138904  -  ResidentSetSize of job (KB)
...
006 (667.009.000) 10/23 11:48:48 Image size of job updated: 3500464
	1160  -  MemoryUsage of job (MB)
	1187100  -  ResidentSetSize of job (KB)
...
005 (667.009.000) 10/23 11:54:42 Job terminated.
	(1) Normal termination (return value 0)
		Usr 0 00:00:06, Sys 0 00:00:02  -  Run Remote Usage
		Usr 0 00:00:00, Sys 0 00:00:00  -  Run Local Usage
		Usr 0 00:00:06, Sys 0 00:00:02  -  Total Remote Usage
		Usr 0 00:00:00, Sys 0 00:00:00  -  Total Local Usage
	0  -  Run Bytes Sent By Job
	0  -  Run Bytes Received By Job
	0  -  Total Bytes Sent By Job
	0  -  Total Bytes Received By Job
	Partitionable Resources :    Usage  Request          
	   Cpus                 :                 1          
	   Disk (KB)            :        1        1          
	   Memory (MB)          :     1160     1160          
...
