000 (691.000.000) 10/25 14:31:50 Job submitted from host: <192.168.240.30:56633>
...
001 (691.000.000) 10/25 14:31:50 Job executing on host: <192.168.240.30:34350>
...
006 (691.000.000) 10/25 14:31:58 Image size of job updated: 1
	0  -  MemoryUsage of job (MB)
	0  -  ResidentSetSize of job (KB)
...
005 (691.000.000) 10/25 14:31:58 Job terminated.
	(1) Normal termination (return value 1)
		Usr 0 00:00:00, Sys 0 00:00:00  -  Run Remote Usage
		Usr 0 00:00:00, Sys 0 00:00:00  -  Run Local Usage
		Usr 0 00:00:00, Sys 0 00:00:00  -  Total Remote Usage
		Usr 0 00:00:00, Sys 0 00:00:00  -  Total Local Usage
	0  -  Run Bytes Sent By Job
	0  -  Run Bytes Received By Job
	0  -  Total Bytes Sent By Job
	0  -  Total Bytes Received By Job
	Partitionable Resources :    Usage  Request          
	   Cpus                 :                 1          
	   Disk (KB)            :        1        1          
	   Memory (MB)          :        0        0          
...
000 (692.000.000) 10/25 14:32:44 Job submitted from host: <192.168.240.30:56633>
...
001 (692.000.000) 10/25 14:32:44 Job executing on host: <192.168.240.30:34350>
...
006 (692.000.000) 10/25 14:32:50 Image size of job updated: 94560
	0  -  MemoryUsage of job (MB)
	0  -  ResidentSetSize of job (KB)
...
005 (692.000.000) 10/25 14:32:50 Job terminated.
	(1) Normal termination (return value 0)
		Usr 0 00:00:00, Sys 0 00:00:00  -  Run Remote Usage
		Usr 0 00:00:00, Sys 0 00:00:00  -  Run Local Usage
		Usr 0 00:00:00, Sys 0 00:00:00  -  Total Remote Usage
		Usr 0 00:00:00, Sys 0 00:00:00  -  Total Local Usage
	0  -  Run Bytes Sent By Job
	0  -  Run Bytes Received By Job
	0  -  Total Bytes Sent By Job
	0  -  Total Bytes Received By Job
	Partitionable Resources :    Usage  Request          
	   Cpus                 :                 1          
	   Disk (KB)            :        1        1          
	   Memory (MB)          :        0        0          
...
000 (693.000.000) 10/25 17:37:42 Job submitted from host: <192.168.240.30:57721>
...
001 (693.000.000) 10/25 17:37:44 Job executing on host: <192.168.240.31:54635>
...
006 (693.000.000) 10/25 17:37:53 Image size of job updated: 257168
	21  -  MemoryUsage of job (MB)
	20704  -  ResidentSetSize of job (KB)
...
006 (693.000.000) 10/25 17:42:54 Image size of job updated: 282592
	37  -  MemoryUsage of job (MB)
	37832  -  ResidentSetSize of job (KB)
...
006 (693.000.000) 10/25 17:47:55 Image size of job updated: 283128
	38  -  MemoryUsage of job (MB)
	38308  -  ResidentSetSize of job (KB)
...
006 (693.000.000) 10/25 17:52:56 Image size of job updated: 283532
	38  -  MemoryUsage of job (MB)
	38744  -  ResidentSetSize of job (KB)
...
001 (693.000.000) 10/25 18:18:46 Job executing on host: <192.168.240.31:54635>
...
001 (693.000.000) 10/25 18:50:12 Job executing on host: <192.168.240.30:39776>
...
006 (693.000.000) 10/25 19:05:20 Image size of job updated: 300000
	40  -  MemoryUsage of job (MB)
	40284  -  ResidentSetSize of job (KB)
...
006 (693.000.000) 10/25 19:10:20 Image size of job updated: 300000
	40  -  MemoryUsage of job (MB)
	40332  -  ResidentSetSize of job (KB)
...
006 (693.000.000) 10/25 19:15:20 Image size of job updated: 300000
	40  -  MemoryUsage of job (MB)
	40676  -  ResidentSetSize of job (KB)
...
006 (693.000.000) 10/25 19:20:20 Image size of job updated: 300000
	41  -  MemoryUsage of job (MB)
	41280  -  ResidentSetSize of job (KB)
...
006 (693.000.000) 10/25 19:25:20 Image size of job updated: 300000
	41  -  MemoryUsage of job (MB)
	41608  -  ResidentSetSize of job (KB)
...
006 (693.000.000) 10/25 19:30:20 Image size of job updated: 300000
	42  -  MemoryUsage of job (MB)
	42040  -  ResidentSetSize of job (KB)
...
006 (693.000.000) 10/25 19:35:20 Image size of job updated: 300000
	42  -  MemoryUsage of job (MB)
	42428  -  ResidentSetSize of job (KB)
...
006 (693.000.000) 10/25 19:40:20 Image size of job updated: 300000
	42  -  MemoryUsage of job (MB)
	42852  -  ResidentSetSize of job (KB)
...
006 (693.000.000) 10/25 19:45:20 Image size of job updated: 300000
	43  -  MemoryUsage of job (MB)
	43236  -  ResidentSetSize of job (KB)
...
006 (693.000.000) 10/25 19:50:20 Image size of job updated: 300000
	43  -  MemoryUsage of job (MB)
	43484  -  ResidentSetSize of job (KB)
...
005 (693.000.000) 10/25 21:56:04 Job terminated.
	(1) Normal termination (return value 0)
		Usr 0 00:40:55, Sys 0 00:13:48  -  Run Remote Usage
		Usr 0 00:00:00, Sys 0 00:00:00  -  Run Local Usage
		Usr 0 00:40:55, Sys 0 00:13:48  -  Total Remote Usage
		Usr 0 00:00:00, Sys 0 00:00:00  -  Total Local Usage
	0  -  Run Bytes Sent By Job
	0  -  Run Bytes Received By Job
	0  -  Total Bytes Sent By Job
	0  -  Total Bytes Received By Job
	Partitionable Resources :    Usage  Request          
	   Cpus                 :                 1          
	   Disk (KB)            :        1        1          
	   Memory (MB)          :       43       43          
...
