000 (691.001.000) 10/25 14:31:50 Job submitted from host: <192.168.240.30:56633>
...
001 (691.001.000) 10/25 14:31:50 Job executing on host: <192.168.240.30:34350>
...
006 (691.001.000) 10/25 14:31:58 Image size of job updated: 63848
	0  -  MemoryUsage of job (MB)
	0  -  ResidentSetSize of job (KB)
...
005 (691.001.000) 10/25 14:31:58 Job terminated.
	(1) Normal termination (return value 1)
		Usr 0 00:00:00, Sys 0 00:00:00  -  Run Remote Usage
		Usr 0 00:00:00, Sys 0 00:00:00  -  Run Local Usage
		Usr 0 00:00:00, Sys 0 00:00:00  -  Total Remote Usage
		Usr 0 00:00:00, Sys 0 00:00:00  -  Total Local Usage
	0  -  Run Bytes Sent By Job
	0  -  Run Bytes Received By Job
	0  -  Total Bytes Sent By Job
	0  -  Total Bytes Received By Job
	Partitionable Resources :    Usage  Request          
	   Cpus                 :                 1          
	   Disk (KB)            :        1        1          
	   Memory (MB)          :        0        0          
...
000 (692.001.000) 10/25 14:32:44 Job submitted from host: <192.168.240.30:56633>
...
001 (692.001.000) 10/25 14:32:44 Job executing on host: <192.168.240.30:34350>
...
006 (692.001.000) 10/25 14:32:50 Image size of job updated: 1
	0  -  MemoryUsage of job (MB)
	0  -  ResidentSetSize of job (KB)
...
005 (692.001.000) 10/25 14:32:50 Job terminated.
	(1) Normal termination (return value 0)
		Usr 0 00:00:00, Sys 0 00:00:00  -  Run Remote Usage
		Usr 0 00:00:00, Sys 0 00:00:00  -  Run Local Usage
		Usr 0 00:00:00, Sys 0 00:00:00  -  Total Remote Usage
		Usr 0 00:00:00, Sys 0 00:00:00  -  Total Local Usage
	0  -  Run Bytes Sent By Job
	0  -  Run Bytes Received By Job
	0  -  Total Bytes Sent By Job
	0  -  Total Bytes Received By Job
	Partitionable Resources :    Usage  Request          
	   Cpus                 :                 1          
	   Disk (KB)            :        1        1          
	   Memory (MB)          :        0        0          
...
000 (693.001.000) 10/25 17:37:42 Job submitted from host: <192.168.240.30:57721>
...
001 (693.001.000) 10/25 17:37:44 Job executing on host: <192.168.240.31:54635>
...
006 (693.001.000) 10/25 17:37:53 Image size of job updated: 257168
	21  -  MemoryUsage of job (MB)
	20704  -  ResidentSetSize of job (KB)
...
006 (693.001.000) 10/25 17:42:54 Image size of job updated: 283144
	38  -  MemoryUsage of job (MB)
	38360  -  ResidentSetSize of job (KB)
...
001 (693.001.000) 10/25 18:18:46 Job executing on host: <192.168.240.31:54635>
...
001 (693.001.000) 10/25 18:50:12 Job executing on host: <192.168.240.30:39776>
...
005 (693.001.000) 10/25 23:01:23 Job terminated.
	(1) Normal termination (return value 0)
		Usr 0 01:36:15, Sys 0 00:15:36  -  Run Remote Usage
		Usr 0 00:00:00, Sys 0 00:00:00  -  Run Local Usage
		Usr 0 01:36:15, Sys 0 00:15:36  -  Total Remote Usage
		Usr 0 00:00:00, Sys 0 00:00:00  -  Total Local Usage
	0  -  Run Bytes Sent By Job
	0  -  Run Bytes Received By Job
	0  -  Total Bytes Sent By Job
	0  -  Total Bytes Received By Job
	Partitionable Resources :    Usage  Request          
	   Cpus                 :                 1          
	   Disk (KB)            :        1        1          
	   Memory (MB)          :       40       40          
...
