000 (693.015.000) 10/25 17:37:43 Job submitted from host: <192.168.240.30:57721>
...
001 (693.015.000) 10/25 17:37:45 Job executing on host: <192.168.240.31:54635>
...
006 (693.015.000) 10/25 17:37:54 Image size of job updated: 102080
	4  -  MemoryUsage of job (MB)
	3156  -  ResidentSetSize of job (KB)
...
006 (693.015.000) 10/25 17:42:55 Image size of job updated: 285320
	38  -  MemoryUsage of job (MB)
	38144  -  ResidentSetSize of job (KB)
...
006 (693.015.000) 10/25 17:52:57 Image size of job updated: 285324
	39  -  MemoryUsage of job (MB)
	39320  -  ResidentSetSize of job (KB)
...
001 (693.015.000) 10/25 18:18:46 Job executing on host: <192.168.240.32:34109>
...
006 (693.015.000) 10/25 18:23:56 Image size of job updated: 300000
	40  -  MemoryUsage of job (MB)
	40872  -  ResidentSetSize of job (KB)
...
001 (693.015.000) 10/25 18:50:12 Job executing on host: <192.168.240.31:54635>
...
001 (693.015.000) 10/25 19:26:15 Job executing on host: <192.168.240.30:39776>
...
005 (693.015.000) 10/26 13:11:26 Job terminated.
	(1) Normal termination (return value 0)
		Usr 0 13:37:08, Sys 0 00:39:47  -  Run Remote Usage
		Usr 0 00:00:00, Sys 0 00:00:00  -  Run Local Usage
		Usr 0 13:37:08, Sys 0 00:39:47  -  Total Remote Usage
		Usr 0 00:00:00, Sys 0 00:00:00  -  Total Local Usage
	0  -  Run Bytes Sent By Job
	0  -  Run Bytes Received By Job
	0  -  Total Bytes Sent By Job
	0  -  Total Bytes Received By Job
	Partitionable Resources :    Usage  Request          
	   Cpus                 :                 1          
	   Disk (KB)            :        1        1          
	   Memory (MB)          :       42       42          
...
