000 (693.019.000) 10/25 17:37:43 Job submitted from host: <192.168.240.30:57721>
...
001 (693.019.000) 10/25 17:37:45 Job executing on host: <192.168.240.31:54635>
...
006 (693.019.000) 10/25 17:37:54 Image size of job updated: 102080
	4  -  MemoryUsage of job (MB)
	3164  -  ResidentSetSize of job (KB)
...
006 (693.019.000) 10/25 17:42:55 Image size of job updated: 283916
	37  -  MemoryUsage of job (MB)
	37592  -  ResidentSetSize of job (KB)
...
001 (693.019.000) 10/25 18:18:46 Job executing on host: <192.168.240.30:39776>
...
005 (693.019.000) 10/26 14:50:07 Job terminated.
	(1) Normal termination (return value 0)
		Usr 0 15:50:53, Sys 0 00:46:50  -  Run Remote Usage
		Usr 0 00:00:00, Sys 0 00:00:00  -  Run Local Usage
		Usr 0 15:50:53, Sys 0 00:46:50  -  Total Remote Usage
		Usr 0 00:00:00, Sys 0 00:00:00  -  Total Local Usage
	0  -  Run Bytes Sent By Job
	0  -  Run Bytes Received By Job
	0  -  Total Bytes Sent By Job
	0  -  Total Bytes Received By Job
	Partitionable Resources :    Usage  Request          
	   Cpus                 :                 1          
	   Disk (KB)            :        1        1          
	   Memory (MB)          :       40       40          
...
