000 (693.011.000) 10/25 17:37:43 Job submitted from host: <192.168.240.30:57721>
...
001 (693.011.000) 10/25 17:37:44 Job executing on host: <192.168.240.31:54635>
...
006 (693.011.000) 10/25 17:37:53 Image size of job updated: 257164
	21  -  MemoryUsage of job (MB)
	20712  -  ResidentSetSize of job (KB)
...
006 (693.011.000) 10/25 17:42:54 Image size of job updated: 282896
	37  -  MemoryUsage of job (MB)
	37216  -  ResidentSetSize of job (KB)
...
006 (693.011.000) 10/25 17:52:56 Image size of job updated: 282900
	37  -  MemoryUsage of job (MB)
	37216  -  ResidentSetSize of job (KB)
...
001 (693.011.000) 10/25 18:18:47 Job executing on host: <192.168.240.31:54635>
...
001 (693.011.000) 10/25 18:50:12 Job executing on host: <192.168.240.31:54635>
...
006 (693.011.000) 10/25 18:55:22 Image size of job updated: 300000
	38  -  MemoryUsage of job (MB)
	38068  -  ResidentSetSize of job (KB)
...
001 (693.011.000) 10/25 19:26:15 Job executing on host: <192.168.240.30:39776>
...
005 (693.011.000) 10/26 10:29:25 Job terminated.
	(1) Normal termination (return value 0)
		Usr 0 11:13:32, Sys 0 00:36:47  -  Run Remote Usage
		Usr 0 00:00:00, Sys 0 00:00:00  -  Run Local Usage
		Usr 0 11:13:32, Sys 0 00:36:47  -  Total Remote Usage
		Usr 0 00:00:00, Sys 0 00:00:00  -  Total Local Usage
	0  -  Run Bytes Sent By Job
	0  -  Run Bytes Received By Job
	0  -  Total Bytes Sent By Job
	0  -  Total Bytes Received By Job
	Partitionable Resources :    Usage  Request          
	   Cpus                 :                 1          
	   Disk (KB)            :        1        1          
	   Memory (MB)          :       40       40          
...
