000 (693.018.000) 10/25 17:37:43 Job submitted from host: <192.168.240.30:57721>
...
001 (693.018.000) 10/25 17:37:45 Job executing on host: <192.168.240.31:54635>
...
006 (693.018.000) 10/25 17:37:54 Image size of job updated: 102088
	4  -  MemoryUsage of job (MB)
	3164  -  ResidentSetSize of job (KB)
...
006 (693.018.000) 10/25 17:42:55 Image size of job updated: 283676
	36  -  MemoryUsage of job (MB)
	36044  -  ResidentSetSize of job (KB)
...
006 (693.018.000) 10/25 17:47:56 Image size of job updated: 283676
	37  -  MemoryUsage of job (MB)
	37452  -  ResidentSetSize of job (KB)
...
006 (693.018.000) 10/25 17:52:57 Image size of job updated: 283680
	38  -  MemoryUsage of job (MB)
	38860  -  ResidentSetSize of job (KB)
...
001 (693.018.000) 10/25 18:18:46 Job executing on host: <192.168.240.32:34109>
...
001 (693.018.000) 10/25 18:50:12 Job executing on host: <192.168.240.31:54635>
...
001 (693.018.000) 10/25 19:26:15 Job executing on host: <192.168.240.30:39776>
...
005 (693.018.000) 10/26 15:04:05 Job terminated.
	(1) Normal termination (return value 0)
		Usr 0 15:10:21, Sys 0 00:44:54  -  Run Remote Usage
		Usr 0 00:00:00, Sys 0 00:00:00  -  Run Local Usage
		Usr 0 15:10:21, Sys 0 00:44:54  -  Total Remote Usage
		Usr 0 00:00:00, Sys 0 00:00:00  -  Total Local Usage
	0  -  Run Bytes Sent By Job
	0  -  Run Bytes Received By Job
	0  -  Total Bytes Sent By Job
	0  -  Total Bytes Received By Job
	Partitionable Resources :    Usage  Request          
	   Cpus                 :                 1          
	   Disk (KB)            :        1        1          
	   Memory (MB)          :       40       40          
...
