000 (693.020.000) 10/25 17:37:43 Job submitted from host: <192.168.240.30:57721>
...
001 (693.020.000) 10/25 17:37:45 Job executing on host: <192.168.240.31:54635>
...
006 (693.020.000) 10/25 17:37:54 Image size of job updated: 102084
	4  -  MemoryUsage of job (MB)
	3164  -  ResidentSetSize of job (KB)
...
006 (693.020.000) 10/25 17:42:55 Image size of job updated: 285708
	39  -  MemoryUsage of job (MB)
	39324  -  ResidentSetSize of job (KB)
...
001 (693.020.000) 10/25 18:18:46 Job executing on host: <192.168.240.30:39776>
...
006 (693.020.000) 10/25 18:38:59 Image size of job updated: 300000
	41  -  MemoryUsage of job (MB)
	41272  -  ResidentSetSize of job (KB)
...
006 (693.020.000) 10/25 18:54:02 Image size of job updated: 300000
	41  -  MemoryUsage of job (MB)
	41276  -  ResidentSetSize of job (KB)
...
006 (693.020.000) 10/25 19:24:08 Image size of job updated: 300000
	41  -  MemoryUsage of job (MB)
	41284  -  ResidentSetSize of job (KB)
...
006 (693.020.000) 10/25 20:09:09 Image size of job updated: 300000
	41  -  MemoryUsage of job (MB)
	41288  -  ResidentSetSize of job (KB)
...
006 (693.020.000) 10/25 20:14:09 Image size of job updated: 300000
	41  -  MemoryUsage of job (MB)
	41292  -  ResidentSetSize of job (KB)
...
006 (693.020.000) 10/25 20:44:09 Image size of job updated: 300000
	41  -  MemoryUsage of job (MB)
	41296  -  ResidentSetSize of job (KB)
...
006 (693.020.000) 10/25 21:39:09 Image size of job updated: 300000
	41  -  MemoryUsage of job (MB)
	41300  -  ResidentSetSize of job (KB)
...
006 (693.020.000) 10/25 22:24:09 Image size of job updated: 300000
	41  -  MemoryUsage of job (MB)
	41308  -  ResidentSetSize of job (KB)
...
006 (693.020.000) 10/25 22:44:09 Image size of job updated: 300000
	41  -  MemoryUsage of job (MB)
	41312  -  ResidentSetSize of job (KB)
...
006 (693.020.000) 10/25 23:34:09 Image size of job updated: 300000
	41  -  MemoryUsage of job (MB)
	41320  -  ResidentSetSize of job (KB)
...
006 (693.020.000) 10/26 00:09:09 Image size of job updated: 300000
	41  -  MemoryUsage of job (MB)
	41324  -  ResidentSetSize of job (KB)
...
006 (693.020.000) 10/26 00:49:09 Image size of job updated: 300000
	41  -  MemoryUsage of job (MB)
	41328  -  ResidentSetSize of job (KB)
...
006 (693.020.000) 10/26 00:54:09 Image size of job updated: 300000
	41  -  MemoryUsage of job (MB)
	41332  -  ResidentSetSize of job (KB)
...
006 (693.020.000) 10/26 01:29:09 Image size of job updated: 300000
	41  -  MemoryUsage of job (MB)
	41336  -  ResidentSetSize of job (KB)
...
006 (693.020.000) 10/26 01:49:11 Image size of job updated: 300000
	41  -  MemoryUsage of job (MB)
	41340  -  ResidentSetSize of job (KB)
...
006 (693.020.000) 10/26 02:19:17 Image size of job updated: 300000
	41  -  MemoryUsage of job (MB)
	41344  -  ResidentSetSize of job (KB)
...
006 (693.020.000) 10/26 02:44:22 Image size of job updated: 300000
	41  -  MemoryUsage of job (MB)
	41348  -  ResidentSetSize of job (KB)
...
006 (693.020.000) 10/26 03:19:29 Image size of job updated: 300000
	41  -  MemoryUsage of job (MB)
	41352  -  ResidentSetSize of job (KB)
...
006 (693.020.000) 10/26 03:34:32 Image size of job updated: 300000
	41  -  MemoryUsage of job (MB)
	41356  -  ResidentSetSize of job (KB)
...
006 (693.020.000) 10/26 03:59:37 Image size of job updated: 300000
	41  -  MemoryUsage of job (MB)
	41360  -  ResidentSetSize of job (KB)
...
006 (693.020.000) 10/26 04:34:44 Image size of job updated: 300000
	41  -  MemoryUsage of job (MB)
	41364  -  ResidentSetSize of job (KB)
...
006 (693.020.000) 10/26 04:59:49 Image size of job updated: 300000
	41  -  MemoryUsage of job (MB)
	41368  -  ResidentSetSize of job (KB)
...
006 (693.020.000) 10/26 05:24:54 Image size of job updated: 300000
	41  -  MemoryUsage of job (MB)
	41372  -  ResidentSetSize of job (KB)
...
006 (693.020.000) 10/26 05:39:57 Image size of job updated: 300000
	41  -  MemoryUsage of job (MB)
	41376  -  ResidentSetSize of job (KB)
...
006 (693.020.000) 10/26 06:05:02 Image size of job updated: 300000
	41  -  MemoryUsage of job (MB)
	41380  -  ResidentSetSize of job (KB)
...
006 (693.020.000) 10/26 06:35:08 Image size of job updated: 300000
	41  -  MemoryUsage of job (MB)
	41384  -  ResidentSetSize of job (KB)
...
006 (693.020.000) 10/26 07:10:15 Image size of job updated: 300000
	41  -  MemoryUsage of job (MB)
	41388  -  ResidentSetSize of job (KB)
...
006 (693.020.000) 10/26 07:20:17 Image size of job updated: 300000
	41  -  MemoryUsage of job (MB)
	41392  -  ResidentSetSize of job (KB)
...
006 (693.020.000) 10/26 07:50:23 Image size of job updated: 300000
	41  -  MemoryUsage of job (MB)
	41396  -  ResidentSetSize of job (KB)
...
006 (693.020.000) 10/26 08:05:26 Image size of job updated: 300000
	41  -  MemoryUsage of job (MB)
	41400  -  ResidentSetSize of job (KB)
...
006 (693.020.000) 10/26 08:45:34 Image size of job updated: 300000
	41  -  MemoryUsage of job (MB)
	41404  -  ResidentSetSize of job (KB)
...
006 (693.020.000) 10/26 09:15:40 Image size of job updated: 300000
	41  -  MemoryUsage of job (MB)
	41412  -  ResidentSetSize of job (KB)
...
006 (693.020.000) 10/26 09:35:44 Image size of job updated: 300000
	41  -  MemoryUsage of job (MB)
	41416  -  ResidentSetSize of job (KB)
...
006 (693.020.000) 10/26 10:40:57 Image size of job updated: 300000
	41  -  MemoryUsage of job (MB)
	41428  -  ResidentSetSize of job (KB)
...
006 (693.020.000) 10/26 11:16:04 Image size of job updated: 300000
	41  -  MemoryUsage of job (MB)
	41436  -  ResidentSetSize of job (KB)
...
006 (693.020.000) 10/26 11:36:08 Image size of job updated: 300000
	41  -  MemoryUsage of job (MB)
	41444  -  ResidentSetSize of job (KB)
...
006 (693.020.000) 10/26 12:21:17 Image size of job updated: 300000
	41  -  MemoryUsage of job (MB)
	41456  -  ResidentSetSize of job (KB)
...
006 (693.020.000) 10/26 12:56:24 Image size of job updated: 300000
	41  -  MemoryUsage of job (MB)
	41464  -  ResidentSetSize of job (KB)
...
006 (693.020.000) 10/26 13:16:28 Image size of job updated: 300000
	41  -  MemoryUsage of job (MB)
	41468  -  ResidentSetSize of job (KB)
...
006 (693.020.000) 10/26 13:26:30 Image size of job updated: 300000
	41  -  MemoryUsage of job (MB)
	41472  -  ResidentSetSize of job (KB)
...
006 (693.020.000) 10/26 13:41:33 Image size of job updated: 300000
	41  -  MemoryUsage of job (MB)
	41476  -  ResidentSetSize of job (KB)
...
006 (693.020.000) 10/26 14:06:38 Image size of job updated: 300000
	41  -  MemoryUsage of job (MB)
	41480  -  ResidentSetSize of job (KB)
...
006 (693.020.000) 10/26 14:11:39 Image size of job updated: 300000
	41  -  MemoryUsage of job (MB)
	41484  -  ResidentSetSize of job (KB)
...
006 (693.020.000) 10/26 14:41:39 Image size of job updated: 300000
	41  -  MemoryUsage of job (MB)
	41492  -  ResidentSetSize of job (KB)
...
006 (693.020.000) 10/26 15:06:39 Image size of job updated: 300000
	41  -  MemoryUsage of job (MB)
	41496  -  ResidentSetSize of job (KB)
...
006 (693.020.000) 10/26 15:21:39 Image size of job updated: 300000
	41  -  MemoryUsage of job (MB)
	41500  -  ResidentSetSize of job (KB)
...
005 (693.020.000) 10/26 15:24:30 Job terminated.
	(1) Normal termination (return value 0)
		Usr 0 16:19:29, Sys 0 00:47:58  -  Run Remote Usage
		Usr 0 00:00:00, Sys 0 00:00:00  -  Run Local Usage
		Usr 0 16:19:29, Sys 0 00:47:58  -  Total Remote Usage
		Usr 0 00:00:00, Sys 0 00:00:00  -  Total Local Usage
	0  -  Run Bytes Sent By Job
	0  -  Run Bytes Received By Job
	0  -  Total Bytes Sent By Job
	0  -  Total Bytes Received By Job
	Partitionable Resources :    Usage  Request          
	   Cpus                 :                 1          
	   Disk (KB)            :        1        1          
	   Memory (MB)          :       41       41          
...
