000 (693.022.000) 10/25 17:37:43 Job submitted from host: <192.168.240.30:57721>
...
001 (693.022.000) 10/25 17:37:45 Job executing on host: <192.168.240.31:54635>
...
006 (693.022.000) 10/25 17:37:54 Image size of job updated: 102084
	4  -  MemoryUsage of job (MB)
	3164  -  ResidentSetSize of job (KB)
...
006 (693.022.000) 10/25 17:42:55 Image size of job updated: 284608
	39  -  MemoryUsage of job (MB)
	39756  -  ResidentSetSize of job (KB)
...
006 (693.022.000) 10/25 17:52:57 Image size of job updated: 284612
	39  -  MemoryUsage of job (MB)
	39756  -  ResidentSetSize of job (KB)
...
001 (693.022.000) 10/25 18:18:46 Job executing on host: <192.168.240.30:39776>
...
006 (693.022.000) 10/25 18:28:57 Image size of job updated: 300000
	40  -  MemoryUsage of job (MB)
	40172  -  ResidentSetSize of job (KB)
...
006 (693.022.000) 10/25 18:54:02 Image size of job updated: 300000
	40  -  MemoryUsage of job (MB)
	40176  -  ResidentSetSize of job (KB)
...
006 (693.022.000) 10/25 19:24:08 Image size of job updated: 300000
	40  -  MemoryUsage of job (MB)
	40184  -  ResidentSetSize of job (KB)
...
006 (693.022.000) 10/25 19:59:09 Image size of job updated: 300000
	40  -  MemoryUsage of job (MB)
	40188  -  ResidentSetSize of job (KB)
...
006 (693.022.000) 10/25 20:54:09 Image size of job updated: 300000
	40  -  MemoryUsage of job (MB)
	40196  -  ResidentSetSize of job (KB)
...
006 (693.022.000) 10/25 21:39:09 Image size of job updated: 300000
	40  -  MemoryUsage of job (MB)
	40200  -  ResidentSetSize of job (KB)
...
006 (693.022.000) 10/25 22:14:09 Image size of job updated: 300000
	40  -  MemoryUsage of job (MB)
	40204  -  ResidentSetSize of job (KB)
...
006 (693.022.000) 10/25 22:24:09 Image size of job updated: 300000
	40  -  MemoryUsage of job (MB)
	40208  -  ResidentSetSize of job (KB)
...
006 (693.022.000) 10/25 22:54:09 Image size of job updated: 300000
	40  -  MemoryUsage of job (MB)
	40212  -  ResidentSetSize of job (KB)
...
006 (693.022.000) 10/25 23:34:09 Image size of job updated: 300000
	40  -  MemoryUsage of job (MB)
	40216  -  ResidentSetSize of job (KB)
...
006 (693.022.000) 10/26 01:04:09 Image size of job updated: 300000
	40  -  MemoryUsage of job (MB)
	40228  -  ResidentSetSize of job (KB)
...
006 (693.022.000) 10/26 01:29:09 Image size of job updated: 300000
	40  -  MemoryUsage of job (MB)
	40232  -  ResidentSetSize of job (KB)
...
006 (693.022.000) 10/26 02:14:16 Image size of job updated: 300000
	40  -  MemoryUsage of job (MB)
	40240  -  ResidentSetSize of job (KB)
...
006 (693.022.000) 10/26 02:49:23 Image size of job updated: 300000
	40  -  MemoryUsage of job (MB)
	40244  -  ResidentSetSize of job (KB)
...
006 (693.022.000) 10/26 03:19:29 Image size of job updated: 300000
	40  -  MemoryUsage of job (MB)
	40248  -  ResidentSetSize of job (KB)
...
006 (693.022.000) 10/26 03:39:33 Image size of job updated: 300000
	40  -  MemoryUsage of job (MB)
	40252  -  ResidentSetSize of job (KB)
...
006 (693.022.000) 10/26 04:09:39 Image size of job updated: 300000
	40  -  MemoryUsage of job (MB)
	40256  -  ResidentSetSize of job (KB)
...
006 (693.022.000) 10/26 04:59:49 Image size of job updated: 300000
	40  -  MemoryUsage of job (MB)
	40260  -  ResidentSetSize of job (KB)
...
006 (693.022.000) 10/26 05:09:51 Image size of job updated: 300000
	40  -  MemoryUsage of job (MB)
	40264  -  ResidentSetSize of job (KB)
...
006 (693.022.000) 10/26 06:25:06 Image size of job updated: 300000
	40  -  MemoryUsage of job (MB)
	40276  -  ResidentSetSize of job (KB)
...
006 (693.022.000) 10/26 07:10:15 Image size of job updated: 300000
	40  -  MemoryUsage of job (MB)
	40280  -  ResidentSetSize of job (KB)
...
006 (693.022.000) 10/26 07:25:18 Image size of job updated: 300000
	40  -  MemoryUsage of job (MB)
	40284  -  ResidentSetSize of job (KB)
...
006 (693.022.000) 10/26 08:10:27 Image size of job updated: 300000
	40  -  MemoryUsage of job (MB)
	40292  -  ResidentSetSize of job (KB)
...
006 (693.022.000) 10/26 08:55:36 Image size of job updated: 300000
	40  -  MemoryUsage of job (MB)
	40300  -  ResidentSetSize of job (KB)
...
006 (693.022.000) 10/26 09:30:37 Image size of job updated: 300000
	40  -  MemoryUsage of job (MB)
	40304  -  ResidentSetSize of job (KB)
...
006 (693.022.000) 10/26 09:45:37 Image size of job updated: 300000
	40  -  MemoryUsage of job (MB)
	40308  -  ResidentSetSize of job (KB)
...
006 (693.022.000) 10/26 10:05:37 Image size of job updated: 300000
	40  -  MemoryUsage of job (MB)
	40312  -  ResidentSetSize of job (KB)
...
006 (693.022.000) 10/26 11:25:37 Image size of job updated: 300000
	40  -  MemoryUsage of job (MB)
	40328  -  ResidentSetSize of job (KB)
...
006 (693.022.000) 10/26 11:35:37 Image size of job updated: 300000
	40  -  MemoryUsage of job (MB)
	40332  -  ResidentSetSize of job (KB)
...
006 (693.022.000) 10/26 12:00:37 Image size of job updated: 300000
	40  -  MemoryUsage of job (MB)
	40336  -  ResidentSetSize of job (KB)
...
006 (693.022.000) 10/26 12:35:37 Image size of job updated: 300000
	40  -  MemoryUsage of job (MB)
	40344  -  ResidentSetSize of job (KB)
...
006 (693.022.000) 10/26 12:55:37 Image size of job updated: 300000
	40  -  MemoryUsage of job (MB)
	40348  -  ResidentSetSize of job (KB)
...
006 (693.022.000) 10/26 13:20:37 Image size of job updated: 300000
	40  -  MemoryUsage of job (MB)
	40356  -  ResidentSetSize of job (KB)
...
006 (693.022.000) 10/26 13:45:37 Image size of job updated: 300000
	40  -  MemoryUsage of job (MB)
	40360  -  ResidentSetSize of job (KB)
...
006 (693.022.000) 10/26 13:50:37 Image size of job updated: 300000
	40  -  MemoryUsage of job (MB)
	40364  -  ResidentSetSize of job (KB)
...
006 (693.022.000) 10/26 14:45:37 Image size of job updated: 300000
	40  -  MemoryUsage of job (MB)
	40376  -  ResidentSetSize of job (KB)
...
006 (693.022.000) 10/26 15:00:37 Image size of job updated: 300000
	40  -  MemoryUsage of job (MB)
	40380  -  ResidentSetSize of job (KB)
...
006 (693.022.000) 10/26 15:40:37 Image size of job updated: 300000
	40  -  MemoryUsage of job (MB)
	40388  -  ResidentSetSize of job (KB)
...
006 (693.022.000) 10/26 15:55:37 Image size of job updated: 300000
	40  -  MemoryUsage of job (MB)
	40392  -  ResidentSetSize of job (KB)
...
006 (693.022.000) 10/26 16:15:37 Image size of job updated: 300000
	40  -  MemoryUsage of job (MB)
	40396  -  ResidentSetSize of job (KB)
...
006 (693.022.000) 10/26 16:45:37 Image size of job updated: 300000
	40  -  MemoryUsage of job (MB)
	40400  -  ResidentSetSize of job (KB)
...
006 (693.022.000) 10/26 17:00:37 Image size of job updated: 300000
	40  -  MemoryUsage of job (MB)
	40404  -  ResidentSetSize of job (KB)
...
005 (693.022.000) 10/26 17:01:27 Job terminated.
	(1) Normal termination (return value 0)
		Usr 0 17:46:55, Sys 0 00:50:01  -  Run Remote Usage
		Usr 0 00:00:00, Sys 0 00:00:00  -  Run Local Usage
		Usr 0 17:46:55, Sys 0 00:50:01  -  Total Remote Usage
		Usr 0 00:00:00, Sys 0 00:00:00  -  Total Local Usage
	0  -  Run Bytes Sent By Job
	0  -  Run Bytes Received By Job
	0  -  Total Bytes Sent By Job
	0  -  Total Bytes Received By Job
	Partitionable Resources :    Usage  Request          
	   Cpus                 :                 1          
	   Disk (KB)            :        1        1          
	   Memory (MB)          :       40       40          
...
