000 (693.008.000) 10/25 17:37:42 Job submitted from host: <192.168.240.30:57721>
...
001 (693.008.000) 10/25 17:37:45 Job executing on host: <192.168.240.31:54635>
...
006 (693.008.000) 10/25 17:37:53 Image size of job updated: 257172
	21  -  MemoryUsage of job (MB)
	20712  -  ResidentSetSize of job (KB)
...
006 (693.008.000) 10/25 17:42:53 Image size of job updated: 283212
	36  -  MemoryUsage of job (MB)
	35852  -  ResidentSetSize of job (KB)
...
006 (693.008.000) 10/25 17:47:53 Image size of job updated: 283216
	37  -  MemoryUsage of job (MB)
	37764  -  ResidentSetSize of job (KB)
...
006 (693.008.000) 10/25 17:52:53 Image size of job updated: 283220
	38  -  MemoryUsage of job (MB)
	38392  -  ResidentSetSize of job (KB)
...
001 (693.008.000) 10/25 18:18:47 Job executing on host: <192.168.240.31:54635>
...
001 (693.008.000) 10/25 18:50:12 Job executing on host: <192.168.240.31:54635>
...
001 (693.008.000) 10/25 19:26:14 Job executing on host: <192.168.240.32:34109>
...
001 (693.008.000) 10/25 20:17:19 Job executing on host: <192.168.240.30:39776>
...
005 (693.008.000) 10/26 08:18:52 Job terminated.
	(1) Normal termination (return value 0)
		Usr 0 08:38:31, Sys 0 00:31:22  -  Run Remote Usage
		Usr 0 00:00:00, Sys 0 00:00:00  -  Run Local Usage
		Usr 0 08:38:31, Sys 0 00:31:22  -  Total Remote Usage
		Usr 0 00:00:00, Sys 0 00:00:00  -  Total Local Usage
	0  -  Run Bytes Sent By Job
	0  -  Run Bytes Received By Job
	0  -  Total Bytes Sent By Job
	0  -  Total Bytes Received By Job
	Partitionable Resources :    Usage  Request          
	   Cpus                 :                 1          
	   Disk (KB)            :        1        1          
	   Memory (MB)          :       40       40          
...
