000 (666.000.000) 10/22 23:34:33 Job submitted from host: <192.168.240.30:44151>
...
001 (666.000.000) 10/22 23:34:43 Job executing on host: <192.168.240.30:38586>
...
006 (666.000.000) 10/22 23:34:51 Image size of job updated: 2362444
	67  -  MemoryUsage of job (MB)
	68504  -  ResidentSetSize of job (KB)
...
006 (666.000.000) 10/22 23:39:51 Image size of job updated: 2362444
	374  -  MemoryUsage of job (MB)
	382424  -  ResidentSetSize of job (KB)
...
006 (666.000.000) 10/22 23:44:52 Image size of job updated: 2362444
	512  -  MemoryUsage of job (MB)
	524024  -  ResidentSetSize of job (KB)
...
006 (666.000.000) 10/22 23:49:52 Image size of job updated: 2362444
	581  -  MemoryUsage of job (MB)
	594824  -  ResidentSetSize of job (KB)
...
006 (666.000.000) 10/22 23:54:53 Image size of job updated: 2362444
	657  -  MemoryUsage of job (MB)
	672104  -  ResidentSetSize of job (KB)
...
006 (666.000.000) 10/22 23:59:54 Image size of job updated: 2362444
	693  -  MemoryUsage of job (MB)
	708824  -  ResidentSetSize of job (KB)
...
006 (666.000.000) 10/23 00:04:54 Image size of job updated: 2362444
	748  -  MemoryUsage of job (MB)
	765704  -  ResidentSetSize of job (KB)
...
006 (666.000.000) 10/23 00:09:55 Image size of job updated: 2362444
	771  -  MemoryUsage of job (MB)
	788744  -  ResidentSetSize of job (KB)
...
006 (666.000.000) 10/23 00:14:55 Image size of job updated: 2362444
	796  -  MemoryUsage of job (MB)
	814184  -  ResidentSetSize of job (KB)
...
006 (666.000.000) 10/23 00:19:56 Image size of job updated: 2362444
	832  -  MemoryUsage of job (MB)
	851624  -  ResidentSetSize of job (KB)
...
006 (666.000.000) 10/23 00:24:57 Image size of job updated: 2362444
	872  -  MemoryUsage of job (MB)
	892184  -  ResidentSetSize of job (KB)
...
006 (666.000.000) 10/23 00:29:58 Image size of job updated: 2362444
	903  -  MemoryUsage of job (MB)
	924104  -  ResidentSetSize of job (KB)
...
006 (666.000.000) 10/23 00:34:59 Image size of job updated: 2362444
	962  -  MemoryUsage of job (MB)
	984584  -  ResidentSetSize of job (KB)
...
006 (666.000.000) 10/23 00:40:00 Image size of job updated: 2362444
	998  -  MemoryUsage of job (MB)
	1021304  -  ResidentSetSize of job (KB)
...
006 (666.000.000) 10/23 00:45:00 Image size of job updated: 2362444
	1019  -  MemoryUsage of job (MB)
	1042904  -  ResidentSetSize of job (KB)
...
006 (666.000.000) 10/23 00:50:00 Image size of job updated: 2362444
	1037  -  MemoryUsage of job (MB)
	1061144  -  ResidentSetSize of job (KB)
...
006 (666.000.000) 10/23 00:55:01 Image size of job updated: 2362444
	1072  -  MemoryUsage of job (MB)
	1097548  -  ResidentSetSize of job (KB)
...
005 (666.000.000) 10/23 02:30:51 Job terminated.
	(1) Normal termination (return value 0)
		Usr 0 00:01:04, Sys 0 00:00:03  -  Run Remote Usage
		Usr 0 00:00:00, Sys 0 00:00:00  -  Run Local Usage
		Usr 0 00:01:04, Sys 0 00:00:03  -  Total Remote Usage
		Usr 0 00:00:00, Sys 0 00:00:00  -  Total Local Usage
	0  -  Run Bytes Sent By Job
	0  -  Run Bytes Received By Job
	0  -  Total Bytes Sent By Job
	0  -  Total Bytes Received By Job
	Partitionable Resources :    Usage  Request          
	   Cpus                 :                 1          
	   Disk (KB)            :        1        1          
	   Memory (MB)          :     1072     1072          
...
