000 (666.001.000) 10/22 23:34:33 Job submitted from host: <192.168.240.30:44151>
...
001 (666.001.000) 10/22 23:34:43 Job executing on host: <192.168.240.30:38586>
...
006 (666.001.000) 10/22 23:34:52 Image size of job updated: 2362444
	67  -  MemoryUsage of job (MB)
	68364  -  ResidentSetSize of job (KB)
...
006 (666.001.000) 10/22 23:39:53 Image size of job updated: 2362444
	374  -  MemoryUsage of job (MB)
	382428  -  ResidentSetSize of job (KB)
...
006 (666.001.000) 10/22 23:44:54 Image size of job updated: 2362444
	512  -  MemoryUsage of job (MB)
	523788  -  ResidentSetSize of job (KB)
...
006 (666.001.000) 10/22 23:49:55 Image size of job updated: 2362444
	582  -  MemoryUsage of job (MB)
	595308  -  ResidentSetSize of job (KB)
...
006 (666.001.000) 10/22 23:54:55 Image size of job updated: 2362444
	657  -  MemoryUsage of job (MB)
	672716  -  ResidentSetSize of job (KB)
...
006 (666.001.000) 10/22 23:59:55 Image size of job updated: 2362444
	693  -  MemoryUsage of job (MB)
	709548  -  ResidentSetSize of job (KB)
...
006 (666.001.000) 10/23 00:04:56 Image size of job updated: 2362444
	749  -  MemoryUsage of job (MB)
	766908  -  ResidentSetSize of job (KB)
...
006 (666.001.000) 10/23 00:09:57 Image size of job updated: 2362444
	772  -  MemoryUsage of job (MB)
	790188  -  ResidentSetSize of job (KB)
...
006 (666.001.000) 10/23 00:14:57 Image size of job updated: 2362444
	797  -  MemoryUsage of job (MB)
	815868  -  ResidentSetSize of job (KB)
...
006 (666.001.000) 10/23 00:19:57 Image size of job updated: 2362444
	834  -  MemoryUsage of job (MB)
	853308  -  ResidentSetSize of job (KB)
...
006 (666.001.000) 10/23 00:24:57 Image size of job updated: 2362444
	873  -  MemoryUsage of job (MB)
	893388  -  ResidentSetSize of job (KB)
...
006 (666.001.000) 10/23 00:29:58 Image size of job updated: 2362444
	904  -  MemoryUsage of job (MB)
	925548  -  ResidentSetSize of job (KB)
...
006 (666.001.000) 10/23 00:34:58 Image size of job updated: 2362444
	964  -  MemoryUsage of job (MB)
	986748  -  ResidentSetSize of job (KB)
...
006 (666.001.000) 10/23 00:39:58 Image size of job updated: 2362444
	1000  -  MemoryUsage of job (MB)
	1023708  -  ResidentSetSize of job (KB)
...
006 (666.001.000) 10/23 00:44:59 Image size of job updated: 2362444
	1021  -  MemoryUsage of job (MB)
	1044828  -  ResidentSetSize of job (KB)
...
006 (666.001.000) 10/23 00:50:00 Image size of job updated: 2362444
	1039  -  MemoryUsage of job (MB)
	1063308  -  ResidentSetSize of job (KB)
...
006 (666.001.000) 10/23 00:55:00 Image size of job updated: 2362444
	1069  -  MemoryUsage of job (MB)
	1093788  -  ResidentSetSize of job (KB)
...
005 (666.001.000) 10/23 02:30:55 Job terminated.
	(1) Normal termination (return value 0)
		Usr 0 00:01:03, Sys 0 00:00:03  -  Run Remote Usage
		Usr 0 00:00:00, Sys 0 00:00:00  -  Run Local Usage
		Usr 0 00:01:03, Sys 0 00:00:03  -  Total Remote Usage
		Usr 0 00:00:00, Sys 0 00:00:00  -  Total Local Usage
	0  -  Run Bytes Sent By Job
	0  -  Run Bytes Received By Job
	0  -  Total Bytes Sent By Job
	0  -  Total Bytes Received By Job
	Partitionable Resources :    Usage  Request          
	   Cpus                 :                 1          
	   Disk (KB)            :        1        1          
	   Memory (MB)          :     1069     1069          
...
