000 (666.010.000) 10/22 23:34:33 Job submitted from host: <192.168.240.30:44151>
...
001 (666.010.000) 10/22 23:34:46 Job executing on host: <192.168.240.30:38586>
...
006 (666.010.000) 10/22 23:34:58 Image size of job updated: 94540
	3  -  MemoryUsage of job (MB)
	2244  -  ResidentSetSize of job (KB)
...
006 (666.010.000) 10/22 23:39:58 Image size of job updated: 2989796
	77  -  MemoryUsage of job (MB)
	77892  -  ResidentSetSize of job (KB)
...
006 (666.010.000) 10/22 23:44:58 Image size of job updated: 2989796
	215  -  MemoryUsage of job (MB)
	219492  -  ResidentSetSize of job (KB)
...
006 (666.010.000) 10/22 23:49:58 Image size of job updated: 2989796
	285  -  MemoryUsage of job (MB)
	291012  -  ResidentSetSize of job (KB)
...
006 (666.010.000) 10/22 23:54:58 Image size of job updated: 2989796
	360  -  MemoryUsage of job (MB)
	368292  -  ResidentSetSize of job (KB)
...
006 (666.010.000) 10/22 23:59:58 Image size of job updated: 2989796
	396  -  MemoryUsage of job (MB)
	405012  -  ResidentSetSize of job (KB)
...
006 (666.010.000) 10/23 00:04:58 Image size of job updated: 2989796
	451  -  MemoryUsage of job (MB)
	461652  -  ResidentSetSize of job (KB)
...
006 (666.010.000) 10/23 00:09:58 Image size of job updated: 2989796
	474  -  MemoryUsage of job (MB)
	484692  -  ResidentSetSize of job (KB)
...
006 (666.010.000) 10/23 00:14:59 Image size of job updated: 2989796
	499  -  MemoryUsage of job (MB)
	510372  -  ResidentSetSize of job (KB)
...
006 (666.010.000) 10/23 00:20:00 Image size of job updated: 2989796
	536  -  MemoryUsage of job (MB)
	547844  -  ResidentSetSize of job (KB)
...
006 (666.010.000) 10/23 00:25:01 Image size of job updated: 2989796
	575  -  MemoryUsage of job (MB)
	588372  -  ResidentSetSize of job (KB)
...
006 (666.010.000) 10/23 00:30:02 Image size of job updated: 2989796
	607  -  MemoryUsage of job (MB)
	620772  -  ResidentSetSize of job (KB)
...
006 (666.010.000) 10/23 00:35:03 Image size of job updated: 2989796
	666  -  MemoryUsage of job (MB)
	681012  -  ResidentSetSize of job (KB)
...
006 (666.010.000) 10/23 00:40:04 Image size of job updated: 2989796
	702  -  MemoryUsage of job (MB)
	717972  -  ResidentSetSize of job (KB)
...
006 (666.010.000) 10/23 00:45:05 Image size of job updated: 2989796
	723  -  MemoryUsage of job (MB)
	739332  -  ResidentSetSize of job (KB)
...
006 (666.010.000) 10/23 00:50:05 Image size of job updated: 2989796
	741  -  MemoryUsage of job (MB)
	757812  -  ResidentSetSize of job (KB)
...
006 (666.010.000) 10/23 00:55:05 Image size of job updated: 2989796
	785  -  MemoryUsage of job (MB)
	803812  -  ResidentSetSize of job (KB)
...
006 (666.010.000) 10/23 01:00:05 Image size of job updated: 2989796
	795  -  MemoryUsage of job (MB)
	813312  -  ResidentSetSize of job (KB)
...
006 (666.010.000) 10/23 01:45:13 Image size of job updated: 2989796
	810  -  MemoryUsage of job (MB)
	828712  -  ResidentSetSize of job (KB)
...
006 (666.010.000) 10/23 01:50:14 Image size of job updated: 2989796
	819  -  MemoryUsage of job (MB)
	838116  -  ResidentSetSize of job (KB)
...
006 (666.010.000) 10/23 02:30:21 Image size of job updated: 2989796
	851  -  MemoryUsage of job (MB)
	870912  -  ResidentSetSize of job (KB)
...
006 (666.010.000) 10/23 02:35:22 Image size of job updated: 2989796
	876  -  MemoryUsage of job (MB)
	896856  -  ResidentSetSize of job (KB)
...
006 (666.010.000) 10/23 02:40:22 Image size of job updated: 2989796
	899  -  MemoryUsage of job (MB)
	920512  -  ResidentSetSize of job (KB)
...
006 (666.010.000) 10/23 02:45:22 Image size of job updated: 2989796
	923  -  MemoryUsage of job (MB)
	944944  -  ResidentSetSize of job (KB)
...
006 (666.010.000) 10/23 02:50:22 Image size of job updated: 2989796
	963  -  MemoryUsage of job (MB)
	985984  -  ResidentSetSize of job (KB)
...
006 (666.010.000) 10/23 02:55:23 Image size of job updated: 2989796
	1004  -  MemoryUsage of job (MB)
	1027984  -  ResidentSetSize of job (KB)
...
006 (666.010.000) 10/23 03:00:23 Image size of job updated: 2989796
	1036  -  MemoryUsage of job (MB)
	1060016  -  ResidentSetSize of job (KB)
...
005 (666.010.000) 10/23 03:22:47 Job terminated.
	(1) Normal termination (return value 0)
		Usr 0 00:01:23, Sys 0 00:00:04  -  Run Remote Usage
		Usr 0 00:00:00, Sys 0 00:00:00  -  Run Local Usage
		Usr 0 00:01:23, Sys 0 00:00:04  -  Total Remote Usage
		Usr 0 00:00:00, Sys 0 00:00:00  -  Total Local Usage
	0  -  Run Bytes Sent By Job
	0  -  Run Bytes Received By Job
	0  -  Total Bytes Sent By Job
	0  -  Total Bytes Received By Job
	Partitionable Resources :    Usage  Request          
	   Cpus                 :                 1          
	   Disk (KB)            :        1        1          
	   Memory (MB)          :     1036     1036          
...
