000 (666.012.000) 10/22 23:34:33 Job submitted from host: <192.168.240.30:44151>
...
001 (666.012.000) 10/22 23:34:47 Job executing on host: <192.168.240.30:38586>
...
006 (666.012.000) 10/22 23:34:59 Image size of job updated: 94536
	3  -  MemoryUsage of job (MB)
	2236  -  ResidentSetSize of job (KB)
...
006 (666.012.000) 10/22 23:39:59 Image size of job updated: 3576912
	58  -  MemoryUsage of job (MB)
	58792  -  ResidentSetSize of job (KB)
...
006 (666.012.000) 10/22 23:44:59 Image size of job updated: 3576912
	196  -  MemoryUsage of job (MB)
	199800  -  ResidentSetSize of job (KB)
...
006 (666.012.000) 10/22 23:50:00 Image size of job updated: 3576912
	265  -  MemoryUsage of job (MB)
	270616  -  ResidentSetSize of job (KB)
...
006 (666.012.000) 10/22 23:55:01 Image size of job updated: 3576912
	343  -  MemoryUsage of job (MB)
	350296  -  ResidentSetSize of job (KB)
...
006 (666.012.000) 10/23 00:00:01 Image size of job updated: 3576912
	379  -  MemoryUsage of job (MB)
	387496  -  ResidentSetSize of job (KB)
...
006 (666.012.000) 10/23 00:05:01 Image size of job updated: 3576912
	431  -  MemoryUsage of job (MB)
	440536  -  ResidentSetSize of job (KB)
...
006 (666.012.000) 10/23 00:10:01 Image size of job updated: 3576912
	453  -  MemoryUsage of job (MB)
	463816  -  ResidentSetSize of job (KB)
...
006 (666.012.000) 10/23 00:15:02 Image size of job updated: 3576912
	480  -  MemoryUsage of job (MB)
	490936  -  ResidentSetSize of job (KB)
...
006 (666.012.000) 10/23 00:20:02 Image size of job updated: 3576912
	515  -  MemoryUsage of job (MB)
	526936  -  ResidentSetSize of job (KB)
...
006 (666.012.000) 10/23 00:25:02 Image size of job updated: 3576912
	555  -  MemoryUsage of job (MB)
	567496  -  ResidentSetSize of job (KB)
...
006 (666.012.000) 10/23 00:30:03 Image size of job updated: 3576912
	586  -  MemoryUsage of job (MB)
	599896  -  ResidentSetSize of job (KB)
...
006 (666.012.000) 10/23 00:35:03 Image size of job updated: 3576912
	646  -  MemoryUsage of job (MB)
	660856  -  ResidentSetSize of job (KB)
...
006 (666.012.000) 10/23 00:40:04 Image size of job updated: 3576912
	681  -  MemoryUsage of job (MB)
	697336  -  ResidentSetSize of job (KB)
...
006 (666.012.000) 10/23 00:45:05 Image size of job updated: 3576912
	702  -  MemoryUsage of job (MB)
	718456  -  ResidentSetSize of job (KB)
...
006 (666.012.000) 10/23 00:50:06 Image size of job updated: 3576912
	720  -  MemoryUsage of job (MB)
	736936  -  ResidentSetSize of job (KB)
...
006 (666.012.000) 10/23 00:55:06 Image size of job updated: 3576912
	770  -  MemoryUsage of job (MB)
	788464  -  ResidentSetSize of job (KB)
...
006 (666.012.000) 10/23 01:00:06 Image size of job updated: 3576912
	802  -  MemoryUsage of job (MB)
	820472  -  ResidentSetSize of job (KB)
...
006 (666.012.000) 10/23 01:05:06 Image size of job updated: 3576912
	810  -  MemoryUsage of job (MB)
	828600  -  ResidentSetSize of job (KB)
...
006 (666.012.000) 10/23 01:45:14 Image size of job updated: 3576912
	837  -  MemoryUsage of job (MB)
	856856  -  ResidentSetSize of job (KB)
...
006 (666.012.000) 10/23 02:35:24 Image size of job updated: 3576912
	866  -  MemoryUsage of job (MB)
	886556  -  ResidentSetSize of job (KB)
...
006 (666.012.000) 10/23 02:50:25 Image size of job updated: 3576912
	905  -  MemoryUsage of job (MB)
	926092  -  ResidentSetSize of job (KB)
...
006 (666.012.000) 10/23 02:55:25 Image size of job updated: 3576912
	946  -  MemoryUsage of job (MB)
	968092  -  ResidentSetSize of job (KB)
...
006 (666.012.000) 10/23 03:00:26 Image size of job updated: 3576912
	983  -  MemoryUsage of job (MB)
	1005704  -  ResidentSetSize of job (KB)
...
006 (666.012.000) 10/23 03:25:30 Image size of job updated: 3576912
	1088  -  MemoryUsage of job (MB)
	1113232  -  ResidentSetSize of job (KB)
...
006 (666.012.000) 10/23 03:30:31 Image size of job updated: 3576912
	1286  -  MemoryUsage of job (MB)
	1315888  -  ResidentSetSize of job (KB)
...
006 (666.012.000) 10/23 03:35:32 Image size of job updated: 3576912
	1491  -  MemoryUsage of job (MB)
	1526736  -  ResidentSetSize of job (KB)
...
005 (666.012.000) 10/23 03:38:38 Job terminated.
	(1) Normal termination (return value 0)
		Usr 0 00:01:41, Sys 0 00:00:04  -  Run Remote Usage
		Usr 0 00:00:00, Sys 0 00:00:00  -  Run Local Usage
		Usr 0 00:01:41, Sys 0 00:00:04  -  Total Remote Usage
		Usr 0 00:00:00, Sys 0 00:00:00  -  Total Local Usage
	0  -  Run Bytes Sent By Job
	0  -  Run Bytes Received By Job
	0  -  Total Bytes Sent By Job
	0  -  Total Bytes Received By Job
	Partitionable Resources :    Usage  Request          
	   Cpus                 :                 1          
	   Disk (KB)            :        1        1          
	   Memory (MB)          :     1491     1491          
...
