000 (666.013.000) 10/22 23:34:33 Job submitted from host: <192.168.240.30:44151>
...
001 (666.013.000) 10/22 23:34:47 Job executing on host: <192.168.240.30:38586>
...
006 (666.013.000) 10/22 23:35:00 Image size of job updated: 94540
	2  -  MemoryUsage of job (MB)
	1104  -  ResidentSetSize of job (KB)
...
006 (666.013.000) 10/22 23:40:00 Image size of job updated: 342408
	37  -  MemoryUsage of job (MB)
	37380  -  ResidentSetSize of job (KB)
...
006 (666.013.000) 10/22 23:45:01 Image size of job updated: 3576912
	148  -  MemoryUsage of job (MB)
	151100  -  ResidentSetSize of job (KB)
...
006 (666.013.000) 10/22 23:50:02 Image size of job updated: 3576912
	217  -  MemoryUsage of job (MB)
	221900  -  ResidentSetSize of job (KB)
...
006 (666.013.000) 10/22 23:55:03 Image size of job updated: 3576912
	291  -  MemoryUsage of job (MB)
	297740  -  ResidentSetSize of job (KB)
...
006 (666.013.000) 10/23 00:00:04 Image size of job updated: 3576912
	328  -  MemoryUsage of job (MB)
	335180  -  ResidentSetSize of job (KB)
...
006 (666.013.000) 10/23 00:05:04 Image size of job updated: 3576912
	381  -  MemoryUsage of job (MB)
	390140  -  ResidentSetSize of job (KB)
...
006 (666.013.000) 10/23 00:10:05 Image size of job updated: 3576912
	404  -  MemoryUsage of job (MB)
	413452  -  ResidentSetSize of job (KB)
...
006 (666.013.000) 10/23 00:15:06 Image size of job updated: 3576912
	429  -  MemoryUsage of job (MB)
	439100  -  ResidentSetSize of job (KB)
...
006 (666.013.000) 10/23 00:20:07 Image size of job updated: 3576912
	468  -  MemoryUsage of job (MB)
	478460  -  ResidentSetSize of job (KB)
...
006 (666.013.000) 10/23 00:25:08 Image size of job updated: 3576912
	505  -  MemoryUsage of job (MB)
	516860  -  ResidentSetSize of job (KB)
...
006 (666.013.000) 10/23 00:30:09 Image size of job updated: 3576912
	535  -  MemoryUsage of job (MB)
	547580  -  ResidentSetSize of job (KB)
...
006 (666.013.000) 10/23 00:35:09 Image size of job updated: 3576912
	599  -  MemoryUsage of job (MB)
	612620  -  ResidentSetSize of job (KB)
...
006 (666.013.000) 10/23 00:40:10 Image size of job updated: 3576912
	632  -  MemoryUsage of job (MB)
	646460  -  ResidentSetSize of job (KB)
...
006 (666.013.000) 10/23 00:45:11 Image size of job updated: 3576912
	652  -  MemoryUsage of job (MB)
	667580  -  ResidentSetSize of job (KB)
...
006 (666.013.000) 10/23 00:50:12 Image size of job updated: 3576912
	670  -  MemoryUsage of job (MB)
	685340  -  ResidentSetSize of job (KB)
...
006 (666.013.000) 10/23 00:55:13 Image size of job updated: 3576912
	712  -  MemoryUsage of job (MB)
	728868  -  ResidentSetSize of job (KB)
...
006 (666.013.000) 10/23 01:00:13 Image size of job updated: 3576912
	713  -  MemoryUsage of job (MB)
	729884  -  ResidentSetSize of job (KB)
...
006 (666.013.000) 10/23 01:35:14 Image size of job updated: 3576912
	725  -  MemoryUsage of job (MB)
	741504  -  ResidentSetSize of job (KB)
...
006 (666.013.000) 10/23 01:40:14 Image size of job updated: 3576912
	763  -  MemoryUsage of job (MB)
	781104  -  ResidentSetSize of job (KB)
...
006 (666.013.000) 10/23 01:45:14 Image size of job updated: 3576912
	794  -  MemoryUsage of job (MB)
	812304  -  ResidentSetSize of job (KB)
...
006 (666.013.000) 10/23 01:50:15 Image size of job updated: 3576912
	807  -  MemoryUsage of job (MB)
	826216  -  ResidentSetSize of job (KB)
...
006 (666.013.000) 10/23 02:30:16 Image size of job updated: 3576912
	849  -  MemoryUsage of job (MB)
	868372  -  ResidentSetSize of job (KB)
...
006 (666.013.000) 10/23 02:35:16 Image size of job updated: 3576912
	872  -  MemoryUsage of job (MB)
	892804  -  ResidentSetSize of job (KB)
...
006 (666.013.000) 10/23 02:40:16 Image size of job updated: 3576912
	889  -  MemoryUsage of job (MB)
	909648  -  ResidentSetSize of job (KB)
...
006 (666.013.000) 10/23 02:45:17 Image size of job updated: 3576912
	905  -  MemoryUsage of job (MB)
	925916  -  ResidentSetSize of job (KB)
...
006 (666.013.000) 10/23 02:50:17 Image size of job updated: 3576912
	946  -  MemoryUsage of job (MB)
	968636  -  ResidentSetSize of job (KB)
...
006 (666.013.000) 10/23 02:55:17 Image size of job updated: 3576912
	989  -  MemoryUsage of job (MB)
	1012316  -  ResidentSetSize of job (KB)
...
006 (666.013.000) 10/23 03:00:17 Image size of job updated: 3576912
	1031  -  MemoryUsage of job (MB)
	1055524  -  ResidentSetSize of job (KB)
...
006 (666.013.000) 10/23 03:25:17 Image size of job updated: 3576912
	1085  -  MemoryUsage of job (MB)
	1110868  -  ResidentSetSize of job (KB)
...
006 (666.013.000) 10/23 03:30:17 Image size of job updated: 3576912
	1278  -  MemoryUsage of job (MB)
	1308524  -  ResidentSetSize of job (KB)
...
006 (666.013.000) 10/23 03:35:17 Image size of job updated: 3576912
	1483  -  MemoryUsage of job (MB)
	1517668  -  ResidentSetSize of job (KB)
...
005 (666.013.000) 10/23 03:38:17 Job terminated.
	(1) Normal termination (return value 0)
		Usr 0 00:01:41, Sys 0 00:00:05  -  Run Remote Usage
		Usr 0 00:00:00, Sys 0 00:00:00  -  Run Local Usage
		Usr 0 00:01:41, Sys 0 00:00:05  -  Total Remote Usage
		Usr 0 00:00:00, Sys 0 00:00:00  -  Total Local Usage
	0  -  Run Bytes Sent By Job
	0  -  Run Bytes Received By Job
	0  -  Total Bytes Sent By Job
	0  -  Total Bytes Received By Job
	Partitionable Resources :    Usage  Request          
	   Cpus                 :                 1          
	   Disk (KB)            :        1        1          
	   Memory (MB)          :     1483     1483          
...
