000 (666.014.000) 10/22 23:34:33 Job submitted from host: <192.168.240.30:44151>
...
001 (666.014.000) 10/22 23:34:47 Job executing on host: <192.168.240.30:38586>
...
006 (666.014.000) 10/22 23:35:00 Image size of job updated: 94536
	2  -  MemoryUsage of job (MB)
	1104  -  ResidentSetSize of job (KB)
...
006 (666.014.000) 10/22 23:40:01 Image size of job updated: 342408
	37  -  MemoryUsage of job (MB)
	37380  -  ResidentSetSize of job (KB)
...
006 (666.014.000) 10/22 23:45:02 Image size of job updated: 3576908
	145  -  MemoryUsage of job (MB)
	148452  -  ResidentSetSize of job (KB)
...
006 (666.014.000) 10/22 23:50:03 Image size of job updated: 3576908
	214  -  MemoryUsage of job (MB)
	218292  -  ResidentSetSize of job (KB)
...
006 (666.014.000) 10/22 23:55:04 Image size of job updated: 3576908
	288  -  MemoryUsage of job (MB)
	294612  -  ResidentSetSize of job (KB)
...
006 (666.014.000) 10/23 00:00:05 Image size of job updated: 3576908
	325  -  MemoryUsage of job (MB)
	332292  -  ResidentSetSize of job (KB)
...
006 (666.014.000) 10/23 00:05:05 Image size of job updated: 3576908
	378  -  MemoryUsage of job (MB)
	386772  -  ResidentSetSize of job (KB)
...
006 (666.014.000) 10/23 00:10:05 Image size of job updated: 3576908
	401  -  MemoryUsage of job (MB)
	409812  -  ResidentSetSize of job (KB)
...
006 (666.014.000) 10/23 00:15:06 Image size of job updated: 3576908
	426  -  MemoryUsage of job (MB)
	435492  -  ResidentSetSize of job (KB)
...
006 (666.014.000) 10/23 00:20:07 Image size of job updated: 3576908
	464  -  MemoryUsage of job (MB)
	475092  -  ResidentSetSize of job (KB)
...
006 (666.014.000) 10/23 00:25:08 Image size of job updated: 3576908
	502  -  MemoryUsage of job (MB)
	513492  -  ResidentSetSize of job (KB)
...
006 (666.014.000) 10/23 00:30:09 Image size of job updated: 3576908
	532  -  MemoryUsage of job (MB)
	544452  -  ResidentSetSize of job (KB)
...
006 (666.014.000) 10/23 00:35:09 Image size of job updated: 3576908
	595  -  MemoryUsage of job (MB)
	608692  -  ResidentSetSize of job (KB)
...
006 (666.014.000) 10/23 00:40:10 Image size of job updated: 3576908
	628  -  MemoryUsage of job (MB)
	642436  -  ResidentSetSize of job (KB)
...
006 (666.014.000) 10/23 00:45:11 Image size of job updated: 3576908
	649  -  MemoryUsage of job (MB)
	663972  -  ResidentSetSize of job (KB)
...
006 (666.014.000) 10/23 00:50:11 Image size of job updated: 3576908
	666  -  MemoryUsage of job (MB)
	681492  -  ResidentSetSize of job (KB)
...
006 (666.014.000) 10/23 00:55:12 Image size of job updated: 3576908
	711  -  MemoryUsage of job (MB)
	727160  -  ResidentSetSize of job (KB)
...
006 (666.014.000) 10/23 01:00:12 Image size of job updated: 3576908
	720  -  MemoryUsage of job (MB)
	736712  -  ResidentSetSize of job (KB)
...
006 (666.014.000) 10/23 01:05:13 Image size of job updated: 3576908
	726  -  MemoryUsage of job (MB)
	742456  -  ResidentSetSize of job (KB)
...
006 (666.014.000) 10/23 01:35:19 Image size of job updated: 3576908
	729  -  MemoryUsage of job (MB)
	746152  -  ResidentSetSize of job (KB)
...
006 (666.014.000) 10/23 01:40:20 Image size of job updated: 3576908
	768  -  MemoryUsage of job (MB)
	785752  -  ResidentSetSize of job (KB)
...
006 (666.014.000) 10/23 01:45:21 Image size of job updated: 3576908
	799  -  MemoryUsage of job (MB)
	818152  -  ResidentSetSize of job (KB)
...
006 (666.014.000) 10/23 01:50:22 Image size of job updated: 3576908
	810  -  MemoryUsage of job (MB)
	829000  -  ResidentSetSize of job (KB)
...
006 (666.014.000) 10/23 02:30:23 Image size of job updated: 3576908
	827  -  MemoryUsage of job (MB)
	846076  -  ResidentSetSize of job (KB)
...
006 (666.014.000) 10/23 02:35:23 Image size of job updated: 3576908
	846  -  MemoryUsage of job (MB)
	865480  -  ResidentSetSize of job (KB)
...
006 (666.014.000) 10/23 02:40:23 Image size of job updated: 3576908
	858  -  MemoryUsage of job (MB)
	877728  -  ResidentSetSize of job (KB)
...
006 (666.014.000) 10/23 02:45:24 Image size of job updated: 3576908
	870  -  MemoryUsage of job (MB)
	890872  -  ResidentSetSize of job (KB)
...
006 (666.014.000) 10/23 02:50:24 Image size of job updated: 3576908
	913  -  MemoryUsage of job (MB)
	934072  -  ResidentSetSize of job (KB)
...
006 (666.014.000) 10/23 02:55:25 Image size of job updated: 3576908
	953  -  MemoryUsage of job (MB)
	975112  -  ResidentSetSize of job (KB)
...
006 (666.014.000) 10/23 03:00:26 Image size of job updated: 3576908
	991  -  MemoryUsage of job (MB)
	1014560  -  ResidentSetSize of job (KB)
...
006 (666.014.000) 10/23 03:25:30 Image size of job updated: 3576908
	1082  -  MemoryUsage of job (MB)
	1107336  -  ResidentSetSize of job (KB)
...
006 (666.014.000) 10/23 03:30:31 Image size of job updated: 3576908
	1281  -  MemoryUsage of job (MB)
	1311576  -  ResidentSetSize of job (KB)
...
006 (666.014.000) 10/23 03:35:32 Image size of job updated: 3576908
	1487  -  MemoryUsage of job (MB)
	1522536  -  ResidentSetSize of job (KB)
...
005 (666.014.000) 10/23 03:38:52 Job terminated.
	(1) Normal termination (return value 0)
		Usr 0 00:01:40, Sys 0 00:00:05  -  Run Remote Usage
		Usr 0 00:00:00, Sys 0 00:00:00  -  Run Local Usage
		Usr 0 00:01:40, Sys 0 00:00:05  -  Total Remote Usage
		Usr 0 00:00:00, Sys 0 00:00:00  -  Total Local Usage
	0  -  Run Bytes Sent By Job
	0  -  Run Bytes Received By Job
	0  -  Total Bytes Sent By Job
	0  -  Total Bytes Received By Job
	Partitionable Resources :    Usage  Request          
	   Cpus                 :                 1          
	   Disk (KB)            :        1        1          
	   Memory (MB)          :     1487     1487          
...
