000 (666.016.000) 10/22 23:34:33 Job submitted from host: <192.168.240.30:44151>
...
001 (666.016.000) 10/22 23:34:47 Job executing on host: <192.168.240.30:38586>
...
006 (666.016.000) 10/22 23:34:59 Image size of job updated: 94536
	3  -  MemoryUsage of job (MB)
	2204  -  ResidentSetSize of job (KB)
...
006 (666.016.000) 10/22 23:39:59 Image size of job updated: 342412
	37  -  MemoryUsage of job (MB)
	37380  -  ResidentSetSize of job (KB)
...
006 (666.016.000) 10/22 23:45:00 Image size of job updated: 3093432
	156  -  MemoryUsage of job (MB)
	159012  -  ResidentSetSize of job (KB)
...
006 (666.016.000) 10/22 23:50:01 Image size of job updated: 3093432
	228  -  MemoryUsage of job (MB)
	233412  -  ResidentSetSize of job (KB)
...
006 (666.016.000) 10/22 23:55:02 Image size of job updated: 3093432
	303  -  MemoryUsage of job (MB)
	309732  -  ResidentSetSize of job (KB)
...
006 (666.016.000) 10/23 00:00:02 Image size of job updated: 3093432
	340  -  MemoryUsage of job (MB)
	347172  -  ResidentSetSize of job (KB)
...
006 (666.016.000) 10/23 00:05:02 Image size of job updated: 3093432
	393  -  MemoryUsage of job (MB)
	401892  -  ResidentSetSize of job (KB)
...
006 (666.016.000) 10/23 00:10:03 Image size of job updated: 3093432
	415  -  MemoryUsage of job (MB)
	424932  -  ResidentSetSize of job (KB)
...
006 (666.016.000) 10/23 00:15:03 Image size of job updated: 3093432
	440  -  MemoryUsage of job (MB)
	450372  -  ResidentSetSize of job (KB)
...
006 (666.016.000) 10/23 00:20:03 Image size of job updated: 3093432
	479  -  MemoryUsage of job (MB)
	489972  -  ResidentSetSize of job (KB)
...
006 (666.016.000) 10/23 00:25:03 Image size of job updated: 3093432
	515  -  MemoryUsage of job (MB)
	526692  -  ResidentSetSize of job (KB)
...
006 (666.016.000) 10/23 00:30:03 Image size of job updated: 3093432
	546  -  MemoryUsage of job (MB)
	558852  -  ResidentSetSize of job (KB)
...
006 (666.016.000) 10/23 00:35:04 Image size of job updated: 3093432
	606  -  MemoryUsage of job (MB)
	619812  -  ResidentSetSize of job (KB)
...
006 (666.016.000) 10/23 00:40:05 Image size of job updated: 3093432
	642  -  MemoryUsage of job (MB)
	656772  -  ResidentSetSize of job (KB)
...
006 (666.016.000) 10/23 00:45:06 Image size of job updated: 3093432
	663  -  MemoryUsage of job (MB)
	677892  -  ResidentSetSize of job (KB)
...
006 (666.016.000) 10/23 00:50:06 Image size of job updated: 3093432
	681  -  MemoryUsage of job (MB)
	696372  -  ResidentSetSize of job (KB)
...
006 (666.016.000) 10/23 00:55:06 Image size of job updated: 3093432
	733  -  MemoryUsage of job (MB)
	749908  -  ResidentSetSize of job (KB)
...
006 (666.016.000) 10/23 01:00:06 Image size of job updated: 3093432
	773  -  MemoryUsage of job (MB)
	790980  -  ResidentSetSize of job (KB)
...
006 (666.016.000) 10/23 01:05:06 Image size of job updated: 3093432
	790  -  MemoryUsage of job (MB)
	808512  -  ResidentSetSize of job (KB)
...
006 (666.016.000) 10/23 01:40:07 Image size of job updated: 3093432
	828  -  MemoryUsage of job (MB)
	847624  -  ResidentSetSize of job (KB)
...
006 (666.016.000) 10/23 01:45:07 Image size of job updated: 3093432
	861  -  MemoryUsage of job (MB)
	880744  -  ResidentSetSize of job (KB)
...
006 (666.016.000) 10/23 01:50:08 Image size of job updated: 3093432
	882  -  MemoryUsage of job (MB)
	902380  -  ResidentSetSize of job (KB)
...
006 (666.016.000) 10/23 02:50:09 Image size of job updated: 3093432
	910  -  MemoryUsage of job (MB)
	930840  -  ResidentSetSize of job (KB)
...
006 (666.016.000) 10/23 02:55:09 Image size of job updated: 3093432
	952  -  MemoryUsage of job (MB)
	974760  -  ResidentSetSize of job (KB)
...
006 (666.016.000) 10/23 03:00:10 Image size of job updated: 3093432
	999  -  MemoryUsage of job (MB)
	1022396  -  ResidentSetSize of job (KB)
...
006 (666.016.000) 10/23 03:25:14 Image size of job updated: 3093432
	1023  -  MemoryUsage of job (MB)
	1047224  -  ResidentSetSize of job (KB)
...
005 (666.016.000) 10/23 03:28:33 Job terminated.
	(1) Normal termination (return value 0)
		Usr 0 00:01:25, Sys 0 00:00:04  -  Run Remote Usage
		Usr 0 00:00:00, Sys 0 00:00:00  -  Run Local Usage
		Usr 0 00:01:25, Sys 0 00:00:04  -  Total Remote Usage
		Usr 0 00:00:00, Sys 0 00:00:00  -  Total Local Usage
	0  -  Run Bytes Sent By Job
	0  -  Run Bytes Received By Job
	0  -  Total Bytes Sent By Job
	0  -  Total Bytes Received By Job
	Partitionable Resources :    Usage  Request          
	   Cpus                 :                 1          
	   Disk (KB)            :        1        1          
	   Memory (MB)          :     1023     1023          
...
