000 (666.018.000) 10/22 23:34:33 Job submitted from host: <192.168.240.30:44151>
...
001 (666.018.000) 10/22 23:34:47 Job executing on host: <192.168.240.30:38586>
...
006 (666.018.000) 10/22 23:34:59 Image size of job updated: 94536
	3  -  MemoryUsage of job (MB)
	2204  -  ResidentSetSize of job (KB)
...
006 (666.018.000) 10/22 23:39:59 Image size of job updated: 3093432
	43  -  MemoryUsage of job (MB)
	43572  -  ResidentSetSize of job (KB)
...
006 (666.018.000) 10/22 23:44:59 Image size of job updated: 3093432
	180  -  MemoryUsage of job (MB)
	184212  -  ResidentSetSize of job (KB)
...
006 (666.018.000) 10/22 23:50:00 Image size of job updated: 3093432
	250  -  MemoryUsage of job (MB)
	255732  -  ResidentSetSize of job (KB)
...
006 (666.018.000) 10/22 23:55:01 Image size of job updated: 3093432
	328  -  MemoryUsage of job (MB)
	335652  -  ResidentSetSize of job (KB)
...
006 (666.018.000) 10/23 00:00:01 Image size of job updated: 3093432
	365  -  MemoryUsage of job (MB)
	373092  -  ResidentSetSize of job (KB)
...
006 (666.018.000) 10/23 00:05:01 Image size of job updated: 3093432
	417  -  MemoryUsage of job (MB)
	426612  -  ResidentSetSize of job (KB)
...
006 (666.018.000) 10/23 00:10:01 Image size of job updated: 3093432
	440  -  MemoryUsage of job (MB)
	449892  -  ResidentSetSize of job (KB)
...
006 (666.018.000) 10/23 00:15:02 Image size of job updated: 3093432
	466  -  MemoryUsage of job (MB)
	476772  -  ResidentSetSize of job (KB)
...
006 (666.018.000) 10/23 00:20:02 Image size of job updated: 3093432
	501  -  MemoryUsage of job (MB)
	512772  -  ResidentSetSize of job (KB)
...
006 (666.018.000) 10/23 00:25:02 Image size of job updated: 3093432
	541  -  MemoryUsage of job (MB)
	553092  -  ResidentSetSize of job (KB)
...
006 (666.018.000) 10/23 00:30:02 Image size of job updated: 3093432
	572  -  MemoryUsage of job (MB)
	585252  -  ResidentSetSize of job (KB)
...
006 (666.018.000) 10/23 00:35:02 Image size of job updated: 3093432
	632  -  MemoryUsage of job (MB)
	646212  -  ResidentSetSize of job (KB)
...
006 (666.018.000) 10/23 00:40:03 Image size of job updated: 3093432
	667  -  MemoryUsage of job (MB)
	682692  -  ResidentSetSize of job (KB)
...
006 (666.018.000) 10/23 00:45:04 Image size of job updated: 3093432
	688  -  MemoryUsage of job (MB)
	704292  -  ResidentSetSize of job (KB)
...
006 (666.018.000) 10/23 00:50:05 Image size of job updated: 3093432
	706  -  MemoryUsage of job (MB)
	722532  -  ResidentSetSize of job (KB)
...
006 (666.018.000) 10/23 00:55:05 Image size of job updated: 3093432
	756  -  MemoryUsage of job (MB)
	773364  -  ResidentSetSize of job (KB)
...
006 (666.018.000) 10/23 01:00:05 Image size of job updated: 3093432
	787  -  MemoryUsage of job (MB)
	805700  -  ResidentSetSize of job (KB)
...
006 (666.018.000) 10/23 01:05:05 Image size of job updated: 3093432
	798  -  MemoryUsage of job (MB)
	816412  -  ResidentSetSize of job (KB)
...
006 (666.018.000) 10/23 01:45:12 Image size of job updated: 3093432
	801  -  MemoryUsage of job (MB)
	820064  -  ResidentSetSize of job (KB)
...
006 (666.018.000) 10/23 01:50:13 Image size of job updated: 3093432
	815  -  MemoryUsage of job (MB)
	834448  -  ResidentSetSize of job (KB)
...
006 (666.018.000) 10/23 02:30:14 Image size of job updated: 3093432
	847  -  MemoryUsage of job (MB)
	867184  -  ResidentSetSize of job (KB)
...
006 (666.018.000) 10/23 02:35:14 Image size of job updated: 3093432
	873  -  MemoryUsage of job (MB)
	893624  -  ResidentSetSize of job (KB)
...
006 (666.018.000) 10/23 02:45:15 Image size of job updated: 3093432
	902  -  MemoryUsage of job (MB)
	923120  -  ResidentSetSize of job (KB)
...
006 (666.018.000) 10/23 02:50:16 Image size of job updated: 3093432
	943  -  MemoryUsage of job (MB)
	965360  -  ResidentSetSize of job (KB)
...
006 (666.018.000) 10/23 02:55:17 Image size of job updated: 3093432
	986  -  MemoryUsage of job (MB)
	1009248  -  ResidentSetSize of job (KB)
...
006 (666.018.000) 10/23 03:00:18 Image size of job updated: 3093432
	1037  -  MemoryUsage of job (MB)
	1061812  -  ResidentSetSize of job (KB)
...
005 (666.018.000) 10/23 03:27:38 Job terminated.
	(1) Normal termination (return value 0)
		Usr 0 00:01:25, Sys 0 00:00:04  -  Run Remote Usage
		Usr 0 00:00:00, Sys 0 00:00:00  -  Run Local Usage
		Usr 0 00:01:25, Sys 0 00:00:04  -  Total Remote Usage
		Usr 0 00:00:00, Sys 0 00:00:00  -  Total Local Usage
	0  -  Run Bytes Sent By Job
	0  -  Run Bytes Received By Job
	0  -  Total Bytes Sent By Job
	0  -  Total Bytes Received By Job
	Partitionable Resources :    Usage  Request          
	   Cpus                 :                 1          
	   Disk (KB)            :        1        1          
	   Memory (MB)          :     1037     1037          
...
