000 (666.019.000) 10/22 23:34:33 Job submitted from host: <192.168.240.30:44151>
...
001 (666.019.000) 10/22 23:34:47 Job executing on host: <192.168.240.30:38586>
...
006 (666.019.000) 10/22 23:35:00 Image size of job updated: 63848
	2  -  MemoryUsage of job (MB)
	1104  -  ResidentSetSize of job (KB)
...
006 (666.019.000) 10/22 23:40:00 Image size of job updated: 342412
	37  -  MemoryUsage of job (MB)
	37392  -  ResidentSetSize of job (KB)
...
006 (666.019.000) 10/22 23:45:01 Image size of job updated: 3093428
	156  -  MemoryUsage of job (MB)
	159736  -  ResidentSetSize of job (KB)
...
006 (666.019.000) 10/22 23:50:02 Image size of job updated: 3093428
	225  -  MemoryUsage of job (MB)
	229576  -  ResidentSetSize of job (KB)
...
006 (666.019.000) 10/22 23:55:03 Image size of job updated: 3093428
	299  -  MemoryUsage of job (MB)
	306136  -  ResidentSetSize of job (KB)
...
006 (666.019.000) 10/23 00:00:03 Image size of job updated: 3093428
	336  -  MemoryUsage of job (MB)
	343576  -  ResidentSetSize of job (KB)
...
006 (666.019.000) 10/23 00:05:04 Image size of job updated: 3093428
	390  -  MemoryUsage of job (MB)
	398536  -  ResidentSetSize of job (KB)
...
006 (666.019.000) 10/23 00:10:04 Image size of job updated: 3093428
	412  -  MemoryUsage of job (MB)
	421576  -  ResidentSetSize of job (KB)
...
006 (666.019.000) 10/23 00:15:05 Image size of job updated: 3093428
	437  -  MemoryUsage of job (MB)
	447016  -  ResidentSetSize of job (KB)
...
006 (666.019.000) 10/23 00:20:06 Image size of job updated: 3093428
	475  -  MemoryUsage of job (MB)
	486376  -  ResidentSetSize of job (KB)
...
006 (666.019.000) 10/23 00:25:06 Image size of job updated: 3093428
	513  -  MemoryUsage of job (MB)
	524536  -  ResidentSetSize of job (KB)
...
006 (666.019.000) 10/23 00:30:06 Image size of job updated: 3093428
	543  -  MemoryUsage of job (MB)
	555496  -  ResidentSetSize of job (KB)
...
006 (666.019.000) 10/23 00:35:07 Image size of job updated: 3093428
	606  -  MemoryUsage of job (MB)
	620296  -  ResidentSetSize of job (KB)
...
006 (666.019.000) 10/23 00:40:08 Image size of job updated: 3093428
	640  -  MemoryUsage of job (MB)
	654376  -  ResidentSetSize of job (KB)
...
006 (666.019.000) 10/23 00:45:09 Image size of job updated: 3093428
	660  -  MemoryUsage of job (MB)
	675496  -  ResidentSetSize of job (KB)
...
006 (666.019.000) 10/23 00:50:09 Image size of job updated: 3093428
	677  -  MemoryUsage of job (MB)
	693016  -  ResidentSetSize of job (KB)
...
006 (666.019.000) 10/23 00:55:09 Image size of job updated: 3093428
	723  -  MemoryUsage of job (MB)
	739724  -  ResidentSetSize of job (KB)
...
006 (666.019.000) 10/23 01:00:09 Image size of job updated: 3093428
	727  -  MemoryUsage of job (MB)
	743444  -  ResidentSetSize of job (KB)
...
006 (666.019.000) 10/23 01:05:09 Image size of job updated: 3093428
	730  -  MemoryUsage of job (MB)
	747296  -  ResidentSetSize of job (KB)
...
006 (666.019.000) 10/23 01:40:10 Image size of job updated: 3093428
	748  -  MemoryUsage of job (MB)
	765864  -  ResidentSetSize of job (KB)
...
006 (666.019.000) 10/23 01:45:10 Image size of job updated: 3093428
	781  -  MemoryUsage of job (MB)
	798744  -  ResidentSetSize of job (KB)
...
006 (666.019.000) 10/23 01:50:10 Image size of job updated: 3093428
	792  -  MemoryUsage of job (MB)
	810924  -  ResidentSetSize of job (KB)
...
006 (666.019.000) 10/23 02:30:10 Image size of job updated: 3093428
	827  -  MemoryUsage of job (MB)
	846256  -  ResidentSetSize of job (KB)
...
006 (666.019.000) 10/23 02:35:10 Image size of job updated: 3093428
	849  -  MemoryUsage of job (MB)
	868392  -  ResidentSetSize of job (KB)
...
006 (666.019.000) 10/23 02:40:11 Image size of job updated: 3093428
	849  -  MemoryUsage of job (MB)
	868460  -  ResidentSetSize of job (KB)
...
006 (666.019.000) 10/23 02:45:11 Image size of job updated: 3093428
	856  -  MemoryUsage of job (MB)
	875856  -  ResidentSetSize of job (KB)
...
006 (666.019.000) 10/23 02:50:12 Image size of job updated: 3093428
	898  -  MemoryUsage of job (MB)
	918576  -  ResidentSetSize of job (KB)
...
006 (666.019.000) 10/23 02:55:13 Image size of job updated: 3093428
	940  -  MemoryUsage of job (MB)
	962496  -  ResidentSetSize of job (KB)
...
006 (666.019.000) 10/23 03:00:13 Image size of job updated: 3093428
	973  -  MemoryUsage of job (MB)
	996184  -  ResidentSetSize of job (KB)
...
006 (666.019.000) 10/23 03:25:13 Image size of job updated: 3093428
	1027  -  MemoryUsage of job (MB)
	1050728  -  ResidentSetSize of job (KB)
...
005 (666.019.000) 10/23 03:28:40 Job terminated.
	(1) Normal termination (return value 0)
		Usr 0 00:01:26, Sys 0 00:00:04  -  Run Remote Usage
		Usr 0 00:00:00, Sys 0 00:00:00  -  Run Local Usage
		Usr 0 00:01:26, Sys 0 00:00:04  -  Total Remote Usage
		Usr 0 00:00:00, Sys 0 00:00:00  -  Total Local Usage
	0  -  Run Bytes Sent By Job
	0  -  Run Bytes Received By Job
	0  -  Total Bytes Sent By Job
	0  -  Total Bytes Received By Job
	Partitionable Resources :    Usage  Request          
	   Cpus                 :                 1          
	   Disk (KB)            :        1        1          
	   Memory (MB)          :     1027     1027          
...
