000 (666.020.000) 10/22 23:34:33 Job submitted from host: <192.168.240.30:44151>
...
001 (666.020.000) 10/22 23:34:47 Job executing on host: <192.168.240.30:38586>
...
006 (666.020.000) 10/22 23:34:59 Image size of job updated: 94544
	3  -  MemoryUsage of job (MB)
	2244  -  ResidentSetSize of job (KB)
...
006 (666.020.000) 10/22 23:40:00 Image size of job updated: 342412
	37  -  MemoryUsage of job (MB)
	37384  -  ResidentSetSize of job (KB)
...
006 (666.020.000) 10/22 23:45:01 Image size of job updated: 3402508
	148  -  MemoryUsage of job (MB)
	151340  -  ResidentSetSize of job (KB)
...
006 (666.020.000) 10/22 23:50:01 Image size of job updated: 3402508
	217  -  MemoryUsage of job (MB)
	221420  -  ResidentSetSize of job (KB)
...
006 (666.020.000) 10/22 23:55:01 Image size of job updated: 3402508
	290  -  MemoryUsage of job (MB)
	296780  -  ResidentSetSize of job (KB)
...
006 (666.020.000) 10/23 00:00:02 Image size of job updated: 3402508
	327  -  MemoryUsage of job (MB)
	333980  -  ResidentSetSize of job (KB)
...
006 (666.020.000) 10/23 00:05:03 Image size of job updated: 3402508
	380  -  MemoryUsage of job (MB)
	388940  -  ResidentSetSize of job (KB)
...
006 (666.020.000) 10/23 00:10:03 Image size of job updated: 3402508
	403  -  MemoryUsage of job (MB)
	412044  -  ResidentSetSize of job (KB)
...
006 (666.020.000) 10/23 00:15:03 Image size of job updated: 3402508
	428  -  MemoryUsage of job (MB)
	437660  -  ResidentSetSize of job (KB)
...
006 (666.020.000) 10/23 00:20:03 Image size of job updated: 3402508
	466  -  MemoryUsage of job (MB)
	477020  -  ResidentSetSize of job (KB)
...
006 (666.020.000) 10/23 00:25:04 Image size of job updated: 3402508
	504  -  MemoryUsage of job (MB)
	515660  -  ResidentSetSize of job (KB)
...
006 (666.020.000) 10/23 00:30:05 Image size of job updated: 3402508
	534  -  MemoryUsage of job (MB)
	546620  -  ResidentSetSize of job (KB)
...
006 (666.020.000) 10/23 00:35:05 Image size of job updated: 3402508
	594  -  MemoryUsage of job (MB)
	607644  -  ResidentSetSize of job (KB)
...
006 (666.020.000) 10/23 00:40:06 Image size of job updated: 3402508
	631  -  MemoryUsage of job (MB)
	645500  -  ResidentSetSize of job (KB)
...
006 (666.020.000) 10/23 00:45:07 Image size of job updated: 3402508
	652  -  MemoryUsage of job (MB)
	666860  -  ResidentSetSize of job (KB)
...
006 (666.020.000) 10/23 00:50:07 Image size of job updated: 3402508
	669  -  MemoryUsage of job (MB)
	684380  -  ResidentSetSize of job (KB)
...
006 (666.020.000) 10/23 00:55:07 Image size of job updated: 3402508
	715  -  MemoryUsage of job (MB)
	731352  -  ResidentSetSize of job (KB)
...
006 (666.020.000) 10/23 01:00:07 Image size of job updated: 3402508
	722  -  MemoryUsage of job (MB)
	738568  -  ResidentSetSize of job (KB)
...
006 (666.020.000) 10/23 01:05:07 Image size of job updated: 3402508
	726  -  MemoryUsage of job (MB)
	743120  -  ResidentSetSize of job (KB)
...
006 (666.020.000) 10/23 01:40:08 Image size of job updated: 3402508
	758  -  MemoryUsage of job (MB)
	775980  -  ResidentSetSize of job (KB)
...
006 (666.020.000) 10/23 01:45:08 Image size of job updated: 3402508
	790  -  MemoryUsage of job (MB)
	808620  -  ResidentSetSize of job (KB)
...
006 (666.020.000) 10/23 01:50:09 Image size of job updated: 3402508
	802  -  MemoryUsage of job (MB)
	820272  -  ResidentSetSize of job (KB)
...
006 (666.020.000) 10/23 02:30:09 Image size of job updated: 3402508
	825  -  MemoryUsage of job (MB)
	844564  -  ResidentSetSize of job (KB)
...
006 (666.020.000) 10/23 02:35:09 Image size of job updated: 3402508
	848  -  MemoryUsage of job (MB)
	868168  -  ResidentSetSize of job (KB)
...
006 (666.020.000) 10/23 02:45:11 Image size of job updated: 3402508
	882  -  MemoryUsage of job (MB)
	902772  -  ResidentSetSize of job (KB)
...
006 (666.020.000) 10/23 02:50:12 Image size of job updated: 3402508
	924  -  MemoryUsage of job (MB)
	945732  -  ResidentSetSize of job (KB)
...
006 (666.020.000) 10/23 02:55:12 Image size of job updated: 3402508
	968  -  MemoryUsage of job (MB)
	990372  -  ResidentSetSize of job (KB)
...
006 (666.020.000) 10/23 03:00:12 Image size of job updated: 3402508
	1011  -  MemoryUsage of job (MB)
	1034916  -  ResidentSetSize of job (KB)
...
006 (666.020.000) 10/23 03:25:12 Image size of job updated: 3402508
	1063  -  MemoryUsage of job (MB)
	1088460  -  ResidentSetSize of job (KB)
...
006 (666.020.000) 10/23 03:30:12 Image size of job updated: 3402508
	1259  -  MemoryUsage of job (MB)
	1288492  -  ResidentSetSize of job (KB)
...
005 (666.020.000) 10/23 03:35:33 Job terminated.
	(1) Normal termination (return value 0)
		Usr 0 00:01:32, Sys 0 00:00:04  -  Run Remote Usage
		Usr 0 00:00:00, Sys 0 00:00:00  -  Run Local Usage
		Usr 0 00:01:32, Sys 0 00:00:04  -  Total Remote Usage
		Usr 0 00:00:00, Sys 0 00:00:00  -  Total Local Usage
	0  -  Run Bytes Sent By Job
	0  -  Run Bytes Received By Job
	0  -  Total Bytes Sent By Job
	0  -  Total Bytes Received By Job
	Partitionable Resources :    Usage  Request          
	   Cpus                 :                 1          
	   Disk (KB)            :        1        1          
	   Memory (MB)          :     1259     1259          
...
