000 (666.023.000) 10/22 23:34:33 Job submitted from host: <192.168.240.30:44151>
...
001 (666.023.000) 10/22 23:34:47 Job executing on host: <192.168.240.30:38586>
...
006 (666.023.000) 10/22 23:34:59 Image size of job updated: 94544
	3  -  MemoryUsage of job (MB)
	2240  -  ResidentSetSize of job (KB)
...
006 (666.023.000) 10/22 23:39:59 Image size of job updated: 3402504
	57  -  MemoryUsage of job (MB)
	58216  -  ResidentSetSize of job (KB)
...
006 (666.023.000) 10/22 23:44:59 Image size of job updated: 3402504
	195  -  MemoryUsage of job (MB)
	199336  -  ResidentSetSize of job (KB)
...
006 (666.023.000) 10/22 23:50:00 Image size of job updated: 3402504
	264  -  MemoryUsage of job (MB)
	269880  -  ResidentSetSize of job (KB)
...
006 (666.023.000) 10/22 23:55:01 Image size of job updated: 3402504
	342  -  MemoryUsage of job (MB)
	350056  -  ResidentSetSize of job (KB)
...
006 (666.023.000) 10/23 00:00:01 Image size of job updated: 3402504
	379  -  MemoryUsage of job (MB)
	387496  -  ResidentSetSize of job (KB)
...
006 (666.023.000) 10/23 00:05:02 Image size of job updated: 3402504
	432  -  MemoryUsage of job (MB)
	442216  -  ResidentSetSize of job (KB)
...
006 (666.023.000) 10/23 00:10:02 Image size of job updated: 3402504
	455  -  MemoryUsage of job (MB)
	465496  -  ResidentSetSize of job (KB)
...
006 (666.023.000) 10/23 00:15:03 Image size of job updated: 3402504
	480  -  MemoryUsage of job (MB)
	491176  -  ResidentSetSize of job (KB)
...
006 (666.023.000) 10/23 00:20:04 Image size of job updated: 3402504
	519  -  MemoryUsage of job (MB)
	530568  -  ResidentSetSize of job (KB)
...
006 (666.023.000) 10/23 00:25:05 Image size of job updated: 3402504
	557  -  MemoryUsage of job (MB)
	569416  -  ResidentSetSize of job (KB)
...
006 (666.023.000) 10/23 00:30:06 Image size of job updated: 3402504
	587  -  MemoryUsage of job (MB)
	600376  -  ResidentSetSize of job (KB)
...
006 (666.023.000) 10/23 00:35:06 Image size of job updated: 3402504
	650  -  MemoryUsage of job (MB)
	665176  -  ResidentSetSize of job (KB)
...
006 (666.023.000) 10/23 00:40:07 Image size of job updated: 3402504
	683  -  MemoryUsage of job (MB)
	699256  -  ResidentSetSize of job (KB)
...
006 (666.023.000) 10/23 00:45:08 Image size of job updated: 3402504
	704  -  MemoryUsage of job (MB)
	720616  -  ResidentSetSize of job (KB)
...
006 (666.023.000) 10/23 00:50:09 Image size of job updated: 3402504
	721  -  MemoryUsage of job (MB)
	738136  -  ResidentSetSize of job (KB)
...
006 (666.023.000) 10/23 00:55:10 Image size of job updated: 3402504
	762  -  MemoryUsage of job (MB)
	779340  -  ResidentSetSize of job (KB)
...
006 (666.023.000) 10/23 01:00:10 Image size of job updated: 3402504
	766  -  MemoryUsage of job (MB)
	784268  -  ResidentSetSize of job (KB)
...
006 (666.023.000) 10/23 01:05:10 Image size of job updated: 3402504
	768  -  MemoryUsage of job (MB)
	785752  -  ResidentSetSize of job (KB)
...
006 (666.023.000) 10/23 01:45:11 Image size of job updated: 3402504
	789  -  MemoryUsage of job (MB)
	807136  -  ResidentSetSize of job (KB)
...
006 (666.023.000) 10/23 01:50:11 Image size of job updated: 3402504
	802  -  MemoryUsage of job (MB)
	821140  -  ResidentSetSize of job (KB)
...
006 (666.023.000) 10/23 02:30:11 Image size of job updated: 3402504
	826  -  MemoryUsage of job (MB)
	845728  -  ResidentSetSize of job (KB)
...
006 (666.023.000) 10/23 02:35:11 Image size of job updated: 3402504
	855  -  MemoryUsage of job (MB)
	875460  -  ResidentSetSize of job (KB)
...
006 (666.023.000) 10/23 02:40:11 Image size of job updated: 3402504
	865  -  MemoryUsage of job (MB)
	885168  -  ResidentSetSize of job (KB)
...
006 (666.023.000) 10/23 02:45:11 Image size of job updated: 3402504
	916  -  MemoryUsage of job (MB)
	937788  -  ResidentSetSize of job (KB)
...
006 (666.023.000) 10/23 02:50:11 Image size of job updated: 3402504
	959  -  MemoryUsage of job (MB)
	981228  -  ResidentSetSize of job (KB)
...
006 (666.023.000) 10/23 02:55:12 Image size of job updated: 3402504
	1002  -  MemoryUsage of job (MB)
	1025388  -  ResidentSetSize of job (KB)
...
006 (666.023.000) 10/23 03:00:12 Image size of job updated: 3402504
	1048  -  MemoryUsage of job (MB)
	1073016  -  ResidentSetSize of job (KB)
...
006 (666.023.000) 10/23 03:30:12 Image size of job updated: 3402504
	1241  -  MemoryUsage of job (MB)
	1270344  -  ResidentSetSize of job (KB)
...
005 (666.023.000) 10/23 03:33:29 Job terminated.
	(1) Normal termination (return value 0)
		Usr 0 00:01:34, Sys 0 00:00:04  -  Run Remote Usage
		Usr 0 00:00:00, Sys 0 00:00:00  -  Run Local Usage
		Usr 0 00:01:34, Sys 0 00:00:04  -  Total Remote Usage
		Usr 0 00:00:00, Sys 0 00:00:00  -  Total Local Usage
	0  -  Run Bytes Sent By Job
	0  -  Run Bytes Received By Job
	0  -  Total Bytes Sent By Job
	0  -  Total Bytes Received By Job
	Partitionable Resources :    Usage  Request          
	   Cpus                 :                 1          
	   Disk (KB)            :        1        1          
	   Memory (MB)          :     1241     1241          
...
