000 (666.024.000) 10/22 23:34:33 Job submitted from host: <192.168.240.30:44151>
...
001 (666.024.000) 10/22 23:44:38 Job executing on host: <192.168.240.31:38437>
...
006 (666.024.000) 10/22 23:44:49 Image size of job updated: 362676
	39  -  MemoryUsage of job (MB)
	39904  -  ResidentSetSize of job (KB)
...
006 (666.024.000) 10/22 23:49:49 Image size of job updated: 3057944
	388  -  MemoryUsage of job (MB)
	396388  -  ResidentSetSize of job (KB)
...
006 (666.024.000) 10/22 23:54:50 Image size of job updated: 3057944
	679  -  MemoryUsage of job (MB)
	694948  -  ResidentSetSize of job (KB)
...
001 (666.024.000) 10/23 00:21:48 Job executing on host: <192.168.240.32:56990>
...
001 (666.024.000) 10/23 00:53:15 Job executing on host: <192.168.240.32:56990>
...
006 (666.024.000) 10/23 00:58:28 Image size of job updated: 3250000
	759  -  MemoryUsage of job (MB)
	776300  -  ResidentSetSize of job (KB)
...
006 (666.024.000) 10/23 01:03:29 Image size of job updated: 3250000
	892  -  MemoryUsage of job (MB)
	912860  -  ResidentSetSize of job (KB)
...
006 (666.024.000) 10/23 01:08:30 Image size of job updated: 3250000
	1045  -  MemoryUsage of job (MB)
	1070060  -  ResidentSetSize of job (KB)
...
001 (666.024.000) 10/23 01:35:18 Job executing on host: <192.168.240.32:56990>
...
001 (666.024.000) 10/23 02:03:00 Job executing on host: <192.168.240.32:56990>
...
006 (666.024.000) 10/23 02:08:13 Image size of job updated: 3250000
	1241  -  MemoryUsage of job (MB)
	1269904  -  ResidentSetSize of job (KB)
...
001 (666.024.000) 10/23 02:34:47 Job executing on host: <192.168.240.32:56990>
...
001 (666.024.000) 10/23 03:22:32 Job executing on host: <192.168.240.32:56990>
...
001 (666.024.000) 10/23 04:03:11 Job executing on host: <192.168.240.32:56990>
...
006 (666.024.000) 10/23 04:18:23 Image size of job updated: 3250000
	1679  -  MemoryUsage of job (MB)
	1718352  -  ResidentSetSize of job (KB)
...
001 (666.024.000) 10/23 04:44:34 Job executing on host: <192.168.240.32:56990>
...
001 (666.024.000) 10/23 05:32:36 Job executing on host: <192.168.240.32:56990>
...
001 (666.024.000) 10/23 06:30:25 Job executing on host: <192.168.240.32:56990>
...
006 (666.024.000) 10/23 06:45:42 Image size of job updated: 3250000
	1763  -  MemoryUsage of job (MB)
	1804852  -  ResidentSetSize of job (KB)
...
001 (666.024.000) 10/23 07:10:48 Job executing on host: <192.168.240.32:56990>
...
001 (666.024.000) 10/23 07:47:50 Job executing on host: <192.168.240.32:56990>
...
005 (666.024.000) 10/23 08:12:04 Job terminated.
	(1) Normal termination (return value 0)
		Usr 0 00:00:56, Sys 0 00:00:08  -  Run Remote Usage
		Usr 0 00:00:00, Sys 0 00:00:00  -  Run Local Usage
		Usr 0 00:00:56, Sys 0 00:00:08  -  Total Remote Usage
		Usr 0 00:00:00, Sys 0 00:00:00  -  Total Local Usage
	0  -  Run Bytes Sent By Job
	0  -  Run Bytes Received By Job
	0  -  Total Bytes Sent By Job
	0  -  Total Bytes Received By Job
	Partitionable Resources :    Usage  Request          
	   Cpus                 :                 1          
	   Disk (KB)            :        1        1          
	   Memory (MB)          :     1954     1954          
...
