000 (666.025.000) 10/22 23:34:33 Job submitted from host: <192.168.240.30:44151>
...
001 (666.025.000) 10/22 23:44:44 Job executing on host: <192.168.240.31:38437>
...
006 (666.025.000) 10/22 23:44:55 Image size of job updated: 191544
	3  -  MemoryUsage of job (MB)
	2864  -  ResidentSetSize of job (KB)
...
006 (666.025.000) 10/22 23:49:55 Image size of job updated: 3057948
	319  -  MemoryUsage of job (MB)
	325824  -  ResidentSetSize of job (KB)
...
006 (666.025.000) 10/22 23:54:56 Image size of job updated: 3057948
	607  -  MemoryUsage of job (MB)
	620784  -  ResidentSetSize of job (KB)
...
001 (666.025.000) 10/23 00:21:24 Job executing on host: <192.168.240.32:56990>
...
001 (666.025.000) 10/23 00:53:08 Job executing on host: <192.168.240.32:56990>
...
006 (666.025.000) 10/23 00:58:21 Image size of job updated: 3250000
	1038  -  MemoryUsage of job (MB)
	1062388  -  ResidentSetSize of job (KB)
...
006 (666.025.000) 10/23 01:03:22 Image size of job updated: 3250000
	1181  -  MemoryUsage of job (MB)
	1209208  -  ResidentSetSize of job (KB)
...
006 (666.025.000) 10/23 01:08:22 Image size of job updated: 3250000
	1331  -  MemoryUsage of job (MB)
	1362808  -  ResidentSetSize of job (KB)
...
001 (666.025.000) 10/23 01:35:28 Job executing on host: <192.168.240.32:56990>
...
001 (666.025.000) 10/23 02:03:16 Job executing on host: <192.168.240.32:56990>
...
001 (666.025.000) 10/23 02:34:47 Job executing on host: <192.168.240.32:56990>
...
006 (666.025.000) 10/23 02:50:00 Image size of job updated: 3250000
	1531  -  MemoryUsage of job (MB)
	1567584  -  ResidentSetSize of job (KB)
...
001 (666.025.000) 10/23 03:22:31 Job executing on host: <192.168.240.32:56990>
...
001 (666.025.000) 10/23 04:03:05 Job executing on host: <192.168.240.32:56990>
...
001 (666.025.000) 10/23 04:44:34 Job executing on host: <192.168.240.32:56990>
...
001 (666.025.000) 10/23 05:32:36 Job executing on host: <192.168.240.32:56990>
...
001 (666.025.000) 10/23 06:30:25 Job executing on host: <192.168.240.32:56990>
...
006 (666.025.000) 10/23 06:45:42 Image size of job updated: 3250000
	1726  -  MemoryUsage of job (MB)
	1766548  -  ResidentSetSize of job (KB)
...
001 (666.025.000) 10/23 07:10:48 Job executing on host: <192.168.240.32:56990>
...
001 (666.025.000) 10/23 07:47:50 Job executing on host: <192.168.240.32:56990>
...
005 (666.025.000) 10/23 08:12:03 Job terminated.
	(1) Normal termination (return value 0)
		Usr 0 00:00:55, Sys 0 00:00:09  -  Run Remote Usage
		Usr 0 00:00:00, Sys 0 00:00:00  -  Run Local Usage
		Usr 0 00:00:55, Sys 0 00:00:09  -  Total Remote Usage
		Usr 0 00:00:00, Sys 0 00:00:00  -  Total Local Usage
	0  -  Run Bytes Sent By Job
	0  -  Run Bytes Received By Job
	0  -  Total Bytes Sent By Job
	0  -  Total Bytes Received By Job
	Partitionable Resources :    Usage  Request          
	   Cpus                 :                 1          
	   Disk (KB)            :        1        1          
	   Memory (MB)          :     1954     1954          
...
