000 (666.026.000) 10/22 23:34:33 Job submitted from host: <192.168.240.30:44151>
...
001 (666.026.000) 10/22 23:44:45 Job executing on host: <192.168.240.31:38437>
...
006 (666.026.000) 10/22 23:44:57 Image size of job updated: 127696
	2  -  MemoryUsage of job (MB)
	2024  -  ResidentSetSize of job (KB)
...
006 (666.026.000) 10/22 23:49:58 Image size of job updated: 3057952
	293  -  MemoryUsage of job (MB)
	299044  -  ResidentSetSize of job (KB)
...
006 (666.026.000) 10/22 23:54:59 Image size of job updated: 3057952
	584  -  MemoryUsage of job (MB)
	597748  -  ResidentSetSize of job (KB)
...
001 (666.026.000) 10/23 00:21:34 Job executing on host: <192.168.240.32:56990>
...
001 (666.026.000) 10/23 00:53:10 Job executing on host: <192.168.240.32:56990>
...
006 (666.026.000) 10/23 00:58:23 Image size of job updated: 3250000
	876  -  MemoryUsage of job (MB)
	896300  -  ResidentSetSize of job (KB)
...
006 (666.026.000) 10/23 01:03:24 Image size of job updated: 3250000
	1002  -  MemoryUsage of job (MB)
	1025420  -  ResidentSetSize of job (KB)
...
006 (666.026.000) 10/23 01:08:24 Image size of job updated: 3250000
	1152  -  MemoryUsage of job (MB)
	1179260  -  ResidentSetSize of job (KB)
...
001 (666.026.000) 10/23 01:35:35 Job executing on host: <192.168.240.32:56990>
...
001 (666.026.000) 10/23 02:03:17 Job executing on host: <192.168.240.32:56990>
...
001 (666.026.000) 10/23 02:34:47 Job executing on host: <192.168.240.32:56990>
...
006 (666.026.000) 10/23 02:50:00 Image size of job updated: 3250000
	1461  -  MemoryUsage of job (MB)
	1495060  -  ResidentSetSize of job (KB)
...
001 (666.026.000) 10/23 03:22:30 Job executing on host: <192.168.240.32:56990>
...
001 (666.026.000) 10/23 04:03:11 Job executing on host: <192.168.240.32:56990>
...
006 (666.026.000) 10/23 04:18:23 Image size of job updated: 3250000
	1720  -  MemoryUsage of job (MB)
	1761160  -  ResidentSetSize of job (KB)
...
001 (666.026.000) 10/23 04:44:34 Job executing on host: <192.168.240.32:56990>
...
001 (666.026.000) 10/23 05:32:36 Job executing on host: <192.168.240.32:56990>
...
001 (666.026.000) 10/23 06:30:25 Job executing on host: <192.168.240.32:56990>
...
001 (666.026.000) 10/23 07:10:48 Job executing on host: <192.168.240.32:56990>
...
001 (666.026.000) 10/23 07:47:50 Job executing on host: <192.168.240.32:56990>
...
005 (666.026.000) 10/23 08:11:51 Job terminated.
	(1) Normal termination (return value 0)
		Usr 0 00:00:56, Sys 0 00:00:08  -  Run Remote Usage
		Usr 0 00:00:00, Sys 0 00:00:00  -  Run Local Usage
		Usr 0 00:00:56, Sys 0 00:00:08  -  Total Remote Usage
		Usr 0 00:00:00, Sys 0 00:00:00  -  Total Local Usage
	0  -  Run Bytes Sent By Job
	0  -  Run Bytes Received By Job
	0  -  Total Bytes Sent By Job
	0  -  Total Bytes Received By Job
	Partitionable Resources :    Usage  Request          
	   Cpus                 :                 1          
	   Disk (KB)            :        1        1          
	   Memory (MB)          :     1954     1954          
...
