000 (666.027.000) 10/22 23:34:33 Job submitted from host: <192.168.240.30:44151>
...
001 (666.027.000) 10/22 23:44:40 Job executing on host: <192.168.240.31:38437>
...
006 (666.027.000) 10/22 23:44:52 Image size of job updated: 281684
	36  -  MemoryUsage of job (MB)
	36820  -  ResidentSetSize of job (KB)
...
006 (666.027.000) 10/22 23:49:53 Image size of job updated: 3057944
	364  -  MemoryUsage of job (MB)
	372628  -  ResidentSetSize of job (KB)
...
006 (666.027.000) 10/22 23:54:53 Image size of job updated: 3057944
	657  -  MemoryUsage of job (MB)
	671908  -  ResidentSetSize of job (KB)
...
001 (666.027.000) 10/23 00:21:34 Job executing on host: <192.168.240.32:56990>
...
001 (666.027.000) 10/23 00:53:14 Job executing on host: <192.168.240.32:56990>
...
006 (666.027.000) 10/23 00:58:26 Image size of job updated: 3250000
	872  -  MemoryUsage of job (MB)
	892588  -  ResidentSetSize of job (KB)
...
006 (666.027.000) 10/23 01:03:27 Image size of job updated: 3250000
	1006  -  MemoryUsage of job (MB)
	1029748  -  ResidentSetSize of job (KB)
...
006 (666.027.000) 10/23 01:08:28 Image size of job updated: 3250000
	1160  -  MemoryUsage of job (MB)
	1186948  -  ResidentSetSize of job (KB)
...
001 (666.027.000) 10/23 01:35:42 Job executing on host: <192.168.240.32:56990>
...
001 (666.027.000) 10/23 02:03:10 Job executing on host: <192.168.240.32:56990>
...
001 (666.027.000) 10/23 02:34:47 Job executing on host: <192.168.240.32:56990>
...
006 (666.027.000) 10/23 02:50:00 Image size of job updated: 3250000
	1400  -  MemoryUsage of job (MB)
	1433380  -  ResidentSetSize of job (KB)
...
001 (666.027.000) 10/23 03:22:30 Job executing on host: <192.168.240.32:56990>
...
001 (666.027.000) 10/23 04:03:11 Job executing on host: <192.168.240.32:56990>
...
006 (666.027.000) 10/23 04:18:23 Image size of job updated: 3250000
	1715  -  MemoryUsage of job (MB)
	1755536  -  ResidentSetSize of job (KB)
...
001 (666.027.000) 10/23 04:44:34 Job executing on host: <192.168.240.32:56990>
...
001 (666.027.000) 10/23 05:32:36 Job executing on host: <192.168.240.32:56990>
...
001 (666.027.000) 10/23 06:30:25 Job executing on host: <192.168.240.32:56990>
...
001 (666.027.000) 10/23 07:10:48 Job executing on host: <192.168.240.32:56990>
...
001 (666.027.000) 10/23 07:47:50 Job executing on host: <192.168.240.32:56990>
...
005 (666.027.000) 10/23 08:12:03 Job terminated.
	(1) Normal termination (return value 0)
		Usr 0 00:00:55, Sys 0 00:00:08  -  Run Remote Usage
		Usr 0 00:00:00, Sys 0 00:00:00  -  Run Local Usage
		Usr 0 00:00:55, Sys 0 00:00:08  -  Total Remote Usage
		Usr 0 00:00:00, Sys 0 00:00:00  -  Total Local Usage
	0  -  Run Bytes Sent By Job
	0  -  Run Bytes Received By Job
	0  -  Total Bytes Sent By Job
	0  -  Total Bytes Received By Job
	Partitionable Resources :    Usage  Request          
	   Cpus                 :                 1          
	   Disk (KB)            :        1        1          
	   Memory (MB)          :     1954     1954          
...
