000 (666.003.000) 10/22 23:34:33 Job submitted from host: <192.168.240.30:44151>
...
001 (666.003.000) 10/22 23:34:44 Job executing on host: <192.168.240.30:38586>
...
006 (666.003.000) 10/22 23:34:52 Image size of job updated: 342408
	37  -  MemoryUsage of job (MB)
	37712  -  ResidentSetSize of job (KB)
...
006 (666.003.000) 10/22 23:39:52 Image size of job updated: 2362444
	307  -  MemoryUsage of job (MB)
	314268  -  ResidentSetSize of job (KB)
...
006 (666.003.000) 10/22 23:44:52 Image size of job updated: 2362444
	445  -  MemoryUsage of job (MB)
	455148  -  ResidentSetSize of job (KB)
...
006 (666.003.000) 10/22 23:49:53 Image size of job updated: 2362444
	514  -  MemoryUsage of job (MB)
	525708  -  ResidentSetSize of job (KB)
...
006 (666.003.000) 10/22 23:54:53 Image size of job updated: 2362444
	590  -  MemoryUsage of job (MB)
	603228  -  ResidentSetSize of job (KB)
...
006 (666.003.000) 10/22 23:59:53 Image size of job updated: 2362444
	625  -  MemoryUsage of job (MB)
	639708  -  ResidentSetSize of job (KB)
...
006 (666.003.000) 10/23 00:04:53 Image size of job updated: 2362444
	681  -  MemoryUsage of job (MB)
	696828  -  ResidentSetSize of job (KB)
...
006 (666.003.000) 10/23 00:09:53 Image size of job updated: 2362444
	703  -  MemoryUsage of job (MB)
	719868  -  ResidentSetSize of job (KB)
...
006 (666.003.000) 10/23 00:14:54 Image size of job updated: 2362444
	729  -  MemoryUsage of job (MB)
	745580  -  ResidentSetSize of job (KB)
...
006 (666.003.000) 10/23 00:19:55 Image size of job updated: 2362444
	765  -  MemoryUsage of job (MB)
	783020  -  ResidentSetSize of job (KB)
...
006 (666.003.000) 10/23 00:24:56 Image size of job updated: 2362444
	805  -  MemoryUsage of job (MB)
	823308  -  ResidentSetSize of job (KB)
...
006 (666.003.000) 10/23 00:29:57 Image size of job updated: 2362444
	836  -  MemoryUsage of job (MB)
	855708  -  ResidentSetSize of job (KB)
...
006 (666.003.000) 10/23 00:34:58 Image size of job updated: 2362444
	896  -  MemoryUsage of job (MB)
	916668  -  ResidentSetSize of job (KB)
...
006 (666.003.000) 10/23 00:39:59 Image size of job updated: 2362444
	932  -  MemoryUsage of job (MB)
	953628  -  ResidentSetSize of job (KB)
...
006 (666.003.000) 10/23 00:44:59 Image size of job updated: 2362444
	952  -  MemoryUsage of job (MB)
	974748  -  ResidentSetSize of job (KB)
...
006 (666.003.000) 10/23 00:49:59 Image size of job updated: 2362444
	971  -  MemoryUsage of job (MB)
	993468  -  ResidentSetSize of job (KB)
...
006 (666.003.000) 10/23 00:54:59 Image size of job updated: 2362444
	1022  -  MemoryUsage of job (MB)
	1046176  -  ResidentSetSize of job (KB)
...
006 (666.003.000) 10/23 00:59:59 Image size of job updated: 2362444
	1059  -  MemoryUsage of job (MB)
	1083584  -  ResidentSetSize of job (KB)
...
006 (666.003.000) 10/23 01:04:59 Image size of job updated: 2362444
	1068  -  MemoryUsage of job (MB)
	1093000  -  ResidentSetSize of job (KB)
...
005 (666.003.000) 10/23 02:34:30 Job terminated.
	(1) Normal termination (return value 0)
		Usr 0 00:01:04, Sys 0 00:00:02  -  Run Remote Usage
		Usr 0 00:00:00, Sys 0 00:00:00  -  Run Local Usage
		Usr 0 00:01:04, Sys 0 00:00:02  -  Total Remote Usage
		Usr 0 00:00:00, Sys 0 00:00:00  -  Total Local Usage
	0  -  Run Bytes Sent By Job
	0  -  Run Bytes Received By Job
	0  -  Total Bytes Sent By Job
	0  -  Total Bytes Received By Job
	Partitionable Resources :    Usage  Request          
	   Cpus                 :                 1          
	   Disk (KB)            :        1        1          
	   Memory (MB)          :     1068     1068          
...
