000 (666.004.000) 10/22 23:34:33 Job submitted from host: <192.168.240.30:44151>
...
001 (666.004.000) 10/22 23:34:46 Job executing on host: <192.168.240.30:38586>
...
006 (666.004.000) 10/22 23:34:59 Image size of job updated: 94536
	3  -  MemoryUsage of job (MB)
	2240  -  ResidentSetSize of job (KB)
...
006 (666.004.000) 10/22 23:39:59 Image size of job updated: 2621616
	61  -  MemoryUsage of job (MB)
	62048  -  ResidentSetSize of job (KB)
...
006 (666.004.000) 10/22 23:45:00 Image size of job updated: 2621616
	199  -  MemoryUsage of job (MB)
	203648  -  ResidentSetSize of job (KB)
...
006 (666.004.000) 10/22 23:50:01 Image size of job updated: 2621616
	272  -  MemoryUsage of job (MB)
	278528  -  ResidentSetSize of job (KB)
...
006 (666.004.000) 10/22 23:55:02 Image size of job updated: 2621616
	347  -  MemoryUsage of job (MB)
	354368  -  ResidentSetSize of job (KB)
...
006 (666.004.000) 10/23 00:00:02 Image size of job updated: 2621616
	383  -  MemoryUsage of job (MB)
	391808  -  ResidentSetSize of job (KB)
...
006 (666.004.000) 10/23 00:05:03 Image size of job updated: 2621616
	437  -  MemoryUsage of job (MB)
	446768  -  ResidentSetSize of job (KB)
...
006 (666.004.000) 10/23 00:10:04 Image size of job updated: 2621616
	460  -  MemoryUsage of job (MB)
	470048  -  ResidentSetSize of job (KB)
...
006 (666.004.000) 10/23 00:15:05 Image size of job updated: 2621616
	485  -  MemoryUsage of job (MB)
	495728  -  ResidentSetSize of job (KB)
...
006 (666.004.000) 10/23 00:20:06 Image size of job updated: 2621616
	523  -  MemoryUsage of job (MB)
	535088  -  ResidentSetSize of job (KB)
...
006 (666.004.000) 10/23 00:25:07 Image size of job updated: 2621616
	561  -  MemoryUsage of job (MB)
	573488  -  ResidentSetSize of job (KB)
...
006 (666.004.000) 10/23 00:30:07 Image size of job updated: 2621616
	591  -  MemoryUsage of job (MB)
	604448  -  ResidentSetSize of job (KB)
...
006 (666.004.000) 10/23 00:35:08 Image size of job updated: 2621616
	654  -  MemoryUsage of job (MB)
	669008  -  ResidentSetSize of job (KB)
...
006 (666.004.000) 10/23 00:40:09 Image size of job updated: 2621616
	687  -  MemoryUsage of job (MB)
	702848  -  ResidentSetSize of job (KB)
...
006 (666.004.000) 10/23 00:45:10 Image size of job updated: 2621616
	707  -  MemoryUsage of job (MB)
	723968  -  ResidentSetSize of job (KB)
...
006 (666.004.000) 10/23 00:50:11 Image size of job updated: 2621616
	725  -  MemoryUsage of job (MB)
	741488  -  ResidentSetSize of job (KB)
...
006 (666.004.000) 10/23 00:55:11 Image size of job updated: 2621616
	776  -  MemoryUsage of job (MB)
	794288  -  ResidentSetSize of job (KB)
...
006 (666.004.000) 10/23 01:00:11 Image size of job updated: 2621616
	813  -  MemoryUsage of job (MB)
	832108  -  ResidentSetSize of job (KB)
...
006 (666.004.000) 10/23 01:05:11 Image size of job updated: 2621616
	820  -  MemoryUsage of job (MB)
	839668  -  ResidentSetSize of job (KB)
...
006 (666.004.000) 10/23 01:40:18 Image size of job updated: 2621616
	842  -  MemoryUsage of job (MB)
	861340  -  ResidentSetSize of job (KB)
...
006 (666.004.000) 10/23 01:45:19 Image size of job updated: 2621616
	873  -  MemoryUsage of job (MB)
	893740  -  ResidentSetSize of job (KB)
...
006 (666.004.000) 10/23 01:50:19 Image size of job updated: 2621616
	886  -  MemoryUsage of job (MB)
	906288  -  ResidentSetSize of job (KB)
...
006 (666.004.000) 10/23 02:45:20 Image size of job updated: 2621616
	896  -  MemoryUsage of job (MB)
	917224  -  ResidentSetSize of job (KB)
...
006 (666.004.000) 10/23 02:50:20 Image size of job updated: 2621616
	940  -  MemoryUsage of job (MB)
	961592  -  ResidentSetSize of job (KB)
...
006 (666.004.000) 10/23 02:55:20 Image size of job updated: 2621616
	980  -  MemoryUsage of job (MB)
	1002872  -  ResidentSetSize of job (KB)
...
006 (666.004.000) 10/23 03:00:21 Image size of job updated: 2621616
	1015  -  MemoryUsage of job (MB)
	1039320  -  ResidentSetSize of job (KB)
...
005 (666.004.000) 10/23 03:08:28 Job terminated.
	(1) Normal termination (return value 0)
		Usr 0 00:01:11, Sys 0 00:00:03  -  Run Remote Usage
		Usr 0 00:00:00, Sys 0 00:00:00  -  Run Local Usage
		Usr 0 00:01:11, Sys 0 00:00:03  -  Total Remote Usage
		Usr 0 00:00:00, Sys 0 00:00:00  -  Total Local Usage
	0  -  Run Bytes Sent By Job
	0  -  Run Bytes Received By Job
	0  -  Total Bytes Sent By Job
	0  -  Total Bytes Received By Job
	Partitionable Resources :    Usage  Request          
	   Cpus                 :                 1          
	   Disk (KB)            :        1        1          
	   Memory (MB)          :     1015     1015          
...
