000 (666.005.000) 10/22 23:34:33 Job submitted from host: <192.168.240.30:44151>
...
001 (666.005.000) 10/22 23:34:46 Job executing on host: <192.168.240.30:38586>
...
006 (666.005.000) 10/22 23:34:57 Image size of job updated: 94540
	1  -  MemoryUsage of job (MB)
	968  -  ResidentSetSize of job (KB)
...
006 (666.005.000) 10/22 23:39:57 Image size of job updated: 2621612
	85  -  MemoryUsage of job (MB)
	86996  -  ResidentSetSize of job (KB)
...
006 (666.005.000) 10/22 23:44:57 Image size of job updated: 2621612
	223  -  MemoryUsage of job (MB)
	227636  -  ResidentSetSize of job (KB)
...
006 (666.005.000) 10/22 23:49:58 Image size of job updated: 2621612
	292  -  MemoryUsage of job (MB)
	298916  -  ResidentSetSize of job (KB)
...
006 (666.005.000) 10/22 23:54:59 Image size of job updated: 2621612
	368  -  MemoryUsage of job (MB)
	376196  -  ResidentSetSize of job (KB)
...
006 (666.005.000) 10/22 23:59:59 Image size of job updated: 2621612
	404  -  MemoryUsage of job (MB)
	412916  -  ResidentSetSize of job (KB)
...
006 (666.005.000) 10/23 00:04:59 Image size of job updated: 2621612
	459  -  MemoryUsage of job (MB)
	469796  -  ResidentSetSize of job (KB)
...
006 (666.005.000) 10/23 00:10:00 Image size of job updated: 2621612
	482  -  MemoryUsage of job (MB)
	492836  -  ResidentSetSize of job (KB)
...
006 (666.005.000) 10/23 00:15:01 Image size of job updated: 2621612
	507  -  MemoryUsage of job (MB)
	518340  -  ResidentSetSize of job (KB)
...
006 (666.005.000) 10/23 00:20:02 Image size of job updated: 2621612
	543  -  MemoryUsage of job (MB)
	555716  -  ResidentSetSize of job (KB)
...
006 (666.005.000) 10/23 00:25:02 Image size of job updated: 2621612
	583  -  MemoryUsage of job (MB)
	596516  -  ResidentSetSize of job (KB)
...
006 (666.005.000) 10/23 00:30:03 Image size of job updated: 2621612
	614  -  MemoryUsage of job (MB)
	628676  -  ResidentSetSize of job (KB)
...
006 (666.005.000) 10/23 00:35:03 Image size of job updated: 2621612
	674  -  MemoryUsage of job (MB)
	689636  -  ResidentSetSize of job (KB)
...
006 (666.005.000) 10/23 00:40:04 Image size of job updated: 2621612
	709  -  MemoryUsage of job (MB)
	725636  -  ResidentSetSize of job (KB)
...
006 (666.005.000) 10/23 00:45:05 Image size of job updated: 2621612
	730  -  MemoryUsage of job (MB)
	746996  -  ResidentSetSize of job (KB)
...
006 (666.005.000) 10/23 00:50:06 Image size of job updated: 2621612
	748  -  MemoryUsage of job (MB)
	765476  -  ResidentSetSize of job (KB)
...
006 (666.005.000) 10/23 00:55:06 Image size of job updated: 2621612
	793  -  MemoryUsage of job (MB)
	811584  -  ResidentSetSize of job (KB)
...
006 (666.005.000) 10/23 01:45:06 Image size of job updated: 2621612
	807  -  MemoryUsage of job (MB)
	825864  -  ResidentSetSize of job (KB)
...
006 (666.005.000) 10/23 01:50:06 Image size of job updated: 2621612
	826  -  MemoryUsage of job (MB)
	845712  -  ResidentSetSize of job (KB)
...
006 (666.005.000) 10/23 02:30:13 Image size of job updated: 2621612
	861  -  MemoryUsage of job (MB)
	881604  -  ResidentSetSize of job (KB)
...
006 (666.005.000) 10/23 02:35:14 Image size of job updated: 2621612
	876  -  MemoryUsage of job (MB)
	896396  -  ResidentSetSize of job (KB)
...
006 (666.005.000) 10/23 02:50:17 Image size of job updated: 2621612
	903  -  MemoryUsage of job (MB)
	923892  -  ResidentSetSize of job (KB)
...
006 (666.005.000) 10/23 02:55:18 Image size of job updated: 2621612
	946  -  MemoryUsage of job (MB)
	968052  -  ResidentSetSize of job (KB)
...
006 (666.005.000) 10/23 03:00:19 Image size of job updated: 2621612
	981  -  MemoryUsage of job (MB)
	1003788  -  ResidentSetSize of job (KB)
...
005 (666.005.000) 10/23 03:08:06 Job terminated.
	(1) Normal termination (return value 0)
		Usr 0 00:01:10, Sys 0 00:00:03  -  Run Remote Usage
		Usr 0 00:00:00, Sys 0 00:00:00  -  Run Local Usage
		Usr 0 00:01:10, Sys 0 00:00:03  -  Total Remote Usage
		Usr 0 00:00:00, Sys 0 00:00:00  -  Total Local Usage
	0  -  Run Bytes Sent By Job
	0  -  Run Bytes Received By Job
	0  -  Total Bytes Sent By Job
	0  -  Total Bytes Received By Job
	Partitionable Resources :    Usage  Request          
	   Cpus                 :                 1          
	   Disk (KB)            :        1        1          
	   Memory (MB)          :      981      981          
...
