000 (666.006.000) 10/22 23:34:33 Job submitted from host: <192.168.240.30:44151>
...
001 (666.006.000) 10/22 23:34:46 Job executing on host: <192.168.240.30:38586>
...
006 (666.006.000) 10/22 23:34:59 Image size of job updated: 94540
	3  -  MemoryUsage of job (MB)
	2240  -  ResidentSetSize of job (KB)
...
006 (666.006.000) 10/22 23:40:00 Image size of job updated: 2621616
	79  -  MemoryUsage of job (MB)
	80524  -  ResidentSetSize of job (KB)
...
006 (666.006.000) 10/22 23:45:01 Image size of job updated: 2621616
	211  -  MemoryUsage of job (MB)
	215164  -  ResidentSetSize of job (KB)
...
006 (666.006.000) 10/22 23:50:01 Image size of job updated: 2621616
	280  -  MemoryUsage of job (MB)
	285724  -  ResidentSetSize of job (KB)
...
006 (666.006.000) 10/22 23:55:01 Image size of job updated: 2621616
	354  -  MemoryUsage of job (MB)
	361804  -  ResidentSetSize of job (KB)
...
006 (666.006.000) 10/23 00:00:02 Image size of job updated: 2621616
	390  -  MemoryUsage of job (MB)
	399004  -  ResidentSetSize of job (KB)
...
006 (666.006.000) 10/23 00:05:03 Image size of job updated: 2621616
	444  -  MemoryUsage of job (MB)
	454444  -  ResidentSetSize of job (KB)
...
006 (666.006.000) 10/23 00:10:03 Image size of job updated: 2621616
	467  -  MemoryUsage of job (MB)
	477724  -  ResidentSetSize of job (KB)
...
006 (666.006.000) 10/23 00:15:03 Image size of job updated: 2621616
	492  -  MemoryUsage of job (MB)
	503404  -  ResidentSetSize of job (KB)
...
006 (666.006.000) 10/23 00:20:04 Image size of job updated: 2621616
	530  -  MemoryUsage of job (MB)
	542524  -  ResidentSetSize of job (KB)
...
006 (666.006.000) 10/23 00:25:04 Image size of job updated: 2621616
	568  -  MemoryUsage of job (MB)
	580684  -  ResidentSetSize of job (KB)
...
006 (666.006.000) 10/23 00:30:05 Image size of job updated: 2621616
	597  -  MemoryUsage of job (MB)
	611164  -  ResidentSetSize of job (KB)
...
006 (666.006.000) 10/23 00:35:05 Image size of job updated: 2621616
	656  -  MemoryUsage of job (MB)
	671404  -  ResidentSetSize of job (KB)
...
006 (666.006.000) 10/23 00:40:06 Image size of job updated: 2621616
	693  -  MemoryUsage of job (MB)
	708844  -  ResidentSetSize of job (KB)
...
006 (666.006.000) 10/23 00:45:07 Image size of job updated: 2621616
	713  -  MemoryUsage of job (MB)
	729964  -  ResidentSetSize of job (KB)
...
006 (666.006.000) 10/23 00:50:07 Image size of job updated: 2621616
	730  -  MemoryUsage of job (MB)
	747484  -  ResidentSetSize of job (KB)
...
006 (666.006.000) 10/23 00:55:07 Image size of job updated: 2621616
	774  -  MemoryUsage of job (MB)
	792468  -  ResidentSetSize of job (KB)
...
006 (666.006.000) 10/23 01:00:07 Image size of job updated: 2621616
	775  -  MemoryUsage of job (MB)
	793160  -  ResidentSetSize of job (KB)
...
006 (666.006.000) 10/23 01:45:15 Image size of job updated: 2621616
	793  -  MemoryUsage of job (MB)
	811108  -  ResidentSetSize of job (KB)
...
006 (666.006.000) 10/23 01:50:16 Image size of job updated: 2621616
	807  -  MemoryUsage of job (MB)
	825380  -  ResidentSetSize of job (KB)
...
006 (666.006.000) 10/23 02:30:24 Image size of job updated: 2621616
	846  -  MemoryUsage of job (MB)
	865888  -  ResidentSetSize of job (KB)
...
006 (666.006.000) 10/23 02:35:25 Image size of job updated: 2621616
	868  -  MemoryUsage of job (MB)
	888716  -  ResidentSetSize of job (KB)
...
006 (666.006.000) 10/23 02:40:26 Image size of job updated: 2621616
	891  -  MemoryUsage of job (MB)
	912160  -  ResidentSetSize of job (KB)
...
006 (666.006.000) 10/23 02:45:27 Image size of job updated: 2621616
	900  -  MemoryUsage of job (MB)
	921380  -  ResidentSetSize of job (KB)
...
006 (666.006.000) 10/23 02:50:27 Image size of job updated: 2621616
	942  -  MemoryUsage of job (MB)
	964468  -  ResidentSetSize of job (KB)
...
006 (666.006.000) 10/23 02:55:27 Image size of job updated: 2621616
	983  -  MemoryUsage of job (MB)
	1006340  -  ResidentSetSize of job (KB)
...
006 (666.006.000) 10/23 03:00:28 Image size of job updated: 2621616
	1031  -  MemoryUsage of job (MB)
	1055688  -  ResidentSetSize of job (KB)
...
005 (666.006.000) 10/23 03:08:19 Job terminated.
	(1) Normal termination (return value 0)
		Usr 0 00:01:14, Sys 0 00:00:03  -  Run Remote Usage
		Usr 0 00:00:00, Sys 0 00:00:00  -  Run Local Usage
		Usr 0 00:01:14, Sys 0 00:00:03  -  Total Remote Usage
		Usr 0 00:00:00, Sys 0 00:00:00  -  Total Local Usage
	0  -  Run Bytes Sent By Job
	0  -  Run Bytes Received By Job
	0  -  Total Bytes Sent By Job
	0  -  Total Bytes Received By Job
	Partitionable Resources :    Usage  Request          
	   Cpus                 :                 1          
	   Disk (KB)            :        1        1          
	   Memory (MB)          :     1031     1031          
...
