000 (666.009.000) 10/22 23:34:33 Job submitted from host: <192.168.240.30:44151>
...
001 (666.009.000) 10/22 23:34:46 Job executing on host: <192.168.240.30:38586>
...
006 (666.009.000) 10/22 23:34:58 Image size of job updated: 94536
	1  -  MemoryUsage of job (MB)
	820  -  ResidentSetSize of job (KB)
...
006 (666.009.000) 10/22 23:39:59 Image size of job updated: 2989796
	77  -  MemoryUsage of job (MB)
	78132  -  ResidentSetSize of job (KB)
...
006 (666.009.000) 10/22 23:44:59 Image size of job updated: 2989796
	214  -  MemoryUsage of job (MB)
	218532  -  ResidentSetSize of job (KB)
...
006 (666.009.000) 10/22 23:49:59 Image size of job updated: 2989796
	284  -  MemoryUsage of job (MB)
	289812  -  ResidentSetSize of job (KB)
...
006 (666.009.000) 10/22 23:54:59 Image size of job updated: 2989796
	359  -  MemoryUsage of job (MB)
	367092  -  ResidentSetSize of job (KB)
...
006 (666.009.000) 10/23 00:00:00 Image size of job updated: 2989796
	395  -  MemoryUsage of job (MB)
	403812  -  ResidentSetSize of job (KB)
...
006 (666.009.000) 10/23 00:05:01 Image size of job updated: 2989796
	451  -  MemoryUsage of job (MB)
	460932  -  ResidentSetSize of job (KB)
...
006 (666.009.000) 10/23 00:10:02 Image size of job updated: 2989796
	475  -  MemoryUsage of job (MB)
	485412  -  ResidentSetSize of job (KB)
...
006 (666.009.000) 10/23 00:15:02 Image size of job updated: 2989796
	500  -  MemoryUsage of job (MB)
	511092  -  ResidentSetSize of job (KB)
...
006 (666.009.000) 10/23 00:20:03 Image size of job updated: 2989796
	538  -  MemoryUsage of job (MB)
	550692  -  ResidentSetSize of job (KB)
...
006 (666.009.000) 10/23 00:25:04 Image size of job updated: 2989796
	576  -  MemoryUsage of job (MB)
	589092  -  ResidentSetSize of job (KB)
...
006 (666.009.000) 10/23 00:30:05 Image size of job updated: 2989796
	606  -  MemoryUsage of job (MB)
	620292  -  ResidentSetSize of job (KB)
...
006 (666.009.000) 10/23 00:35:05 Image size of job updated: 2989796
	666  -  MemoryUsage of job (MB)
	681012  -  ResidentSetSize of job (KB)
...
006 (666.009.000) 10/23 00:40:06 Image size of job updated: 2989796
	703  -  MemoryUsage of job (MB)
	718932  -  ResidentSetSize of job (KB)
...
006 (666.009.000) 10/23 00:45:07 Image size of job updated: 2989796
	723  -  MemoryUsage of job (MB)
	740292  -  ResidentSetSize of job (KB)
...
006 (666.009.000) 10/23 00:50:07 Image size of job updated: 2989796
	741  -  MemoryUsage of job (MB)
	757812  -  ResidentSetSize of job (KB)
...
006 (666.009.000) 10/23 00:55:07 Image size of job updated: 2989796
	786  -  MemoryUsage of job (MB)
	804688  -  ResidentSetSize of job (KB)
...
006 (666.009.000) 10/23 01:00:07 Image size of job updated: 2989796
	791  -  MemoryUsage of job (MB)
	809696  -  ResidentSetSize of job (KB)
...
006 (666.009.000) 10/23 01:40:14 Image size of job updated: 2989796
	798  -  MemoryUsage of job (MB)
	816532  -  ResidentSetSize of job (KB)
...
006 (666.009.000) 10/23 01:45:15 Image size of job updated: 2989796
	830  -  MemoryUsage of job (MB)
	848932  -  ResidentSetSize of job (KB)
...
006 (666.009.000) 10/23 01:50:16 Image size of job updated: 2989796
	846  -  MemoryUsage of job (MB)
	866100  -  ResidentSetSize of job (KB)
...
006 (666.009.000) 10/23 02:30:24 Image size of job updated: 2989796
	862  -  MemoryUsage of job (MB)
	881824  -  ResidentSetSize of job (KB)
...
006 (666.009.000) 10/23 02:35:25 Image size of job updated: 2989796
	871  -  MemoryUsage of job (MB)
	891176  -  ResidentSetSize of job (KB)
...
006 (666.009.000) 10/23 02:40:26 Image size of job updated: 2989796
	874  -  MemoryUsage of job (MB)
	894760  -  ResidentSetSize of job (KB)
...
006 (666.009.000) 10/23 02:45:26 Image size of job updated: 2989796
	902  -  MemoryUsage of job (MB)
	923420  -  ResidentSetSize of job (KB)
...
006 (666.009.000) 10/23 02:50:26 Image size of job updated: 2989796
	944  -  MemoryUsage of job (MB)
	966316  -  ResidentSetSize of job (KB)
...
006 (666.009.000) 10/23 02:55:27 Image size of job updated: 2989796
	984  -  MemoryUsage of job (MB)
	1007596  -  ResidentSetSize of job (KB)
...
006 (666.009.000) 10/23 03:00:27 Image size of job updated: 2989796
	1020  -  MemoryUsage of job (MB)
	1043728  -  ResidentSetSize of job (KB)
...
005 (666.009.000) 10/23 03:22:48 Job terminated.
	(1) Normal termination (return value 0)
		Usr 0 00:01:20, Sys 0 00:00:04  -  Run Remote Usage
		Usr 0 00:00:00, Sys 0 00:00:00  -  Run Local Usage
		Usr 0 00:01:20, Sys 0 00:00:04  -  Total Remote Usage
		Usr 0 00:00:00, Sys 0 00:00:00  -  Total Local Usage
	0  -  Run Bytes Sent By Job
	0  -  Run Bytes Received By Job
	0  -  Total Bytes Sent By Job
	0  -  Total Bytes Received By Job
	Partitionable Resources :    Usage  Request          
	   Cpus                 :                 1          
	   Disk (KB)            :        1        1          
	   Memory (MB)          :     1020     1020          
...
