000 (674.000.000) 10/23 18:52:41 Job submitted from host: <192.168.240.30:45350>
...
001 (674.000.000) 10/23 18:52:42 Job executing on host: <192.168.240.30:54062>
...
006 (674.000.000) 10/23 18:52:50 Image size of job updated: 253748
	33  -  MemoryUsage of job (MB)
	32952  -  ResidentSetSize of job (KB)
...
006 (674.000.000) 10/23 18:57:50 Image size of job updated: 3156976
	226  -  MemoryUsage of job (MB)
	230684  -  ResidentSetSize of job (KB)
...
006 (674.000.000) 10/23 19:02:50 Image size of job updated: 3156976
	364  -  MemoryUsage of job (MB)
	372684  -  ResidentSetSize of job (KB)
...
006 (674.000.000) 10/23 19:07:50 Image size of job updated: 3156976
	500  -  MemoryUsage of job (MB)
	511004  -  ResidentSetSize of job (KB)
...
006 (674.000.000) 10/23 19:12:50 Image size of job updated: 3156976
	612  -  MemoryUsage of job (MB)
	626444  -  ResidentSetSize of job (KB)
...
006 (674.000.000) 10/23 19:17:51 Image size of job updated: 3156976
	749  -  MemoryUsage of job (MB)
	766604  -  ResidentSetSize of job (KB)
...
006 (674.000.000) 10/23 19:22:52 Image size of job updated: 3156976
	885  -  MemoryUsage of job (MB)
	905564  -  ResidentSetSize of job (KB)
...
006 (674.000.000) 10/23 19:27:52 Image size of job updated: 3156976
	1025  -  MemoryUsage of job (MB)
	1049356  -  ResidentSetSize of job (KB)
...
006 (674.000.000) 10/23 19:37:52 Image size of job updated: 3156976
	1050  -  MemoryUsage of job (MB)
	1074448  -  ResidentSetSize of job (KB)
...
005 (674.000.000) 10/23 21:09:48 Job terminated.
	(1) Normal termination (return value 0)
		Usr 0 00:00:20, Sys 0 00:00:02  -  Run Remote Usage
		Usr 0 00:00:00, Sys 0 00:00:00  -  Run Local Usage
		Usr 0 00:00:20, Sys 0 00:00:02  -  Total Remote Usage
		Usr 0 00:00:00, Sys 0 00:00:00  -  Total Local Usage
	0  -  Run Bytes Sent By Job
	0  -  Run Bytes Received By Job
	0  -  Total Bytes Sent By Job
	0  -  Total Bytes Received By Job
	Partitionable Resources :    Usage  Request          
	   Cpus                 :                 1          
	   Disk (KB)            :        1        1          
	   Memory (MB)          :     1050     1050          
...
000 (675.000.000) 10/23 22:19:30 Job submitted from host: <192.168.240.30:45350>
...
001 (675.000.000) 10/23 22:19:31 Job executing on host: <192.168.240.30:54062>
...
006 (675.000.000) 10/23 22:19:40 Image size of job updated: 267780
	35  -  MemoryUsage of job (MB)
	35016  -  ResidentSetSize of job (KB)
...
006 (675.000.000) 10/23 22:24:41 Image size of job updated: 2362180
	204  -  MemoryUsage of job (MB)
	208588  -  ResidentSetSize of job (KB)
...
006 (675.000.000) 10/23 22:29:42 Image size of job updated: 2362180
	333  -  MemoryUsage of job (MB)
	340860  -  ResidentSetSize of job (KB)
...
006 (675.000.000) 10/23 22:34:42 Image size of job updated: 2362180
	450  -  MemoryUsage of job (MB)
	460412  -  ResidentSetSize of job (KB)
...
006 (675.000.000) 10/23 22:39:42 Image size of job updated: 2362180
	552  -  MemoryUsage of job (MB)
	564268  -  ResidentSetSize of job (KB)
...
006 (675.000.000) 10/23 22:44:42 Image size of job updated: 2362180
	670  -  MemoryUsage of job (MB)
	685708  -  ResidentSetSize of job (KB)
...
006 (675.000.000) 10/23 22:49:42 Image size of job updated: 2362180
	792  -  MemoryUsage of job (MB)
	810988  -  ResidentSetSize of job (KB)
...
006 (675.000.000) 10/23 22:54:42 Image size of job updated: 2362180
	915  -  MemoryUsage of job (MB)
	936748  -  ResidentSetSize of job (KB)
...
005 (675.000.000) 10/24 00:13:38 Job terminated.
	(1) Normal termination (return value 0)
		Usr 0 00:01:17, Sys 0 00:00:06  -  Run Remote Usage
		Usr 0 00:00:00, Sys 0 00:00:00  -  Run Local Usage
		Usr 0 00:01:17, Sys 0 00:00:06  -  Total Remote Usage
		Usr 0 00:00:00, Sys 0 00:00:00  -  Total Local Usage
	0  -  Run Bytes Sent By Job
	0  -  Run Bytes Received By Job
	0  -  Total Bytes Sent By Job
	0  -  Total Bytes Received By Job
	Partitionable Resources :    Usage  Request          
	   Cpus                 :                 1          
	   Disk (KB)            :        1        1          
	   Memory (MB)          :      915      915          
...
