000 (674.001.000) 10/23 18:52:41 Job submitted from host: <192.168.240.30:45350>
...
001 (674.001.000) 10/23 18:52:42 Job executing on host: <192.168.240.30:54062>
...
006 (674.001.000) 10/23 18:52:50 Image size of job updated: 254536
	33  -  MemoryUsage of job (MB)
	32940  -  ResidentSetSize of job (KB)
...
006 (674.001.000) 10/23 18:57:50 Image size of job updated: 3156972
	233  -  MemoryUsage of job (MB)
	237872  -  ResidentSetSize of job (KB)
...
006 (674.001.000) 10/23 19:02:51 Image size of job updated: 3156972
	371  -  MemoryUsage of job (MB)
	379472  -  ResidentSetSize of job (KB)
...
006 (674.001.000) 10/23 19:07:52 Image size of job updated: 3156972
	507  -  MemoryUsage of job (MB)
	518432  -  ResidentSetSize of job (KB)
...
006 (674.001.000) 10/23 19:12:52 Image size of job updated: 3156972
	623  -  MemoryUsage of job (MB)
	637712  -  ResidentSetSize of job (KB)
...
006 (674.001.000) 10/23 19:17:52 Image size of job updated: 3156972
	764  -  MemoryUsage of job (MB)
	781712  -  ResidentSetSize of job (KB)
...
006 (674.001.000) 10/23 19:22:52 Image size of job updated: 3156972
	902  -  MemoryUsage of job (MB)
	923072  -  ResidentSetSize of job (KB)
...
006 (674.001.000) 10/23 19:27:52 Image size of job updated: 3156972
	1035  -  MemoryUsage of job (MB)
	1059732  -  ResidentSetSize of job (KB)
...
005 (674.001.000) 10/23 21:12:34 Job terminated.
	(1) Normal termination (return value 0)
		Usr 0 00:00:32, Sys 0 00:00:03  -  Run Remote Usage
		Usr 0 00:00:00, Sys 0 00:00:00  -  Run Local Usage
		Usr 0 00:00:32, Sys 0 00:00:03  -  Total Remote Usage
		Usr 0 00:00:00, Sys 0 00:00:00  -  Total Local Usage
	0  -  Run Bytes Sent By Job
	0  -  Run Bytes Received By Job
	0  -  Total Bytes Sent By Job
	0  -  Total Bytes Received By Job
	Partitionable Resources :    Usage  Request          
	   Cpus                 :                 1          
	   Disk (KB)            :        1        1          
	   Memory (MB)          :     1035     1035          
...
000 (675.001.000) 10/23 22:19:30 Job submitted from host: <192.168.240.30:45350>
...
001 (675.001.000) 10/23 22:19:31 Job executing on host: <192.168.240.30:54062>
...
006 (675.001.000) 10/23 22:19:40 Image size of job updated: 267776
	35  -  MemoryUsage of job (MB)
	35016  -  ResidentSetSize of job (KB)
...
006 (675.001.000) 10/23 22:24:41 Image size of job updated: 2362176
	211  -  MemoryUsage of job (MB)
	215068  -  ResidentSetSize of job (KB)
...
006 (675.001.000) 10/23 22:29:42 Image size of job updated: 2362176
	345  -  MemoryUsage of job (MB)
	352668  -  ResidentSetSize of job (KB)
...
006 (675.001.000) 10/23 22:34:42 Image size of job updated: 2362176
	473  -  MemoryUsage of job (MB)
	484108  -  ResidentSetSize of job (KB)
...
006 (675.001.000) 10/23 22:39:42 Image size of job updated: 2362176
	580  -  MemoryUsage of job (MB)
	593308  -  ResidentSetSize of job (KB)
...
006 (675.001.000) 10/23 22:44:42 Image size of job updated: 2362176
	708  -  MemoryUsage of job (MB)
	724348  -  ResidentSetSize of job (KB)
...
006 (675.001.000) 10/23 22:49:42 Image size of job updated: 2362176
	830  -  MemoryUsage of job (MB)
	849628  -  ResidentSetSize of job (KB)
...
006 (675.001.000) 10/23 22:54:42 Image size of job updated: 2362176
	958  -  MemoryUsage of job (MB)
	980004  -  ResidentSetSize of job (KB)
...
005 (675.001.000) 10/24 00:10:26 Job terminated.
	(1) Normal termination (return value 0)
		Usr 0 00:00:49, Sys 0 00:00:04  -  Run Remote Usage
		Usr 0 00:00:00, Sys 0 00:00:00  -  Run Local Usage
		Usr 0 00:00:49, Sys 0 00:00:04  -  Total Remote Usage
		Usr 0 00:00:00, Sys 0 00:00:00  -  Total Local Usage
	0  -  Run Bytes Sent By Job
	0  -  Run Bytes Received By Job
	0  -  Total Bytes Sent By Job
	0  -  Total Bytes Received By Job
	Partitionable Resources :    Usage  Request          
	   Cpus                 :                 1          
	   Disk (KB)            :        1        1          
	   Memory (MB)          :      958      958          
...
