000 (674.011.000) 10/23 18:52:41 Job submitted from host: <192.168.240.30:45350>
...
001 (674.011.000) 10/23 18:52:43 Job executing on host: <192.168.240.30:54062>
...
006 (674.011.000) 10/23 18:52:52 Image size of job updated: 94540
	3  -  MemoryUsage of job (MB)
	2116  -  ResidentSetSize of job (KB)
...
006 (674.011.000) 10/23 18:57:53 Image size of job updated: 4256728
	164  -  MemoryUsage of job (MB)
	167084  -  ResidentSetSize of job (KB)
...
006 (674.011.000) 10/23 19:02:53 Image size of job updated: 4256728
	302  -  MemoryUsage of job (MB)
	308924  -  ResidentSetSize of job (KB)
...
006 (674.011.000) 10/23 19:07:54 Image size of job updated: 4256728
	442  -  MemoryUsage of job (MB)
	451724  -  ResidentSetSize of job (KB)
...
006 (674.011.000) 10/23 19:12:55 Image size of job updated: 4256728
	569  -  MemoryUsage of job (MB)
	581804  -  ResidentSetSize of job (KB)
...
006 (674.011.000) 10/23 19:17:56 Image size of job updated: 4256728
	721  -  MemoryUsage of job (MB)
	738044  -  ResidentSetSize of job (KB)
...
006 (674.011.000) 10/23 19:22:57 Image size of job updated: 4256728
	865  -  MemoryUsage of job (MB)
	884924  -  ResidentSetSize of job (KB)
...
006 (674.011.000) 10/23 19:27:57 Image size of job updated: 4256728
	1006  -  MemoryUsage of job (MB)
	1030124  -  ResidentSetSize of job (KB)
...
006 (674.011.000) 10/23 19:32:57 Image size of job updated: 4256728
	1076  -  MemoryUsage of job (MB)
	1101612  -  ResidentSetSize of job (KB)
...
006 (674.011.000) 10/23 19:37:57 Image size of job updated: 4256728
	1136  -  MemoryUsage of job (MB)
	1162752  -  ResidentSetSize of job (KB)
...
006 (674.011.000) 10/23 20:52:57 Image size of job updated: 4256728
	1201  -  MemoryUsage of job (MB)
	1229056  -  ResidentSetSize of job (KB)
...
006 (674.011.000) 10/23 20:57:57 Image size of job updated: 4256728
	1354  -  MemoryUsage of job (MB)
	1385900  -  ResidentSetSize of job (KB)
...
005 (674.011.000) 10/23 21:13:03 Job terminated.
	(1) Normal termination (return value 0)
		Usr 0 00:00:29, Sys 0 00:00:03  -  Run Remote Usage
		Usr 0 00:00:00, Sys 0 00:00:00  -  Run Local Usage
		Usr 0 00:00:29, Sys 0 00:00:03  -  Total Remote Usage
		Usr 0 00:00:00, Sys 0 00:00:00  -  Total Local Usage
	0  -  Run Bytes Sent By Job
	0  -  Run Bytes Received By Job
	0  -  Total Bytes Sent By Job
	0  -  Total Bytes Received By Job
	Partitionable Resources :    Usage  Request          
	   Cpus                 :                 1          
	   Disk (KB)            :        1        1          
	   Memory (MB)          :     1354     1354          
...
000 (675.011.000) 10/23 22:19:30 Job submitted from host: <192.168.240.30:45350>
...
001 (675.011.000) 10/23 22:19:32 Job executing on host: <192.168.240.30:54062>
...
006 (675.011.000) 10/23 22:19:42 Image size of job updated: 94540
	3  -  MemoryUsage of job (MB)
	2116  -  ResidentSetSize of job (KB)
...
006 (675.011.000) 10/23 22:24:42 Image size of job updated: 2989476
	154  -  MemoryUsage of job (MB)
	157232  -  ResidentSetSize of job (KB)
...
006 (675.011.000) 10/23 22:29:42 Image size of job updated: 2989476
	291  -  MemoryUsage of job (MB)
	297152  -  ResidentSetSize of job (KB)
...
006 (675.011.000) 10/23 22:34:43 Image size of job updated: 2989476
	425  -  MemoryUsage of job (MB)
	434432  -  ResidentSetSize of job (KB)
...
006 (675.011.000) 10/23 22:39:44 Image size of job updated: 2989476
	534  -  MemoryUsage of job (MB)
	546512  -  ResidentSetSize of job (KB)
...
006 (675.011.000) 10/23 22:44:45 Image size of job updated: 2989476
	669  -  MemoryUsage of job (MB)
	684512  -  ResidentSetSize of job (KB)
...
006 (675.011.000) 10/23 22:49:46 Image size of job updated: 2989476
	799  -  MemoryUsage of job (MB)
	817232  -  ResidentSetSize of job (KB)
...
006 (675.011.000) 10/23 22:54:46 Image size of job updated: 2989476
	929  -  MemoryUsage of job (MB)
	950432  -  ResidentSetSize of job (KB)
...
006 (675.011.000) 10/23 22:59:46 Image size of job updated: 2989476
	959  -  MemoryUsage of job (MB)
	981348  -  ResidentSetSize of job (KB)
...
006 (675.011.000) 10/23 23:44:46 Image size of job updated: 2989476
	1010  -  MemoryUsage of job (MB)
	1033856  -  ResidentSetSize of job (KB)
...
006 (675.011.000) 10/23 23:49:46 Image size of job updated: 2989476
	1073  -  MemoryUsage of job (MB)
	1098284  -  ResidentSetSize of job (KB)
...
006 (675.011.000) 10/23 23:54:47 Image size of job updated: 2989476
	1170  -  MemoryUsage of job (MB)
	1197508  -  ResidentSetSize of job (KB)
...
005 (675.011.000) 10/24 00:09:38 Job terminated.
	(1) Normal termination (return value 0)
		Usr 0 00:00:44, Sys 0 00:00:04  -  Run Remote Usage
		Usr 0 00:00:00, Sys 0 00:00:00  -  Run Local Usage
		Usr 0 00:00:44, Sys 0 00:00:04  -  Total Remote Usage
		Usr 0 00:00:00, Sys 0 00:00:00  -  Total Local Usage
	0  -  Run Bytes Sent By Job
	0  -  Run Bytes Received By Job
	0  -  Total Bytes Sent By Job
	0  -  Total Bytes Received By Job
	Partitionable Resources :    Usage  Request          
	   Cpus                 :                 1          
	   Disk (KB)            :        1        1          
	   Memory (MB)          :     1170     1170          
...
