000 (674.012.000) 10/23 18:52:41 Job submitted from host: <192.168.240.30:45350>
...
001 (674.012.000) 10/23 18:52:43 Job executing on host: <192.168.240.30:54062>
...
006 (674.012.000) 10/23 18:52:52 Image size of job updated: 94536
	3  -  MemoryUsage of job (MB)
	2112  -  ResidentSetSize of job (KB)
...
006 (674.012.000) 10/23 18:57:53 Image size of job updated: 3898792
	139  -  MemoryUsage of job (MB)
	141640  -  ResidentSetSize of job (KB)
...
006 (674.012.000) 10/23 19:02:53 Image size of job updated: 3898792
	274  -  MemoryUsage of job (MB)
	279640  -  ResidentSetSize of job (KB)
...
006 (674.012.000) 10/23 19:07:53 Image size of job updated: 3898792
	403  -  MemoryUsage of job (MB)
	411880  -  ResidentSetSize of job (KB)
...
006 (674.012.000) 10/23 19:12:53 Image size of job updated: 3898792
	513  -  MemoryUsage of job (MB)
	524920  -  ResidentSetSize of job (KB)
...
006 (674.012.000) 10/23 19:17:53 Image size of job updated: 3898792
	649  -  MemoryUsage of job (MB)
	664120  -  ResidentSetSize of job (KB)
...
006 (674.012.000) 10/23 19:22:53 Image size of job updated: 3898792
	773  -  MemoryUsage of job (MB)
	791320  -  ResidentSetSize of job (KB)
...
006 (674.012.000) 10/23 19:27:54 Image size of job updated: 3898792
	903  -  MemoryUsage of job (MB)
	924520  -  ResidentSetSize of job (KB)
...
006 (674.012.000) 10/23 19:32:55 Image size of job updated: 3898792
	994  -  MemoryUsage of job (MB)
	1016860  -  ResidentSetSize of job (KB)
...
006 (674.012.000) 10/23 19:37:56 Image size of job updated: 3898792
	1028  -  MemoryUsage of job (MB)
	1051804  -  ResidentSetSize of job (KB)
...
006 (674.012.000) 10/23 20:47:57 Image size of job updated: 3898792
	1069  -  MemoryUsage of job (MB)
	1093692  -  ResidentSetSize of job (KB)
...
006 (674.012.000) 10/23 20:52:57 Image size of job updated: 3898792
	1177  -  MemoryUsage of job (MB)
	1204572  -  ResidentSetSize of job (KB)
...
006 (674.012.000) 10/23 20:57:57 Image size of job updated: 3898792
	1338  -  MemoryUsage of job (MB)
	1369516  -  ResidentSetSize of job (KB)
...
005 (674.012.000) 10/23 21:21:24 Job terminated.
	(1) Normal termination (return value 0)
		Usr 0 00:01:06, Sys 0 00:00:06  -  Run Remote Usage
		Usr 0 00:00:00, Sys 0 00:00:00  -  Run Local Usage
		Usr 0 00:01:06, Sys 0 00:00:06  -  Total Remote Usage
		Usr 0 00:00:00, Sys 0 00:00:00  -  Total Local Usage
	0  -  Run Bytes Sent By Job
	0  -  Run Bytes Received By Job
	0  -  Total Bytes Sent By Job
	0  -  Total Bytes Received By Job
	Partitionable Resources :    Usage  Request          
	   Cpus                 :                 1          
	   Disk (KB)            :        1        1          
	   Memory (MB)          :     1338     1338          
...
000 (675.012.000) 10/23 22:19:30 Job submitted from host: <192.168.240.30:45350>
...
001 (675.012.000) 10/23 22:19:32 Job executing on host: <192.168.240.30:54062>
...
006 (675.012.000) 10/23 22:19:42 Image size of job updated: 94540
	3  -  MemoryUsage of job (MB)
	2116  -  ResidentSetSize of job (KB)
...
006 (675.012.000) 10/23 22:24:42 Image size of job updated: 3576552
	134  -  MemoryUsage of job (MB)
	136368  -  ResidentSetSize of job (KB)
...
006 (675.012.000) 10/23 22:29:42 Image size of job updated: 3576552
	262  -  MemoryUsage of job (MB)
	267648  -  ResidentSetSize of job (KB)
...
006 (675.012.000) 10/23 22:34:43 Image size of job updated: 3576552
	381  -  MemoryUsage of job (MB)
	390116  -  ResidentSetSize of job (KB)
...
006 (675.012.000) 10/23 22:39:44 Image size of job updated: 3576552
	491  -  MemoryUsage of job (MB)
	501888  -  ResidentSetSize of job (KB)
...
006 (675.012.000) 10/23 22:44:45 Image size of job updated: 3576552
	615  -  MemoryUsage of job (MB)
	629568  -  ResidentSetSize of job (KB)
...
006 (675.012.000) 10/23 22:49:46 Image size of job updated: 3576552
	733  -  MemoryUsage of job (MB)
	750048  -  ResidentSetSize of job (KB)
...
006 (675.012.000) 10/23 22:54:47 Image size of job updated: 3576552
	858  -  MemoryUsage of job (MB)
	878448  -  ResidentSetSize of job (KB)
...
006 (675.012.000) 10/23 22:59:48 Image size of job updated: 3576552
	894  -  MemoryUsage of job (MB)
	914536  -  ResidentSetSize of job (KB)
...
006 (675.012.000) 10/23 23:39:56 Image size of job updated: 3576552
	897  -  MemoryUsage of job (MB)
	917644  -  ResidentSetSize of job (KB)
...
006 (675.012.000) 10/23 23:44:57 Image size of job updated: 3576552
	983  -  MemoryUsage of job (MB)
	1006016  -  ResidentSetSize of job (KB)
...
006 (675.012.000) 10/23 23:49:58 Image size of job updated: 3576552
	1040  -  MemoryUsage of job (MB)
	1064792  -  ResidentSetSize of job (KB)
...
006 (675.012.000) 10/23 23:54:59 Image size of job updated: 3576552
	1151  -  MemoryUsage of job (MB)
	1178040  -  ResidentSetSize of job (KB)
...
006 (675.012.000) 10/23 23:59:59 Image size of job updated: 3576552
	1438  -  MemoryUsage of job (MB)
	1471632  -  ResidentSetSize of job (KB)
...
005 (675.012.000) 10/24 00:18:44 Job terminated.
	(1) Normal termination (return value 0)
		Usr 0 00:02:09, Sys 0 00:00:08  -  Run Remote Usage
		Usr 0 00:00:00, Sys 0 00:00:00  -  Run Local Usage
		Usr 0 00:02:09, Sys 0 00:00:08  -  Total Remote Usage
		Usr 0 00:00:00, Sys 0 00:00:00  -  Total Local Usage
	0  -  Run Bytes Sent By Job
	0  -  Run Bytes Received By Job
	0  -  Total Bytes Sent By Job
	0  -  Total Bytes Received By Job
	Partitionable Resources :    Usage  Request          
	   Cpus                 :                 1          
	   Disk (KB)            :        1        1          
	   Memory (MB)          :     1438     1438          
...
