000 (674.013.000) 10/23 18:52:41 Job submitted from host: <192.168.240.30:45350>
...
001 (674.013.000) 10/23 18:52:43 Job executing on host: <192.168.240.30:54062>
...
006 (674.013.000) 10/23 18:52:52 Image size of job updated: 94536
	3  -  MemoryUsage of job (MB)
	2116  -  ResidentSetSize of job (KB)
...
006 (674.013.000) 10/23 18:57:53 Image size of job updated: 3898796
	160  -  MemoryUsage of job (MB)
	163012  -  ResidentSetSize of job (KB)
...
006 (674.013.000) 10/23 19:02:53 Image size of job updated: 3898796
	296  -  MemoryUsage of job (MB)
	302932  -  ResidentSetSize of job (KB)
...
006 (674.013.000) 10/23 19:07:54 Image size of job updated: 3898796
	428  -  MemoryUsage of job (MB)
	437332  -  ResidentSetSize of job (KB)
...
006 (674.013.000) 10/23 19:12:55 Image size of job updated: 3898796
	538  -  MemoryUsage of job (MB)
	550372  -  ResidentSetSize of job (KB)
...
006 (674.013.000) 10/23 19:17:56 Image size of job updated: 3898796
	682  -  MemoryUsage of job (MB)
	697492  -  ResidentSetSize of job (KB)
...
006 (674.013.000) 10/23 19:22:57 Image size of job updated: 3898796
	810  -  MemoryUsage of job (MB)
	828608  -  ResidentSetSize of job (KB)
...
006 (674.013.000) 10/23 19:27:57 Image size of job updated: 3898796
	952  -  MemoryUsage of job (MB)
	974212  -  ResidentSetSize of job (KB)
...
006 (674.013.000) 10/23 19:32:57 Image size of job updated: 3898796
	1013  -  MemoryUsage of job (MB)
	1037184  -  ResidentSetSize of job (KB)
...
006 (674.013.000) 10/23 19:37:57 Image size of job updated: 3898796
	1058  -  MemoryUsage of job (MB)
	1082612  -  ResidentSetSize of job (KB)
...
006 (674.013.000) 10/23 20:48:10 Image size of job updated: 3898796
	1084  -  MemoryUsage of job (MB)
	1109836  -  ResidentSetSize of job (KB)
...
006 (674.013.000) 10/23 20:53:11 Image size of job updated: 3898796
	1192  -  MemoryUsage of job (MB)
	1220056  -  ResidentSetSize of job (KB)
...
006 (674.013.000) 10/23 20:58:12 Image size of job updated: 3898796
	1363  -  MemoryUsage of job (MB)
	1395276  -  ResidentSetSize of job (KB)
...
005 (674.013.000) 10/23 21:15:18 Job terminated.
	(1) Normal termination (return value 0)
		Usr 0 00:00:38, Sys 0 00:00:04  -  Run Remote Usage
		Usr 0 00:00:00, Sys 0 00:00:00  -  Run Local Usage
		Usr 0 00:00:38, Sys 0 00:00:04  -  Total Remote Usage
		Usr 0 00:00:00, Sys 0 00:00:00  -  Total Local Usage
	0  -  Run Bytes Sent By Job
	0  -  Run Bytes Received By Job
	0  -  Total Bytes Sent By Job
	0  -  Total Bytes Received By Job
	Partitionable Resources :    Usage  Request          
	   Cpus                 :                 1          
	   Disk (KB)            :        1        1          
	   Memory (MB)          :     1363     1363          
...
000 (675.013.000) 10/23 22:19:30 Job submitted from host: <192.168.240.30:45350>
...
001 (675.013.000) 10/23 22:19:32 Job executing on host: <192.168.240.30:54062>
...
006 (675.013.000) 10/23 22:19:42 Image size of job updated: 94536
	3  -  MemoryUsage of job (MB)
	2112  -  ResidentSetSize of job (KB)
...
006 (675.013.000) 10/23 22:24:42 Image size of job updated: 3576552
	156  -  MemoryUsage of job (MB)
	159628  -  ResidentSetSize of job (KB)
...
006 (675.013.000) 10/23 22:29:42 Image size of job updated: 3576552
	288  -  MemoryUsage of job (MB)
	294352  -  ResidentSetSize of job (KB)
...
006 (675.013.000) 10/23 22:34:43 Image size of job updated: 3576552
	410  -  MemoryUsage of job (MB)
	419724  -  ResidentSetSize of job (KB)
...
006 (675.013.000) 10/23 22:39:44 Image size of job updated: 3576552
	514  -  MemoryUsage of job (MB)
	526124  -  ResidentSetSize of job (KB)
...
006 (675.013.000) 10/23 22:44:45 Image size of job updated: 3576552
	642  -  MemoryUsage of job (MB)
	656444  -  ResidentSetSize of job (KB)
...
006 (675.013.000) 10/23 22:49:46 Image size of job updated: 3576552
	766  -  MemoryUsage of job (MB)
	783404  -  ResidentSetSize of job (KB)
...
006 (675.013.000) 10/23 22:54:46 Image size of job updated: 3576552
	892  -  MemoryUsage of job (MB)
	913068  -  ResidentSetSize of job (KB)
...
006 (675.013.000) 10/23 22:59:47 Image size of job updated: 3576552
	909  -  MemoryUsage of job (MB)
	930564  -  ResidentSetSize of job (KB)
...
006 (675.013.000) 10/23 23:44:47 Image size of job updated: 3576552
	962  -  MemoryUsage of job (MB)
	984476  -  ResidentSetSize of job (KB)
...
006 (675.013.000) 10/23 23:49:47 Image size of job updated: 3576552
	1026  -  MemoryUsage of job (MB)
	1050308  -  ResidentSetSize of job (KB)
...
006 (675.013.000) 10/23 23:54:48 Image size of job updated: 3576552
	1129  -  MemoryUsage of job (MB)
	1155172  -  ResidentSetSize of job (KB)
...
006 (675.013.000) 10/23 23:59:48 Image size of job updated: 3576552
	1405  -  MemoryUsage of job (MB)
	1438164  -  ResidentSetSize of job (KB)
...
005 (675.013.000) 10/24 00:17:10 Job terminated.
	(1) Normal termination (return value 0)
		Usr 0 00:01:45, Sys 0 00:00:07  -  Run Remote Usage
		Usr 0 00:00:00, Sys 0 00:00:00  -  Run Local Usage
		Usr 0 00:01:45, Sys 0 00:00:07  -  Total Remote Usage
		Usr 0 00:00:00, Sys 0 00:00:00  -  Total Local Usage
	0  -  Run Bytes Sent By Job
	0  -  Run Bytes Received By Job
	0  -  Total Bytes Sent By Job
	0  -  Total Bytes Received By Job
	Partitionable Resources :    Usage  Request          
	   Cpus                 :                 1          
	   Disk (KB)            :        1        1          
	   Memory (MB)          :     1405     1405          
...
