000 (674.017.000) 10/23 18:52:41 Job submitted from host: <192.168.240.30:45350>
...
001 (674.017.000) 10/23 18:52:43 Job executing on host: <192.168.240.30:54062>
...
006 (674.017.000) 10/23 18:52:52 Image size of job updated: 94536
	3  -  MemoryUsage of job (MB)
	2112  -  ResidentSetSize of job (KB)
...
006 (674.017.000) 10/23 18:57:53 Image size of job updated: 2898308
	149  -  MemoryUsage of job (MB)
	151716  -  ResidentSetSize of job (KB)
...
006 (674.017.000) 10/23 19:02:53 Image size of job updated: 2898308
	283  -  MemoryUsage of job (MB)
	289716  -  ResidentSetSize of job (KB)
...
006 (674.017.000) 10/23 19:07:53 Image size of job updated: 2898308
	413  -  MemoryUsage of job (MB)
	422676  -  ResidentSetSize of job (KB)
...
006 (674.017.000) 10/23 19:12:53 Image size of job updated: 2898308
	526  -  MemoryUsage of job (MB)
	538356  -  ResidentSetSize of job (KB)
...
006 (674.017.000) 10/23 19:17:53 Image size of job updated: 2898308
	646  -  MemoryUsage of job (MB)
	660756  -  ResidentSetSize of job (KB)
...
006 (674.017.000) 10/23 19:22:53 Image size of job updated: 2898308
	760  -  MemoryUsage of job (MB)
	777636  -  ResidentSetSize of job (KB)
...
006 (674.017.000) 10/23 19:27:54 Image size of job updated: 2898308
	867  -  MemoryUsage of job (MB)
	887808  -  ResidentSetSize of job (KB)
...
006 (674.017.000) 10/23 19:32:55 Image size of job updated: 2898308
	916  -  MemoryUsage of job (MB)
	937912  -  ResidentSetSize of job (KB)
...
006 (674.017.000) 10/23 19:37:56 Image size of job updated: 2898308
	966  -  MemoryUsage of job (MB)
	988812  -  ResidentSetSize of job (KB)
...
005 (674.017.000) 10/23 21:21:25 Job terminated.
	(1) Normal termination (return value 0)
		Usr 0 00:01:11, Sys 0 00:00:05  -  Run Remote Usage
		Usr 0 00:00:00, Sys 0 00:00:00  -  Run Local Usage
		Usr 0 00:01:11, Sys 0 00:00:05  -  Total Remote Usage
		Usr 0 00:00:00, Sys 0 00:00:00  -  Total Local Usage
	0  -  Run Bytes Sent By Job
	0  -  Run Bytes Received By Job
	0  -  Total Bytes Sent By Job
	0  -  Total Bytes Received By Job
	Partitionable Resources :    Usage  Request          
	   Cpus                 :                 1          
	   Disk (KB)            :        1        1          
	   Memory (MB)          :      966      966          
...
000 (675.017.000) 10/23 22:19:30 Job submitted from host: <192.168.240.30:45350>
...
001 (675.017.000) 10/23 22:19:32 Job executing on host: <192.168.240.30:54062>
...
006 (675.017.000) 10/23 22:19:42 Image size of job updated: 94544
	3  -  MemoryUsage of job (MB)
	2120  -  ResidentSetSize of job (KB)
...
006 (675.017.000) 10/23 22:24:42 Image size of job updated: 3093100
	141  -  MemoryUsage of job (MB)
	143560  -  ResidentSetSize of job (KB)
...
006 (675.017.000) 10/23 22:29:42 Image size of job updated: 3093100
	278  -  MemoryUsage of job (MB)
	283960  -  ResidentSetSize of job (KB)
...
006 (675.017.000) 10/23 22:34:43 Image size of job updated: 3093100
	414  -  MemoryUsage of job (MB)
	423880  -  ResidentSetSize of job (KB)
...
006 (675.017.000) 10/23 22:39:43 Image size of job updated: 3093100
	525  -  MemoryUsage of job (MB)
	536680  -  ResidentSetSize of job (KB)
...
006 (675.017.000) 10/23 22:44:43 Image size of job updated: 3093100
	666  -  MemoryUsage of job (MB)
	681160  -  ResidentSetSize of job (KB)
...
006 (675.017.000) 10/23 22:49:43 Image size of job updated: 3093100
	812  -  MemoryUsage of job (MB)
	830712  -  ResidentSetSize of job (KB)
...
006 (675.017.000) 10/23 22:54:44 Image size of job updated: 3093100
	953  -  MemoryUsage of job (MB)
	975640  -  ResidentSetSize of job (KB)
...
006 (675.017.000) 10/23 22:59:45 Image size of job updated: 3093100
	1017  -  MemoryUsage of job (MB)
	1040752  -  ResidentSetSize of job (KB)
...
006 (675.017.000) 10/23 23:19:45 Image size of job updated: 3093100
	1025  -  MemoryUsage of job (MB)
	1048712  -  ResidentSetSize of job (KB)
...
006 (675.017.000) 10/23 23:24:45 Image size of job updated: 3093100
	1038  -  MemoryUsage of job (MB)
	1062248  -  ResidentSetSize of job (KB)
...
006 (675.017.000) 10/23 23:34:45 Image size of job updated: 3093100
	1044  -  MemoryUsage of job (MB)
	1068608  -  ResidentSetSize of job (KB)
...
006 (675.017.000) 10/23 23:39:45 Image size of job updated: 3093100
	1057  -  MemoryUsage of job (MB)
	1081796  -  ResidentSetSize of job (KB)
...
006 (675.017.000) 10/23 23:44:46 Image size of job updated: 3093100
	1133  -  MemoryUsage of job (MB)
	1159596  -  ResidentSetSize of job (KB)
...
006 (675.017.000) 10/23 23:49:47 Image size of job updated: 3093100
	1191  -  MemoryUsage of job (MB)
	1219000  -  ResidentSetSize of job (KB)
...
005 (675.017.000) 10/24 00:04:25 Job terminated.
	(1) Normal termination (return value 0)
		Usr 0 00:00:11, Sys 0 00:00:02  -  Run Remote Usage
		Usr 0 00:00:00, Sys 0 00:00:00  -  Run Local Usage
		Usr 0 00:00:11, Sys 0 00:00:02  -  Total Remote Usage
		Usr 0 00:00:00, Sys 0 00:00:00  -  Total Local Usage
	0  -  Run Bytes Sent By Job
	0  -  Run Bytes Received By Job
	0  -  Total Bytes Sent By Job
	0  -  Total Bytes Received By Job
	Partitionable Resources :    Usage  Request          
	   Cpus                 :                 1          
	   Disk (KB)            :        1        1          
	   Memory (MB)          :     1191     1191          
...
