000 (674.018.000) 10/23 18:52:41 Job submitted from host: <192.168.240.30:45350>
...
001 (674.018.000) 10/23 18:52:43 Job executing on host: <192.168.240.30:54062>
...
006 (674.018.000) 10/23 18:52:52 Image size of job updated: 94544
	3  -  MemoryUsage of job (MB)
	2116  -  ResidentSetSize of job (KB)
...
006 (674.018.000) 10/23 18:57:53 Image size of job updated: 2898304
	167  -  MemoryUsage of job (MB)
	170912  -  ResidentSetSize of job (KB)
...
006 (674.018.000) 10/23 19:02:53 Image size of job updated: 2898304
	303  -  MemoryUsage of job (MB)
	309872  -  ResidentSetSize of job (KB)
...
006 (674.018.000) 10/23 19:07:54 Image size of job updated: 2898304
	438  -  MemoryUsage of job (MB)
	448112  -  ResidentSetSize of job (KB)
...
006 (674.018.000) 10/23 19:12:54 Image size of job updated: 2898304
	550  -  MemoryUsage of job (MB)
	562832  -  ResidentSetSize of job (KB)
...
006 (674.018.000) 10/23 19:17:54 Image size of job updated: 2898304
	672  -  MemoryUsage of job (MB)
	687872  -  ResidentSetSize of job (KB)
...
006 (674.018.000) 10/23 19:22:54 Image size of job updated: 2898304
	792  -  MemoryUsage of job (MB)
	810052  -  ResidentSetSize of job (KB)
...
006 (674.018.000) 10/23 19:27:55 Image size of job updated: 2898304
	908  -  MemoryUsage of job (MB)
	929156  -  ResidentSetSize of job (KB)
...
006 (674.018.000) 10/23 19:32:55 Image size of job updated: 2898304
	941  -  MemoryUsage of job (MB)
	963316  -  ResidentSetSize of job (KB)
...
006 (674.018.000) 10/23 19:37:55 Image size of job updated: 2898304
	962  -  MemoryUsage of job (MB)
	984484  -  ResidentSetSize of job (KB)
...
005 (674.018.000) 10/23 21:16:48 Job terminated.
	(1) Normal termination (return value 0)
		Usr 0 00:00:48, Sys 0 00:00:04  -  Run Remote Usage
		Usr 0 00:00:00, Sys 0 00:00:00  -  Run Local Usage
		Usr 0 00:00:48, Sys 0 00:00:04  -  Total Remote Usage
		Usr 0 00:00:00, Sys 0 00:00:00  -  Total Local Usage
	0  -  Run Bytes Sent By Job
	0  -  Run Bytes Received By Job
	0  -  Total Bytes Sent By Job
	0  -  Total Bytes Received By Job
	Partitionable Resources :    Usage  Request          
	   Cpus                 :                 1          
	   Disk (KB)            :        1        1          
	   Memory (MB)          :      962      962          
...
000 (675.018.000) 10/23 22:19:30 Job submitted from host: <192.168.240.30:45350>
...
001 (675.018.000) 10/23 22:19:32 Job executing on host: <192.168.240.30:54062>
...
006 (675.018.000) 10/23 22:19:42 Image size of job updated: 94540
	3  -  MemoryUsage of job (MB)
	2116  -  ResidentSetSize of job (KB)
...
006 (675.018.000) 10/23 22:24:42 Image size of job updated: 3093104
	162  -  MemoryUsage of job (MB)
	165884  -  ResidentSetSize of job (KB)
...
006 (675.018.000) 10/23 22:29:42 Image size of job updated: 3093104
	299  -  MemoryUsage of job (MB)
	305564  -  ResidentSetSize of job (KB)
...
006 (675.018.000) 10/23 22:34:43 Image size of job updated: 3093104
	445  -  MemoryUsage of job (MB)
	455324  -  ResidentSetSize of job (KB)
...
006 (675.018.000) 10/23 22:39:44 Image size of job updated: 3093104
	567  -  MemoryUsage of job (MB)
	579644  -  ResidentSetSize of job (KB)
...
006 (675.018.000) 10/23 22:44:45 Image size of job updated: 3093104
	712  -  MemoryUsage of job (MB)
	728204  -  ResidentSetSize of job (KB)
...
006 (675.018.000) 10/23 22:49:46 Image size of job updated: 3093104
	860  -  MemoryUsage of job (MB)
	879644  -  ResidentSetSize of job (KB)
...
006 (675.018.000) 10/23 22:54:47 Image size of job updated: 3093104
	1002  -  MemoryUsage of job (MB)
	1025804  -  ResidentSetSize of job (KB)
...
006 (675.018.000) 10/23 22:59:47 Image size of job updated: 3093104
	1046  -  MemoryUsage of job (MB)
	1070600  -  ResidentSetSize of job (KB)
...
006 (675.018.000) 10/23 23:44:56 Image size of job updated: 3093104
	1121  -  MemoryUsage of job (MB)
	1147580  -  ResidentSetSize of job (KB)
...
006 (675.018.000) 10/23 23:49:57 Image size of job updated: 3093104
	1183  -  MemoryUsage of job (MB)
	1211068  -  ResidentSetSize of job (KB)
...
005 (675.018.000) 10/24 00:03:39 Job terminated.
	(1) Normal termination (return value 0)
		Usr 0 00:00:07, Sys 0 00:00:02  -  Run Remote Usage
		Usr 0 00:00:00, Sys 0 00:00:00  -  Run Local Usage
		Usr 0 00:00:07, Sys 0 00:00:02  -  Total Remote Usage
		Usr 0 00:00:00, Sys 0 00:00:00  -  Total Local Usage
	0  -  Run Bytes Sent By Job
	0  -  Run Bytes Received By Job
	0  -  Total Bytes Sent By Job
	0  -  Total Bytes Received By Job
	Partitionable Resources :    Usage  Request          
	   Cpus                 :                 1          
	   Disk (KB)            :        1        1          
	   Memory (MB)          :     1183     1183          
...
