000 (674.019.000) 10/23 18:52:41 Job submitted from host: <192.168.240.30:45350>
...
001 (674.019.000) 10/23 18:52:43 Job executing on host: <192.168.240.30:54062>
...
006 (674.019.000) 10/23 18:52:52 Image size of job updated: 94536
	3  -  MemoryUsage of job (MB)
	2116  -  ResidentSetSize of job (KB)
...
006 (674.019.000) 10/23 18:57:53 Image size of job updated: 2898304
	125  -  MemoryUsage of job (MB)
	127960  -  ResidentSetSize of job (KB)
...
006 (674.019.000) 10/23 19:02:54 Image size of job updated: 2898304
	259  -  MemoryUsage of job (MB)
	264520  -  ResidentSetSize of job (KB)
...
006 (674.019.000) 10/23 19:07:55 Image size of job updated: 2898304
	391  -  MemoryUsage of job (MB)
	400120  -  ResidentSetSize of job (KB)
...
006 (674.019.000) 10/23 19:12:56 Image size of job updated: 2898304
	507  -  MemoryUsage of job (MB)
	519160  -  ResidentSetSize of job (KB)
...
006 (674.019.000) 10/23 19:17:57 Image size of job updated: 2898304
	622  -  MemoryUsage of job (MB)
	636760  -  ResidentSetSize of job (KB)
...
006 (674.019.000) 10/23 19:22:57 Image size of job updated: 2898304
	733  -  MemoryUsage of job (MB)
	749800  -  ResidentSetSize of job (KB)
...
006 (674.019.000) 10/23 19:27:57 Image size of job updated: 2898304
	841  -  MemoryUsage of job (MB)
	861016  -  ResidentSetSize of job (KB)
...
006 (674.019.000) 10/23 20:07:57 Image size of job updated: 2898304
	863  -  MemoryUsage of job (MB)
	883644  -  ResidentSetSize of job (KB)
...
006 (674.019.000) 10/23 20:17:57 Image size of job updated: 2898304
	869  -  MemoryUsage of job (MB)
	889196  -  ResidentSetSize of job (KB)
...
006 (674.019.000) 10/23 20:22:57 Image size of job updated: 2898304
	876  -  MemoryUsage of job (MB)
	896364  -  ResidentSetSize of job (KB)
...
006 (674.019.000) 10/23 20:27:57 Image size of job updated: 2898304
	899  -  MemoryUsage of job (MB)
	919644  -  ResidentSetSize of job (KB)
...
006 (674.019.000) 10/23 20:32:57 Image size of job updated: 2898304
	913  -  MemoryUsage of job (MB)
	934568  -  ResidentSetSize of job (KB)
...
006 (674.019.000) 10/23 20:37:57 Image size of job updated: 2898304
	936  -  MemoryUsage of job (MB)
	958308  -  ResidentSetSize of job (KB)
...
006 (674.019.000) 10/23 21:22:57 Image size of job updated: 2898304
	989  -  MemoryUsage of job (MB)
	1012700  -  ResidentSetSize of job (KB)
...
005 (674.019.000) 10/23 21:23:53 Job terminated.
	(1) Normal termination (return value 0)
		Usr 0 00:01:26, Sys 0 00:00:07  -  Run Remote Usage
		Usr 0 00:00:00, Sys 0 00:00:00  -  Run Local Usage
		Usr 0 00:01:26, Sys 0 00:00:07  -  Total Remote Usage
		Usr 0 00:00:00, Sys 0 00:00:00  -  Total Local Usage
	0  -  Run Bytes Sent By Job
	0  -  Run Bytes Received By Job
	0  -  Total Bytes Sent By Job
	0  -  Total Bytes Received By Job
	Partitionable Resources :    Usage  Request          
	   Cpus                 :                 1          
	   Disk (KB)            :        1        1          
	   Memory (MB)          :      989      989          
...
000 (675.019.000) 10/23 22:19:30 Job submitted from host: <192.168.240.30:45350>
...
001 (675.019.000) 10/23 22:19:32 Job executing on host: <192.168.240.30:54062>
...
006 (675.019.000) 10/23 22:19:42 Image size of job updated: 94540
	3  -  MemoryUsage of job (MB)
	2116  -  ResidentSetSize of job (KB)
...
006 (675.019.000) 10/23 22:24:42 Image size of job updated: 3093100
	140  -  MemoryUsage of job (MB)
	142832  -  ResidentSetSize of job (KB)
...
006 (675.019.000) 10/23 22:29:42 Image size of job updated: 3093100
	275  -  MemoryUsage of job (MB)
	280832  -  ResidentSetSize of job (KB)
...
006 (675.019.000) 10/23 22:34:43 Image size of job updated: 3093100
	410  -  MemoryUsage of job (MB)
	419072  -  ResidentSetSize of job (KB)
...
006 (675.019.000) 10/23 22:39:43 Image size of job updated: 3093100
	515  -  MemoryUsage of job (MB)
	526352  -  ResidentSetSize of job (KB)
...
006 (675.019.000) 10/23 22:44:43 Image size of job updated: 3093100
	656  -  MemoryUsage of job (MB)
	671072  -  ResidentSetSize of job (KB)
...
006 (675.019.000) 10/23 22:49:43 Image size of job updated: 3093100
	803  -  MemoryUsage of job (MB)
	821552  -  ResidentSetSize of job (KB)
...
006 (675.019.000) 10/23 22:54:44 Image size of job updated: 3093100
	942  -  MemoryUsage of job (MB)
	963872  -  ResidentSetSize of job (KB)
...
006 (675.019.000) 10/23 22:59:44 Image size of job updated: 3093100
	1002  -  MemoryUsage of job (MB)
	1025596  -  ResidentSetSize of job (KB)
...
006 (675.019.000) 10/23 23:44:53 Image size of job updated: 3093100
	1053  -  MemoryUsage of job (MB)
	1077444  -  ResidentSetSize of job (KB)
...
006 (675.019.000) 10/23 23:49:54 Image size of job updated: 3093100
	1114  -  MemoryUsage of job (MB)
	1139728  -  ResidentSetSize of job (KB)
...
006 (675.019.000) 10/23 23:54:55 Image size of job updated: 3093100
	1223  -  MemoryUsage of job (MB)
	1251784  -  ResidentSetSize of job (KB)
...
005 (675.019.000) 10/24 00:07:51 Job terminated.
	(1) Normal termination (return value 0)
		Usr 0 00:00:30, Sys 0 00:00:03  -  Run Remote Usage
		Usr 0 00:00:00, Sys 0 00:00:00  -  Run Local Usage
		Usr 0 00:00:30, Sys 0 00:00:03  -  Total Remote Usage
		Usr 0 00:00:00, Sys 0 00:00:00  -  Total Local Usage
	0  -  Run Bytes Sent By Job
	0  -  Run Bytes Received By Job
	0  -  Total Bytes Sent By Job
	0  -  Total Bytes Received By Job
	Partitionable Resources :    Usage  Request          
	   Cpus                 :                 1          
	   Disk (KB)            :        1        1          
	   Memory (MB)          :     1223     1223          
...
