000 (674.002.000) 10/23 18:52:41 Job submitted from host: <192.168.240.30:45350>
...
001 (674.002.000) 10/23 18:52:42 Job executing on host: <192.168.240.30:54062>
...
006 (674.002.000) 10/23 18:52:50 Image size of job updated: 254144
	33  -  MemoryUsage of job (MB)
	32952  -  ResidentSetSize of job (KB)
...
006 (674.002.000) 10/23 18:57:50 Image size of job updated: 3156976
	235  -  MemoryUsage of job (MB)
	240524  -  ResidentSetSize of job (KB)
...
006 (674.002.000) 10/23 19:02:51 Image size of job updated: 3156976
	372  -  MemoryUsage of job (MB)
	380204  -  ResidentSetSize of job (KB)
...
006 (674.002.000) 10/23 19:07:52 Image size of job updated: 3156976
	503  -  MemoryUsage of job (MB)
	514940  -  ResidentSetSize of job (KB)
...
006 (674.002.000) 10/23 19:12:53 Image size of job updated: 3156976
	616  -  MemoryUsage of job (MB)
	630044  -  ResidentSetSize of job (KB)
...
006 (674.002.000) 10/23 19:17:54 Image size of job updated: 3156976
	745  -  MemoryUsage of job (MB)
	762284  -  ResidentSetSize of job (KB)
...
006 (674.002.000) 10/23 19:22:54 Image size of job updated: 3156976
	867  -  MemoryUsage of job (MB)
	887804  -  ResidentSetSize of job (KB)
...
006 (674.002.000) 10/23 19:27:54 Image size of job updated: 3156976
	989  -  MemoryUsage of job (MB)
	1011732  -  ResidentSetSize of job (KB)
...
006 (674.002.000) 10/23 20:12:54 Image size of job updated: 3156976
	997  -  MemoryUsage of job (MB)
	1020700  -  ResidentSetSize of job (KB)
...
006 (674.002.000) 10/23 20:32:54 Image size of job updated: 3156976
	1003  -  MemoryUsage of job (MB)
	1026208  -  ResidentSetSize of job (KB)
...
006 (674.002.000) 10/23 20:37:54 Image size of job updated: 3156976
	1008  -  MemoryUsage of job (MB)
	1031320  -  ResidentSetSize of job (KB)
...
005 (674.002.000) 10/23 21:13:35 Job terminated.
	(1) Normal termination (return value 0)
		Usr 0 00:00:34, Sys 0 00:00:03  -  Run Remote Usage
		Usr 0 00:00:00, Sys 0 00:00:00  -  Run Local Usage
		Usr 0 00:00:34, Sys 0 00:00:03  -  Total Remote Usage
		Usr 0 00:00:00, Sys 0 00:00:00  -  Total Local Usage
	0  -  Run Bytes Sent By Job
	0  -  Run Bytes Received By Job
	0  -  Total Bytes Sent By Job
	0  -  Total Bytes Received By Job
	Partitionable Resources :    Usage  Request          
	   Cpus                 :                 1          
	   Disk (KB)            :        1        1          
	   Memory (MB)          :     1008     1008          
...
000 (675.002.000) 10/23 22:19:30 Job submitted from host: <192.168.240.30:45350>
...
001 (675.002.000) 10/23 22:19:31 Job executing on host: <192.168.240.30:54062>
...
006 (675.002.000) 10/23 22:19:40 Image size of job updated: 267780
	35  -  MemoryUsage of job (MB)
	35020  -  ResidentSetSize of job (KB)
...
006 (675.002.000) 10/23 22:24:41 Image size of job updated: 2362180
	268  -  MemoryUsage of job (MB)
	273872  -  ResidentSetSize of job (KB)
...
006 (675.002.000) 10/23 22:29:42 Image size of job updated: 2362180
	403  -  MemoryUsage of job (MB)
	412352  -  ResidentSetSize of job (KB)
...
006 (675.002.000) 10/23 22:34:42 Image size of job updated: 2362180
	539  -  MemoryUsage of job (MB)
	551568  -  ResidentSetSize of job (KB)
...
006 (675.002.000) 10/23 22:39:42 Image size of job updated: 2362180
	652  -  MemoryUsage of job (MB)
	666992  -  ResidentSetSize of job (KB)
...
006 (675.002.000) 10/23 22:44:42 Image size of job updated: 2362180
	781  -  MemoryUsage of job (MB)
	799232  -  ResidentSetSize of job (KB)
...
006 (675.002.000) 10/23 22:49:42 Image size of job updated: 2362180
	919  -  MemoryUsage of job (MB)
	940352  -  ResidentSetSize of job (KB)
...
006 (675.002.000) 10/23 22:54:42 Image size of job updated: 2362180
	1057  -  MemoryUsage of job (MB)
	1081712  -  ResidentSetSize of job (KB)
...
005 (675.002.000) 10/24 00:05:57 Job terminated.
	(1) Normal termination (return value 0)
		Usr 0 00:00:23, Sys 0 00:00:02  -  Run Remote Usage
		Usr 0 00:00:00, Sys 0 00:00:00  -  Run Local Usage
		Usr 0 00:00:23, Sys 0 00:00:02  -  Total Remote Usage
		Usr 0 00:00:00, Sys 0 00:00:00  -  Total Local Usage
	0  -  Run Bytes Sent By Job
	0  -  Run Bytes Received By Job
	0  -  Total Bytes Sent By Job
	0  -  Total Bytes Received By Job
	Partitionable Resources :    Usage  Request          
	   Cpus                 :                 1          
	   Disk (KB)            :        1        1          
	   Memory (MB)          :     1057     1057          
...
