000 (674.020.000) 10/23 18:52:41 Job submitted from host: <192.168.240.30:45350>
...
001 (674.020.000) 10/23 18:52:43 Job executing on host: <192.168.240.30:54062>
...
006 (674.020.000) 10/23 18:52:52 Image size of job updated: 94536
	3  -  MemoryUsage of job (MB)
	2112  -  ResidentSetSize of job (KB)
...
006 (674.020.000) 10/23 18:57:53 Image size of job updated: 3483508
	143  -  MemoryUsage of job (MB)
	146212  -  ResidentSetSize of job (KB)
...
006 (674.020.000) 10/23 19:02:53 Image size of job updated: 3483508
	276  -  MemoryUsage of job (MB)
	281812  -  ResidentSetSize of job (KB)
...
006 (674.020.000) 10/23 19:07:53 Image size of job updated: 3483508
	408  -  MemoryUsage of job (MB)
	416932  -  ResidentSetSize of job (KB)
...
006 (674.020.000) 10/23 19:12:53 Image size of job updated: 3483508
	506  -  MemoryUsage of job (MB)
	517972  -  ResidentSetSize of job (KB)
...
006 (674.020.000) 10/23 19:17:53 Image size of job updated: 3483508
	616  -  MemoryUsage of job (MB)
	630532  -  ResidentSetSize of job (KB)
...
006 (674.020.000) 10/23 19:22:53 Image size of job updated: 3483508
	730  -  MemoryUsage of job (MB)
	746692  -  ResidentSetSize of job (KB)
...
006 (674.020.000) 10/23 19:27:54 Image size of job updated: 3483508
	833  -  MemoryUsage of job (MB)
	852612  -  ResidentSetSize of job (KB)
...
006 (674.020.000) 10/23 19:32:55 Image size of job updated: 3483508
	907  -  MemoryUsage of job (MB)
	928544  -  ResidentSetSize of job (KB)
...
006 (674.020.000) 10/23 20:18:04 Image size of job updated: 3483508
	911  -  MemoryUsage of job (MB)
	932172  -  ResidentSetSize of job (KB)
...
006 (674.020.000) 10/23 20:23:05 Image size of job updated: 3483508
	914  -  MemoryUsage of job (MB)
	935760  -  ResidentSetSize of job (KB)
...
006 (674.020.000) 10/23 20:28:06 Image size of job updated: 3483508
	933  -  MemoryUsage of job (MB)
	954732  -  ResidentSetSize of job (KB)
...
006 (674.020.000) 10/23 20:33:07 Image size of job updated: 3483508
	943  -  MemoryUsage of job (MB)
	965340  -  ResidentSetSize of job (KB)
...
006 (674.020.000) 10/23 20:43:09 Image size of job updated: 3483508
	968  -  MemoryUsage of job (MB)
	990816  -  ResidentSetSize of job (KB)
...
006 (674.020.000) 10/23 20:48:10 Image size of job updated: 3483508
	1039  -  MemoryUsage of job (MB)
	1063756  -  ResidentSetSize of job (KB)
...
006 (674.020.000) 10/23 20:53:10 Image size of job updated: 3483508
	1158  -  MemoryUsage of job (MB)
	1185364  -  ResidentSetSize of job (KB)
...
005 (674.020.000) 10/23 21:27:42 Job terminated.
	(1) Normal termination (return value 0)
		Usr 0 00:02:08, Sys 0 00:00:08  -  Run Remote Usage
		Usr 0 00:00:00, Sys 0 00:00:00  -  Run Local Usage
		Usr 0 00:02:08, Sys 0 00:00:08  -  Total Remote Usage
		Usr 0 00:00:00, Sys 0 00:00:00  -  Total Local Usage
	0  -  Run Bytes Sent By Job
	0  -  Run Bytes Received By Job
	0  -  Total Bytes Sent By Job
	0  -  Total Bytes Received By Job
	Partitionable Resources :    Usage  Request          
	   Cpus                 :                 1          
	   Disk (KB)            :        1        1          
	   Memory (MB)          :     1158     1158          
...
000 (675.020.000) 10/23 22:19:30 Job submitted from host: <192.168.240.30:45350>
...
001 (675.020.000) 10/23 22:19:32 Job executing on host: <192.168.240.30:54062>
...
006 (675.020.000) 10/23 22:19:42 Image size of job updated: 94540
	3  -  MemoryUsage of job (MB)
	2120  -  ResidentSetSize of job (KB)
...
006 (675.020.000) 10/23 22:24:42 Image size of job updated: 3402160
	138  -  MemoryUsage of job (MB)
	141172  -  ResidentSetSize of job (KB)
...
006 (675.020.000) 10/23 22:29:42 Image size of job updated: 3402160
	273  -  MemoryUsage of job (MB)
	279172  -  ResidentSetSize of job (KB)
...
006 (675.020.000) 10/23 22:34:43 Image size of job updated: 3402160
	411  -  MemoryUsage of job (MB)
	420052  -  ResidentSetSize of job (KB)
...
006 (675.020.000) 10/23 22:39:44 Image size of job updated: 3402160
	531  -  MemoryUsage of job (MB)
	543172  -  ResidentSetSize of job (KB)
...
006 (675.020.000) 10/23 22:44:45 Image size of job updated: 3402160
	670  -  MemoryUsage of job (MB)
	685972  -  ResidentSetSize of job (KB)
...
006 (675.020.000) 10/23 22:49:46 Image size of job updated: 3402160
	809  -  MemoryUsage of job (MB)
	828292  -  ResidentSetSize of job (KB)
...
006 (675.020.000) 10/23 22:54:47 Image size of job updated: 3402160
	946  -  MemoryUsage of job (MB)
	968692  -  ResidentSetSize of job (KB)
...
006 (675.020.000) 10/23 22:59:48 Image size of job updated: 3402160
	1010  -  MemoryUsage of job (MB)
	1033672  -  ResidentSetSize of job (KB)
...
006 (675.020.000) 10/23 23:04:49 Image size of job updated: 3402160
	1012  -  MemoryUsage of job (MB)
	1035440  -  ResidentSetSize of job (KB)
...
006 (675.020.000) 10/23 23:29:54 Image size of job updated: 3402160
	1023  -  MemoryUsage of job (MB)
	1046676  -  ResidentSetSize of job (KB)
...
006 (675.020.000) 10/23 23:34:55 Image size of job updated: 3402160
	1043  -  MemoryUsage of job (MB)
	1067516  -  ResidentSetSize of job (KB)
...
006 (675.020.000) 10/23 23:39:56 Image size of job updated: 3402160
	1048  -  MemoryUsage of job (MB)
	1072780  -  ResidentSetSize of job (KB)
...
006 (675.020.000) 10/23 23:44:57 Image size of job updated: 3402160
	1116  -  MemoryUsage of job (MB)
	1142188  -  ResidentSetSize of job (KB)
...
006 (675.020.000) 10/23 23:49:58 Image size of job updated: 3402160
	1180  -  MemoryUsage of job (MB)
	1207932  -  ResidentSetSize of job (KB)
...
006 (675.020.000) 10/23 23:54:58 Image size of job updated: 3402160
	1289  -  MemoryUsage of job (MB)
	1319140  -  ResidentSetSize of job (KB)
...
006 (675.020.000) 10/23 23:59:59 Image size of job updated: 3402160
	1574  -  MemoryUsage of job (MB)
	1610956  -  ResidentSetSize of job (KB)
...
005 (675.020.000) 10/24 00:06:34 Job terminated.
	(1) Normal termination (return value 0)
		Usr 0 00:00:21, Sys 0 00:00:03  -  Run Remote Usage
		Usr 0 00:00:00, Sys 0 00:00:00  -  Run Local Usage
		Usr 0 00:00:21, Sys 0 00:00:03  -  Total Remote Usage
		Usr 0 00:00:00, Sys 0 00:00:00  -  Total Local Usage
	0  -  Run Bytes Sent By Job
	0  -  Run Bytes Received By Job
	0  -  Total Bytes Sent By Job
	0  -  Total Bytes Received By Job
	Partitionable Resources :    Usage  Request          
	   Cpus                 :                 1          
	   Disk (KB)            :        1        1          
	   Memory (MB)          :     1574     1574          
...
