000 (674.022.000) 10/23 18:52:41 Job submitted from host: <192.168.240.30:45350>
...
001 (674.022.000) 10/23 18:52:43 Job executing on host: <192.168.240.30:54062>
...
006 (674.022.000) 10/23 18:52:52 Image size of job updated: 94536
	3  -  MemoryUsage of job (MB)
	2116  -  ResidentSetSize of job (KB)
...
006 (674.022.000) 10/23 18:57:53 Image size of job updated: 3483500
	119  -  MemoryUsage of job (MB)
	121004  -  ResidentSetSize of job (KB)
...
006 (674.022.000) 10/23 19:02:53 Image size of job updated: 3483500
	257  -  MemoryUsage of job (MB)
	262604  -  ResidentSetSize of job (KB)
...
006 (674.022.000) 10/23 19:07:54 Image size of job updated: 3483500
	395  -  MemoryUsage of job (MB)
	403964  -  ResidentSetSize of job (KB)
...
006 (674.022.000) 10/23 19:12:55 Image size of job updated: 3483500
	506  -  MemoryUsage of job (MB)
	517244  -  ResidentSetSize of job (KB)
...
006 (674.022.000) 10/23 19:17:56 Image size of job updated: 3483500
	631  -  MemoryUsage of job (MB)
	645644  -  ResidentSetSize of job (KB)
...
006 (674.022.000) 10/23 19:22:57 Image size of job updated: 3483500
	757  -  MemoryUsage of job (MB)
	775096  -  ResidentSetSize of job (KB)
...
006 (674.022.000) 10/23 19:27:57 Image size of job updated: 3483500
	888  -  MemoryUsage of job (MB)
	909308  -  ResidentSetSize of job (KB)
...
006 (674.022.000) 10/23 19:32:57 Image size of job updated: 3483500
	970  -  MemoryUsage of job (MB)
	992916  -  ResidentSetSize of job (KB)
...
006 (674.022.000) 10/23 19:37:57 Image size of job updated: 3483500
	1025  -  MemoryUsage of job (MB)
	1049148  -  ResidentSetSize of job (KB)
...
006 (674.022.000) 10/23 20:47:57 Image size of job updated: 3483500
	1104  -  MemoryUsage of job (MB)
	1130184  -  ResidentSetSize of job (KB)
...
005 (674.022.000) 10/23 21:14:39 Job terminated.
	(1) Normal termination (return value 0)
		Usr 0 00:00:37, Sys 0 00:00:03  -  Run Remote Usage
		Usr 0 00:00:00, Sys 0 00:00:00  -  Run Local Usage
		Usr 0 00:00:37, Sys 0 00:00:03  -  Total Remote Usage
		Usr 0 00:00:00, Sys 0 00:00:00  -  Total Local Usage
	0  -  Run Bytes Sent By Job
	0  -  Run Bytes Received By Job
	0  -  Total Bytes Sent By Job
	0  -  Total Bytes Received By Job
	Partitionable Resources :    Usage  Request          
	   Cpus                 :                 1          
	   Disk (KB)            :        1        1          
	   Memory (MB)          :     1104     1104          
...
000 (675.022.000) 10/23 22:19:30 Job submitted from host: <192.168.240.30:45350>
...
001 (675.022.000) 10/23 22:19:32 Job executing on host: <192.168.240.30:54062>
...
006 (675.022.000) 10/23 22:19:42 Image size of job updated: 94536
	3  -  MemoryUsage of job (MB)
	2112  -  ResidentSetSize of job (KB)
...
006 (675.022.000) 10/23 22:24:42 Image size of job updated: 3402152
	130  -  MemoryUsage of job (MB)
	132764  -  ResidentSetSize of job (KB)
...
006 (675.022.000) 10/23 22:29:42 Image size of job updated: 3402152
	267  -  MemoryUsage of job (MB)
	273164  -  ResidentSetSize of job (KB)
...
006 (675.022.000) 10/23 22:34:43 Image size of job updated: 3402152
	415  -  MemoryUsage of job (MB)
	424844  -  ResidentSetSize of job (KB)
...
006 (675.022.000) 10/23 22:39:44 Image size of job updated: 3402152
	538  -  MemoryUsage of job (MB)
	550156  -  ResidentSetSize of job (KB)
...
006 (675.022.000) 10/23 22:44:45 Image size of job updated: 3402152
	681  -  MemoryUsage of job (MB)
	696764  -  ResidentSetSize of job (KB)
...
006 (675.022.000) 10/23 22:49:46 Image size of job updated: 3402152
	829  -  MemoryUsage of job (MB)
	848684  -  ResidentSetSize of job (KB)
...
006 (675.022.000) 10/23 22:54:46 Image size of job updated: 3402152
	971  -  MemoryUsage of job (MB)
	993884  -  ResidentSetSize of job (KB)
...
006 (675.022.000) 10/23 22:59:46 Image size of job updated: 3402152
	1050  -  MemoryUsage of job (MB)
	1074764  -  ResidentSetSize of job (KB)
...
006 (675.022.000) 10/23 23:44:46 Image size of job updated: 3402152
	1100  -  MemoryUsage of job (MB)
	1125508  -  ResidentSetSize of job (KB)
...
006 (675.022.000) 10/23 23:49:46 Image size of job updated: 3402152
	1158  -  MemoryUsage of job (MB)
	1185392  -  ResidentSetSize of job (KB)
...
006 (675.022.000) 10/23 23:54:46 Image size of job updated: 3402152
	1254  -  MemoryUsage of job (MB)
	1283676  -  ResidentSetSize of job (KB)
...
006 (675.022.000) 10/23 23:59:47 Image size of job updated: 3402152
	1531  -  MemoryUsage of job (MB)
	1566732  -  ResidentSetSize of job (KB)
...
005 (675.022.000) 10/24 00:05:12 Job terminated.
	(1) Normal termination (return value 0)
		Usr 0 00:00:15, Sys 0 00:00:02  -  Run Remote Usage
		Usr 0 00:00:00, Sys 0 00:00:00  -  Run Local Usage
		Usr 0 00:00:15, Sys 0 00:00:02  -  Total Remote Usage
		Usr 0 00:00:00, Sys 0 00:00:00  -  Total Local Usage
	0  -  Run Bytes Sent By Job
	0  -  Run Bytes Received By Job
	0  -  Total Bytes Sent By Job
	0  -  Total Bytes Received By Job
	Partitionable Resources :    Usage  Request          
	   Cpus                 :                 1          
	   Disk (KB)            :        1        1          
	   Memory (MB)          :     1531     1531          
...
