000 (674.023.000) 10/23 18:52:41 Job submitted from host: <192.168.240.30:45350>
...
001 (674.023.000) 10/23 18:52:43 Job executing on host: <192.168.240.30:54062>
...
006 (674.023.000) 10/23 18:52:52 Image size of job updated: 1
	2  -  MemoryUsage of job (MB)
	2048  -  ResidentSetSize of job (KB)
...
006 (674.023.000) 10/23 18:57:53 Image size of job updated: 3483504
	153  -  MemoryUsage of job (MB)
	156288  -  ResidentSetSize of job (KB)
...
006 (674.023.000) 10/23 19:02:53 Image size of job updated: 3483504
	289  -  MemoryUsage of job (MB)
	295248  -  ResidentSetSize of job (KB)
...
006 (674.023.000) 10/23 19:07:53 Image size of job updated: 3483504
	417  -  MemoryUsage of job (MB)
	426288  -  ResidentSetSize of job (KB)
...
006 (674.023.000) 10/23 19:12:53 Image size of job updated: 3483504
	525  -  MemoryUsage of job (MB)
	536928  -  ResidentSetSize of job (KB)
...
006 (674.023.000) 10/23 19:17:53 Image size of job updated: 3483504
	644  -  MemoryUsage of job (MB)
	659328  -  ResidentSetSize of job (KB)
...
006 (674.023.000) 10/23 19:22:54 Image size of job updated: 3483504
	761  -  MemoryUsage of job (MB)
	778568  -  ResidentSetSize of job (KB)
...
006 (674.023.000) 10/23 19:27:55 Image size of job updated: 3483504
	869  -  MemoryUsage of job (MB)
	888956  -  ResidentSetSize of job (KB)
...
006 (674.023.000) 10/23 19:32:56 Image size of job updated: 3483504
	918  -  MemoryUsage of job (MB)
	939804  -  ResidentSetSize of job (KB)
...
006 (674.023.000) 10/23 19:37:57 Image size of job updated: 3483504
	945  -  MemoryUsage of job (MB)
	967072  -  ResidentSetSize of job (KB)
...
006 (674.023.000) 10/23 20:37:58 Image size of job updated: 3483504
	949  -  MemoryUsage of job (MB)
	971096  -  ResidentSetSize of job (KB)
...
006 (674.023.000) 10/23 20:42:58 Image size of job updated: 3483504
	996  -  MemoryUsage of job (MB)
	1019568  -  ResidentSetSize of job (KB)
...
006 (674.023.000) 10/23 20:47:58 Image size of job updated: 3483504
	1072  -  MemoryUsage of job (MB)
	1097532  -  ResidentSetSize of job (KB)
...
006 (674.023.000) 10/23 20:52:59 Image size of job updated: 3483504
	1175  -  MemoryUsage of job (MB)
	1202456  -  ResidentSetSize of job (KB)
...
005 (674.023.000) 10/23 21:20:15 Job terminated.
	(1) Normal termination (return value 0)
		Usr 0 00:01:04, Sys 0 00:00:05  -  Run Remote Usage
		Usr 0 00:00:00, Sys 0 00:00:00  -  Run Local Usage
		Usr 0 00:01:04, Sys 0 00:00:05  -  Total Remote Usage
		Usr 0 00:00:00, Sys 0 00:00:00  -  Total Local Usage
	0  -  Run Bytes Sent By Job
	0  -  Run Bytes Received By Job
	0  -  Total Bytes Sent By Job
	0  -  Total Bytes Received By Job
	Partitionable Resources :    Usage  Request          
	   Cpus                 :                 1          
	   Disk (KB)            :        1        1          
	   Memory (MB)          :     1175     1175          
...
000 (675.023.000) 10/23 22:19:30 Job submitted from host: <192.168.240.30:45350>
...
001 (675.023.000) 10/23 22:19:32 Job executing on host: <192.168.240.30:54062>
...
006 (675.023.000) 10/23 22:19:42 Image size of job updated: 1
	2  -  MemoryUsage of job (MB)
	2048  -  ResidentSetSize of job (KB)
...
006 (675.023.000) 10/23 22:24:42 Image size of job updated: 3402156
	131  -  MemoryUsage of job (MB)
	133732  -  ResidentSetSize of job (KB)
...
006 (675.023.000) 10/23 22:29:42 Image size of job updated: 3402156
	268  -  MemoryUsage of job (MB)
	274372  -  ResidentSetSize of job (KB)
...
006 (675.023.000) 10/23 22:34:43 Image size of job updated: 3402156
	406  -  MemoryUsage of job (MB)
	415332  -  ResidentSetSize of job (KB)
...
006 (675.023.000) 10/23 22:39:44 Image size of job updated: 3402156
	522  -  MemoryUsage of job (MB)
	533572  -  ResidentSetSize of job (KB)
...
006 (675.023.000) 10/23 22:44:45 Image size of job updated: 3402156
	669  -  MemoryUsage of job (MB)
	684052  -  ResidentSetSize of job (KB)
...
006 (675.023.000) 10/23 22:49:45 Image size of job updated: 3402156
	808  -  MemoryUsage of job (MB)
	826372  -  ResidentSetSize of job (KB)
...
006 (675.023.000) 10/23 22:54:46 Image size of job updated: 3402156
	947  -  MemoryUsage of job (MB)
	969412  -  ResidentSetSize of job (KB)
...
006 (675.023.000) 10/23 22:59:47 Image size of job updated: 3402156
	1012  -  MemoryUsage of job (MB)
	1035388  -  ResidentSetSize of job (KB)
...
006 (675.023.000) 10/23 23:24:52 Image size of job updated: 3402156
	1021  -  MemoryUsage of job (MB)
	1045280  -  ResidentSetSize of job (KB)
...
006 (675.023.000) 10/23 23:29:53 Image size of job updated: 3402156
	1027  -  MemoryUsage of job (MB)
	1051648  -  ResidentSetSize of job (KB)
...
006 (675.023.000) 10/23 23:34:54 Image size of job updated: 3402156
	1041  -  MemoryUsage of job (MB)
	1065832  -  ResidentSetSize of job (KB)
...
006 (675.023.000) 10/23 23:39:54 Image size of job updated: 3402156
	1060  -  MemoryUsage of job (MB)
	1084652  -  ResidentSetSize of job (KB)
...
006 (675.023.000) 10/23 23:44:54 Image size of job updated: 3402156
	1138  -  MemoryUsage of job (MB)
	1164540  -  ResidentSetSize of job (KB)
...
006 (675.023.000) 10/23 23:49:55 Image size of job updated: 3402156
	1196  -  MemoryUsage of job (MB)
	1224068  -  ResidentSetSize of job (KB)
...
006 (675.023.000) 10/23 23:54:56 Image size of job updated: 3402156
	1288  -  MemoryUsage of job (MB)
	1318092  -  ResidentSetSize of job (KB)
...
005 (675.023.000) 10/24 00:05:32 Job terminated.
	(1) Normal termination (return value 0)
		Usr 0 00:00:16, Sys 0 00:00:02  -  Run Remote Usage
		Usr 0 00:00:00, Sys 0 00:00:00  -  Run Local Usage
		Usr 0 00:00:16, Sys 0 00:00:02  -  Total Remote Usage
		Usr 0 00:00:00, Sys 0 00:00:00  -  Total Local Usage
	0  -  Run Bytes Sent By Job
	0  -  Run Bytes Received By Job
	0  -  Total Bytes Sent By Job
	0  -  Total Bytes Received By Job
	Partitionable Resources :    Usage  Request          
	   Cpus                 :                 1          
	   Disk (KB)            :        1        1          
	   Memory (MB)          :     1288     1288          
...
