000 (674.025.000) 10/23 18:52:41 Job submitted from host: <192.168.240.30:45350>
...
001 (674.025.000) 10/23 19:14:38 Job executing on host: <192.168.240.32:45057>
...
006 (674.025.000) 10/23 19:14:50 Image size of job updated: 1
	3  -  MemoryUsage of job (MB)
	2100  -  ResidentSetSize of job (KB)
...
006 (674.025.000) 10/23 19:19:50 Image size of job updated: 2724356
	746  -  MemoryUsage of job (MB)
	763380  -  ResidentSetSize of job (KB)
...
006 (674.025.000) 10/23 19:24:51 Image size of job updated: 2724356
	1477  -  MemoryUsage of job (MB)
	1511512  -  ResidentSetSize of job (KB)
...
001 (674.025.000) 10/23 19:48:59 Job executing on host: <192.168.240.32:45057>
...
006 (674.025.000) 10/23 19:59:09 Image size of job updated: 2750000
	2145  -  MemoryUsage of job (MB)
	2196196  -  ResidentSetSize of job (KB)
...
005 (674.025.000) 10/23 20:15:21 Job terminated.
	(1) Normal termination (return value 0)
		Usr 0 00:00:53, Sys 0 00:00:09  -  Run Remote Usage
		Usr 0 00:00:00, Sys 0 00:00:00  -  Run Local Usage
		Usr 0 00:00:53, Sys 0 00:00:09  -  Total Remote Usage
		Usr 0 00:00:00, Sys 0 00:00:00  -  Total Local Usage
	0  -  Run Bytes Sent By Job
	0  -  Run Bytes Received By Job
	0  -  Total Bytes Sent By Job
	0  -  Total Bytes Received By Job
	Partitionable Resources :    Usage  Request          
	   Cpus                 :                 1          
	   Disk (KB)            :        1        1          
	   Memory (MB)          :     2145     2145          
...
000 (675.025.000) 10/23 22:19:30 Job submitted from host: <192.168.240.30:45350>
...
001 (675.025.000) 10/23 22:19:31 Job executing on host: <192.168.240.32:45057>
...
006 (675.025.000) 10/23 22:19:40 Image size of job updated: 267780
	36  -  MemoryUsage of job (MB)
	36240  -  ResidentSetSize of job (KB)
...
006 (675.025.000) 10/23 22:24:41 Image size of job updated: 3037208
	840  -  MemoryUsage of job (MB)
	859912  -  ResidentSetSize of job (KB)
...
006 (675.025.000) 10/23 22:29:42 Image size of job updated: 3037208
	1639  -  MemoryUsage of job (MB)
	1677832  -  ResidentSetSize of job (KB)
...
006 (675.025.000) 10/23 22:34:43 Image size of job updated: 3037208
	1884  -  MemoryUsage of job (MB)
	1928636  -  ResidentSetSize of job (KB)
...
001 (675.025.000) 10/23 23:01:00 Job executing on host: <192.168.240.32:45057>
...
001 (675.025.000) 10/23 23:37:58 Job executing on host: <192.168.240.32:45057>
...
001 (675.025.000) 10/24 00:08:19 Job executing on host: <192.168.240.32:45057>
...
006 (675.025.000) 10/24 00:13:29 Image size of job updated: 3250000
	2632  -  MemoryUsage of job (MB)
	2694288  -  ResidentSetSize of job (KB)
...
005 (675.025.000) 10/24 00:14:18 Job terminated.
	(1) Normal termination (return value 0)
		Usr 0 00:00:12, Sys 0 00:00:03  -  Run Remote Usage
		Usr 0 00:00:00, Sys 0 00:00:00  -  Run Local Usage
		Usr 0 00:00:12, Sys 0 00:00:03  -  Total Remote Usage
		Usr 0 00:00:00, Sys 0 00:00:00  -  Total Local Usage
	0  -  Run Bytes Sent By Job
	0  -  Run Bytes Received By Job
	0  -  Total Bytes Sent By Job
	0  -  Total Bytes Received By Job
	Partitionable Resources :    Usage  Request          
	   Cpus                 :                 1          
	   Disk (KB)            :        1        1          
	   Memory (MB)          :     2632     2632          
...
