000 (674.027.000) 10/23 18:52:41 Job submitted from host: <192.168.240.30:45350>
...
001 (674.027.000) 10/23 19:14:37 Job executing on host: <192.168.240.32:45057>
...
006 (674.027.000) 10/23 19:14:48 Image size of job updated: 63848
	2  -  MemoryUsage of job (MB)
	1104  -  ResidentSetSize of job (KB)
...
006 (674.027.000) 10/23 19:19:48 Image size of job updated: 2724360
	769  -  MemoryUsage of job (MB)
	786716  -  ResidentSetSize of job (KB)
...
006 (674.027.000) 10/23 19:24:48 Image size of job updated: 2724360
	1508  -  MemoryUsage of job (MB)
	1543388  -  ResidentSetSize of job (KB)
...
001 (674.027.000) 10/23 19:49:08 Job executing on host: <192.168.240.32:45057>
...
006 (674.027.000) 10/23 19:59:21 Image size of job updated: 2750000
	1937  -  MemoryUsage of job (MB)
	1982480  -  ResidentSetSize of job (KB)
...
005 (674.027.000) 10/23 20:04:03 Job terminated.
	(1) Normal termination (return value 0)
		Usr 0 00:00:40, Sys 0 00:00:05  -  Run Remote Usage
		Usr 0 00:00:00, Sys 0 00:00:00  -  Run Local Usage
		Usr 0 00:00:40, Sys 0 00:00:05  -  Total Remote Usage
		Usr 0 00:00:00, Sys 0 00:00:00  -  Total Local Usage
	0  -  Run Bytes Sent By Job
	0  -  Run Bytes Received By Job
	0  -  Total Bytes Sent By Job
	0  -  Total Bytes Received By Job
	Partitionable Resources :    Usage  Request          
	   Cpus                 :                 1          
	   Disk (KB)            :        1        1          
	   Memory (MB)          :     1937     1937          
...
000 (675.027.000) 10/23 22:19:30 Job submitted from host: <192.168.240.30:45350>
...
001 (675.027.000) 10/23 22:19:31 Job executing on host: <192.168.240.32:45057>
...
006 (675.027.000) 10/23 22:19:40 Image size of job updated: 267780
	36  -  MemoryUsage of job (MB)
	36236  -  ResidentSetSize of job (KB)
...
006 (675.027.000) 10/23 22:24:41 Image size of job updated: 3037208
	851  -  MemoryUsage of job (MB)
	870628  -  ResidentSetSize of job (KB)
...
006 (675.027.000) 10/23 22:29:42 Image size of job updated: 3037208
	1662  -  MemoryUsage of job (MB)
	1701828  -  ResidentSetSize of job (KB)
...
006 (675.027.000) 10/23 22:34:43 Image size of job updated: 3037208
	1907  -  MemoryUsage of job (MB)
	1951832  -  ResidentSetSize of job (KB)
...
001 (675.027.000) 10/23 23:01:03 Job executing on host: <192.168.240.32:45057>
...
001 (675.027.000) 10/23 23:38:00 Job executing on host: <192.168.240.32:45057>
...
001 (675.027.000) 10/24 00:08:19 Job executing on host: <192.168.240.32:45057>
...
005 (675.027.000) 10/24 00:13:58 Job terminated.
	(1) Normal termination (return value 0)
		Usr 0 00:00:12, Sys 0 00:00:02  -  Run Remote Usage
		Usr 0 00:00:00, Sys 0 00:00:00  -  Run Local Usage
		Usr 0 00:00:12, Sys 0 00:00:02  -  Total Remote Usage
		Usr 0 00:00:00, Sys 0 00:00:00  -  Total Local Usage
	0  -  Run Bytes Sent By Job
	0  -  Run Bytes Received By Job
	0  -  Total Bytes Sent By Job
	0  -  Total Bytes Received By Job
	Partitionable Resources :    Usage  Request          
	   Cpus                 :                 1          
	   Disk (KB)            :        1        1          
	   Memory (MB)          :     1954     1954          
...
