000 (674.028.000) 10/23 18:52:41 Job submitted from host: <192.168.240.30:45350>
...
001 (674.028.000) 10/23 20:03:24 Job executing on host: <192.168.240.32:45057>
...
006 (674.028.000) 10/23 20:03:35 Image size of job updated: 3418516
	46  -  MemoryUsage of job (MB)
	46416  -  ResidentSetSize of job (KB)
...
006 (674.028.000) 10/23 20:08:36 Image size of job updated: 3418516
	1324  -  MemoryUsage of job (MB)
	1354800  -  ResidentSetSize of job (KB)
...
006 (674.028.000) 10/23 20:13:37 Image size of job updated: 3418516
	2379  -  MemoryUsage of job (MB)
	2435440  -  ResidentSetSize of job (KB)
...
005 (674.028.000) 10/23 20:25:14 Job terminated.
	(1) Normal termination (return value 0)
		Usr 0 00:00:33, Sys 0 00:00:08  -  Run Remote Usage
		Usr 0 00:00:00, Sys 0 00:00:00  -  Run Local Usage
		Usr 0 00:00:33, Sys 0 00:00:08  -  Total Remote Usage
		Usr 0 00:00:00, Sys 0 00:00:00  -  Total Local Usage
	0  -  Run Bytes Sent By Job
	0  -  Run Bytes Received By Job
	0  -  Total Bytes Sent By Job
	0  -  Total Bytes Received By Job
	Partitionable Resources :    Usage  Request          
	   Cpus                 :                 1          
	   Disk (KB)            :        1        1          
	   Memory (MB)          :     2379     2379          
...
