000 (674.029.000) 10/23 18:52:41 Job submitted from host: <192.168.240.30:45350>
...
001 (674.029.000) 10/23 20:04:07 Job executing on host: <192.168.240.32:45057>
...
006 (674.029.000) 10/23 20:04:18 Image size of job updated: 342388
	37  -  MemoryUsage of job (MB)
	37680  -  ResidentSetSize of job (KB)
...
006 (674.029.000) 10/23 20:09:19 Image size of job updated: 3418524
	1180  -  MemoryUsage of job (MB)
	1208168  -  ResidentSetSize of job (KB)
...
006 (674.029.000) 10/23 20:14:20 Image size of job updated: 3418524
	2246  -  MemoryUsage of job (MB)
	2299688  -  ResidentSetSize of job (KB)
...
005 (674.029.000) 10/23 20:23:55 Job terminated.
	(1) Normal termination (return value 0)
		Usr 0 00:00:19, Sys 0 00:00:05  -  Run Remote Usage
		Usr 0 00:00:00, Sys 0 00:00:00  -  Run Local Usage
		Usr 0 00:00:19, Sys 0 00:00:05  -  Total Remote Usage
		Usr 0 00:00:00, Sys 0 00:00:00  -  Total Local Usage
	0  -  Run Bytes Sent By Job
	0  -  Run Bytes Received By Job
	0  -  Total Bytes Sent By Job
	0  -  Total Bytes Received By Job
	Partitionable Resources :    Usage  Request          
	   Cpus                 :                 1          
	   Disk (KB)            :        1        1          
	   Memory (MB)          :     2246     2246          
...
