000 (674.030.000) 10/23 18:52:41 Job submitted from host: <192.168.240.30:45350>
...
001 (674.030.000) 10/23 20:04:49 Job executing on host: <192.168.240.32:45057>
...
006 (674.030.000) 10/23 20:05:01 Image size of job updated: 127696
	3  -  MemoryUsage of job (MB)
	2284  -  ResidentSetSize of job (KB)
...
006 (674.030.000) 10/23 20:10:01 Image size of job updated: 3418520
	1027  -  MemoryUsage of job (MB)
	1051444  -  ResidentSetSize of job (KB)
...
006 (674.030.000) 10/23 20:15:01 Image size of job updated: 3418520
	2041  -  MemoryUsage of job (MB)
	2089540  -  ResidentSetSize of job (KB)
...
005 (674.030.000) 10/23 20:25:15 Job terminated.
	(1) Normal termination (return value 0)
		Usr 0 00:00:35, Sys 0 00:00:06  -  Run Remote Usage
		Usr 0 00:00:00, Sys 0 00:00:00  -  Run Local Usage
		Usr 0 00:00:35, Sys 0 00:00:06  -  Total Remote Usage
		Usr 0 00:00:00, Sys 0 00:00:00  -  Total Local Usage
	0  -  Run Bytes Sent By Job
	0  -  Run Bytes Received By Job
	0  -  Total Bytes Sent By Job
	0  -  Total Bytes Received By Job
	Partitionable Resources :    Usage  Request          
	   Cpus                 :                 1          
	   Disk (KB)            :        1        1          
	   Memory (MB)          :     2041     2041          
...
