000 (674.004.000) 10/23 18:52:41 Job submitted from host: <192.168.240.30:45350>
...
001 (674.004.000) 10/23 18:52:42 Job executing on host: <192.168.240.30:54062>
...
006 (674.004.000) 10/23 18:52:50 Image size of job updated: 253612
	33  -  MemoryUsage of job (MB)
	32944  -  ResidentSetSize of job (KB)
...
006 (674.004.000) 10/23 18:57:50 Image size of job updated: 4421148
	225  -  MemoryUsage of job (MB)
	229488  -  ResidentSetSize of job (KB)
...
006 (674.004.000) 10/23 19:02:51 Image size of job updated: 4421148
	360  -  MemoryUsage of job (MB)
	368448  -  ResidentSetSize of job (KB)
...
006 (674.004.000) 10/23 19:07:52 Image size of job updated: 4421148
	495  -  MemoryUsage of job (MB)
	506688  -  ResidentSetSize of job (KB)
...
006 (674.004.000) 10/23 19:12:53 Image size of job updated: 4421148
	599  -  MemoryUsage of job (MB)
	612768  -  ResidentSetSize of job (KB)
...
006 (674.004.000) 10/23 19:17:54 Image size of job updated: 4421148
	752  -  MemoryUsage of job (MB)
	769488  -  ResidentSetSize of job (KB)
...
006 (674.004.000) 10/23 19:22:54 Image size of job updated: 4421148
	869  -  MemoryUsage of job (MB)
	889008  -  ResidentSetSize of job (KB)
...
006 (674.004.000) 10/23 19:27:54 Image size of job updated: 4421148
	995  -  MemoryUsage of job (MB)
	1018464  -  ResidentSetSize of job (KB)
...
006 (674.004.000) 10/23 20:47:54 Image size of job updated: 4421148
	1061  -  MemoryUsage of job (MB)
	1085936  -  ResidentSetSize of job (KB)
...
006 (674.004.000) 10/23 20:52:54 Image size of job updated: 4421148
	1158  -  MemoryUsage of job (MB)
	1185132  -  ResidentSetSize of job (KB)
...
006 (674.004.000) 10/23 20:57:55 Image size of job updated: 4421148
	1327  -  MemoryUsage of job (MB)
	1358416  -  ResidentSetSize of job (KB)
...
006 (674.004.000) 10/23 21:02:55 Image size of job updated: 4421148
	1700  -  MemoryUsage of job (MB)
	1740768  -  ResidentSetSize of job (KB)
...
005 (674.004.000) 10/23 21:23:57 Job terminated.
	(1) Normal termination (return value 0)
		Usr 0 00:01:24, Sys 0 00:00:07  -  Run Remote Usage
		Usr 0 00:00:00, Sys 0 00:00:00  -  Run Local Usage
		Usr 0 00:01:24, Sys 0 00:00:07  -  Total Remote Usage
		Usr 0 00:00:00, Sys 0 00:00:00  -  Total Local Usage
	0  -  Run Bytes Sent By Job
	0  -  Run Bytes Received By Job
	0  -  Total Bytes Sent By Job
	0  -  Total Bytes Received By Job
	Partitionable Resources :    Usage  Request          
	   Cpus                 :                 1          
	   Disk (KB)            :        1        1          
	   Memory (MB)          :     1700     1700          
...
000 (675.004.000) 10/23 22:19:30 Job submitted from host: <192.168.240.30:45350>
...
001 (675.004.000) 10/23 22:19:32 Job executing on host: <192.168.240.30:54062>
...
006 (675.004.000) 10/23 22:19:40 Image size of job updated: 267776
	36  -  MemoryUsage of job (MB)
	36128  -  ResidentSetSize of job (KB)
...
006 (675.004.000) 10/23 22:24:40 Image size of job updated: 2621324
	218  -  MemoryUsage of job (MB)
	222992  -  ResidentSetSize of job (KB)
...
006 (675.004.000) 10/23 22:29:40 Image size of job updated: 2621324
	354  -  MemoryUsage of job (MB)
	361712  -  ResidentSetSize of job (KB)
...
006 (675.004.000) 10/23 22:34:40 Image size of job updated: 2621324
	488  -  MemoryUsage of job (MB)
	498980  -  ResidentSetSize of job (KB)
...
006 (675.004.000) 10/23 22:39:40 Image size of job updated: 2621324
	595  -  MemoryUsage of job (MB)
	608432  -  ResidentSetSize of job (KB)
...
006 (675.004.000) 10/23 22:44:40 Image size of job updated: 2621324
	737  -  MemoryUsage of job (MB)
	753872  -  ResidentSetSize of job (KB)
...
006 (675.004.000) 10/23 22:49:40 Image size of job updated: 2621324
	883  -  MemoryUsage of job (MB)
	904112  -  ResidentSetSize of job (KB)
...
006 (675.004.000) 10/23 22:54:40 Image size of job updated: 2621324
	1024  -  MemoryUsage of job (MB)
	1048352  -  ResidentSetSize of job (KB)
...
006 (675.004.000) 10/23 23:39:40 Image size of job updated: 2621324
	1036  -  MemoryUsage of job (MB)
	1060200  -  ResidentSetSize of job (KB)
...
005 (675.004.000) 10/24 00:04:19 Job terminated.
	(1) Normal termination (return value 0)
		Usr 0 00:00:12, Sys 0 00:00:02  -  Run Remote Usage
		Usr 0 00:00:00, Sys 0 00:00:00  -  Run Local Usage
		Usr 0 00:00:12, Sys 0 00:00:02  -  Total Remote Usage
		Usr 0 00:00:00, Sys 0 00:00:00  -  Total Local Usage
	0  -  Run Bytes Sent By Job
	0  -  Run Bytes Received By Job
	0  -  Total Bytes Sent By Job
	0  -  Total Bytes Received By Job
	Partitionable Resources :    Usage  Request          
	   Cpus                 :                 1          
	   Disk (KB)            :        1        1          
	   Memory (MB)          :     1036     1036          
...
