000 (674.006.000) 10/23 18:52:41 Job submitted from host: <192.168.240.30:45350>
...
001 (674.006.000) 10/23 18:52:43 Job executing on host: <192.168.240.30:54062>
...
006 (674.006.000) 10/23 18:52:52 Image size of job updated: 232936
	17  -  MemoryUsage of job (MB)
	16712  -  ResidentSetSize of job (KB)
...
006 (674.006.000) 10/23 18:57:53 Image size of job updated: 4421148
	223  -  MemoryUsage of job (MB)
	228288  -  ResidentSetSize of job (KB)
...
006 (674.006.000) 10/23 19:02:54 Image size of job updated: 4421148
	359  -  MemoryUsage of job (MB)
	367488  -  ResidentSetSize of job (KB)
...
006 (674.006.000) 10/23 19:07:55 Image size of job updated: 4421148
	493  -  MemoryUsage of job (MB)
	504048  -  ResidentSetSize of job (KB)
...
006 (674.006.000) 10/23 19:12:56 Image size of job updated: 4421148
	598  -  MemoryUsage of job (MB)
	612288  -  ResidentSetSize of job (KB)
...
006 (674.006.000) 10/23 19:17:57 Image size of job updated: 4421148
	733  -  MemoryUsage of job (MB)
	750288  -  ResidentSetSize of job (KB)
...
006 (674.006.000) 10/23 19:22:57 Image size of job updated: 4421148
	860  -  MemoryUsage of job (MB)
	880368  -  ResidentSetSize of job (KB)
...
006 (674.006.000) 10/23 19:27:57 Image size of job updated: 4421148
	995  -  MemoryUsage of job (MB)
	1018464  -  ResidentSetSize of job (KB)
...
006 (674.006.000) 10/23 20:47:57 Image size of job updated: 4421148
	1062  -  MemoryUsage of job (MB)
	1087168  -  ResidentSetSize of job (KB)
...
006 (674.006.000) 10/23 20:52:57 Image size of job updated: 4421148
	1172  -  MemoryUsage of job (MB)
	1199832  -  ResidentSetSize of job (KB)
...
006 (674.006.000) 10/23 20:57:58 Image size of job updated: 4421148
	1346  -  MemoryUsage of job (MB)
	1377376  -  ResidentSetSize of job (KB)
...
006 (674.006.000) 10/23 21:02:58 Image size of job updated: 4421148
	1704  -  MemoryUsage of job (MB)
	1744816  -  ResidentSetSize of job (KB)
...
005 (674.006.000) 10/23 21:20:14 Job terminated.
	(1) Normal termination (return value 0)
		Usr 0 00:00:58, Sys 0 00:00:05  -  Run Remote Usage
		Usr 0 00:00:00, Sys 0 00:00:00  -  Run Local Usage
		Usr 0 00:00:58, Sys 0 00:00:05  -  Total Remote Usage
		Usr 0 00:00:00, Sys 0 00:00:00  -  Total Local Usage
	0  -  Run Bytes Sent By Job
	0  -  Run Bytes Received By Job
	0  -  Total Bytes Sent By Job
	0  -  Total Bytes Received By Job
	Partitionable Resources :    Usage  Request          
	   Cpus                 :                 1          
	   Disk (KB)            :        1        1          
	   Memory (MB)          :     1704     1704          
...
000 (675.006.000) 10/23 22:19:30 Job submitted from host: <192.168.240.30:45350>
...
001 (675.006.000) 10/23 22:19:32 Job executing on host: <192.168.240.30:54062>
...
006 (675.006.000) 10/23 22:19:41 Image size of job updated: 237436
	19  -  MemoryUsage of job (MB)
	19176  -  ResidentSetSize of job (KB)
...
006 (675.006.000) 10/23 22:24:41 Image size of job updated: 2621328
	215  -  MemoryUsage of job (MB)
	219632  -  ResidentSetSize of job (KB)
...
006 (675.006.000) 10/23 22:29:41 Image size of job updated: 2621328
	352  -  MemoryUsage of job (MB)
	360272  -  ResidentSetSize of job (KB)
...
006 (675.006.000) 10/23 22:34:41 Image size of job updated: 2621328
	493  -  MemoryUsage of job (MB)
	503952  -  ResidentSetSize of job (KB)
...
006 (675.006.000) 10/23 22:39:41 Image size of job updated: 2621328
	608  -  MemoryUsage of job (MB)
	622592  -  ResidentSetSize of job (KB)
...
006 (675.006.000) 10/23 22:44:41 Image size of job updated: 2621328
	755  -  MemoryUsage of job (MB)
	772832  -  ResidentSetSize of job (KB)
...
006 (675.006.000) 10/23 22:49:41 Image size of job updated: 2621328
	899  -  MemoryUsage of job (MB)
	919952  -  ResidentSetSize of job (KB)
...
006 (675.006.000) 10/23 22:54:41 Image size of job updated: 2621328
	1040  -  MemoryUsage of job (MB)
	1064672  -  ResidentSetSize of job (KB)
...
005 (675.006.000) 10/24 00:03:59 Job terminated.
	(1) Normal termination (return value 0)
		Usr 0 00:00:13, Sys 0 00:00:02  -  Run Remote Usage
		Usr 0 00:00:00, Sys 0 00:00:00  -  Run Local Usage
		Usr 0 00:00:13, Sys 0 00:00:02  -  Total Remote Usage
		Usr 0 00:00:00, Sys 0 00:00:00  -  Total Local Usage
	0  -  Run Bytes Sent By Job
	0  -  Run Bytes Received By Job
	0  -  Total Bytes Sent By Job
	0  -  Total Bytes Received By Job
	Partitionable Resources :    Usage  Request          
	   Cpus                 :                 1          
	   Disk (KB)            :        1        1          
	   Memory (MB)          :     1040     1040          
...
