000 (674.007.000) 10/23 18:52:41 Job submitted from host: <192.168.240.30:45350>
...
001 (674.007.000) 10/23 18:52:43 Job executing on host: <192.168.240.30:54062>
...
006 (674.007.000) 10/23 18:52:52 Image size of job updated: 94544
	3  -  MemoryUsage of job (MB)
	2120  -  ResidentSetSize of job (KB)
...
006 (674.007.000) 10/23 18:57:53 Image size of job updated: 4421152
	120  -  MemoryUsage of job (MB)
	122696  -  ResidentSetSize of job (KB)
...
006 (674.007.000) 10/23 19:02:54 Image size of job updated: 4421152
	257  -  MemoryUsage of job (MB)
	262376  -  ResidentSetSize of job (KB)
...
006 (674.007.000) 10/23 19:07:55 Image size of job updated: 4421152
	395  -  MemoryUsage of job (MB)
	403496  -  ResidentSetSize of job (KB)
...
006 (674.007.000) 10/23 19:12:56 Image size of job updated: 4421152
	519  -  MemoryUsage of job (MB)
	530456  -  ResidentSetSize of job (KB)
...
006 (674.007.000) 10/23 19:17:56 Image size of job updated: 4421152
	656  -  MemoryUsage of job (MB)
	670856  -  ResidentSetSize of job (KB)
...
006 (674.007.000) 10/23 19:22:57 Image size of job updated: 4421152
	790  -  MemoryUsage of job (MB)
	808296  -  ResidentSetSize of job (KB)
...
006 (674.007.000) 10/23 19:27:58 Image size of job updated: 4421152
	915  -  MemoryUsage of job (MB)
	936956  -  ResidentSetSize of job (KB)
...
006 (674.007.000) 10/23 19:32:59 Image size of job updated: 4421152
	989  -  MemoryUsage of job (MB)
	1011812  -  ResidentSetSize of job (KB)
...
006 (674.007.000) 10/23 19:38:00 Image size of job updated: 4421152
	1027  -  MemoryUsage of job (MB)
	1051212  -  ResidentSetSize of job (KB)
...
006 (674.007.000) 10/23 20:48:14 Image size of job updated: 4421152
	1050  -  MemoryUsage of job (MB)
	1074256  -  ResidentSetSize of job (KB)
...
006 (674.007.000) 10/23 20:53:15 Image size of job updated: 4421152
	1151  -  MemoryUsage of job (MB)
	1178172  -  ResidentSetSize of job (KB)
...
006 (674.007.000) 10/23 20:58:15 Image size of job updated: 4421152
	1340  -  MemoryUsage of job (MB)
	1371684  -  ResidentSetSize of job (KB)
...
006 (674.007.000) 10/23 21:03:16 Image size of job updated: 4421152
	1741  -  MemoryUsage of job (MB)
	1782084  -  ResidentSetSize of job (KB)
...
005 (674.007.000) 10/23 21:22:29 Job terminated.
	(1) Normal termination (return value 0)
		Usr 0 00:01:12, Sys 0 00:00:06  -  Run Remote Usage
		Usr 0 00:00:00, Sys 0 00:00:00  -  Run Local Usage
		Usr 0 00:01:12, Sys 0 00:00:06  -  Total Remote Usage
		Usr 0 00:00:00, Sys 0 00:00:00  -  Total Local Usage
	0  -  Run Bytes Sent By Job
	0  -  Run Bytes Received By Job
	0  -  Total Bytes Sent By Job
	0  -  Total Bytes Received By Job
	Partitionable Resources :    Usage  Request          
	   Cpus                 :                 1          
	   Disk (KB)            :        1        1          
	   Memory (MB)          :     1741     1741          
...
000 (675.007.000) 10/23 22:19:30 Job submitted from host: <192.168.240.30:45350>
...
001 (675.007.000) 10/23 22:19:32 Job executing on host: <192.168.240.30:54062>
...
006 (675.007.000) 10/23 22:19:41 Image size of job updated: 223768
	10  -  MemoryUsage of job (MB)
	9528  -  ResidentSetSize of job (KB)
...
006 (675.007.000) 10/23 22:24:41 Image size of job updated: 2621324
	267  -  MemoryUsage of job (MB)
	272428  -  ResidentSetSize of job (KB)
...
006 (675.007.000) 10/23 22:29:41 Image size of job updated: 2621324
	403  -  MemoryUsage of job (MB)
	412348  -  ResidentSetSize of job (KB)
...
006 (675.007.000) 10/23 22:34:41 Image size of job updated: 2621324
	548  -  MemoryUsage of job (MB)
	560428  -  ResidentSetSize of job (KB)
...
006 (675.007.000) 10/23 22:39:41 Image size of job updated: 2621324
	666  -  MemoryUsage of job (MB)
	681628  -  ResidentSetSize of job (KB)
...
006 (675.007.000) 10/23 22:44:41 Image size of job updated: 2621324
	813  -  MemoryUsage of job (MB)
	832348  -  ResidentSetSize of job (KB)
...
006 (675.007.000) 10/23 22:49:41 Image size of job updated: 2621324
	956  -  MemoryUsage of job (MB)
	978268  -  ResidentSetSize of job (KB)
...
006 (675.007.000) 10/23 22:54:41 Image size of job updated: 2621324
	1098  -  MemoryUsage of job (MB)
	1123948  -  ResidentSetSize of job (KB)
...
005 (675.007.000) 10/24 00:00:10 Job terminated.
	(1) Normal termination (return value 0)
		Usr 0 00:00:08, Sys 0 00:00:01  -  Run Remote Usage
		Usr 0 00:00:00, Sys 0 00:00:00  -  Run Local Usage
		Usr 0 00:00:08, Sys 0 00:00:01  -  Total Remote Usage
		Usr 0 00:00:00, Sys 0 00:00:00  -  Total Local Usage
	0  -  Run Bytes Sent By Job
	0  -  Run Bytes Received By Job
	0  -  Total Bytes Sent By Job
	0  -  Total Bytes Received By Job
	Partitionable Resources :    Usage  Request          
	   Cpus                 :                 1          
	   Disk (KB)            :        1        1          
	   Memory (MB)          :     1098     1098          
...
