000 (674.008.000) 10/23 18:52:41 Job submitted from host: <192.168.240.30:45350>
...
001 (674.008.000) 10/23 18:52:43 Job executing on host: <192.168.240.30:54062>
...
006 (674.008.000) 10/23 18:52:52 Image size of job updated: 94536
	3  -  MemoryUsage of job (MB)
	2112  -  ResidentSetSize of job (KB)
...
006 (674.008.000) 10/23 18:57:53 Image size of job updated: 4256736
	148  -  MemoryUsage of job (MB)
	150532  -  ResidentSetSize of job (KB)
...
006 (674.008.000) 10/23 19:02:53 Image size of job updated: 4256736
	285  -  MemoryUsage of job (MB)
	291652  -  ResidentSetSize of job (KB)
...
006 (674.008.000) 10/23 19:07:54 Image size of job updated: 4256736
	423  -  MemoryUsage of job (MB)
	433012  -  ResidentSetSize of job (KB)
...
006 (674.008.000) 10/23 19:12:55 Image size of job updated: 4256736
	530  -  MemoryUsage of job (MB)
	542212  -  ResidentSetSize of job (KB)
...
006 (674.008.000) 10/23 19:17:56 Image size of job updated: 4256736
	667  -  MemoryUsage of job (MB)
	682612  -  ResidentSetSize of job (KB)
...
006 (674.008.000) 10/23 19:22:57 Image size of job updated: 4256736
	797  -  MemoryUsage of job (MB)
	815572  -  ResidentSetSize of job (KB)
...
006 (674.008.000) 10/23 19:27:58 Image size of job updated: 4256736
	917  -  MemoryUsage of job (MB)
	938724  -  ResidentSetSize of job (KB)
...
006 (674.008.000) 10/23 19:32:59 Image size of job updated: 4256736
	966  -  MemoryUsage of job (MB)
	988528  -  ResidentSetSize of job (KB)
...
006 (674.008.000) 10/23 19:38:00 Image size of job updated: 4256736
	996  -  MemoryUsage of job (MB)
	1019000  -  ResidentSetSize of job (KB)
...
006 (674.008.000) 10/23 20:43:13 Image size of job updated: 4256736
	998  -  MemoryUsage of job (MB)
	1021252  -  ResidentSetSize of job (KB)
...
006 (674.008.000) 10/23 20:48:14 Image size of job updated: 4256736
	1071  -  MemoryUsage of job (MB)
	1096028  -  ResidentSetSize of job (KB)
...
006 (674.008.000) 10/23 20:53:14 Image size of job updated: 4256736
	1171  -  MemoryUsage of job (MB)
	1198560  -  ResidentSetSize of job (KB)
...
006 (674.008.000) 10/23 20:58:14 Image size of job updated: 4256736
	1353  -  MemoryUsage of job (MB)
	1385264  -  ResidentSetSize of job (KB)
...
006 (674.008.000) 10/23 21:03:15 Image size of job updated: 4256736
	1756  -  MemoryUsage of job (MB)
	1797824  -  ResidentSetSize of job (KB)
...
005 (674.008.000) 10/23 21:20:14 Job terminated.
	(1) Normal termination (return value 0)
		Usr 0 00:01:00, Sys 0 00:00:05  -  Run Remote Usage
		Usr 0 00:00:00, Sys 0 00:00:00  -  Run Local Usage
		Usr 0 00:01:00, Sys 0 00:00:05  -  Total Remote Usage
		Usr 0 00:00:00, Sys 0 00:00:00  -  Total Local Usage
	0  -  Run Bytes Sent By Job
	0  -  Run Bytes Received By Job
	0  -  Total Bytes Sent By Job
	0  -  Total Bytes Received By Job
	Partitionable Resources :    Usage  Request          
	   Cpus                 :                 1          
	   Disk (KB)            :        1        1          
	   Memory (MB)          :     1756     1756          
...
000 (675.008.000) 10/23 22:19:30 Job submitted from host: <192.168.240.30:45350>
...
001 (675.008.000) 10/23 22:19:32 Job executing on host: <192.168.240.30:54062>
...
006 (675.008.000) 10/23 22:19:42 Image size of job updated: 94540
	3  -  MemoryUsage of job (MB)
	2116  -  ResidentSetSize of job (KB)
...
006 (675.008.000) 10/23 22:24:42 Image size of job updated: 2989480
	144  -  MemoryUsage of job (MB)
	146920  -  ResidentSetSize of job (KB)
...
006 (675.008.000) 10/23 22:29:42 Image size of job updated: 2989480
	278  -  MemoryUsage of job (MB)
	283720  -  ResidentSetSize of job (KB)
...
006 (675.008.000) 10/23 22:34:43 Image size of job updated: 2989480
	410  -  MemoryUsage of job (MB)
	419488  -  ResidentSetSize of job (KB)
...
006 (675.008.000) 10/23 22:39:44 Image size of job updated: 2989480
	513  -  MemoryUsage of job (MB)
	525160  -  ResidentSetSize of job (KB)
...
006 (675.008.000) 10/23 22:44:44 Image size of job updated: 2989480
	643  -  MemoryUsage of job (MB)
	657704  -  ResidentSetSize of job (KB)
...
006 (675.008.000) 10/23 22:49:44 Image size of job updated: 2989480
	768  -  MemoryUsage of job (MB)
	785560  -  ResidentSetSize of job (KB)
...
006 (675.008.000) 10/23 22:54:45 Image size of job updated: 2989480
	900  -  MemoryUsage of job (MB)
	920600  -  ResidentSetSize of job (KB)
...
006 (675.008.000) 10/23 22:59:46 Image size of job updated: 2989480
	941  -  MemoryUsage of job (MB)
	962948  -  ResidentSetSize of job (KB)
...
006 (675.008.000) 10/23 23:44:55 Image size of job updated: 2989480
	1004  -  MemoryUsage of job (MB)
	1027592  -  ResidentSetSize of job (KB)
...
006 (675.008.000) 10/23 23:49:56 Image size of job updated: 2989480
	1070  -  MemoryUsage of job (MB)
	1095040  -  ResidentSetSize of job (KB)
...
006 (675.008.000) 10/23 23:54:56 Image size of job updated: 2989480
	1181  -  MemoryUsage of job (MB)
	1209080  -  ResidentSetSize of job (KB)
...
005 (675.008.000) 10/24 00:11:57 Job terminated.
	(1) Normal termination (return value 0)
		Usr 0 00:00:56, Sys 0 00:00:04  -  Run Remote Usage
		Usr 0 00:00:00, Sys 0 00:00:00  -  Run Local Usage
		Usr 0 00:00:56, Sys 0 00:00:04  -  Total Remote Usage
		Usr 0 00:00:00, Sys 0 00:00:00  -  Total Local Usage
	0  -  Run Bytes Sent By Job
	0  -  Run Bytes Received By Job
	0  -  Total Bytes Sent By Job
	0  -  Total Bytes Received By Job
	Partitionable Resources :    Usage  Request          
	   Cpus                 :                 1          
	   Disk (KB)            :        1        1          
	   Memory (MB)          :     1181     1181          
...
