000 (674.009.000) 10/23 18:52:41 Job submitted from host: <192.168.240.30:45350>
...
001 (674.009.000) 10/23 18:52:43 Job executing on host: <192.168.240.30:54062>
...
006 (674.009.000) 10/23 18:52:52 Image size of job updated: 94540
	3  -  MemoryUsage of job (MB)
	2116  -  ResidentSetSize of job (KB)
...
006 (674.009.000) 10/23 18:57:53 Image size of job updated: 4256728
	125  -  MemoryUsage of job (MB)
	127968  -  ResidentSetSize of job (KB)
...
006 (674.009.000) 10/23 19:02:54 Image size of job updated: 4256728
	264  -  MemoryUsage of job (MB)
	270288  -  ResidentSetSize of job (KB)
...
006 (674.009.000) 10/23 19:07:55 Image size of job updated: 4256728
	401  -  MemoryUsage of job (MB)
	410208  -  ResidentSetSize of job (KB)
...
006 (674.009.000) 10/23 19:12:56 Image size of job updated: 4256728
	520  -  MemoryUsage of job (MB)
	531648  -  ResidentSetSize of job (KB)
...
006 (674.009.000) 10/23 19:17:57 Image size of job updated: 4256728
	672  -  MemoryUsage of job (MB)
	687408  -  ResidentSetSize of job (KB)
...
006 (674.009.000) 10/23 19:22:57 Image size of job updated: 4256728
	818  -  MemoryUsage of job (MB)
	837168  -  ResidentSetSize of job (KB)
...
006 (674.009.000) 10/23 19:27:58 Image size of job updated: 4256728
	980  -  MemoryUsage of job (MB)
	1003024  -  ResidentSetSize of job (KB)
...
006 (674.009.000) 10/23 19:32:59 Image size of job updated: 4256728
	1078  -  MemoryUsage of job (MB)
	1103276  -  ResidentSetSize of job (KB)
...
006 (674.009.000) 10/23 19:38:00 Image size of job updated: 4256728
	1135  -  MemoryUsage of job (MB)
	1161672  -  ResidentSetSize of job (KB)
...
006 (674.009.000) 10/23 20:53:15 Image size of job updated: 4256728
	1218  -  MemoryUsage of job (MB)
	1247132  -  ResidentSetSize of job (KB)
...
006 (674.009.000) 10/23 20:58:16 Image size of job updated: 4256728
	1401  -  MemoryUsage of job (MB)
	1434012  -  ResidentSetSize of job (KB)
...
005 (674.009.000) 10/23 21:12:53 Job terminated.
	(1) Normal termination (return value 0)
		Usr 0 00:00:28, Sys 0 00:00:03  -  Run Remote Usage
		Usr 0 00:00:00, Sys 0 00:00:00  -  Run Local Usage
		Usr 0 00:00:28, Sys 0 00:00:03  -  Total Remote Usage
		Usr 0 00:00:00, Sys 0 00:00:00  -  Total Local Usage
	0  -  Run Bytes Sent By Job
	0  -  Run Bytes Received By Job
	0  -  Total Bytes Sent By Job
	0  -  Total Bytes Received By Job
	Partitionable Resources :    Usage  Request          
	   Cpus                 :                 1          
	   Disk (KB)            :        1        1          
	   Memory (MB)          :     1401     1401          
...
000 (675.009.000) 10/23 22:19:30 Job submitted from host: <192.168.240.30:45350>
...
001 (675.009.000) 10/23 22:19:32 Job executing on host: <192.168.240.30:54062>
...
006 (675.009.000) 10/23 22:19:42 Image size of job updated: 94540
	3  -  MemoryUsage of job (MB)
	2116  -  ResidentSetSize of job (KB)
...
006 (675.009.000) 10/23 22:24:42 Image size of job updated: 2989480
	160  -  MemoryUsage of job (MB)
	163240  -  ResidentSetSize of job (KB)
...
006 (675.009.000) 10/23 22:29:42 Image size of job updated: 2989480
	294  -  MemoryUsage of job (MB)
	300760  -  ResidentSetSize of job (KB)
...
006 (675.009.000) 10/23 22:34:43 Image size of job updated: 2989480
	425  -  MemoryUsage of job (MB)
	434300  -  ResidentSetSize of job (KB)
...
006 (675.009.000) 10/23 22:39:44 Image size of job updated: 2989480
	531  -  MemoryUsage of job (MB)
	542920  -  ResidentSetSize of job (KB)
...
006 (675.009.000) 10/23 22:44:45 Image size of job updated: 2989480
	667  -  MemoryUsage of job (MB)
	682120  -  ResidentSetSize of job (KB)
...
006 (675.009.000) 10/23 22:49:46 Image size of job updated: 2989480
	804  -  MemoryUsage of job (MB)
	822280  -  ResidentSetSize of job (KB)
...
006 (675.009.000) 10/23 22:54:46 Image size of job updated: 2989480
	940  -  MemoryUsage of job (MB)
	962200  -  ResidentSetSize of job (KB)
...
006 (675.009.000) 10/23 22:59:46 Image size of job updated: 2989480
	967  -  MemoryUsage of job (MB)
	990116  -  ResidentSetSize of job (KB)
...
006 (675.009.000) 10/23 23:34:46 Image size of job updated: 2989480
	974  -  MemoryUsage of job (MB)
	996832  -  ResidentSetSize of job (KB)
...
006 (675.009.000) 10/23 23:39:46 Image size of job updated: 2989480
	991  -  MemoryUsage of job (MB)
	1014044  -  ResidentSetSize of job (KB)
...
006 (675.009.000) 10/23 23:44:46 Image size of job updated: 2989480
	1070  -  MemoryUsage of job (MB)
	1095112  -  ResidentSetSize of job (KB)
...
006 (675.009.000) 10/23 23:49:46 Image size of job updated: 2989480
	1130  -  MemoryUsage of job (MB)
	1156268  -  ResidentSetSize of job (KB)
...
006 (675.009.000) 10/23 23:54:47 Image size of job updated: 2989480
	1227  -  MemoryUsage of job (MB)
	1255440  -  ResidentSetSize of job (KB)
...
005 (675.009.000) 10/24 00:07:00 Job terminated.
	(1) Normal termination (return value 0)
		Usr 0 00:00:25, Sys 0 00:00:03  -  Run Remote Usage
		Usr 0 00:00:00, Sys 0 00:00:00  -  Run Local Usage
		Usr 0 00:00:25, Sys 0 00:00:03  -  Total Remote Usage
		Usr 0 00:00:00, Sys 0 00:00:00  -  Total Local Usage
	0  -  Run Bytes Sent By Job
	0  -  Run Bytes Received By Job
	0  -  Total Bytes Sent By Job
	0  -  Total Bytes Received By Job
	Partitionable Resources :    Usage  Request          
	   Cpus                 :                 1          
	   Disk (KB)            :        1        1          
	   Memory (MB)          :     1227     1227          
...
