000 (676.000.000) 10/24 08:59:18 Job submitted from host: <192.168.240.30:45350>
...
001 (676.000.000) 10/24 09:00:07 Job executing on host: <192.168.240.32:45057>
...
006 (676.000.000) 10/24 09:00:19 Image size of job updated: 72156
	3  -  MemoryUsage of job (MB)
	2708  -  ResidentSetSize of job (KB)
...
006 (676.000.000) 10/24 09:05:20 Image size of job updated: 425836
	111  -  MemoryUsage of job (MB)
	112736  -  ResidentSetSize of job (KB)
...
005 (676.000.000) 10/24 09:07:22 Job terminated.
	(1) Normal termination (return value 0)
		Usr 0 00:00:04, Sys 0 00:00:00  -  Run Remote Usage
		Usr 0 00:00:00, Sys 0 00:00:00  -  Run Local Usage
		Usr 0 00:00:04, Sys 0 00:00:00  -  Total Remote Usage
		Usr 0 00:00:00, Sys 0 00:00:00  -  Total Local Usage
	0  -  Run Bytes Sent By Job
	0  -  Run Bytes Received By Job
	0  -  Total Bytes Sent By Job
	0  -  Total Bytes Received By Job
	Partitionable Resources :    Usage  Request          
	   Cpus                 :                 1          
	   Disk (KB)            :        1        1          
	   Memory (MB)          :      111      111          
...
000 (678.000.000) 10/24 09:24:02 Job submitted from host: <192.168.240.30:45350>
...
001 (678.000.000) 10/24 09:24:22 Job executing on host: <192.168.240.32:45057>
...
006 (678.000.000) 10/24 09:24:31 Image size of job updated: 1
	3  -  MemoryUsage of job (MB)
	2104  -  ResidentSetSize of job (KB)
...
006 (678.000.000) 10/24 09:25:51 Image size of job updated: 688560
	3  -  MemoryUsage of job (MB)
	2104  -  ResidentSetSize of job (KB)
...
005 (678.000.000) 10/24 09:25:52 Job terminated.
	(1) Normal termination (return value 0)
		Usr 0 00:00:10, Sys 0 00:00:00  -  Run Remote Usage
		Usr 0 00:00:00, Sys 0 00:00:00  -  Run Local Usage
		Usr 0 00:00:10, Sys 0 00:00:00  -  Total Remote Usage
		Usr 0 00:00:00, Sys 0 00:00:00  -  Total Local Usage
	0  -  Run Bytes Sent By Job
	0  -  Run Bytes Received By Job
	0  -  Total Bytes Sent By Job
	0  -  Total Bytes Received By Job
	Partitionable Resources :    Usage  Request          
	   Cpus                 :                 1          
	   Disk (KB)            :        1        1          
	   Memory (MB)          :        3        3          
...
