000 (676.001.000) 10/24 08:59:19 Job submitted from host: <192.168.240.30:45350>
...
001 (676.001.000) 10/24 09:00:06 Job executing on host: <192.168.240.32:45057>
...
006 (676.001.000) 10/24 09:00:18 Image size of job updated: 96632
	3  -  MemoryUsage of job (MB)
	2300  -  ResidentSetSize of job (KB)
...
006 (676.001.000) 10/24 09:05:19 Image size of job updated: 470976
	155  -  MemoryUsage of job (MB)
	157864  -  ResidentSetSize of job (KB)
...
006 (676.001.000) 10/24 09:07:23 Image size of job updated: 471084
	155  -  MemoryUsage of job (MB)
	157864  -  ResidentSetSize of job (KB)
...
005 (676.001.000) 10/24 09:07:23 Job terminated.
	(1) Normal termination (return value 0)
		Usr 0 00:00:07, Sys 0 00:00:00  -  Run Remote Usage
		Usr 0 00:00:00, Sys 0 00:00:00  -  Run Local Usage
		Usr 0 00:00:07, Sys 0 00:00:00  -  Total Remote Usage
		Usr 0 00:00:00, Sys 0 00:00:00  -  Total Local Usage
	0  -  Run Bytes Sent By Job
	0  -  Run Bytes Received By Job
	0  -  Total Bytes Sent By Job
	0  -  Total Bytes Received By Job
	Partitionable Resources :    Usage  Request          
	   Cpus                 :                 1          
	   Disk (KB)            :        1        1          
	   Memory (MB)          :      155      155          
...
000 (678.001.000) 10/24 09:24:02 Job submitted from host: <192.168.240.30:45350>
...
001 (678.001.000) 10/24 09:24:21 Job executing on host: <192.168.240.32:45057>
...
006 (678.001.000) 10/24 09:24:30 Image size of job updated: 339972
	38  -  MemoryUsage of job (MB)
	38864  -  ResidentSetSize of job (KB)
...
006 (678.001.000) 10/24 09:25:41 Image size of job updated: 554648
	38  -  MemoryUsage of job (MB)
	38864  -  ResidentSetSize of job (KB)
...
005 (678.001.000) 10/24 09:25:42 Job terminated.
	(1) Normal termination (return value 0)
		Usr 0 00:00:06, Sys 0 00:00:00  -  Run Remote Usage
		Usr 0 00:00:00, Sys 0 00:00:00  -  Run Local Usage
		Usr 0 00:00:06, Sys 0 00:00:00  -  Total Remote Usage
		Usr 0 00:00:00, Sys 0 00:00:00  -  Total Local Usage
	0  -  Run Bytes Sent By Job
	0  -  Run Bytes Received By Job
	0  -  Total Bytes Sent By Job
	0  -  Total Bytes Received By Job
	Partitionable Resources :    Usage  Request          
	   Cpus                 :                 1          
	   Disk (KB)            :        1        1          
	   Memory (MB)          :       38       38          
...
