000 (676.010.000) 10/24 08:59:19 Job submitted from host: <192.168.240.30:45350>
...
001 (676.010.000) 10/24 08:59:28 Job executing on host: <192.168.240.31:34936>
...
006 (676.010.000) 10/24 08:59:37 Image size of job updated: 102084
	4  -  MemoryUsage of job (MB)
	3176  -  ResidentSetSize of job (KB)
...
006 (676.010.000) 10/24 09:04:38 Image size of job updated: 478328
	144  -  MemoryUsage of job (MB)
	147092  -  ResidentSetSize of job (KB)
...
006 (676.010.000) 10/24 09:07:31 Image size of job updated: 478360
	144  -  MemoryUsage of job (MB)
	147092  -  ResidentSetSize of job (KB)
...
005 (676.010.000) 10/24 09:07:31 Job terminated.
	(1) Normal termination (return value 0)
		Usr 0 00:00:05, Sys 0 00:00:01  -  Run Remote Usage
		Usr 0 00:00:00, Sys 0 00:00:00  -  Run Local Usage
		Usr 0 00:00:05, Sys 0 00:00:01  -  Total Remote Usage
		Usr 0 00:00:00, Sys 0 00:00:00  -  Total Local Usage
	0  -  Run Bytes Sent By Job
	0  -  Run Bytes Received By Job
	0  -  Total Bytes Sent By Job
	0  -  Total Bytes Received By Job
	Partitionable Resources :    Usage  Request          
	   Cpus                 :                 1          
	   Disk (KB)            :        1        1          
	   Memory (MB)          :      144      144          
...
000 (678.010.000) 10/24 09:24:02 Job submitted from host: <192.168.240.30:45350>
...
001 (678.010.000) 10/24 09:24:07 Job executing on host: <192.168.240.30:54062>
...
006 (678.010.000) 10/24 09:24:19 Image size of job updated: 94540
	3  -  MemoryUsage of job (MB)
	2720  -  ResidentSetSize of job (KB)
...
006 (678.010.000) 10/24 09:28:28 Image size of job updated: 546944
	3  -  MemoryUsage of job (MB)
	2720  -  ResidentSetSize of job (KB)
...
005 (678.010.000) 10/24 09:28:28 Job terminated.
	(1) Normal termination (return value 0)
		Usr 0 00:00:16, Sys 0 00:00:01  -  Run Remote Usage
		Usr 0 00:00:00, Sys 0 00:00:00  -  Run Local Usage
		Usr 0 00:00:16, Sys 0 00:00:01  -  Total Remote Usage
		Usr 0 00:00:00, Sys 0 00:00:00  -  Total Local Usage
	0  -  Run Bytes Sent By Job
	0  -  Run Bytes Received By Job
	0  -  Total Bytes Sent By Job
	0  -  Total Bytes Received By Job
	Partitionable Resources :    Usage  Request          
	   Cpus                 :                 1          
	   Disk (KB)            :        1        1          
	   Memory (MB)          :        3        3          
...
