000 (676.014.000) 10/24 08:59:19 Job submitted from host: <192.168.240.30:45350>
...
001 (676.014.000) 10/24 08:59:28 Job executing on host: <192.168.240.31:34936>
...
006 (676.014.000) 10/24 08:59:37 Image size of job updated: 102080
	4  -  MemoryUsage of job (MB)
	3172  -  ResidentSetSize of job (KB)
...
006 (676.014.000) 10/24 09:04:38 Image size of job updated: 473948
	140  -  MemoryUsage of job (MB)
	142660  -  ResidentSetSize of job (KB)
...
006 (676.014.000) 10/24 09:07:31 Image size of job updated: 474096
	140  -  MemoryUsage of job (MB)
	142660  -  ResidentSetSize of job (KB)
...
005 (676.014.000) 10/24 09:07:31 Job terminated.
	(1) Normal termination (return value 0)
		Usr 0 00:00:04, Sys 0 00:00:01  -  Run Remote Usage
		Usr 0 00:00:00, Sys 0 00:00:00  -  Run Local Usage
		Usr 0 00:00:04, Sys 0 00:00:01  -  Total Remote Usage
		Usr 0 00:00:00, Sys 0 00:00:00  -  Total Local Usage
	0  -  Run Bytes Sent By Job
	0  -  Run Bytes Received By Job
	0  -  Total Bytes Sent By Job
	0  -  Total Bytes Received By Job
	Partitionable Resources :    Usage  Request          
	   Cpus                 :                 1          
	   Disk (KB)            :        1        1          
	   Memory (MB)          :      140      140          
...
000 (678.014.000) 10/24 09:24:02 Job submitted from host: <192.168.240.30:45350>
...
001 (678.014.000) 10/24 09:24:08 Job executing on host: <192.168.240.30:54062>
...
006 (678.014.000) 10/24 09:24:19 Image size of job updated: 94540
	3  -  MemoryUsage of job (MB)
	2680  -  ResidentSetSize of job (KB)
...
006 (678.014.000) 10/24 09:28:31 Image size of job updated: 698356
	3  -  MemoryUsage of job (MB)
	2680  -  ResidentSetSize of job (KB)
...
005 (678.014.000) 10/24 09:28:31 Job terminated.
	(1) Normal termination (return value 0)
		Usr 0 00:00:09, Sys 0 00:00:01  -  Run Remote Usage
		Usr 0 00:00:00, Sys 0 00:00:00  -  Run Local Usage
		Usr 0 00:00:09, Sys 0 00:00:01  -  Total Remote Usage
		Usr 0 00:00:00, Sys 0 00:00:00  -  Total Local Usage
	0  -  Run Bytes Sent By Job
	0  -  Run Bytes Received By Job
	0  -  Total Bytes Sent By Job
	0  -  Total Bytes Received By Job
	Partitionable Resources :    Usage  Request          
	   Cpus                 :                 1          
	   Disk (KB)            :        1        1          
	   Memory (MB)          :        3        3          
...
