000 (676.018.000) 10/24 08:59:19 Job submitted from host: <192.168.240.30:45350>
...
001 (676.018.000) 10/24 08:59:28 Job executing on host: <192.168.240.31:34936>
...
006 (676.018.000) 10/24 08:59:37 Image size of job updated: 102084
	4  -  MemoryUsage of job (MB)
	3176  -  ResidentSetSize of job (KB)
...
006 (676.018.000) 10/24 09:04:38 Image size of job updated: 564464
	228  -  MemoryUsage of job (MB)
	233052  -  ResidentSetSize of job (KB)
...
006 (676.018.000) 10/24 09:07:29 Image size of job updated: 565364
	228  -  MemoryUsage of job (MB)
	233052  -  ResidentSetSize of job (KB)
...
005 (676.018.000) 10/24 09:07:29 Job terminated.
	(1) Normal termination (return value 0)
		Usr 0 00:00:06, Sys 0 00:00:01  -  Run Remote Usage
		Usr 0 00:00:00, Sys 0 00:00:00  -  Run Local Usage
		Usr 0 00:00:06, Sys 0 00:00:01  -  Total Remote Usage
		Usr 0 00:00:00, Sys 0 00:00:00  -  Total Local Usage
	0  -  Run Bytes Sent By Job
	0  -  Run Bytes Received By Job
	0  -  Total Bytes Sent By Job
	0  -  Total Bytes Received By Job
	Partitionable Resources :    Usage  Request          
	   Cpus                 :                 1          
	   Disk (KB)            :        1        1          
	   Memory (MB)          :      228      228          
...
000 (678.018.000) 10/24 09:24:02 Job submitted from host: <192.168.240.30:45350>
...
001 (678.018.000) 10/24 09:24:08 Job executing on host: <192.168.240.30:54062>
...
006 (678.018.000) 10/24 09:24:19 Image size of job updated: 94544
	3  -  MemoryUsage of job (MB)
	2720  -  ResidentSetSize of job (KB)
...
006 (678.018.000) 10/24 09:28:28 Image size of job updated: 378416
	3  -  MemoryUsage of job (MB)
	2720  -  ResidentSetSize of job (KB)
...
005 (678.018.000) 10/24 09:28:28 Job terminated.
	(1) Normal termination (return value 0)
		Usr 0 00:00:02, Sys 0 00:00:00  -  Run Remote Usage
		Usr 0 00:00:00, Sys 0 00:00:00  -  Run Local Usage
		Usr 0 00:00:02, Sys 0 00:00:00  -  Total Remote Usage
		Usr 0 00:00:00, Sys 0 00:00:00  -  Total Local Usage
	0  -  Run Bytes Sent By Job
	0  -  Run Bytes Received By Job
	0  -  Total Bytes Sent By Job
	0  -  Total Bytes Received By Job
	Partitionable Resources :    Usage  Request          
	   Cpus                 :                 1          
	   Disk (KB)            :        1        1          
	   Memory (MB)          :        3        3          
...
