000 (676.002.000) 10/24 08:59:19 Job submitted from host: <192.168.240.30:45350>
...
001 (676.002.000) 10/24 09:00:07 Job executing on host: <192.168.240.32:45057>
...
006 (676.002.000) 10/24 09:00:18 Image size of job updated: 96636
	3  -  MemoryUsage of job (MB)
	2268  -  ResidentSetSize of job (KB)
...
006 (676.002.000) 10/24 09:05:18 Image size of job updated: 479048
	163  -  MemoryUsage of job (MB)
	165948  -  ResidentSetSize of job (KB)
...
006 (676.002.000) 10/24 09:07:22 Image size of job updated: 479172
	163  -  MemoryUsage of job (MB)
	165948  -  ResidentSetSize of job (KB)
...
005 (676.002.000) 10/24 09:07:22 Job terminated.
	(1) Normal termination (return value 0)
		Usr 0 00:00:08, Sys 0 00:00:02  -  Run Remote Usage
		Usr 0 00:00:00, Sys 0 00:00:00  -  Run Local Usage
		Usr 0 00:00:08, Sys 0 00:00:02  -  Total Remote Usage
		Usr 0 00:00:00, Sys 0 00:00:00  -  Total Local Usage
	0  -  Run Bytes Sent By Job
	0  -  Run Bytes Received By Job
	0  -  Total Bytes Sent By Job
	0  -  Total Bytes Received By Job
	Partitionable Resources :    Usage  Request          
	   Cpus                 :                 1          
	   Disk (KB)            :        1        1          
	   Memory (MB)          :      163      163          
...
000 (678.002.000) 10/24 09:24:02 Job submitted from host: <192.168.240.30:45350>
...
001 (678.002.000) 10/24 09:24:22 Job executing on host: <192.168.240.32:45057>
...
006 (678.002.000) 10/24 09:24:30 Image size of job updated: 314084
	26  -  MemoryUsage of job (MB)
	26280  -  ResidentSetSize of job (KB)
...
006 (678.002.000) 10/24 09:25:41 Image size of job updated: 440472
	26  -  MemoryUsage of job (MB)
	26280  -  ResidentSetSize of job (KB)
...
005 (678.002.000) 10/24 09:25:41 Job terminated.
	(1) Normal termination (return value 0)
		Usr 0 00:00:04, Sys 0 00:00:00  -  Run Remote Usage
		Usr 0 00:00:00, Sys 0 00:00:00  -  Run Local Usage
		Usr 0 00:00:04, Sys 0 00:00:00  -  Total Remote Usage
		Usr 0 00:00:00, Sys 0 00:00:00  -  Total Local Usage
	0  -  Run Bytes Sent By Job
	0  -  Run Bytes Received By Job
	0  -  Total Bytes Sent By Job
	0  -  Total Bytes Received By Job
	Partitionable Resources :    Usage  Request          
	   Cpus                 :                 1          
	   Disk (KB)            :        1        1          
	   Memory (MB)          :       26       26          
...
