000 (676.024.000) 10/24 08:59:19 Job submitted from host: <192.168.240.30:45350>
...
001 (676.024.000) 10/24 08:59:28 Job executing on host: <192.168.240.31:34936>
...
006 (676.024.000) 10/24 08:59:37 Image size of job updated: 1
	4  -  MemoryUsage of job (MB)
	3116  -  ResidentSetSize of job (KB)
...
006 (676.024.000) 10/24 09:04:38 Image size of job updated: 504748
	170  -  MemoryUsage of job (MB)
	173336  -  ResidentSetSize of job (KB)
...
006 (676.024.000) 10/24 09:07:29 Image size of job updated: 505368
	170  -  MemoryUsage of job (MB)
	173336  -  ResidentSetSize of job (KB)
...
005 (676.024.000) 10/24 09:07:29 Job terminated.
	(1) Normal termination (return value 0)
		Usr 0 00:00:03, Sys 0 00:00:00  -  Run Remote Usage
		Usr 0 00:00:00, Sys 0 00:00:00  -  Run Local Usage
		Usr 0 00:00:03, Sys 0 00:00:00  -  Total Remote Usage
		Usr 0 00:00:00, Sys 0 00:00:00  -  Total Local Usage
	0  -  Run Bytes Sent By Job
	0  -  Run Bytes Received By Job
	0  -  Total Bytes Sent By Job
	0  -  Total Bytes Received By Job
	Partitionable Resources :    Usage  Request          
	   Cpus                 :                 1          
	   Disk (KB)            :        1        1          
	   Memory (MB)          :      170      170          
...
000 (678.024.000) 10/24 09:24:02 Job submitted from host: <192.168.240.30:45350>
...
001 (678.024.000) 10/24 09:24:09 Job executing on host: <192.168.240.30:54062>
...
006 (678.024.000) 10/24 09:24:19 Image size of job updated: 94540
	3  -  MemoryUsage of job (MB)
	2128  -  ResidentSetSize of job (KB)
...
006 (678.024.000) 10/24 09:28:28 Image size of job updated: 414600
	3  -  MemoryUsage of job (MB)
	2128  -  ResidentSetSize of job (KB)
...
005 (678.024.000) 10/24 09:28:28 Job terminated.
	(1) Normal termination (return value 0)
		Usr 0 00:00:03, Sys 0 00:00:00  -  Run Remote Usage
		Usr 0 00:00:00, Sys 0 00:00:00  -  Run Local Usage
		Usr 0 00:00:03, Sys 0 00:00:00  -  Total Remote Usage
		Usr 0 00:00:00, Sys 0 00:00:00  -  Total Local Usage
	0  -  Run Bytes Sent By Job
	0  -  Run Bytes Received By Job
	0  -  Total Bytes Sent By Job
	0  -  Total Bytes Received By Job
	Partitionable Resources :    Usage  Request          
	   Cpus                 :                 1          
	   Disk (KB)            :        1        1          
	   Memory (MB)          :        3        3          
...
