000 (676.003.000) 10/24 08:59:19 Job submitted from host: <192.168.240.30:45350>
...
001 (676.003.000) 10/24 09:00:06 Job executing on host: <192.168.240.32:45057>
...
006 (676.003.000) 10/24 09:00:18 Image size of job updated: 96628
	1  -  MemoryUsage of job (MB)
	584  -  ResidentSetSize of job (KB)
...
006 (676.003.000) 10/24 09:05:19 Image size of job updated: 531480
	214  -  MemoryUsage of job (MB)
	218376  -  ResidentSetSize of job (KB)
...
006 (676.003.000) 10/24 09:07:23 Image size of job updated: 531588
	214  -  MemoryUsage of job (MB)
	218376  -  ResidentSetSize of job (KB)
...
005 (676.003.000) 10/24 09:07:23 Job terminated.
	(1) Normal termination (return value 0)
		Usr 0 00:00:09, Sys 0 00:00:00  -  Run Remote Usage
		Usr 0 00:00:00, Sys 0 00:00:00  -  Run Local Usage
		Usr 0 00:00:09, Sys 0 00:00:00  -  Total Remote Usage
		Usr 0 00:00:00, Sys 0 00:00:00  -  Total Local Usage
	0  -  Run Bytes Sent By Job
	0  -  Run Bytes Received By Job
	0  -  Total Bytes Sent By Job
	0  -  Total Bytes Received By Job
	Partitionable Resources :    Usage  Request          
	   Cpus                 :                 1          
	   Disk (KB)            :        1        1          
	   Memory (MB)          :      214      214          
...
000 (678.003.000) 10/24 09:24:02 Job submitted from host: <192.168.240.30:45350>
...
001 (678.003.000) 10/24 09:24:21 Job executing on host: <192.168.240.32:45057>
...
006 (678.003.000) 10/24 09:24:30 Image size of job updated: 333448
	37  -  MemoryUsage of job (MB)
	37276  -  ResidentSetSize of job (KB)
...
006 (678.003.000) 10/24 09:25:41 Image size of job updated: 564600
	37  -  MemoryUsage of job (MB)
	37276  -  ResidentSetSize of job (KB)
...
005 (678.003.000) 10/24 09:25:42 Job terminated.
	(1) Normal termination (return value 0)
		Usr 0 00:00:08, Sys 0 00:00:00  -  Run Remote Usage
		Usr 0 00:00:00, Sys 0 00:00:00  -  Run Local Usage
		Usr 0 00:00:08, Sys 0 00:00:00  -  Total Remote Usage
		Usr 0 00:00:00, Sys 0 00:00:00  -  Total Local Usage
	0  -  Run Bytes Sent By Job
	0  -  Run Bytes Received By Job
	0  -  Total Bytes Sent By Job
	0  -  Total Bytes Received By Job
	Partitionable Resources :    Usage  Request          
	   Cpus                 :                 1          
	   Disk (KB)            :        1        1          
	   Memory (MB)          :       37       37          
...
