000 (676.006.000) 10/24 08:59:19 Job submitted from host: <192.168.240.30:45350>
...
001 (676.006.000) 10/24 08:59:27 Job executing on host: <192.168.240.31:34936>
...
006 (676.006.000) 10/24 08:59:36 Image size of job updated: 434904
	42  -  MemoryUsage of job (MB)
	42596  -  ResidentSetSize of job (KB)
...
006 (676.006.000) 10/24 09:04:37 Image size of job updated: 606640
	269  -  MemoryUsage of job (MB)
	275368  -  ResidentSetSize of job (KB)
...
005 (676.006.000) 10/24 09:07:31 Job terminated.
	(1) Normal termination (return value 0)
		Usr 0 00:00:07, Sys 0 00:00:01  -  Run Remote Usage
		Usr 0 00:00:00, Sys 0 00:00:00  -  Run Local Usage
		Usr 0 00:00:07, Sys 0 00:00:01  -  Total Remote Usage
		Usr 0 00:00:00, Sys 0 00:00:00  -  Total Local Usage
	0  -  Run Bytes Sent By Job
	0  -  Run Bytes Received By Job
	0  -  Total Bytes Sent By Job
	0  -  Total Bytes Received By Job
	Partitionable Resources :    Usage  Request          
	   Cpus                 :                 1          
	   Disk (KB)            :        1        1          
	   Memory (MB)          :      269      269          
...
000 (678.006.000) 10/24 09:24:02 Job submitted from host: <192.168.240.30:45350>
...
001 (678.006.000) 10/24 09:24:03 Job executing on host: <192.168.240.30:54062>
...
006 (678.006.000) 10/24 09:24:12 Image size of job updated: 414600
	39  -  MemoryUsage of job (MB)
	39860  -  ResidentSetSize of job (KB)
...
005 (678.006.000) 10/24 09:28:22 Job terminated.
	(1) Normal termination (return value 0)
		Usr 0 00:00:03, Sys 0 00:00:00  -  Run Remote Usage
		Usr 0 00:00:00, Sys 0 00:00:00  -  Run Local Usage
		Usr 0 00:00:03, Sys 0 00:00:00  -  Total Remote Usage
		Usr 0 00:00:00, Sys 0 00:00:00  -  Total Local Usage
	0  -  Run Bytes Sent By Job
	0  -  Run Bytes Received By Job
	0  -  Total Bytes Sent By Job
	0  -  Total Bytes Received By Job
	Partitionable Resources :    Usage  Request          
	   Cpus                 :                 1          
	   Disk (KB)            :        1        1          
	   Memory (MB)          :       39       39          
...
