000 (676.008.000) 10/24 08:59:19 Job submitted from host: <192.168.240.30:45350>
...
001 (676.008.000) 10/24 08:59:28 Job executing on host: <192.168.240.31:34936>
...
006 (676.008.000) 10/24 08:59:36 Image size of job updated: 360396
	41  -  MemoryUsage of job (MB)
	41136  -  ResidentSetSize of job (KB)
...
006 (676.008.000) 10/24 09:04:36 Image size of job updated: 610252
	273  -  MemoryUsage of job (MB)
	278972  -  ResidentSetSize of job (KB)
...
006 (676.008.000) 10/24 09:07:31 Image size of job updated: 610440
	273  -  MemoryUsage of job (MB)
	278972  -  ResidentSetSize of job (KB)
...
005 (676.008.000) 10/24 09:07:32 Job terminated.
	(1) Normal termination (return value 0)
		Usr 0 00:00:12, Sys 0 00:00:01  -  Run Remote Usage
		Usr 0 00:00:00, Sys 0 00:00:00  -  Run Local Usage
		Usr 0 00:00:12, Sys 0 00:00:01  -  Total Remote Usage
		Usr 0 00:00:00, Sys 0 00:00:00  -  Total Local Usage
	0  -  Run Bytes Sent By Job
	0  -  Run Bytes Received By Job
	0  -  Total Bytes Sent By Job
	0  -  Total Bytes Received By Job
	Partitionable Resources :    Usage  Request          
	   Cpus                 :                 1          
	   Disk (KB)            :        1        1          
	   Memory (MB)          :      273      273          
...
000 (678.008.000) 10/24 09:24:02 Job submitted from host: <192.168.240.30:45350>
...
001 (678.008.000) 10/24 09:24:04 Job executing on host: <192.168.240.30:54062>
...
006 (678.008.000) 10/24 09:24:12 Image size of job updated: 414600
	39  -  MemoryUsage of job (MB)
	39788  -  ResidentSetSize of job (KB)
...
006 (678.008.000) 10/24 09:28:28 Image size of job updated: 584032
	39  -  MemoryUsage of job (MB)
	39788  -  ResidentSetSize of job (KB)
...
005 (678.008.000) 10/24 09:28:28 Job terminated.
	(1) Normal termination (return value 0)
		Usr 0 00:00:07, Sys 0 00:00:01  -  Run Remote Usage
		Usr 0 00:00:00, Sys 0 00:00:00  -  Run Local Usage
		Usr 0 00:00:07, Sys 0 00:00:01  -  Total Remote Usage
		Usr 0 00:00:00, Sys 0 00:00:00  -  Total Local Usage
	0  -  Run Bytes Sent By Job
	0  -  Run Bytes Received By Job
	0  -  Total Bytes Sent By Job
	0  -  Total Bytes Received By Job
	Partitionable Resources :    Usage  Request          
	   Cpus                 :                 1          
	   Disk (KB)            :        1        1          
	   Memory (MB)          :       39       39          
...
