++ 3dinfo: AFNI version=AFNI_2010_10_19_1028 (Apr 26 2011) [64-bit]
++ WARNING: file /home/michaeljames.andric/.afni.log is now 530987962 (531 million) bytes long!
++ 3dZeropad: AFNI version=AFNI_2010_10_19_1028 (Apr 26 2011) [64-bit]
*+ WARNING:   If you are performing spatial transformations on an oblique dset, 
  such as ./CLFR.1.degrees.ijkSHORT+orig.BRIK,
  or viewing/combining it with volumes of differing obliquity,
  you should consider running: 
     3dWarp -deoblique 
  on this and  other oblique datasets in the same session.
 See 3dWarp -help for details.
++ Oblique dataset:./CLFR.1.degrees.ijkSHORT+orig.BRIK is 2.735092 degrees from plumb.
++ output dataset: ./__ats_tmp__ipad+orig.BRIK
++ WARNING: file /home/michaeljames.andric/.afni.log is now 530989385 (531 million) bytes long!
++ WARNING: file /home/michaeljames.andric/.afni.log is now 530991451 (531 million) bytes long!
++ 3dWarp: AFNI version=AFNI_2010_10_19_1028 (Apr 26 2011) [64-bit]
++ Authored by: RW Cox
*+ WARNING:   If you are performing spatial transformations on an oblique dset, 
  such as ./__ats_tmp__ipad+orig.BRIK,
  or viewing/combining it with volumes of differing obliquity,
  you should consider running: 
     3dWarp -deoblique 
  on this and  other oblique datasets in the same session.
 See 3dWarp -help for details.
++ Oblique dataset:./__ats_tmp__ipad+orig.BRIK is 2.735092 degrees from plumb.
++ 2.735092 degrees from plumb.
*+ WARNING: Deoblique datasets with 3dWarp before proceeding with other transformations
++ 3drefit: AFNI version=AFNI_2010_10_19_1028 (Apr 26 2011) [64-bit]
++ Authored by: RW Cox
++ WARNING: file /home/michaeljames.andric/.afni.log is now 530993497 (531 million) bytes long!
++ Processing AFNI dataset __ats_tmp__warp_grid+tlrc
 + Changed dataset view type and filenames.
*+ WARNING: Over-writing dataset ./__ats_tmp__warp_grid+orig.HEAD
++ 3drefit processed 1 datasets
++ WARNING: file /home/michaeljames.andric/.afni.log is now 530994146 (531 million) bytes long!
*+ WARNING:   If you are performing spatial transformations on an oblique dset, 
  such as ./__ats_tmp_CLFR.1.degrees.ijkSHORT+orig.BRIK,
  or viewing/combining it with volumes of differing obliquity,
  you should consider running: 
     3dWarp -deoblique 
  on this and  other oblique datasets in the same session.
 See 3dWarp -help for details.
++ Oblique dataset:./__ats_tmp_CLFR.1.degrees.ijkSHORT+orig.BRIK is 2.735092 degrees from plumb.
*+ WARNING: Over-writing dataset ./__ats_tmp_CLFR.1.degrees.ijkSHORT+orig.HEAD
++ 3drefit: AFNI version=AFNI_2010_10_19_1028 (Apr 26 2011) [64-bit]
++ Authored by: RW Cox
++ WARNING: file /home/michaeljames.andric/.afni.log is now 530996555 (531 million) bytes long!
++ Processing AFNI dataset __ats_tmp_CLFR.1.degrees.ijkSHORT+orig
*+ WARNING: Over-writing dataset ./__ats_tmp_CLFR.1.degrees.ijkSHORT+orig.HEAD
++ 3drefit processed 1 datasets
++ WARNING: file /home/michaeljames.andric/.afni.log is now 530998456 (531 million) bytes long!
*+ WARNING: Over-writing dataset ./__ats_tmp_CLFR.1.degrees.ijkSHORT+orig.HEAD
++ 3drefit: AFNI version=AFNI_2010_10_19_1028 (Apr 26 2011) [64-bit]
++ Authored by: RW Cox
++ WARNING: file /home/michaeljames.andric/.afni.log is now 531000752 (531 million) bytes long!
++ Processing AFNI dataset __ats_tmp_CLFR.1.degrees.ijkSHORT+orig.HEAD
 + Changed dataset view type and filenames.
*+ WARNING: Over-writing dataset ./__ats_tmp_CLFR.1.degrees.ijkSHORT+tlrc.HEAD
++ 3drefit processed 1 datasets
++ WARNING: file /home/michaeljames.andric/.afni.log is now 531001818 (531 million) bytes long!
++ Warning: ignoring +tlrc on new_prefix.
++ THD_rename_dataset_files: rename __ats_tmp_CLFR.1.degrees.ijkSHORT+tlrc.HEAD -> CLFR.1.degrees.ijkSHORT+tlrc.HEAD
++ THD_rename_dataset_files: rename __ats_tmp_CLFR.1.degrees.ijkSHORT+tlrc.BRIK -> CLFR.1.degrees.ijkSHORT+tlrc.BRIK
++ 3dinfo: AFNI version=AFNI_2010_10_19_1028 (Apr 26 2011) [64-bit]
++ WARNING: file /home/michaeljames.andric/.afni.log is now 531011053 (531 million) bytes long!
++ 3dZeropad: AFNI version=AFNI_2010_10_19_1028 (Apr 26 2011) [64-bit]
*+ WARNING:   If you are performing spatial transformations on an oblique dset, 
  such as ./CLFR.2.degrees.ijkSHORT+orig.BRIK,
  or viewing/combining it with volumes of differing obliquity,
  you should consider running: 
     3dWarp -deoblique 
  on this and  other oblique datasets in the same session.
 See 3dWarp -help for details.
++ Oblique dataset:./CLFR.2.degrees.ijkSHORT+orig.BRIK is 2.735092 degrees from plumb.
++ output dataset: ./__ats_tmp__ipad+orig.BRIK
++ WARNING: file /home/michaeljames.andric/.afni.log is now 531012572 (531 million) bytes long!
++ WARNING: file /home/michaeljames.andric/.afni.log is now 531014243 (531 million) bytes long!
++ 3dWarp: AFNI version=AFNI_2010_10_19_1028 (Apr 26 2011) [64-bit]
++ Authored by: RW Cox
*+ WARNING:   If you are performing spatial transformations on an oblique dset, 
  such as ./__ats_tmp__ipad+orig.BRIK,
  or viewing/combining it with volumes of differing obliquity,
  you should consider running: 
     3dWarp -deoblique 
  on this and  other oblique datasets in the same session.
 See 3dWarp -help for details.
++ Oblique dataset:./__ats_tmp__ipad+orig.BRIK is 2.735092 degrees from plumb.
++ 2.735092 degrees from plumb.
*+ WARNING: Deoblique datasets with 3dWarp before proceeding with other transformations
++ 3drefit: AFNI version=AFNI_2010_10_19_1028 (Apr 26 2011) [64-bit]
++ Authored by: RW Cox
++ WARNING: file /home/michaeljames.andric/.afni.log is now 531015692 (531 million) bytes long!
++ Processing AFNI dataset __ats_tmp__warp_grid+tlrc
 + Changed dataset view type and filenames.
*+ WARNING: Over-writing dataset ./__ats_tmp__warp_grid+orig.HEAD
++ 3drefit processed 1 datasets
++ WARNING: file /home/michaeljames.andric/.afni.log is now 531016635 (531 million) bytes long!
*+ WARNING:   If you are performing spatial transformations on an oblique dset, 
  such as ./__ats_tmp_CLFR.2.degrees.ijkSHORT+orig.BRIK,
  or viewing/combining it with volumes of differing obliquity,
  you should consider running: 
     3dWarp -deoblique 
  on this and  other oblique datasets in the same session.
 See 3dWarp -help for details.
++ Oblique dataset:./__ats_tmp_CLFR.2.degrees.ijkSHORT+orig.BRIK is 2.735092 degrees from plumb.
*+ WARNING: Over-writing dataset ./__ats_tmp_CLFR.2.degrees.ijkSHORT+orig.HEAD
++ 3drefit: AFNI version=AFNI_2010_10_19_1028 (Apr 26 2011) [64-bit]
++ Authored by: RW Cox
++ WARNING: file /home/michaeljames.andric/.afni.log is now 531019982 (531 million) bytes long!
++ Processing AFNI dataset __ats_tmp_CLFR.2.degrees.ijkSHORT+orig
*+ WARNING: Over-writing dataset ./__ats_tmp_CLFR.2.degrees.ijkSHORT+orig.HEAD
++ 3drefit processed 1 datasets
++ WARNING: file /home/michaeljames.andric/.afni.log is now 531021693 (531 million) bytes long!
*+ WARNING: Over-writing dataset ./__ats_tmp_CLFR.2.degrees.ijkSHORT+orig.HEAD
++ 3drefit: AFNI version=AFNI_2010_10_19_1028 (Apr 26 2011) [64-bit]
++ Authored by: RW Cox
++ WARNING: file /home/michaeljames.andric/.afni.log is now 531022794 (531 million) bytes long!
++ Processing AFNI dataset __ats_tmp_CLFR.2.degrees.ijkSHORT+orig.HEAD
 + Changed dataset view type and filenames.
*+ WARNING: Over-writing dataset ./__ats_tmp_CLFR.2.degrees.ijkSHORT+tlrc.HEAD
++ 3drefit processed 1 datasets
++ WARNING: file /home/michaeljames.andric/.afni.log is now 531025327 (531 million) bytes long!
++ Warning: ignoring +tlrc on new_prefix.
++ THD_rename_dataset_files: rename __ats_tmp_CLFR.2.degrees.ijkSHORT+tlrc.HEAD -> CLFR.2.degrees.ijkSHORT+tlrc.HEAD
++ THD_rename_dataset_files: rename __ats_tmp_CLFR.2.degrees.ijkSHORT+tlrc.BRIK -> CLFR.2.degrees.ijkSHORT+tlrc.BRIK
++ 3dinfo: AFNI version=AFNI_2010_10_19_1028 (Apr 26 2011) [64-bit]
++ WARNING: file /home/michaeljames.andric/.afni.log is now 531035408 (531 million) bytes long!
++ 3dZeropad: AFNI version=AFNI_2010_10_19_1028 (Apr 26 2011) [64-bit]
*+ WARNING:   If you are performing spatial transformations on an oblique dset, 
  such as ./CLFR.3.degrees.ijkSHORT+orig.BRIK,
  or viewing/combining it with volumes of differing obliquity,
  you should consider running: 
     3dWarp -deoblique 
  on this and  other oblique datasets in the same session.
 See 3dWarp -help for details.
++ Oblique dataset:./CLFR.3.degrees.ijkSHORT+orig.BRIK is 2.735092 degrees from plumb.
++ output dataset: ./__ats_tmp__ipad+orig.BRIK
++ WARNING: file /home/michaeljames.andric/.afni.log is now 531036925 (531 million) bytes long!
++ WARNING: file /home/michaeljames.andric/.afni.log is now 531038197 (531 million) bytes long!
++ 3dWarp: AFNI version=AFNI_2010_10_19_1028 (Apr 26 2011) [64-bit]
++ Authored by: RW Cox
*+ WARNING:   If you are performing spatial transformations on an oblique dset, 
  such as ./__ats_tmp__ipad+orig.BRIK,
  or viewing/combining it with volumes of differing obliquity,
  you should consider running: 
     3dWarp -deoblique 
  on this and  other oblique datasets in the same session.
 See 3dWarp -help for details.
++ Oblique dataset:./__ats_tmp__ipad+orig.BRIK is 2.735092 degrees from plumb.
++ 2.735092 degrees from plumb.
*+ WARNING: Deoblique datasets with 3dWarp before proceeding with other transformations
++ 3drefit: AFNI version=AFNI_2010_10_19_1028 (Apr 26 2011) [64-bit]
++ Authored by: RW Cox
++ WARNING: file /home/michaeljames.andric/.afni.log is now 531040335 (531 million) bytes long!
++ Processing AFNI dataset __ats_tmp__warp_grid+tlrc
 + Changed dataset view type and filenames.
*+ WARNING: Over-writing dataset ./__ats_tmp__warp_grid+orig.HEAD
++ 3drefit processed 1 datasets
++ WARNING: file /home/michaeljames.andric/.afni.log is now 531041200 (531 million) bytes long!
*+ WARNING:   If you are performing spatial transformations on an oblique dset, 
  such as ./__ats_tmp_CLFR.3.degrees.ijkSHORT+orig.BRIK,
  or viewing/combining it with volumes of differing obliquity,
  you should consider running: 
     3dWarp -deoblique 
  on this and  other oblique datasets in the same session.
 See 3dWarp -help for details.
++ Oblique dataset:./__ats_tmp_CLFR.3.degrees.ijkSHORT+orig.BRIK is 2.735092 degrees from plumb.
*+ WARNING: Over-writing dataset ./__ats_tmp_CLFR.3.degrees.ijkSHORT+orig.HEAD
++ 3drefit: AFNI version=AFNI_2010_10_19_1028 (Apr 26 2011) [64-bit]
++ Authored by: RW Cox
++ WARNING: file /home/michaeljames.andric/.afni.log is now 531045730 (531 million) bytes long!
++ Processing AFNI dataset __ats_tmp_CLFR.3.degrees.ijkSHORT+orig
*+ WARNING: Over-writing dataset ./__ats_tmp_CLFR.3.degrees.ijkSHORT+orig.HEAD
++ 3drefit processed 1 datasets
++ WARNING: file /home/michaeljames.andric/.afni.log is now 531046459 (531 million) bytes long!
*+ WARNING: Over-writing dataset ./__ats_tmp_CLFR.3.degrees.ijkSHORT+orig.HEAD
++ 3drefit: AFNI version=AFNI_2010_10_19_1028 (Apr 26 2011) [64-bit]
++ Authored by: RW Cox
++ WARNING: file /home/michaeljames.andric/.afni.log is now 531047287 (531 million) bytes long!
++ Processing AFNI dataset __ats_tmp_CLFR.3.degrees.ijkSHORT+orig.HEAD
 + Changed dataset view type and filenames.
*+ WARNING: Over-writing dataset ./__ats_tmp_CLFR.3.degrees.ijkSHORT+tlrc.HEAD
++ 3drefit processed 1 datasets
++ WARNING: file /home/michaeljames.andric/.afni.log is now 531048704 (531 million) bytes long!
++ Warning: ignoring +tlrc on new_prefix.
++ THD_rename_dataset_files: rename __ats_tmp_CLFR.3.degrees.ijkSHORT+tlrc.HEAD -> CLFR.3.degrees.ijkSHORT+tlrc.HEAD
++ THD_rename_dataset_files: rename __ats_tmp_CLFR.3.degrees.ijkSHORT+tlrc.BRIK -> CLFR.3.degrees.ijkSHORT+tlrc.BRIK
++ 3dinfo: AFNI version=AFNI_2010_10_19_1028 (Apr 26 2011) [64-bit]
++ WARNING: file /home/michaeljames.andric/.afni.log is now 531057718 (531 million) bytes long!
++ 3dZeropad: AFNI version=AFNI_2010_10_19_1028 (Apr 26 2011) [64-bit]
*+ WARNING:   If you are performing spatial transformations on an oblique dset, 
  such as ./CLFR.4.degrees.ijkSHORT+orig.BRIK,
  or viewing/combining it with volumes of differing obliquity,
  you should consider running: 
     3dWarp -deoblique 
  on this and  other oblique datasets in the same session.
 See 3dWarp -help for details.
++ Oblique dataset:./CLFR.4.degrees.ijkSHORT+orig.BRIK is 2.735092 degrees from plumb.
++ output dataset: ./__ats_tmp__ipad+orig.BRIK
++ WARNING: file /home/michaeljames.andric/.afni.log is now 531058688 (531 million) bytes long!
++ WARNING: file /home/michaeljames.andric/.afni.log is now 531060517 (531 million) bytes long!
++ 3dWarp: AFNI version=AFNI_2010_10_19_1028 (Apr 26 2011) [64-bit]
++ Authored by: RW Cox
*+ WARNING:   If you are performing spatial transformations on an oblique dset, 
  such as ./__ats_tmp__ipad+orig.BRIK,
  or viewing/combining it with volumes of differing obliquity,
  you should consider running: 
     3dWarp -deoblique 
  on this and  other oblique datasets in the same session.
 See 3dWarp -help for details.
++ Oblique dataset:./__ats_tmp__ipad+orig.BRIK is 2.735092 degrees from plumb.
++ 2.735092 degrees from plumb.
*+ WARNING: Deoblique datasets with 3dWarp before proceeding with other transformations
++ 3drefit: AFNI version=AFNI_2010_10_19_1028 (Apr 26 2011) [64-bit]
++ Authored by: RW Cox
++ WARNING: file /home/michaeljames.andric/.afni.log is now 531063898 (531 million) bytes long!
++ Processing AFNI dataset __ats_tmp__warp_grid+tlrc
 + Changed dataset view type and filenames.
*+ WARNING: Over-writing dataset ./__ats_tmp__warp_grid+orig.HEAD
++ 3drefit processed 1 datasets
++ WARNING: file /home/michaeljames.andric/.afni.log is now 531064915 (531 million) bytes long!
*+ WARNING:   If you are performing spatial transformations on an oblique dset, 
  such as ./__ats_tmp_CLFR.4.degrees.ijkSHORT+orig.BRIK,
  or viewing/combining it with volumes of differing obliquity,
  you should consider running: 
     3dWarp -deoblique 
  on this and  other oblique datasets in the same session.
 See 3dWarp -help for details.
++ Oblique dataset:./__ats_tmp_CLFR.4.degrees.ijkSHORT+orig.BRIK is 2.735092 degrees from plumb.
*+ WARNING: Over-writing dataset ./__ats_tmp_CLFR.4.degrees.ijkSHORT+orig.HEAD
++ 3drefit: AFNI version=AFNI_2010_10_19_1028 (Apr 26 2011) [64-bit]
++ Authored by: RW Cox
++ WARNING: file /home/michaeljames.andric/.afni.log is now 531067611 (531 million) bytes long!
++ Processing AFNI dataset __ats_tmp_CLFR.4.degrees.ijkSHORT+orig
*+ WARNING: Over-writing dataset ./__ats_tmp_CLFR.4.degrees.ijkSHORT+orig.HEAD
++ 3drefit processed 1 datasets
++ WARNING: file /home/michaeljames.andric/.afni.log is now 531068444 (531 million) bytes long!
*+ WARNING: Over-writing dataset ./__ats_tmp_CLFR.4.degrees.ijkSHORT+orig.HEAD
++ 3drefit: AFNI version=AFNI_2010_10_19_1028 (Apr 26 2011) [64-bit]
++ Authored by: RW Cox
++ WARNING: file /home/michaeljames.andric/.afni.log is now 531068902 (531 million) bytes long!
++ Processing AFNI dataset __ats_tmp_CLFR.4.degrees.ijkSHORT+orig.HEAD
 + Changed dataset view type and filenames.
*+ WARNING: Over-writing dataset ./__ats_tmp_CLFR.4.degrees.ijkSHORT+tlrc.HEAD
++ 3drefit processed 1 datasets
++ WARNING: file /home/michaeljames.andric/.afni.log is now 531071325 (531 million) bytes long!
++ Warning: ignoring +tlrc on new_prefix.
++ THD_rename_dataset_files: rename __ats_tmp_CLFR.4.degrees.ijkSHORT+tlrc.HEAD -> CLFR.4.degrees.ijkSHORT+tlrc.HEAD
++ THD_rename_dataset_files: rename __ats_tmp_CLFR.4.degrees.ijkSHORT+tlrc.BRIK -> CLFR.4.degrees.ijkSHORT+tlrc.BRIK
