++ 3dinfo: AFNI version=AFNI_2010_10_19_1028 (Apr 26 2011) [64-bit]
++ WARNING: file /home/michaeljames.andric/.afni.log is now 530985177 (531 million) bytes long!
++ 3dZeropad: AFNI version=AFNI_2010_10_19_1028 (Apr 26 2011) [64-bit]
*+ WARNING:   If you are performing spatial transformations on an oblique dset, 
  such as ./EZCR.1.degrees.ijkSHORT+orig.BRIK,
  or viewing/combining it with volumes of differing obliquity,
  you should consider running: 
     3dWarp -deoblique 
  on this and  other oblique datasets in the same session.
 See 3dWarp -help for details.
++ Oblique dataset:./EZCR.1.degrees.ijkSHORT+orig.BRIK is 9.600010 degrees from plumb.
++ output dataset: ./__ats_tmp__ipad+orig.BRIK
++ WARNING: file /home/michaeljames.andric/.afni.log is now 530985441 (531 million) bytes long!
++ WARNING: file /home/michaeljames.andric/.afni.log is now 530987149 (531 million) bytes long!
++ 3dWarp: AFNI version=AFNI_2010_10_19_1028 (Apr 26 2011) [64-bit]
++ Authored by: RW Cox
*+ WARNING:   If you are performing spatial transformations on an oblique dset, 
  such as ./__ats_tmp__ipad+orig.BRIK,
  or viewing/combining it with volumes of differing obliquity,
  you should consider running: 
     3dWarp -deoblique 
  on this and  other oblique datasets in the same session.
 See 3dWarp -help for details.
++ Oblique dataset:./__ats_tmp__ipad+orig.BRIK is 9.600010 degrees from plumb.
++ 9.600010 degrees from plumb.
*+ WARNING: Deoblique datasets with 3dWarp before proceeding with other transformations
++ 3drefit: AFNI version=AFNI_2010_10_19_1028 (Apr 26 2011) [64-bit]
++ Authored by: RW Cox
++ WARNING: file /home/michaeljames.andric/.afni.log is now 530989312 (531 million) bytes long!
++ Processing AFNI dataset __ats_tmp__warp_grid+tlrc
 + Changed dataset view type and filenames.
*+ WARNING: Over-writing dataset ./__ats_tmp__warp_grid+orig.HEAD
++ 3drefit processed 1 datasets
++ WARNING: file /home/michaeljames.andric/.afni.log is now 530990727 (531 million) bytes long!
*+ WARNING:   If you are performing spatial transformations on an oblique dset, 
  such as ./__ats_tmp_EZCR.1.degrees.ijkSHORT+orig.BRIK,
  or viewing/combining it with volumes of differing obliquity,
  you should consider running: 
     3dWarp -deoblique 
  on this and  other oblique datasets in the same session.
 See 3dWarp -help for details.
++ Oblique dataset:./__ats_tmp_EZCR.1.degrees.ijkSHORT+orig.BRIK is 9.600010 degrees from plumb.
*+ WARNING: Over-writing dataset ./__ats_tmp_EZCR.1.degrees.ijkSHORT+orig.HEAD
++ 3drefit: AFNI version=AFNI_2010_10_19_1028 (Apr 26 2011) [64-bit]
++ Authored by: RW Cox
++ WARNING: file /home/michaeljames.andric/.afni.log is now 530995305 (531 million) bytes long!
++ Processing AFNI dataset __ats_tmp_EZCR.1.degrees.ijkSHORT+orig
*+ WARNING: Over-writing dataset ./__ats_tmp_EZCR.1.degrees.ijkSHORT+orig.HEAD
++ 3drefit processed 1 datasets
++ WARNING: file /home/michaeljames.andric/.afni.log is now 530995477 (531 million) bytes long!
*+ WARNING: Over-writing dataset ./__ats_tmp_EZCR.1.degrees.ijkSHORT+orig.HEAD
++ 3drefit: AFNI version=AFNI_2010_10_19_1028 (Apr 26 2011) [64-bit]
++ Authored by: RW Cox
++ WARNING: file /home/michaeljames.andric/.afni.log is now 530996029 (531 million) bytes long!
++ Processing AFNI dataset __ats_tmp_EZCR.1.degrees.ijkSHORT+orig.HEAD
 + Changed dataset view type and filenames.
*+ WARNING: Over-writing dataset ./__ats_tmp_EZCR.1.degrees.ijkSHORT+tlrc.HEAD
++ 3drefit processed 1 datasets
++ WARNING: file /home/michaeljames.andric/.afni.log is now 531001402 (531 million) bytes long!
++ Warning: ignoring +tlrc on new_prefix.
++ THD_rename_dataset_files: rename __ats_tmp_EZCR.1.degrees.ijkSHORT+tlrc.HEAD -> EZCR.1.degrees.ijkSHORT+tlrc.HEAD
++ THD_rename_dataset_files: rename __ats_tmp_EZCR.1.degrees.ijkSHORT+tlrc.BRIK -> EZCR.1.degrees.ijkSHORT+tlrc.BRIK
++ 3dinfo: AFNI version=AFNI_2010_10_19_1028 (Apr 26 2011) [64-bit]
++ WARNING: file /home/michaeljames.andric/.afni.log is now 531008561 (531 million) bytes long!
++ 3dZeropad: AFNI version=AFNI_2010_10_19_1028 (Apr 26 2011) [64-bit]
*+ WARNING:   If you are performing spatial transformations on an oblique dset, 
  such as ./EZCR.2.degrees.ijkSHORT+orig.BRIK,
  or viewing/combining it with volumes of differing obliquity,
  you should consider running: 
     3dWarp -deoblique 
  on this and  other oblique datasets in the same session.
 See 3dWarp -help for details.
++ Oblique dataset:./EZCR.2.degrees.ijkSHORT+orig.BRIK is 9.600010 degrees from plumb.
++ output dataset: ./__ats_tmp__ipad+orig.BRIK
++ WARNING: file /home/michaeljames.andric/.afni.log is now 531008898 (531 million) bytes long!
++ WARNING: file /home/michaeljames.andric/.afni.log is now 531009346 (531 million) bytes long!
++ 3dWarp: AFNI version=AFNI_2010_10_19_1028 (Apr 26 2011) [64-bit]
++ Authored by: RW Cox
*+ WARNING:   If you are performing spatial transformations on an oblique dset, 
  such as ./__ats_tmp__ipad+orig.BRIK,
  or viewing/combining it with volumes of differing obliquity,
  you should consider running: 
     3dWarp -deoblique 
  on this and  other oblique datasets in the same session.
 See 3dWarp -help for details.
++ Oblique dataset:./__ats_tmp__ipad+orig.BRIK is 9.600010 degrees from plumb.
++ 9.600010 degrees from plumb.
*+ WARNING: Deoblique datasets with 3dWarp before proceeding with other transformations
++ 3drefit: AFNI version=AFNI_2010_10_19_1028 (Apr 26 2011) [64-bit]
++ Authored by: RW Cox
++ WARNING: file /home/michaeljames.andric/.afni.log is now 531009702 (531 million) bytes long!
++ Processing AFNI dataset __ats_tmp__warp_grid+tlrc
 + Changed dataset view type and filenames.
*+ WARNING: Over-writing dataset ./__ats_tmp__warp_grid+orig.HEAD
++ 3drefit processed 1 datasets
++ WARNING: file /home/michaeljames.andric/.afni.log is now 531010274 (531 million) bytes long!
*+ WARNING:   If you are performing spatial transformations on an oblique dset, 
  such as ./__ats_tmp_EZCR.2.degrees.ijkSHORT+orig.BRIK,
  or viewing/combining it with volumes of differing obliquity,
  you should consider running: 
     3dWarp -deoblique 
  on this and  other oblique datasets in the same session.
 See 3dWarp -help for details.
++ Oblique dataset:./__ats_tmp_EZCR.2.degrees.ijkSHORT+orig.BRIK is 9.600010 degrees from plumb.
*+ WARNING: Over-writing dataset ./__ats_tmp_EZCR.2.degrees.ijkSHORT+orig.HEAD
++ 3drefit: AFNI version=AFNI_2010_10_19_1028 (Apr 26 2011) [64-bit]
++ Authored by: RW Cox
++ WARNING: file /home/michaeljames.andric/.afni.log is now 531018266 (531 million) bytes long!
++ Processing AFNI dataset __ats_tmp_EZCR.2.degrees.ijkSHORT+orig
*+ WARNING: Over-writing dataset ./__ats_tmp_EZCR.2.degrees.ijkSHORT+orig.HEAD
++ 3drefit processed 1 datasets
++ WARNING: file /home/michaeljames.andric/.afni.log is now 531018456 (531 million) bytes long!
*+ WARNING: Over-writing dataset ./__ats_tmp_EZCR.2.degrees.ijkSHORT+orig.HEAD
++ 3drefit: AFNI version=AFNI_2010_10_19_1028 (Apr 26 2011) [64-bit]
++ Authored by: RW Cox
++ WARNING: file /home/michaeljames.andric/.afni.log is now 531018818 (531 million) bytes long!
++ Processing AFNI dataset __ats_tmp_EZCR.2.degrees.ijkSHORT+orig.HEAD
 + Changed dataset view type and filenames.
*+ WARNING: Over-writing dataset ./__ats_tmp_EZCR.2.degrees.ijkSHORT+tlrc.HEAD
++ 3drefit processed 1 datasets
++ WARNING: file /home/michaeljames.andric/.afni.log is now 531024363 (531 million) bytes long!
++ Warning: ignoring +tlrc on new_prefix.
++ THD_rename_dataset_files: rename __ats_tmp_EZCR.2.degrees.ijkSHORT+tlrc.HEAD -> EZCR.2.degrees.ijkSHORT+tlrc.HEAD
++ THD_rename_dataset_files: rename __ats_tmp_EZCR.2.degrees.ijkSHORT+tlrc.BRIK -> EZCR.2.degrees.ijkSHORT+tlrc.BRIK
++ 3dinfo: AFNI version=AFNI_2010_10_19_1028 (Apr 26 2011) [64-bit]
++ WARNING: file /home/michaeljames.andric/.afni.log is now 531031667 (531 million) bytes long!
++ 3dZeropad: AFNI version=AFNI_2010_10_19_1028 (Apr 26 2011) [64-bit]
*+ WARNING:   If you are performing spatial transformations on an oblique dset, 
  such as ./EZCR.3.degrees.ijkSHORT+orig.BRIK,
  or viewing/combining it with volumes of differing obliquity,
  you should consider running: 
     3dWarp -deoblique 
  on this and  other oblique datasets in the same session.
 See 3dWarp -help for details.
++ Oblique dataset:./EZCR.3.degrees.ijkSHORT+orig.BRIK is 9.600010 degrees from plumb.
++ output dataset: ./__ats_tmp__ipad+orig.BRIK
++ WARNING: file /home/michaeljames.andric/.afni.log is now 531032160 (531 million) bytes long!
++ WARNING: file /home/michaeljames.andric/.afni.log is now 531032675 (531 million) bytes long!
++ 3dWarp: AFNI version=AFNI_2010_10_19_1028 (Apr 26 2011) [64-bit]
++ Authored by: RW Cox
*+ WARNING:   If you are performing spatial transformations on an oblique dset, 
  such as ./__ats_tmp__ipad+orig.BRIK,
  or viewing/combining it with volumes of differing obliquity,
  you should consider running: 
     3dWarp -deoblique 
  on this and  other oblique datasets in the same session.
 See 3dWarp -help for details.
++ Oblique dataset:./__ats_tmp__ipad+orig.BRIK is 9.600010 degrees from plumb.
++ 9.600010 degrees from plumb.
*+ WARNING: Deoblique datasets with 3dWarp before proceeding with other transformations
++ 3drefit: AFNI version=AFNI_2010_10_19_1028 (Apr 26 2011) [64-bit]
++ Authored by: RW Cox
++ WARNING: file /home/michaeljames.andric/.afni.log is now 531033890 (531 million) bytes long!
++ Processing AFNI dataset __ats_tmp__warp_grid+tlrc
 + Changed dataset view type and filenames.
*+ WARNING: Over-writing dataset ./__ats_tmp__warp_grid+orig.HEAD
++ 3drefit processed 1 datasets
++ WARNING: file /home/michaeljames.andric/.afni.log is now 531034788 (531 million) bytes long!
*+ WARNING:   If you are performing spatial transformations on an oblique dset, 
  such as ./__ats_tmp_EZCR.3.degrees.ijkSHORT+orig.BRIK,
  or viewing/combining it with volumes of differing obliquity,
  you should consider running: 
     3dWarp -deoblique 
  on this and  other oblique datasets in the same session.
 See 3dWarp -help for details.
++ Oblique dataset:./__ats_tmp_EZCR.3.degrees.ijkSHORT+orig.BRIK is 9.600010 degrees from plumb.
*+ WARNING: Over-writing dataset ./__ats_tmp_EZCR.3.degrees.ijkSHORT+orig.HEAD
++ 3drefit: AFNI version=AFNI_2010_10_19_1028 (Apr 26 2011) [64-bit]
++ Authored by: RW Cox
++ WARNING: file /home/michaeljames.andric/.afni.log is now 531041549 (531 million) bytes long!
++ Processing AFNI dataset __ats_tmp_EZCR.3.degrees.ijkSHORT+orig
*+ WARNING: Over-writing dataset ./__ats_tmp_EZCR.3.degrees.ijkSHORT+orig.HEAD
++ 3drefit processed 1 datasets
++ WARNING: file /home/michaeljames.andric/.afni.log is now 531041911 (531 million) bytes long!
*+ WARNING: Over-writing dataset ./__ats_tmp_EZCR.3.degrees.ijkSHORT+orig.HEAD
++ 3drefit: AFNI version=AFNI_2010_10_19_1028 (Apr 26 2011) [64-bit]
++ Authored by: RW Cox
++ WARNING: file /home/michaeljames.andric/.afni.log is now 531042377 (531 million) bytes long!
++ Processing AFNI dataset __ats_tmp_EZCR.3.degrees.ijkSHORT+orig.HEAD
 + Changed dataset view type and filenames.
*+ WARNING: Over-writing dataset ./__ats_tmp_EZCR.3.degrees.ijkSHORT+tlrc.HEAD
++ 3drefit processed 1 datasets
++ WARNING: file /home/michaeljames.andric/.afni.log is now 531047560 (531 million) bytes long!
++ Warning: ignoring +tlrc on new_prefix.
++ THD_rename_dataset_files: rename __ats_tmp_EZCR.3.degrees.ijkSHORT+tlrc.HEAD -> EZCR.3.degrees.ijkSHORT+tlrc.HEAD
++ THD_rename_dataset_files: rename __ats_tmp_EZCR.3.degrees.ijkSHORT+tlrc.BRIK -> EZCR.3.degrees.ijkSHORT+tlrc.BRIK
++ 3dinfo: AFNI version=AFNI_2010_10_19_1028 (Apr 26 2011) [64-bit]
++ WARNING: file /home/michaeljames.andric/.afni.log is now 531054134 (531 million) bytes long!
++ 3dZeropad: AFNI version=AFNI_2010_10_19_1028 (Apr 26 2011) [64-bit]
*+ WARNING:   If you are performing spatial transformations on an oblique dset, 
  such as ./EZCR.4.degrees.ijkSHORT+orig.BRIK,
  or viewing/combining it with volumes of differing obliquity,
  you should consider running: 
     3dWarp -deoblique 
  on this and  other oblique datasets in the same session.
 See 3dWarp -help for details.
++ Oblique dataset:./EZCR.4.degrees.ijkSHORT+orig.BRIK is 9.600010 degrees from plumb.
++ output dataset: ./__ats_tmp__ipad+orig.BRIK
++ WARNING: file /home/michaeljames.andric/.afni.log is now 531054398 (531 million) bytes long!
++ WARNING: file /home/michaeljames.andric/.afni.log is now 531055241 (531 million) bytes long!
++ 3dWarp: AFNI version=AFNI_2010_10_19_1028 (Apr 26 2011) [64-bit]
++ Authored by: RW Cox
*+ WARNING:   If you are performing spatial transformations on an oblique dset, 
  such as ./__ats_tmp__ipad+orig.BRIK,
  or viewing/combining it with volumes of differing obliquity,
  you should consider running: 
     3dWarp -deoblique 
  on this and  other oblique datasets in the same session.
 See 3dWarp -help for details.
++ Oblique dataset:./__ats_tmp__ipad+orig.BRIK is 9.600010 degrees from plumb.
++ 9.600010 degrees from plumb.
*+ WARNING: Deoblique datasets with 3dWarp before proceeding with other transformations
++ 3drefit: AFNI version=AFNI_2010_10_19_1028 (Apr 26 2011) [64-bit]
++ Authored by: RW Cox
++ WARNING: file /home/michaeljames.andric/.afni.log is now 531056283 (531 million) bytes long!
++ Processing AFNI dataset __ats_tmp__warp_grid+tlrc
 + Changed dataset view type and filenames.
*+ WARNING: Over-writing dataset ./__ats_tmp__warp_grid+orig.HEAD
++ 3drefit processed 1 datasets
++ WARNING: file /home/michaeljames.andric/.afni.log is now 531056831 (531 million) bytes long!
*+ WARNING:   If you are performing spatial transformations on an oblique dset, 
  such as ./__ats_tmp_EZCR.4.degrees.ijkSHORT+orig.BRIK,
  or viewing/combining it with volumes of differing obliquity,
  you should consider running: 
     3dWarp -deoblique 
  on this and  other oblique datasets in the same session.
 See 3dWarp -help for details.
++ Oblique dataset:./__ats_tmp_EZCR.4.degrees.ijkSHORT+orig.BRIK is 9.600010 degrees from plumb.
*+ WARNING: Over-writing dataset ./__ats_tmp_EZCR.4.degrees.ijkSHORT+orig.HEAD
++ 3drefit: AFNI version=AFNI_2010_10_19_1028 (Apr 26 2011) [64-bit]
++ Authored by: RW Cox
++ WARNING: file /home/michaeljames.andric/.afni.log is now 531061878 (531 million) bytes long!
++ Processing AFNI dataset __ats_tmp_EZCR.4.degrees.ijkSHORT+orig
*+ WARNING: Over-writing dataset ./__ats_tmp_EZCR.4.degrees.ijkSHORT+orig.HEAD
++ 3drefit processed 1 datasets
++ WARNING: file /home/michaeljames.andric/.afni.log is now 531062459 (531 million) bytes long!
*+ WARNING: Over-writing dataset ./__ats_tmp_EZCR.4.degrees.ijkSHORT+orig.HEAD
++ 3drefit: AFNI version=AFNI_2010_10_19_1028 (Apr 26 2011) [64-bit]
++ Authored by: RW Cox
++ WARNING: file /home/michaeljames.andric/.afni.log is now 531062735 (531 million) bytes long!
++ Processing AFNI dataset __ats_tmp_EZCR.4.degrees.ijkSHORT+orig.HEAD
 + Changed dataset view type and filenames.
*+ WARNING: Over-writing dataset ./__ats_tmp_EZCR.4.degrees.ijkSHORT+tlrc.HEAD
++ 3drefit processed 1 datasets
++ WARNING: file /home/michaeljames.andric/.afni.log is now 531063487 (531 million) bytes long!
++ Warning: ignoring +tlrc on new_prefix.
++ THD_rename_dataset_files: rename __ats_tmp_EZCR.4.degrees.ijkSHORT+tlrc.HEAD -> EZCR.4.degrees.ijkSHORT+tlrc.HEAD
++ THD_rename_dataset_files: rename __ats_tmp_EZCR.4.degrees.ijkSHORT+tlrc.BRIK -> EZCR.4.degrees.ijkSHORT+tlrc.BRIK
