000 (689.011.000) 10/25 02:21:55 Job submitted from host: <192.168.240.30:57762>
...
001 (689.011.000) 10/25 02:21:57 Job executing on host: <192.168.240.31:35801>
...
006 (689.011.000) 10/25 02:22:06 Image size of job updated: 102088
	4  -  MemoryUsage of job (MB)
	3164  -  ResidentSetSize of job (KB)
...
006 (689.011.000) 10/25 02:22:35 Image size of job updated: 273848
	4  -  MemoryUsage of job (MB)
	3164  -  ResidentSetSize of job (KB)
...
005 (689.011.000) 10/25 02:22:35 Job terminated.
	(1) Normal termination (return value 0)
		Usr 0 00:00:00, Sys 0 00:00:00  -  Run Remote Usage
		Usr 0 00:00:00, Sys 0 00:00:00  -  Run Local Usage
		Usr 0 00:00:00, Sys 0 00:00:00  -  Total Remote Usage
		Usr 0 00:00:00, Sys 0 00:00:00  -  Total Local Usage
	0  -  Run Bytes Sent By Job
	0  -  Run Bytes Received By Job
	0  -  Total Bytes Sent By Job
	0  -  Total Bytes Received By Job
	Partitionable Resources :    Usage  Request          
	   Cpus                 :                 1          
	   Disk (KB)            :        2        2          
	   Memory (MB)          :        4        4          
...
