000 (421.000.000) 12/12 13:47:32 Job submitted from host: <192.168.240.31:32946>
...
001 (421.000.000) 12/12 13:47:33 Job executing on host: <192.168.240.32:39809>
...
006 (421.000.000) 12/12 13:47:41 Image size of job updated: 419388
	44  -  MemoryUsage of job (MB)
	44588  -  ResidentSetSize of job (KB)
...
006 (421.000.000) 12/12 13:51:41 Image size of job updated: 502084
	44  -  MemoryUsage of job (MB)
	44588  -  ResidentSetSize of job (KB)
...
005 (421.000.000) 12/12 13:51:41 Job terminated.
	(1) Normal termination (return value 0)
		Usr 0 00:00:16, Sys 0 00:00:00  -  Run Remote Usage
		Usr 0 00:00:00, Sys 0 00:00:00  -  Run Local Usage
		Usr 0 00:00:16, Sys 0 00:00:00  -  Total Remote Usage
		Usr 0 00:00:00, Sys 0 00:00:00  -  Total Local Usage
	0  -  Run Bytes Sent By Job
	0  -  Run Bytes Received By Job
	0  -  Total Bytes Sent By Job
	0  -  Total Bytes Received By Job
	Partitionable Resources :    Usage  Request          
	   Cpus                 :                 1          
	   Disk (KB)            :        3        3          
	   Memory (MB)          :       44       44          
...
000 (423.000.000) 12/12 14:33:38 Job submitted from host: <192.168.240.31:32946>
...
001 (423.000.000) 12/12 14:33:39 Job executing on host: <192.168.240.32:39809>
...
006 (423.000.000) 12/12 14:33:43 Image size of job updated: 3
	0  -  MemoryUsage of job (MB)
	0  -  ResidentSetSize of job (KB)
...
005 (423.000.000) 12/12 14:33:43 Job terminated.
	(1) Normal termination (return value 0)
		Usr 0 00:00:00, Sys 0 00:00:00  -  Run Remote Usage
		Usr 0 00:00:00, Sys 0 00:00:00  -  Run Local Usage
		Usr 0 00:00:00, Sys 0 00:00:00  -  Total Remote Usage
		Usr 0 00:00:00, Sys 0 00:00:00  -  Total Local Usage
	0  -  Run Bytes Sent By Job
	0  -  Run Bytes Received By Job
	0  -  Total Bytes Sent By Job
	0  -  Total Bytes Received By Job
	Partitionable Resources :    Usage  Request          
	   Cpus                 :                 1          
	   Disk (KB)            :        3        3          
	   Memory (MB)          :        0        0          
...
