000 (684.002.000) 10/25 01:11:54 Job submitted from host: <192.168.240.30:57762>
...
001 (684.002.000) 10/25 01:11:54 Job executing on host: <192.168.240.32:37698>
...
006 (684.002.000) 10/25 01:11:55 Image size of job updated: 96624
	0  -  MemoryUsage of job (MB)
	0  -  ResidentSetSize of job (KB)
...
005 (684.002.000) 10/25 01:11:55 Job terminated.
	(1) Normal termination (return value 2)
		Usr 0 00:00:00, Sys 0 00:00:00  -  Run Remote Usage
		Usr 0 00:00:00, Sys 0 00:00:00  -  Run Local Usage
		Usr 0 00:00:00, Sys 0 00:00:00  -  Total Remote Usage
		Usr 0 00:00:00, Sys 0 00:00:00  -  Total Local Usage
	0  -  Run Bytes Sent By Job
	0  -  Run Bytes Received By Job
	0  -  Total Bytes Sent By Job
	0  -  Total Bytes Received By Job
	Partitionable Resources :    Usage  Request          
	   Cpus                 :                 1          
	   Disk (KB)            :        2        2          
	   Memory (MB)          :        0        0          
...
000 (685.002.000) 10/25 01:13:03 Job submitted from host: <192.168.240.30:57762>
...
001 (685.002.000) 10/25 01:13:04 Job executing on host: <192.168.240.32:37698>
...
006 (685.002.000) 10/25 01:13:10 Image size of job updated: 199148
	0  -  MemoryUsage of job (MB)
	0  -  ResidentSetSize of job (KB)
...
005 (685.002.000) 10/25 01:13:10 Job terminated.
	(1) Normal termination (return value 0)
		Usr 0 00:00:00, Sys 0 00:00:00  -  Run Remote Usage
		Usr 0 00:00:00, Sys 0 00:00:00  -  Run Local Usage
		Usr 0 00:00:00, Sys 0 00:00:00  -  Total Remote Usage
		Usr 0 00:00:00, Sys 0 00:00:00  -  Total Local Usage
	0  -  Run Bytes Sent By Job
	0  -  Run Bytes Received By Job
	0  -  Total Bytes Sent By Job
	0  -  Total Bytes Received By Job
	Partitionable Resources :    Usage  Request          
	   Cpus                 :                 1          
	   Disk (KB)            :        1        1          
	   Memory (MB)          :        0        0          
...
000 (689.002.000) 10/25 02:21:55 Job submitted from host: <192.168.240.30:57762>
...
001 (689.002.000) 10/25 02:21:56 Job executing on host: <192.168.240.31:35801>
...
006 (689.002.000) 10/25 02:22:05 Image size of job updated: 209528
	5  -  MemoryUsage of job (MB)
	5024  -  ResidentSetSize of job (KB)
...
006 (689.002.000) 10/25 02:22:51 Image size of job updated: 337832
	5  -  MemoryUsage of job (MB)
	5024  -  ResidentSetSize of job (KB)
...
005 (689.002.000) 10/25 02:22:51 Job terminated.
	(1) Normal termination (return value 0)
		Usr 0 00:00:00, Sys 0 00:00:00  -  Run Remote Usage
		Usr 0 00:00:00, Sys 0 00:00:00  -  Run Local Usage
		Usr 0 00:00:00, Sys 0 00:00:00  -  Total Remote Usage
		Usr 0 00:00:00, Sys 0 00:00:00  -  Total Local Usage
	0  -  Run Bytes Sent By Job
	0  -  Run Bytes Received By Job
	0  -  Total Bytes Sent By Job
	0  -  Total Bytes Received By Job
	Partitionable Resources :    Usage  Request          
	   Cpus                 :                 1          
	   Disk (KB)            :        2        2          
	   Memory (MB)          :        5        5          
...
