Parsing ...
Applying tlrc warp from ./BARStlrc+tlrc to BARS.1.degrees.ijkSHORT+orig ...
Padding the input data before warping
Creating grid at (2 2 2)mm RAI resolution...
Warping per parent transform (quintic interpolation) and resampling with Bk interpolation (use -onewarp for single interpolation) ...
Failed to resample
Parsing ...
Applying tlrc warp from ./BARStlrc+tlrc to BARS.2.degrees.ijkSHORT+orig ...
Padding the input data before warping
Failed to pad
Parsing ...
Applying tlrc warp from ./BARStlrc+tlrc to BARS.3.degrees.ijkSHORT+orig ...
Padding the input data before warping
Failed to pad
Parsing ...
Applying tlrc warp from ./BARStlrc+tlrc to BARS.4.degrees.ijkSHORT+orig ...
Padding the input data before warping
Failed to pad
256
256
256
256
