000 (421.012.000) 12/12 13:47:32 Job submitted from host: <192.168.240.31:32946>
...
001 (421.012.000) 12/12 13:47:33 Job executing on host: <192.168.240.30:59154>
...
006 (421.012.000) 12/12 13:47:42 Image size of job updated: 282356
	7  -  MemoryUsage of job (MB)
	6964  -  ResidentSetSize of job (KB)
...
006 (421.012.000) 12/12 13:52:43 Image size of job updated: 410792
	7  -  MemoryUsage of job (MB)
	6964  -  ResidentSetSize of job (KB)
...
006 (421.012.000) 12/12 13:57:44 Image size of job updated: 502088
	110  -  MemoryUsage of job (MB)
	112580  -  ResidentSetSize of job (KB)
...
005 (421.012.000) 12/12 14:00:22 Job terminated.
	(1) Normal termination (return value 0)
		Usr 0 00:00:12, Sys 0 00:00:00  -  Run Remote Usage
		Usr 0 00:00:00, Sys 0 00:00:00  -  Run Local Usage
		Usr 0 00:00:12, Sys 0 00:00:00  -  Total Remote Usage
		Usr 0 00:00:00, Sys 0 00:00:00  -  Total Local Usage
	0  -  Run Bytes Sent By Job
	0  -  Run Bytes Received By Job
	0  -  Total Bytes Sent By Job
	0  -  Total Bytes Received By Job
	Partitionable Resources :    Usage  Request          
	   Cpus                 :                 1          
	   Disk (KB)            :        3        3          
	   Memory (MB)          :      110      110          
...
