Parsing ...
Applying tlrc warp from ./MRVVtlrc+tlrc to MRVV.1.degrees.ijkSHORT+orig ...
Padding the input data before warping
Creating grid at (2 2 2)mm RAI resolution...
Warping per parent transform (quintic interpolation) and resampling with Bk interpolation (use -onewarp for single interpolation) ...
Changing view of xformed volumes
Cleanup ...
Parsing ...
Applying tlrc warp from ./MRVVtlrc+tlrc to MRVV.2.degrees.ijkSHORT+orig ...
Padding the input data before warping
Creating grid at (2 2 2)mm RAI resolution...
Warping per parent transform (quintic interpolation) and resampling with Bk interpolation (use -onewarp for single interpolation) ...
Changing view of xformed volumes
Cleanup ...
Parsing ...
Applying tlrc warp from ./MRVVtlrc+tlrc to MRVV.3.degrees.ijkSHORT+orig ...
Padding the input data before warping
Creating grid at (2 2 2)mm RAI resolution...
Warping per parent transform (quintic interpolation) and resampling with Bk interpolation (use -onewarp for single interpolation) ...
Changing view of xformed volumes
Cleanup ...
Parsing ...
Applying tlrc warp from ./MRVVtlrc+tlrc to MRVV.4.degrees.ijkSHORT+orig ...
Padding the input data before warping
Creating grid at (2 2 2)mm RAI resolution...
Warping per parent transform (quintic interpolation) and resampling with Bk interpolation (use -onewarp for single interpolation) ...
Changing view of xformed volumes
Cleanup ...
0
0
0
0
