++ WARNING: file /home/michaeljames.andric/.afni.log is now 276660343 (277 million) bytes long!
++ 3dTstat: AFNI version=AFNI_2010_10_19_1028 (Apr 26 2011) [64-bit]
++ Authored by: KR Hammett & RW Cox
*+ WARNING:   If you are performing spatial transformations on an oblique dset, 
  such as /mnt/tier2/urihas/Andric/steadystate/MYTP/SNR//blur.4.MYTP.steadystate.TRIM+orig.BRIK,
  or viewing/combining it with volumes of differing obliquity,
  you should consider running: 
     3dWarp -deoblique 
  on this and  other oblique datasets in the same session.
 See 3dWarp -help for details.
++ Oblique dataset:/mnt/tier2/urihas/Andric/steadystate/MYTP/SNR//blur.4.MYTP.steadystate.TRIM+orig.BRIK is 1.412501 degrees from plumb.
++ Output dataset /mnt/tier2/urihas/Andric/steadystate/MYTP/SNR//mean.blur.4.MYTP.steadystate.TRIM+orig.BRIK
++ 3dDetrend: AFNI version=AFNI_2010_10_19_1028 (Apr 26 2011) [64-bit]
++ WARNING: file /home/michaeljames.andric/.afni.log is now 276670433 (277 million) bytes long!
*+ WARNING:   If you are performing spatial transformations on an oblique dset, 
  such as /mnt/tier2/urihas/Andric/steadystate/MYTP/SNR//blur.4.MYTP.steadystate.TRIM+orig.BRIK,
  or viewing/combining it with volumes of differing obliquity,
  you should consider running: 
     3dWarp -deoblique 
  on this and  other oblique datasets in the same session.
 See 3dWarp -help for details.
++ Oblique dataset:/mnt/tier2/urihas/Andric/steadystate/MYTP/SNR//blur.4.MYTP.steadystate.TRIM+orig.BRIK is 1.412501 degrees from plumb.
++ WARNING: file /home/michaeljames.andric/.afni.log is now 276679060 (277 million) bytes long!
++ 3dTstat: AFNI version=AFNI_2010_10_19_1028 (Apr 26 2011) [64-bit]
++ Authored by: KR Hammett & RW Cox
*+ WARNING:   If you are performing spatial transformations on an oblique dset, 
  such as /mnt/tier2/urihas/Andric/steadystate/MYTP/SNR//detrend.blur.4.MYTP.steadystate.TRIM+orig.BRIK,
  or viewing/combining it with volumes of differing obliquity,
  you should consider running: 
     3dWarp -deoblique 
  on this and  other oblique datasets in the same session.
 See 3dWarp -help for details.
++ Oblique dataset:/mnt/tier2/urihas/Andric/steadystate/MYTP/SNR//detrend.blur.4.MYTP.steadystate.TRIM+orig.BRIK is 1.412501 degrees from plumb.
++ Output dataset /mnt/tier2/urihas/Andric/steadystate/MYTP/SNR//stdev.blur.4.MYTP.steadystate.TRIM+orig.BRIK
++ 3dcalc: AFNI version=AFNI_2010_10_19_1028 (Apr 26 2011) [64-bit]
++ Authored by: A cast of thousands
++ WARNING: file /home/michaeljames.andric/.afni.log is now 276687941 (277 million) bytes long!
*+ WARNING:   If you are performing spatial transformations on an oblique dset, 
  such as /mnt/tier2/urihas/Andric/steadystate/MYTP/SNR//mean.blur.4.MYTP.steadystate.TRIM+orig.BRIK,
  or viewing/combining it with volumes of differing obliquity,
  you should consider running: 
     3dWarp -deoblique 
  on this and  other oblique datasets in the same session.
 See 3dWarp -help for details.
++ Oblique dataset:/mnt/tier2/urihas/Andric/steadystate/MYTP/SNR//mean.blur.4.MYTP.steadystate.TRIM+orig.BRIK is 1.412501 degrees from plumb.
++ Reading dataset /mnt/tier2/urihas/Andric/steadystate/MYTP/SNR//mean.blur.4.MYTP.steadystate.TRIM+orig.BRIK (409600 bytes)
++ Oblique dataset:/mnt/tier2/urihas/Andric/steadystate/MYTP/SNR//stdev.blur.4.MYTP.steadystate.TRIM+orig.BRIK is 1.412501 degrees from plumb.
++ Reading dataset /mnt/tier2/urihas/Andric/steadystate/MYTP/SNR//stdev.blur.4.MYTP.steadystate.TRIM+orig.BRIK (409600 bytes)
++ Computing sub-brick 0
++ Computing output statistics
++ Output dataset /mnt/tier2/urihas/Andric/steadystate/MYTP/SNR//snr.blur.4.MYTP.steadystate.TRIM+orig.BRIK
