000 (025.006.000) 10/11 19:09:20 Job submitted from host: <192.168.240.32:35264>
...
001 (025.006.000) 10/11 19:09:20 Job executing on host: <192.168.240.31:43896>
...
006 (025.006.000) 10/11 19:09:29 Image size of job updated: 2
	3  -  MemoryUsage of job (MB)
	3068  -  ResidentSetSize of job (KB)
...
006 (025.006.000) 10/11 19:10:37 Image size of job updated: 210880
	3  -  MemoryUsage of job (MB)
	3068  -  ResidentSetSize of job (KB)
...
005 (025.006.000) 10/11 19:10:37 Job terminated.
	(1) Normal termination (return value 0)
		Usr 0 00:00:00, Sys 0 00:00:00  -  Run Remote Usage
		Usr 0 00:00:00, Sys 0 00:00:00  -  Run Local Usage
		Usr 0 00:00:00, Sys 0 00:00:00  -  Total Remote Usage
		Usr 0 00:00:00, Sys 0 00:00:00  -  Total Local Usage
	0  -  Run Bytes Sent By Job
	0  -  Run Bytes Received By Job
	0  -  Total Bytes Sent By Job
	0  -  Total Bytes Received By Job
	Partitionable Resources :    Usage  Request          
	   Cpus                 :                 1          
	   Disk (KB)            :        2        2          
	   Memory (MB)          :        3        3          
...
000 (027.006.000) 10/12 15:29:40 Job submitted from host: <192.168.240.32:35264>
...
001 (027.006.000) 10/12 15:29:41 Job executing on host: <192.168.240.31:43896>
...
006 (027.006.000) 10/12 15:29:51 Image size of job updated: 2
	3  -  MemoryUsage of job (MB)
	3068  -  ResidentSetSize of job (KB)
...
006 (027.006.000) 10/12 15:31:10 Image size of job updated: 210880
	3  -  MemoryUsage of job (MB)
	3068  -  ResidentSetSize of job (KB)
...
005 (027.006.000) 10/12 15:31:10 Job terminated.
	(1) Normal termination (return value 0)
		Usr 0 00:00:00, Sys 0 00:00:00  -  Run Remote Usage
		Usr 0 00:00:00, Sys 0 00:00:00  -  Run Local Usage
		Usr 0 00:00:00, Sys 0 00:00:00  -  Total Remote Usage
		Usr 0 00:00:00, Sys 0 00:00:00  -  Total Local Usage
	0  -  Run Bytes Sent By Job
	0  -  Run Bytes Received By Job
	0  -  Total Bytes Sent By Job
	0  -  Total Bytes Received By Job
	Partitionable Resources :    Usage  Request          
	   Cpus                 :                 1          
	   Disk (KB)            :        2        2          
	   Memory (MB)          :        3        3          
...
