000 (025.003.000) 10/11 19:09:19 Job submitted from host: <192.168.240.32:35264>
...
001 (025.003.000) 10/11 19:09:20 Job executing on host: <192.168.240.32:45430>
...
006 (025.003.000) 10/11 19:09:28 Image size of job updated: 2
	3  -  MemoryUsage of job (MB)
	2084  -  ResidentSetSize of job (KB)
...
006 (025.003.000) 10/11 19:10:11 Image size of job updated: 190248
	3  -  MemoryUsage of job (MB)
	2084  -  ResidentSetSize of job (KB)
...
005 (025.003.000) 10/11 19:10:11 Job terminated.
	(1) Normal termination (return value 0)
		Usr 0 00:00:00, Sys 0 00:00:00  -  Run Remote Usage
		Usr 0 00:00:00, Sys 0 00:00:00  -  Run Local Usage
		Usr 0 00:00:00, Sys 0 00:00:00  -  Total Remote Usage
		Usr 0 00:00:00, Sys 0 00:00:00  -  Total Local Usage
	0  -  Run Bytes Sent By Job
	0  -  Run Bytes Received By Job
	0  -  Total Bytes Sent By Job
	0  -  Total Bytes Received By Job
	Partitionable Resources :    Usage  Request          
	   Cpus                 :                 1          
	   Disk (KB)            :        2        2          
	   Memory (MB)          :        3        3          
...
000 (027.003.000) 10/12 15:29:39 Job submitted from host: <192.168.240.32:35264>
...
001 (027.003.000) 10/12 15:29:41 Job executing on host: <192.168.240.32:45430>
...
006 (027.003.000) 10/12 15:29:50 Image size of job updated: 2
	4  -  MemoryUsage of job (MB)
	3104  -  ResidentSetSize of job (KB)
...
006 (027.003.000) 10/12 15:30:32 Image size of job updated: 210860
	4  -  MemoryUsage of job (MB)
	3104  -  ResidentSetSize of job (KB)
...
005 (027.003.000) 10/12 15:30:32 Job terminated.
	(1) Normal termination (return value 0)
		Usr 0 00:00:00, Sys 0 00:00:00  -  Run Remote Usage
		Usr 0 00:00:00, Sys 0 00:00:00  -  Run Local Usage
		Usr 0 00:00:00, Sys 0 00:00:00  -  Total Remote Usage
		Usr 0 00:00:00, Sys 0 00:00:00  -  Total Local Usage
	0  -  Run Bytes Sent By Job
	0  -  Run Bytes Received By Job
	0  -  Total Bytes Sent By Job
	0  -  Total Bytes Received By Job
	Partitionable Resources :    Usage  Request          
	   Cpus                 :                 1          
	   Disk (KB)            :        2        2          
	   Memory (MB)          :        4        4          
...
